[0.223s] Invoking command in '/home/padowan/software-training/build/mapping': CMAKE_PREFIX_PATH=${CMAKE_PREFIX_PATH}:/opt/ros/foxy /usr/bin/cmake --build /home/padowan/software-training/build/mapping -- -j12 -l12
[0.553s] [ 50%] Built target mapping_node
[0.646s] [100%] Built target mapping
[0.764s] Invoked command in '/home/padowan/software-training/build/mapping' returned '0': CMAKE_PREFIX_PATH=${CMAKE_PREFIX_PATH}:/opt/ros/foxy /usr/bin/cmake --build /home/padowan/software-training/build/mapping -- -j12 -l12
[1.200s] Invoking command in '/home/padowan/software-training/build/mapping': CMAKE_PREFIX_PATH=${CMAKE_PREFIX_PATH}:/opt/ros/foxy /usr/bin/cmake --install /home/padowan/software-training/build/mapping
[1.319s] -- Install configuration: ""
[1.319s] -- Up-to-date: /home/padowan/software-training/install/mapping/lib/mapping/mapping_node
[1.319s] -- Up-to-date: /home/padowan/software-training/install/mapping/lib/libmapping.so
[1.319s] -- Up-to-date: /home/padowan/software-training/install/mapping/share/mapping/launch
[1.320s] -- Up-to-date: /home/padowan/software-training/install/mapping/share/mapping/launch/mapping.launch.xml
[1.320s] -- Up-to-date: /home/padowan/software-training/install/mapping/share/ament_index/resource_index/package_run_dependencies/mapping
[1.320s] -- Up-to-date: /home/padowan/software-training/install/mapping/share/ament_index/resource_index/parent_prefix_path/mapping
[1.321s] -- Up-to-date: /home/padowan/software-training/install/mapping/share/mapping/environment/ament_prefix_path.sh
[1.321s] -- Up-to-date: /home/padowan/software-training/install/mapping/share/mapping/environment/ament_prefix_path.dsv
[1.321s] -- Up-to-date: /home/padowan/software-training/install/mapping/share/mapping/environment/path.sh
[1.322s] -- Up-to-date: /home/padowan/software-training/install/mapping/share/mapping/environment/path.dsv
[1.322s] -- Up-to-date: /home/padowan/software-training/install/mapping/share/mapping/local_setup.bash
[1.322s] -- Up-to-date: /home/padowan/software-training/install/mapping/share/mapping/local_setup.sh
[1.323s] -- Up-to-date: /home/padowan/software-training/install/mapping/share/mapping/local_setup.zsh
[1.323s] -- Up-to-date: /home/padowan/software-training/install/mapping/share/mapping/local_setup.dsv
[1.323s] -- Installing: /home/padowan/software-training/install/mapping/share/mapping/package.dsv
[1.323s] -- Up-to-date: /home/padowan/software-training/install/mapping/share/ament_index/resource_index/packages/mapping
[1.324s] -- Up-to-date: /home/padowan/software-training/install/mapping/share/ament_index/resource_index/rclcpp_components/mapping
[1.324s] -- Up-to-date: /home/padowan/software-training/install/mapping/share/mapping/cmake/mappingConfig.cmake
[1.324s] -- Up-to-date: /home/padowan/software-training/install/mapping/share/mapping/cmake/mappingConfig-version.cmake
[1.324s] -- Up-to-date: /home/padowan/software-training/install/mapping/share/mapping/package.xml
[1.548s] Invoked command in '/home/padowan/software-training/build/mapping' returned '0': CMAKE_PREFIX_PATH=${CMAKE_PREFIX_PATH}:/opt/ros/foxy /usr/bin/cmake --install /home/padowan/software-training/build/mapping
