[35m[1mScanning dependencies of target lqr_control[0m
[ 33%] [32mBuilding CXX object CMakeFiles/lqr_control.dir/src/test_path_generator.cpp.o[0m
[ 66%] [32mBuilding CXX object CMakeFiles/lqr_control.dir/src/lqr_controller.cpp.o[0m
[100%] [32m[1mLinking CXX shared library liblqr_control.so[0m
[100%] Built target lqr_control
-- Install configuration: ""
-- Installing: /home/padowan/software-training/install/lqr_control/lib/liblqr_control.so
-- Set runtime path of "/home/padowan/software-training/install/lqr_control/lib/liblqr_control.so" to ""
-- Installing: /home/padowan/software-training/install/lqr_control/share/lqr_control/plugin_descriptions.xml
-- Installing: /home/padowan/software-training/install/lqr_control/share/ament_index/resource_index/package_run_dependencies/lqr_control
-- Installing: /home/padowan/software-training/install/lqr_control/share/ament_index/resource_index/parent_prefix_path/lqr_control
-- Installing: /home/padowan/software-training/install/lqr_control/share/lqr_control/environment/ament_prefix_path.sh
-- Installing: /home/padowan/software-training/install/lqr_control/share/lqr_control/environment/ament_prefix_path.dsv
-- Installing: /home/padowan/software-training/install/lqr_control/share/lqr_control/environment/path.sh
-- Installing: /home/padowan/software-training/install/lqr_control/share/lqr_control/environment/path.dsv
-- Installing: /home/padowan/software-training/install/lqr_control/share/lqr_control/local_setup.bash
-- Installing: /home/padowan/software-training/install/lqr_control/share/lqr_control/local_setup.sh
-- Installing: /home/padowan/software-training/install/lqr_control/share/lqr_control/local_setup.zsh
-- Installing: /home/padowan/software-training/install/lqr_control/share/lqr_control/local_setup.dsv
-- Installing: /home/padowan/software-training/install/lqr_control/share/lqr_control/package.dsv
-- Installing: /home/padowan/software-training/install/lqr_control/share/ament_index/resource_index/packages/lqr_control
-- Installing: /home/padowan/software-training/install/lqr_control/share/ament_index/resource_index/nav2_core__pluginlib__plugin/lqr_control
-- Installing: /home/padowan/software-training/install/lqr_control/share/lqr_control/cmake/lqr_controlConfig.cmake
-- Installing: /home/padowan/software-training/install/lqr_control/share/lqr_control/cmake/lqr_controlConfig-version.cmake
-- Installing: /home/padowan/software-training/install/lqr_control/share/lqr_control/package.xml
