[0.290s] Invoking command in '/home/robojackets/training_ws/src/software-training/build/lqr_control': CMAKE_PREFIX_PATH=${CMAKE_PREFIX_PATH}:/opt/ros/foxy /usr/bin/cmake --build /home/robojackets/training_ws/src/software-training/build/lqr_control -- -j6 -l6
[1.623s] [100%] Built target lqr_control
[1.701s] Invoked command in '/home/robojackets/training_ws/src/software-training/build/lqr_control' returned '0': CMAKE_PREFIX_PATH=${CMAKE_PREFIX_PATH}:/opt/ros/foxy /usr/bin/cmake --build /home/robojackets/training_ws/src/software-training/build/lqr_control -- -j6 -l6
[1.949s] Invoking command in '/home/robojackets/training_ws/src/software-training/build/lqr_control': CMAKE_PREFIX_PATH=${CMAKE_PREFIX_PATH}:/opt/ros/foxy /usr/bin/cmake --install /home/robojackets/training_ws/src/software-training/build/lqr_control
[1.951s] -- Install configuration: ""
[1.951s] -- Up-to-date: /home/robojackets/training_ws/src/software-training/install/lqr_control/lib/liblqr_control.so
[1.952s] -- Up-to-date: /home/robojackets/training_ws/src/software-training/install/lqr_control/share/lqr_control/plugin_descriptions.xml
[1.952s] -- Up-to-date: /home/robojackets/training_ws/src/software-training/install/lqr_control/share/ament_index/resource_index/package_run_dependencies/lqr_control
[1.953s] -- Up-to-date: /home/robojackets/training_ws/src/software-training/install/lqr_control/share/ament_index/resource_index/parent_prefix_path/lqr_control
[1.953s] -- Up-to-date: /home/robojackets/training_ws/src/software-training/install/lqr_control/share/lqr_control/environment/ament_prefix_path.sh
[1.954s] -- Up-to-date: /home/robojackets/training_ws/src/software-training/install/lqr_control/share/lqr_control/environment/ament_prefix_path.dsv
[1.954s] -- Up-to-date: /home/robojackets/training_ws/src/software-training/install/lqr_control/share/lqr_control/environment/path.sh
[1.954s] -- Up-to-date: /home/robojackets/training_ws/src/software-training/install/lqr_control/share/lqr_control/environment/path.dsv
[1.956s] -- Up-to-date: /home/robojackets/training_ws/src/software-training/install/lqr_control/share/lqr_control/local_setup.bash
[1.956s] -- Up-to-date: /home/robojackets/training_ws/src/software-training/install/lqr_control/share/lqr_control/local_setup.sh
[1.956s] -- Up-to-date: /home/robojackets/training_ws/src/software-training/install/lqr_control/share/lqr_control/local_setup.zsh
[1.956s] -- Up-to-date: /home/robojackets/training_ws/src/software-training/install/lqr_control/share/lqr_control/local_setup.dsv
[1.956s] -- Installing: /home/robojackets/training_ws/src/software-training/install/lqr_control/share/lqr_control/package.dsv
[1.956s] -- Up-to-date: /home/robojackets/training_ws/src/software-training/install/lqr_control/share/ament_index/resource_index/packages/lqr_control
[1.957s] -- Up-to-date: /home/robojackets/training_ws/src/software-training/install/lqr_control/share/ament_index/resource_index/nav2_core__pluginlib__plugin/lqr_control
[1.957s] -- Up-to-date: /home/robojackets/training_ws/src/software-training/install/lqr_control/share/lqr_control/cmake/lqr_controlConfig.cmake
[1.957s] -- Up-to-date: /home/robojackets/training_ws/src/software-training/install/lqr_control/share/lqr_control/cmake/lqr_controlConfig-version.cmake
[1.957s] -- Up-to-date: /home/robojackets/training_ws/src/software-training/install/lqr_control/share/lqr_control/package.xml
[2.083s] Invoked command in '/home/robojackets/training_ws/src/software-training/build/lqr_control' returned '0': CMAKE_PREFIX_PATH=${CMAKE_PREFIX_PATH}:/opt/ros/foxy /usr/bin/cmake --install /home/robojackets/training_ws/src/software-training/build/lqr_control
