[0.249s] Invoking command in '/home/padowan/software-training/build/mapping': CMAKE_PREFIX_PATH=${CMAKE_PREFIX_PATH}:/opt/ros/foxy /usr/bin/cmake --build /home/padowan/software-training/build/mapping -- -j12 -l12
[0.819s] [ 50%] Built target mapping_node
[0.836s] [100%] Built target mapping
[0.916s] Invoked command in '/home/padowan/software-training/build/mapping' returned '0': CMAKE_PREFIX_PATH=${CMAKE_PREFIX_PATH}:/opt/ros/foxy /usr/bin/cmake --build /home/padowan/software-training/build/mapping -- -j12 -l12
[1.096s] Invoking command in '/home/padowan/software-training/build/mapping': CMAKE_PREFIX_PATH=${CMAKE_PREFIX_PATH}:/opt/ros/foxy /usr/bin/cmake --install /home/padowan/software-training/build/mapping
[1.197s] -- Install configuration: ""
[1.197s] -- Up-to-date: /home/padowan/software-training/install/mapping/lib/mapping/mapping_node
[1.198s] -- Up-to-date: /home/padowan/software-training/install/mapping/lib/libmapping.so
[1.199s] -- Up-to-date: /home/padowan/software-training/install/mapping/share/mapping/launch
[1.205s] -- Up-to-date: /home/padowan/software-training/install/mapping/share/mapping/launch/mapping.launch.xml
[1.206s] -- Up-to-date: /home/padowan/software-training/install/mapping/share/ament_index/resource_index/package_run_dependencies/mapping
[1.206s] -- Up-to-date: /home/padowan/software-training/install/mapping/share/ament_index/resource_index/parent_prefix_path/mapping
[1.214s] -- Up-to-date: /home/padowan/software-training/install/mapping/share/mapping/environment/ament_prefix_path.sh
[1.216s] -- Up-to-date: /home/padowan/software-training/install/mapping/share/mapping/environment/ament_prefix_path.dsv
[1.217s] -- Up-to-date: /home/padowan/software-training/install/mapping/share/mapping/environment/path.sh
[1.217s] -- Up-to-date: /home/padowan/software-training/install/mapping/share/mapping/environment/path.dsv
[1.219s] -- Up-to-date: /home/padowan/software-training/install/mapping/share/mapping/local_setup.bash
[1.223s] -- Up-to-date: /home/padowan/software-training/install/mapping/share/mapping/local_setup.sh
[1.224s] -- Up-to-date: /home/padowan/software-training/install/mapping/share/mapping/local_setup.zsh
[1.225s] -- Up-to-date: /home/padowan/software-training/install/mapping/share/mapping/local_setup.dsv
[1.225s] -- Installing: /home/padowan/software-training/install/mapping/share/mapping/package.dsv
[1.226s] -- Up-to-date: /home/padowan/software-training/install/mapping/share/ament_index/resource_index/packages/mapping
[1.226s] -- Up-to-date: /home/padowan/software-training/install/mapping/share/ament_index/resource_index/rclcpp_components/mapping
[1.227s] -- Up-to-date: /home/padowan/software-training/install/mapping/share/mapping/cmake/mappingConfig.cmake
[1.227s] -- Up-to-date: /home/padowan/software-training/install/mapping/share/mapping/cmake/mappingConfig-version.cmake
[1.228s] -- Up-to-date: /home/padowan/software-training/install/mapping/share/mapping/package.xml
[1.318s] Invoked command in '/home/padowan/software-training/build/mapping' returned '0': CMAKE_PREFIX_PATH=${CMAKE_PREFIX_PATH}:/opt/ros/foxy /usr/bin/cmake --install /home/padowan/software-training/build/mapping
