[35m[1mScanning dependencies of target mapping[0m
[ 50%] Built target mapping_node
[ 75%] [32mBuilding CXX object CMakeFiles/mapping.dir/src/mapping_node.cpp.o[0m
[100%] [32m[1mLinking CXX shared library libmapping.so[0m
[100%] Built target mapping
-- Install configuration: ""
-- Up-to-date: /home/padowan/software-training/install/mapping/lib/mapping/mapping_node
-- Installing: /home/padowan/software-training/install/mapping/lib/libmapping.so
-- Set runtime path of "/home/padowan/software-training/install/mapping/lib/libmapping.so" to ""
-- Up-to-date: /home/padowan/software-training/install/mapping/share/mapping/launch
-- Up-to-date: /home/padowan/software-training/install/mapping/share/mapping/launch/mapping.launch.xml
-- Up-to-date: /home/padowan/software-training/install/mapping/share/ament_index/resource_index/package_run_dependencies/mapping
-- Up-to-date: /home/padowan/software-training/install/mapping/share/ament_index/resource_index/parent_prefix_path/mapping
-- Up-to-date: /home/padowan/software-training/install/mapping/share/mapping/environment/ament_prefix_path.sh
-- Up-to-date: /home/padowan/software-training/install/mapping/share/mapping/environment/ament_prefix_path.dsv
-- Up-to-date: /home/padowan/software-training/install/mapping/share/mapping/environment/path.sh
-- Up-to-date: /home/padowan/software-training/install/mapping/share/mapping/environment/path.dsv
-- Up-to-date: /home/padowan/software-training/install/mapping/share/mapping/local_setup.bash
-- Up-to-date: /home/padowan/software-training/install/mapping/share/mapping/local_setup.sh
-- Up-to-date: /home/padowan/software-training/install/mapping/share/mapping/local_setup.zsh
-- Up-to-date: /home/padowan/software-training/install/mapping/share/mapping/local_setup.dsv
-- Installing: /home/padowan/software-training/install/mapping/share/mapping/package.dsv
-- Up-to-date: /home/padowan/software-training/install/mapping/share/ament_index/resource_index/packages/mapping
-- Up-to-date: /home/padowan/software-training/install/mapping/share/ament_index/resource_index/rclcpp_components/mapping
-- Up-to-date: /home/padowan/software-training/install/mapping/share/mapping/cmake/mappingConfig.cmake
-- Up-to-date: /home/padowan/software-training/install/mapping/share/mapping/cmake/mappingConfig-version.cmake
-- Up-to-date: /home/padowan/software-training/install/mapping/share/mapping/package.xml
