[0.990s] Invoking command in '/home/robojackets/training_ws/src/software-training/build/obstacle_detector': CMAKE_PREFIX_PATH=${CMAKE_PREFIX_PATH}:/opt/ros/foxy /usr/bin/cmake --build /home/robojackets/training_ws/src/software-training/build/obstacle_detector -- -j6 -l6
[1.509s] [ 40%] Built target obstacle_detector_node
[1.590s] [35m[1mScanning dependencies of target obstacle_detector[0m
[1.990s] [ 60%] [32mBuilding CXX object CMakeFiles/obstacle_detector.dir/src/obstacle_detector.cpp.o[0m
[14.174s] [ 80%] [32m[1mLinking CXX shared library libobstacle_detector.so[0m
[14.659s] [100%] Built target obstacle_detector
[14.708s] Invoked command in '/home/robojackets/training_ws/src/software-training/build/obstacle_detector' returned '0': CMAKE_PREFIX_PATH=${CMAKE_PREFIX_PATH}:/opt/ros/foxy /usr/bin/cmake --build /home/robojackets/training_ws/src/software-training/build/obstacle_detector -- -j6 -l6
[14.873s] Invoking command in '/home/robojackets/training_ws/src/software-training/build/obstacle_detector': CMAKE_PREFIX_PATH=${CMAKE_PREFIX_PATH}:/opt/ros/foxy /usr/bin/cmake --install /home/robojackets/training_ws/src/software-training/build/obstacle_detector
[14.940s] -- Install configuration: ""
[14.951s] -- Up-to-date: /home/robojackets/training_ws/src/software-training/install/obstacle_detector/lib/obstacle_detector/obstacle_detector_node
[14.952s] -- Installing: /home/robojackets/training_ws/src/software-training/install/obstacle_detector/lib/libobstacle_detector.so
[14.957s] -- Set runtime path of "/home/robojackets/training_ws/src/software-training/install/obstacle_detector/lib/libobstacle_detector.so" to ""
[14.957s] -- Up-to-date: /home/robojackets/training_ws/src/software-training/install/obstacle_detector/share/obstacle_detector/launch
[14.957s] -- Up-to-date: /home/robojackets/training_ws/src/software-training/install/obstacle_detector/share/obstacle_detector/launch/obstacle_detector.launch.py
[14.957s] -- Up-to-date: /home/robojackets/training_ws/src/software-training/install/obstacle_detector/share/obstacle_detector/config
[14.957s] -- Up-to-date: /home/robojackets/training_ws/src/software-training/install/obstacle_detector/share/obstacle_detector/config/obstacle_detector_parameters.yaml
[14.957s] -- Up-to-date: /home/robojackets/training_ws/src/software-training/install/obstacle_detector/share/ament_index/resource_index/package_run_dependencies/obstacle_detector
[14.957s] -- Up-to-date: /home/robojackets/training_ws/src/software-training/install/obstacle_detector/share/ament_index/resource_index/parent_prefix_path/obstacle_detector
[14.958s] -- Up-to-date: /home/robojackets/training_ws/src/software-training/install/obstacle_detector/share/obstacle_detector/environment/ament_prefix_path.sh
[14.958s] -- Up-to-date: /home/robojackets/training_ws/src/software-training/install/obstacle_detector/share/obstacle_detector/environment/ament_prefix_path.dsv
[14.958s] -- Up-to-date: /home/robojackets/training_ws/src/software-training/install/obstacle_detector/share/obstacle_detector/environment/path.sh
[14.958s] -- Up-to-date: /home/robojackets/training_ws/src/software-training/install/obstacle_detector/share/obstacle_detector/environment/path.dsv
[14.958s] -- Up-to-date: /home/robojackets/training_ws/src/software-training/install/obstacle_detector/share/obstacle_detector/local_setup.bash
[14.967s] -- Up-to-date: /home/robojackets/training_ws/src/software-training/install/obstacle_detector/share/obstacle_detector/local_setup.sh
[14.967s] -- Up-to-date: /home/robojackets/training_ws/src/software-training/install/obstacle_detector/share/obstacle_detector/local_setup.zsh
[14.967s] -- Up-to-date: /home/robojackets/training_ws/src/software-training/install/obstacle_detector/share/obstacle_detector/local_setup.dsv
[14.967s] -- Installing: /home/robojackets/training_ws/src/software-training/install/obstacle_detector/share/obstacle_detector/package.dsv
[14.967s] -- Up-to-date: /home/robojackets/training_ws/src/software-training/install/obstacle_detector/share/ament_index/resource_index/packages/obstacle_detector
[14.967s] -- Up-to-date: /home/robojackets/training_ws/src/software-training/install/obstacle_detector/share/ament_index/resource_index/rclcpp_components/obstacle_detector
[14.967s] -- Up-to-date: /home/robojackets/training_ws/src/software-training/install/obstacle_detector/share/obstacle_detector/cmake/obstacle_detectorConfig.cmake
[14.967s] -- Up-to-date: /home/robojackets/training_ws/src/software-training/install/obstacle_detector/share/obstacle_detector/cmake/obstacle_detectorConfig-version.cmake
[14.967s] -- Up-to-date: /home/robojackets/training_ws/src/software-training/install/obstacle_detector/share/obstacle_detector/package.xml
[15.002s] Invoked command in '/home/robojackets/training_ws/src/software-training/build/obstacle_detector' returned '0': CMAKE_PREFIX_PATH=${CMAKE_PREFIX_PATH}:/opt/ros/foxy /usr/bin/cmake --install /home/robojackets/training_ws/src/software-training/build/obstacle_detector
