[0.159s] Invoking command in '/home/robojackets/training_ws/src/software-training/build/astar_path_planner': CMAKE_PREFIX_PATH=${CMAKE_PREFIX_PATH}:/opt/ros/foxy /usr/bin/cmake --build /home/robojackets/training_ws/src/software-training/build/astar_path_planner -- -j6 -l6
[0.332s] [100%] Built target astar_path_planner
[0.378s] Invoked command in '/home/robojackets/training_ws/src/software-training/build/astar_path_planner' returned '0': CMAKE_PREFIX_PATH=${CMAKE_PREFIX_PATH}:/opt/ros/foxy /usr/bin/cmake --build /home/robojackets/training_ws/src/software-training/build/astar_path_planner -- -j6 -l6
[0.569s] Invoking command in '/home/robojackets/training_ws/src/software-training/build/astar_path_planner': CMAKE_PREFIX_PATH=${CMAKE_PREFIX_PATH}:/opt/ros/foxy /usr/bin/cmake --install /home/robojackets/training_ws/src/software-training/build/astar_path_planner
[0.597s] -- Install configuration: ""
[0.597s] -- Up-to-date: /home/robojackets/training_ws/src/software-training/install/astar_path_planner/lib/libastar_path_planner.so
[0.597s] -- Up-to-date: /home/robojackets/training_ws/src/software-training/install/astar_path_planner/share/astar_path_planner/astar_path_planner_libraries.xml
[0.599s] -- Up-to-date: /home/robojackets/training_ws/src/software-training/install/astar_path_planner/share/ament_index/resource_index/package_run_dependencies/astar_path_planner
[0.599s] -- Up-to-date: /home/robojackets/training_ws/src/software-training/install/astar_path_planner/share/ament_index/resource_index/parent_prefix_path/astar_path_planner
[0.600s] -- Up-to-date: /home/robojackets/training_ws/src/software-training/install/astar_path_planner/share/astar_path_planner/environment/ament_prefix_path.sh
[0.601s] -- Up-to-date: /home/robojackets/training_ws/src/software-training/install/astar_path_planner/share/astar_path_planner/environment/ament_prefix_path.dsv
[0.602s] -- Up-to-date: /home/robojackets/training_ws/src/software-training/install/astar_path_planner/share/astar_path_planner/environment/path.sh
[0.602s] -- Up-to-date: /home/robojackets/training_ws/src/software-training/install/astar_path_planner/share/astar_path_planner/environment/path.dsv
[0.603s] -- Up-to-date: /home/robojackets/training_ws/src/software-training/install/astar_path_planner/share/astar_path_planner/local_setup.bash
[0.604s] -- Up-to-date: /home/robojackets/training_ws/src/software-training/install/astar_path_planner/share/astar_path_planner/local_setup.sh
[0.605s] -- Up-to-date: /home/robojackets/training_ws/src/software-training/install/astar_path_planner/share/astar_path_planner/local_setup.zsh
[0.606s] -- Up-to-date: /home/robojackets/training_ws/src/software-training/install/astar_path_planner/share/astar_path_planner/local_setup.dsv
[0.611s] -- Installing: /home/robojackets/training_ws/src/software-training/install/astar_path_planner/share/astar_path_planner/package.dsv
[0.611s] -- Up-to-date: /home/robojackets/training_ws/src/software-training/install/astar_path_planner/share/ament_index/resource_index/packages/astar_path_planner
[0.614s] -- Up-to-date: /home/robojackets/training_ws/src/software-training/install/astar_path_planner/share/ament_index/resource_index/nav2_core__pluginlib__plugin/astar_path_planner
[0.614s] -- Up-to-date: /home/robojackets/training_ws/src/software-training/install/astar_path_planner/share/astar_path_planner/cmake/ament_cmake_export_include_directories-extras.cmake
[0.615s] -- Up-to-date: /home/robojackets/training_ws/src/software-training/install/astar_path_planner/share/astar_path_planner/cmake/ament_cmake_export_dependencies-extras.cmake
[0.618s] -- Up-to-date: /home/robojackets/training_ws/src/software-training/install/astar_path_planner/share/astar_path_planner/cmake/astar_path_plannerConfig.cmake
[0.619s] -- Up-to-date: /home/robojackets/training_ws/src/software-training/install/astar_path_planner/share/astar_path_planner/cmake/astar_path_plannerConfig-version.cmake
[0.619s] -- Up-to-date: /home/robojackets/training_ws/src/software-training/install/astar_path_planner/share/astar_path_planner/package.xml
[0.689s] Invoked command in '/home/robojackets/training_ws/src/software-training/build/astar_path_planner' returned '0': CMAKE_PREFIX_PATH=${CMAKE_PREFIX_PATH}:/opt/ros/foxy /usr/bin/cmake --install /home/robojackets/training_ws/src/software-training/build/astar_path_planner
