[0.309s] Invoking command in '/home/robojackets/training_ws/src/software-training/build/localization': CMAKE_PREFIX_PATH=${CMAKE_PREFIX_PATH}:/opt/ros/foxy /usr/bin/cmake --build /home/robojackets/training_ws/src/software-training/build/localization -- -j6 -l6
[0.544s] [35m[1mScanning dependencies of target localization_component[0m
[0.685s] [ 25%] Built target localization_node
[0.758s] [ 37%] [32mBuilding CXX object CMakeFiles/localization_component.dir/src/particle_filter_localizer.cpp.o[0m
[0.774s] [ 50%] [32mBuilding CXX object CMakeFiles/localization_component.dir/src/odometry_sensor_model.cpp.o[0m
[3.121s] [01m[K/home/robojackets/training_ws/src/software-training/localization/src/odometry_sensor_model.cpp:7:5:[m[K [01;31m[Kerror: [m[Kno declaration matches ‘[01m[Klocalization::OdometrySensorModel::OdometrySensorModel(rclcpp::Node&)[m[K’
[3.121s]     7 |     [01;31m[KOdometrySensorModel[m[K::OdometrySensorModel(rclcpp::Node & node){
[3.121s]       |     [01;31m[K^~~~~~~~~~~~~~~~~~~[m[K
[3.121s] In file included from [01m[K/home/robojackets/training_ws/src/software-training/localization/src/odometry_sensor_model.cpp:1[m[K:
[3.121s] [01m[K/home/robojackets/training_ws/src/software-training/localization/src/odometry_sensor_model.hpp:10:11:[m[K [01;36m[Knote: [m[Kcandidates are: ‘[01m[Klocalization::OdometrySensorModel::OdometrySensorModel(localization::OdometrySensorModel&&)[m[K’
[3.121s]    10 |     class [01;36m[KOdometrySensorModel[m[K: public SensorModel{
[3.121s]       |           [01;36m[K^~~~~~~~~~~~~~~~~~~[m[K
[3.121s] [01m[K/home/robojackets/training_ws/src/software-training/localization/src/odometry_sensor_model.hpp:10:11:[m[K [01;36m[Knote: [m[K                ‘[01m[Klocalization::OdometrySensorModel::OdometrySensorModel(const localization::OdometrySensorModel&)[m[K’
[3.121s] [01m[K/home/robojackets/training_ws/src/software-training/localization/src/odometry_sensor_model.hpp:15:13:[m[K [01;36m[Knote: [m[K                ‘[01m[Klocalization::OdometrySensorModel::OdometrySensorModel(rclcpp::Node)[m[K’
[3.121s]    15 |             [01;36m[KOdometrySensorModel[m[K(rclcpp::Node node);
[3.122s]       |             [01;36m[K^~~~~~~~~~~~~~~~~~~[m[K
[3.122s] [01m[K/home/robojackets/training_ws/src/software-training/localization/src/odometry_sensor_model.hpp:10:11:[m[K [01;36m[Knote: [m[K‘[01m[Kclass localization::OdometrySensorModel[m[K’ defined here
[3.122s]    10 |     class [01;36m[KOdometrySensorModel[m[K: public SensorModel{
[3.122s]       |           [01;36m[K^~~~~~~~~~~~~~~~~~~[m[K
[3.124s] [01m[K/home/robojackets/training_ws/src/software-training/localization/src/odometry_sensor_model.cpp:[m[K In member function ‘[01m[Kvirtual bool localization::OdometrySensorModel::IsMeasurementAvailable(const rclcpp::Time&)[m[K’:
[3.124s] [01m[K/home/robojackets/training_ws/src/software-training/localization/src/odometry_sensor_model.cpp:27:36:[m[K [01;31m[Kerror: [m[Kno match for ‘[01m[Koperator<[m[K’ (operand types are ‘[01m[Kconst rclcpp::Duration[m[K’ and ‘[01m[Kdouble[m[K’)
[3.124s]    27 |         return [32m[Ktime_since_last_msg[m[K [01;31m[K<[m[K [34m[Ktimeout_[m[K;
[3.125s]       |                [32m[K~~~~~~~~~~~~~~~~~~~[m[K [01;31m[K^[m[K [34m[K~~~~~~~~[m[K
[3.125s]       |                [32m[K|[m[K                     [34m[K|[m[K
[3.125s]       |                [32m[K|[m[K                     [34m[Kdouble[m[K
[3.125s]       |                [32m[Kconst rclcpp::Duration[m[K
[3.125s] In file included from [01m[K/opt/ros/foxy/include/rclcpp/qos.hpp:20[m[K,
[3.125s]                  from [01m[K/opt/ros/foxy/include/rclcpp/node_interfaces/node_graph_interface.hpp:31[m[K,
[3.125s]                  from [01m[K/opt/ros/foxy/include/rclcpp/client.hpp:34[m[K,
[3.125s]                  from [01m[K/opt/ros/foxy/include/rclcpp/callback_group.hpp:23[m[K,
[3.125s]                  from [01m[K/opt/ros/foxy/include/rclcpp/any_executable.hpp:20[m[K,
[3.126s]                  from [01m[K/opt/ros/foxy/include/rclcpp/memory_strategy.hpp:24[m[K,
[3.126s]                  from [01m[K/opt/ros/foxy/include/rclcpp/memory_strategies.hpp:18[m[K,
[3.126s]                  from [01m[K/opt/ros/foxy/include/rclcpp/executor_options.hpp:20[m[K,
[3.126s]                  from [01m[K/opt/ros/foxy/include/rclcpp/executor.hpp:33[m[K,
[3.126s]                  from [01m[K/opt/ros/foxy/include/rclcpp/executors/multi_threaded_executor.hpp:26[m[K,
[3.126s]                  from [01m[K/opt/ros/foxy/include/rclcpp/executors.hpp:21[m[K,
[3.126s]                  from [01m[K/opt/ros/foxy/include/rclcpp/rclcpp.hpp:146[m[K,
[3.126s]                  from [01m[K/home/robojackets/training_ws/src/software-training/localization/src/odometry_sensor_model.hpp:4[m[K,
[3.126s]                  from [01m[K/home/robojackets/training_ws/src/software-training/localization/src/odometry_sensor_model.cpp:1[m[K:
[3.127s] [01m[K/opt/ros/foxy/include/rclcpp/duration.hpp:84:3:[m[K [01;36m[Knote: [m[Kcandidate: ‘[01m[Kbool rclcpp::Duration::operator<(const rclcpp::Duration&) const[m[K’
[3.127s]    84 |   [01;36m[Koperator[m[K<(const rclcpp::Duration & rhs) const;
[3.127s]       |   [01;36m[K^~~~~~~~[m[K
[3.127s] [01m[K/opt/ros/foxy/include/rclcpp/duration.hpp:84:38:[m[K [01;36m[Knote: [m[K  no known conversion for argument 1 from ‘[01m[Kdouble[m[K’ to ‘[01m[Kconst rclcpp::Duration&[m[K’
[3.127s]    84 |   operator<([01;36m[Kconst rclcpp::Duration & rhs[m[K) const;
[3.127s]       |             [01;36m[K~~~~~~~~~~~~~~~~~~~~~~~~~^~~[m[K
[3.127s] [01m[K/home/robojackets/training_ws/src/software-training/localization/src/odometry_sensor_model.cpp:[m[K In function ‘[01m[Kdouble localization::ComputeLogProb(const localization::Particle&)[m[K’:
[3.127s] [01m[K/home/robojackets/training_ws/src/software-training/localization/src/odometry_sensor_model.cpp:32:25:[m[K [01;31m[Kerror: [m[K‘[01m[Klast_msg_[m[K’ was not declared in this scope
[3.127s]    32 |         log_prob += pow([01;31m[Klast_msg_[m[K.twist.twist.linear.x - particle.x_vel, 2) / covariance_[0];
[3.127s]       |                         [01;31m[K^~~~~~~~~[m[K
[3.128s] [01m[K/home/robojackets/training_ws/src/software-training/localization/src/odometry_sensor_model.cpp:32:79:[m[K [01;31m[Kerror: [m[K‘[01m[Kcovariance_[m[K’ was not declared in this scope
[3.128s]    32 |         log_prob += pow(last_msg_.twist.twist.linear.x - particle.x_vel, 2) / [01;31m[Kcovariance_[m[K[0];
[3.128s]       |                                                                               [01;31m[K^~~~~~~~~~~[m[K
[3.130s] [01m[K/home/robojackets/training_ws/src/software-training/localization/src/odometry_sensor_model.cpp:[m[K In function ‘[01m[Kdouble localization::ComputeLogNormalizer()[m[K’:
[3.130s] [01m[K/home/robojackets/training_ws/src/software-training/localization/src/odometry_sensor_model.cpp:37:55:[m[K [01;31m[Kerror: [m[K‘[01m[Kcovariance_[m[K’ was not declared in this scope
[3.130s]    37 |         return log(sqrt(pow(2 * M_PI, 2))) + log(sqrt([01;31m[Kcovariance_[m[K[0])) + log(sqrt(covariance_[1]));
[3.130s]       |                                                       [01;31m[K^~~~~~~~~~~[m[K
[3.543s] make[2]: *** [CMakeFiles/localization_component.dir/build.make:115: CMakeFiles/localization_component.dir/src/odometry_sensor_model.cpp.o] Error 1
[3.544s] make[2]: *** Waiting for unfinished jobs....
[3.787s] In file included from [01m[K/usr/include/c++/9/memory:80[m[K,
[3.788s]                  from [01m[K/opt/ros/foxy/include/tf2_ros/transform_listener.h:35[m[K,
[3.788s]                  from [01m[K/home/robojackets/training_ws/src/software-training/localization/src/particle_filter_localizer.hpp:24[m[K,
[3.788s]                  from [01m[K/home/robojackets/training_ws/src/software-training/localization/src/particle_filter_localizer.cpp:21[m[K:
[3.788s] /usr/include/c++/9/bits/unique_ptr.h: In instantiation of ‘[01m[Ktypename std::_MakeUniq<_Tp>::__single_object std::make_unique(_Args&& ...) [with _Tp = localization::OdometrySensorModel; _Args = {localization::ParticleFilterLocalizer&}; typename std::_MakeUniq<_Tp>::__single_object = std::unique_ptr<localization::OdometrySensorModel, std::default_delete<localization::OdometrySensorModel> >][m[K’:
[3.788s] [01m[K/home/robojackets/training_ws/src/software-training/localization/src/particle_filter_localizer.cpp:71:71:[m[K   required from here
[3.788s] [01m[K/usr/include/c++/9/bits/unique_ptr.h:857:30:[m[K [01;31m[Kerror: [m[Kuse of deleted function ‘[01m[Krclcpp::Node::Node(const rclcpp::Node&)[m[K’
[3.788s]   857 |     { return unique_ptr<_Tp>([01;31m[Knew _Tp(std::forward<_Args>(__args)...)[m[K); }
[3.788s]       |                              [01;31m[K^~~~~~~~~~~~~~~~~~~~~~~~~~~~~~~~~~~~~~~[m[K
[3.788s] In file included from [01m[K/opt/ros/foxy/include/rclcpp/context.hpp:33[m[K,
[3.788s]                  from [01m[K/opt/ros/foxy/include/rclcpp/contexts/default_context.hpp:18[m[K,
[3.788s]                  from [01m[K/opt/ros/foxy/include/rclcpp/executor.hpp:32[m[K,
[3.788s]                  from [01m[K/opt/ros/foxy/include/rclcpp/executors/multi_threaded_executor.hpp:26[m[K,
[3.788s]                  from [01m[K/opt/ros/foxy/include/rclcpp/executors.hpp:21[m[K,
[3.788s]                  from [01m[K/opt/ros/foxy/include/rclcpp/rclcpp.hpp:146[m[K,
[3.789s]                  from [01m[K/opt/ros/foxy/include/tf2_ros/transform_listener.h:39[m[K,
[3.789s]                  from [01m[K/home/robojackets/training_ws/src/software-training/localization/src/particle_filter_localizer.hpp:24[m[K,
[3.789s]                  from [01m[K/home/robojackets/training_ws/src/software-training/localization/src/particle_filter_localizer.cpp:21[m[K:
[3.789s] [01m[K/opt/ros/foxy/include/rclcpp/node.hpp:1198:3:[m[K [01;36m[Knote: [m[Kdeclared here
[3.789s]  1198 |   [01;36m[KRCLCPP_DISABLE_COPY[m[K(Node)
[3.789s]       |   [01;36m[K^~~~~~~~~~~~~~~~~~~[m[K
[3.789s] In file included from [01m[K/home/robojackets/training_ws/src/software-training/localization/src/particle_filter_localizer.cpp:30[m[K:
[3.789s] [01m[K/home/robojackets/training_ws/src/software-training/localization/src/odometry_sensor_model.hpp:15:46:[m[K [01;36m[Knote: [m[K  initializing argument 1 of ‘[01m[Klocalization::OdometrySensorModel::OdometrySensorModel(rclcpp::Node)[m[K’
[3.789s]    15 |             OdometrySensorModel([01;36m[Krclcpp::Node node[m[K);
[3.789s]       |                                 [01;36m[K~~~~~~~~~~~~~^~~~[m[K
[6.184s] make[2]: *** [CMakeFiles/localization_component.dir/build.make:102: CMakeFiles/localization_component.dir/src/particle_filter_localizer.cpp.o] Error 1
[6.184s] make[1]: *** [CMakeFiles/Makefile2:80: CMakeFiles/localization_component.dir/all] Error 2
[6.185s] make: *** [Makefile:141: all] Error 2
[6.189s] Invoked command in '/home/robojackets/training_ws/src/software-training/build/localization' returned '2': CMAKE_PREFIX_PATH=${CMAKE_PREFIX_PATH}:/opt/ros/foxy /usr/bin/cmake --build /home/robojackets/training_ws/src/software-training/build/localization -- -j6 -l6
