[0.111s] Invoking command in '/home/padowan/software-training/build/peak_finder': CMAKE_PREFIX_PATH=${CMAKE_PREFIX_PATH}:/opt/ros/foxy /usr/bin/cmake --build /home/padowan/software-training/build/peak_finder -- -j12 -l12
[0.357s] [ 40%] Built target peak_finder_node
[0.361s] [100%] Built target peak_finder_components
[0.423s] Invoked command in '/home/padowan/software-training/build/peak_finder' returned '0': CMAKE_PREFIX_PATH=${CMAKE_PREFIX_PATH}:/opt/ros/foxy /usr/bin/cmake --build /home/padowan/software-training/build/peak_finder -- -j12 -l12
[0.730s] Invoking command in '/home/padowan/software-training/build/peak_finder': CMAKE_PREFIX_PATH=${CMAKE_PREFIX_PATH}:/opt/ros/foxy /usr/bin/cmake --install /home/padowan/software-training/build/peak_finder
[0.761s] -- Install configuration: ""
[0.764s] -- Up-to-date: /home/padowan/software-training/install/peak_finder/lib/peak_finder/peak_finder_node
[0.765s] -- Up-to-date: /home/padowan/software-training/install/peak_finder/lib/libpeak_finder_components.so
[0.766s] -- Up-to-date: /home/padowan/software-training/install/peak_finder/share/ament_index/resource_index/package_run_dependencies/peak_finder
[0.766s] -- Up-to-date: /home/padowan/software-training/install/peak_finder/share/ament_index/resource_index/parent_prefix_path/peak_finder
[0.767s] -- Up-to-date: /home/padowan/software-training/install/peak_finder/share/peak_finder/environment/ament_prefix_path.sh
[0.768s] -- Up-to-date: /home/padowan/software-training/install/peak_finder/share/peak_finder/environment/ament_prefix_path.dsv
[0.768s] -- Up-to-date: /home/padowan/software-training/install/peak_finder/share/peak_finder/environment/path.sh
[0.769s] -- Up-to-date: /home/padowan/software-training/install/peak_finder/share/peak_finder/environment/path.dsv
[0.770s] -- Up-to-date: /home/padowan/software-training/install/peak_finder/share/peak_finder/local_setup.bash
[0.773s] -- Up-to-date: /home/padowan/software-training/install/peak_finder/share/peak_finder/local_setup.sh
[0.774s] -- Up-to-date: /home/padowan/software-training/install/peak_finder/share/peak_finder/local_setup.zsh
[0.776s] -- Up-to-date: /home/padowan/software-training/install/peak_finder/share/peak_finder/local_setup.dsv
[0.777s] -- Installing: /home/padowan/software-training/install/peak_finder/share/peak_finder/package.dsv
[0.778s] -- Up-to-date: /home/padowan/software-training/install/peak_finder/share/ament_index/resource_index/packages/peak_finder
[0.779s] -- Up-to-date: /home/padowan/software-training/install/peak_finder/share/ament_index/resource_index/rclcpp_components/peak_finder
[0.780s] -- Up-to-date: /home/padowan/software-training/install/peak_finder/share/peak_finder/cmake/peak_finderConfig.cmake
[0.781s] -- Up-to-date: /home/padowan/software-training/install/peak_finder/share/peak_finder/cmake/peak_finderConfig-version.cmake
[0.784s] -- Up-to-date: /home/padowan/software-training/install/peak_finder/share/peak_finder/package.xml
[0.875s] Invoked command in '/home/padowan/software-training/build/peak_finder' returned '0': CMAKE_PREFIX_PATH=${CMAKE_PREFIX_PATH}:/opt/ros/foxy /usr/bin/cmake --install /home/padowan/software-training/build/peak_finder
