[0.133s] Invoking command in '/home/padowan/software-training/build/mineral_deposit_tracking': CMAKE_PREFIX_PATH=${CMAKE_PREFIX_PATH}:/opt/ros/foxy /usr/bin/cmake --build /home/padowan/software-training/build/mineral_deposit_tracking -- -j12 -l12
[0.389s] [35m[1mScanning dependencies of target mineral_deposit_tracking[0m
[0.506s] [ 50%] Built target mineral_deposit_tracker
[0.568s] [ 75%] [32mBuilding CXX object CMakeFiles/mineral_deposit_tracking.dir/src/mineral_deposit_tracker.cpp.o[0m
[4.879s] In file included from [01m[K/home/padowan/software-training/mineral_deposit_tracking/src/mineral_deposit_tracker.cpp:29[m[K:
[4.880s] [01m[K/home/padowan/software-training/mineral_deposit_tracking/src/kalman_filter.hpp:40:63:[m[K [01;31m[Kerror: [m[K‘[01m[KMatrix[m[K’ does not name a type
[4.880s]    40 |  void MeasurementUpdate(const VectorType & measurement, const [01;31m[KMatrix[m[K & measurement_covariance)
[4.880s]       |                                                               [01;31m[K^~~~~~[m[K
[5.142s] [01m[K/home/padowan/software-training/mineral_deposit_tracking/src/mineral_deposit_tracker.cpp:[m[K In member function ‘[01m[Kvoid mineral_deposit_tracking::MineralDepositTracker::DepositMeasurementCallback(stsl_interfaces::msg::MineralDepositArray_<std::allocator<void> >::SharedPtr)[m[K’:
[5.143s] [01m[K/home/padowan/software-training/mineral_deposit_tracking/src/mineral_deposit_tracker.cpp:103:44:[m[K [01;31m[Kerror: [m[Kcannot convert ‘[01m[Kconst Matrix2d[m[K’ {aka ‘[01m[Kconst Eigen::Matrix<double, 2, 2>[m[K’} to ‘[01m[Kconst int&[m[K’
[5.143s]   103 |     filter_.MeasurementUpdate(measurement, [01;31m[Kcovariance[m[K);
[5.143s]       |                                            [01;31m[K^~~~~~~~~~[m[K
[5.143s]       |                                            [01;31m[K|[m[K
[5.144s]       |                                            [01;31m[Kconst Matrix2d {aka const Eigen::Matrix<double, 2, 2>}[m[K
[5.144s] In file included from [01m[K/home/padowan/software-training/mineral_deposit_tracking/src/mineral_deposit_tracker.cpp:29[m[K:
[5.144s] [01m[K/home/padowan/software-training/mineral_deposit_tracking/src/kalman_filter.hpp:40:72:[m[K [01;36m[Knote: [m[K  initializing argument 2 of ‘[01m[Kvoid mineral_deposit_tracking::KalmanFilter<StateSize>::MeasurementUpdate(const VectorType&, const int&) [with int StateSize = 2; mineral_deposit_tracking::KalmanFilter<StateSize>::VectorType = Eigen::Matrix<double, 2, 1>][m[K’
[5.144s]    40 |  void MeasurementUpdate(const VectorType & measurement, [01;36m[Kconst Matrix & measurement_covariance[m[K)
[5.145s]       |                                                         [01;36m[K~~~~~~~~~~~~~~~^~~~~~~~~~~~~~~~~~~~~~[m[K
[7.092s] In file included from [01m[K/usr/include/eigen3/Eigen/Core:366[m[K,
[7.093s]                  from [01m[K/usr/include/eigen3/Eigen/Geometry:11[m[K,
[7.093s]                  from [01m[K/opt/ros/foxy/include/tf2_eigen/tf2_eigen.h:34[m[K,
[7.093s]                  from [01m[K/home/padowan/software-training/mineral_deposit_tracking/src/mineral_deposit_tracker.cpp:22[m[K:
[7.093s] /usr/include/eigen3/Eigen/src/Core/AssignEvaluator.h: In instantiation of ‘[01m[Kvoid Eigen::internal::call_assignment_no_alias(Dst&, const Src&, const Func&) [with Dst = Eigen::Matrix<double, 2, 1>; Src = Eigen::Matrix<double, 2, 2>; Func = Eigen::internal::assign_op<double, double>][m[K’:
[7.094s] [01m[K/usr/include/eigen3/Eigen/src/Core/PlainObjectBase.h:732:41:[m[K   required from ‘[01m[KDerived& Eigen::PlainObjectBase<Derived>::_set_noalias(const Eigen::DenseBase<OtherDerived>&) [with OtherDerived = Eigen::Matrix<double, 2, 2>; Derived = Eigen::Matrix<double, 2, 1>][m[K’
[7.094s] [01m[K/usr/include/eigen3/Eigen/src/Core/PlainObjectBase.h:537:7:[m[K   required from ‘[01m[KEigen::PlainObjectBase<Derived>::PlainObjectBase(const Eigen::DenseBase<OtherDerived>&) [with OtherDerived = Eigen::Matrix<double, 2, 2>; Derived = Eigen::Matrix<double, 2, 1>][m[K’
[7.094s] [01m[K/usr/include/eigen3/Eigen/src/Core/Matrix.h:377:29:[m[K   required from ‘[01m[KEigen::Matrix<_Scalar, _Rows, _Cols, _Options, _MaxRows, _MaxCols>::Matrix(const Eigen::EigenBase<OtherDerived>&) [with OtherDerived = Eigen::Matrix<double, 2, 2>; _Scalar = double; int _Rows = 2; int _Cols = 1; int _Options = 0; int _MaxRows = 2; int _MaxCols = 1][m[K’
[7.095s] [01m[K/home/padowan/software-training/mineral_deposit_tracking/src/mineral_deposit_tracker.cpp:119:39:[m[K   required from here
[7.095s] [01m[K/usr/include/eigen3/Eigen/src/Core/AssignEvaluator.h:833:3:[m[K [01;31m[Kerror: [m[Kstatic assertion failed: YOU_MIXED_MATRICES_OF_DIFFERENT_SIZES
[7.095s]   833 |   [01;31m[KEIGEN_STATIC_ASSERT_SAME_MATRIX_SIZE[m[K(ActualDstTypeCleaned,Src)
[7.095s]       |   [01;31m[K^~~~~~~~~~~~~~~~~~~~~~~~~~~~~~~~~~~~[m[K
[7.480s] /usr/include/eigen3/Eigen/src/Core/AssignEvaluator.h: In instantiation of ‘[01m[Kvoid Eigen::internal::call_assignment_no_alias(Dst&, const Src&, const Func&) [with Dst = Eigen::Matrix<double, 2, 2>; Src = Eigen::Matrix<double, 2, 1>; Func = Eigen::internal::assign_op<double, double>][m[K’:
[7.480s] [01m[K/usr/include/eigen3/Eigen/src/Core/AssignEvaluator.h:804:27:[m[K   required from ‘[01m[Kvoid Eigen::internal::call_assignment(Dst&, const Src&, const Func&, typename Eigen::internal::enable_if<(! Eigen::internal::evaluator_assume_aliasing<Src>::value), void*>::type) [with Dst = Eigen::Matrix<double, 2, 2>; Src = Eigen::Matrix<double, 2, 1>; Func = Eigen::internal::assign_op<double, double>; typename Eigen::internal::enable_if<(! Eigen::internal::evaluator_assume_aliasing<Src>::value), void*>::type = void*][m[K’
[7.480s] [01m[K/usr/include/eigen3/Eigen/src/Core/AssignEvaluator.h:782:18:[m[K   required from ‘[01m[Kvoid Eigen::internal::call_assignment(Dst&, const Src&) [with Dst = Eigen::Matrix<double, 2, 2>; Src = Eigen::Matrix<double, 2, 1>][m[K’
[7.481s] [01m[K/usr/include/eigen3/Eigen/src/Core/PlainObjectBase.h:714:32:[m[K   required from ‘[01m[KDerived& Eigen::PlainObjectBase<Derived>::_set(const Eigen::DenseBase<OtherDerived>&) [with OtherDerived = Eigen::Matrix<double, 2, 1>; Derived = Eigen::Matrix<double, 2, 2>][m[K’
[7.481s] [01m[K/usr/include/eigen3/Eigen/src/Core/Matrix.h:225:24:[m[K   required from ‘[01m[KEigen::Matrix<_Scalar, _Rows, _Cols, _Options, _MaxRows, _MaxCols>& Eigen::Matrix<_Scalar, _Rows, _Cols, _Options, _MaxRows, _MaxCols>::operator=(const Eigen::DenseBase<OtherDerived>&) [with OtherDerived = Eigen::Matrix<double, 2, 1>; _Scalar = double; int _Rows = 2; int _Cols = 2; int _Options = 0; int _MaxRows = 2; int _MaxCols = 2][m[K’
[7.481s] [01m[K/home/padowan/software-training/mineral_deposit_tracking/src/kalman_filter.hpp:31:24:[m[K   required from ‘[01m[Kvoid mineral_deposit_tracking::KalmanFilter<StateSize>::Reset(const VectorType&, const VectorType&) [with int StateSize = 2; mineral_deposit_tracking::KalmanFilter<StateSize>::VectorType = Eigen::Matrix<double, 2, 1>][m[K’
[7.482s] [01m[K/home/padowan/software-training/mineral_deposit_tracking/src/mineral_deposit_tracker.cpp:119:39:[m[K   required from here
[7.482s] [01m[K/usr/include/eigen3/Eigen/src/Core/AssignEvaluator.h:833:3:[m[K [01;31m[Kerror: [m[Kstatic assertion failed: YOU_MIXED_MATRICES_OF_DIFFERENT_SIZES
[11.319s] make[2]: *** [CMakeFiles/mineral_deposit_tracking.dir/build.make:63: CMakeFiles/mineral_deposit_tracking.dir/src/mineral_deposit_tracker.cpp.o] Error 1
[11.319s] make[1]: *** [CMakeFiles/Makefile2:134: CMakeFiles/mineral_deposit_tracking.dir/all] Error 2
[11.319s] make: *** [Makefile:141: all] Error 2
[11.322s] Invoked command in '/home/padowan/software-training/build/mineral_deposit_tracking' returned '2': CMAKE_PREFIX_PATH=${CMAKE_PREFIX_PATH}:/opt/ros/foxy /usr/bin/cmake --build /home/padowan/software-training/build/mineral_deposit_tracking -- -j12 -l12
