-- The C compiler identification is GNU 9.3.0
-- The CXX compiler identification is GNU 9.3.0
-- Check for working C compiler: /usr/bin/cc
-- Check for working C compiler: /usr/bin/cc -- works
-- Detecting C compiler ABI info
-- Detecting C compiler ABI info - done
-- Detecting C compile features
-- Detecting C compile features - done
-- Check for working CXX compiler: /usr/bin/c++
-- Check for working CXX compiler: /usr/bin/c++ -- works
-- Detecting CXX compiler ABI info
-- Detecting CXX compiler ABI info - done
-- Detecting CXX compile features
-- Detecting CXX compile features - done
-- Found ament_cmake: 0.9.9 (/opt/ros/foxy/share/ament_cmake/cmake)
-- Found PythonInterp: /usr/bin/python3 (found suitable version "3.8.10", minimum required is "3") 
-- Using PYTHON_EXECUTABLE: /usr/bin/python3
-- Found rclcpp: 2.4.0 (/opt/ros/foxy/share/rclcpp/cmake)
-- Using all available rosidl_typesupport_c: rosidl_typesupport_fastrtps_c;rosidl_typesupport_introspection_c
-- Found rosidl_adapter: 1.2.1 (/opt/ros/foxy/share/rosidl_adapter/cmake)
-- Found OpenSSL: /usr/lib/x86_64-linux-gnu/libcrypto.so (found version "1.1.1f")  
-- Found FastRTPS: /opt/ros/foxy/include  
-- Using all available rosidl_typesupport_cpp: rosidl_typesupport_fastrtps_cpp;rosidl_typesupport_introspection_cpp
-- Found rmw_implementation_cmake: 1.0.3 (/opt/ros/foxy/share/rmw_implementation_cmake/cmake)
-- Using RMW implementation 'rmw_fastrtps_cpp' as default
-- Looking for pthread.h
-- Looking for pthread.h - found
-- Performing Test CMAKE_HAVE_LIBC_PTHREAD
-- Performing Test CMAKE_HAVE_LIBC_PTHREAD - Failed
-- Looking for pthread_create in pthreads
-- Looking for pthread_create in pthreads - not found
-- Looking for pthread_create in pthread
-- Looking for pthread_create in pthread - found
-- Found Threads: TRUE  
-- Found rclcpp_components: 2.4.0 (/opt/ros/foxy/share/rclcpp_components/cmake)
-- Found rclcpp_action: 2.4.0 (/opt/ros/foxy/share/rclcpp_action/cmake)
-- Found stsl_interfaces: 0.0.4 (/opt/ros/foxy/share/stsl_interfaces/cmake)
-- Found tf2_ros: 0.13.12 (/opt/ros/foxy/share/tf2_ros/cmake)
-- Found tf2_eigen: 0.13.12 (/opt/ros/foxy/share/tf2_eigen/cmake)
-- Found nav2_msgs: 0.4.7 (/opt/ros/foxy/share/nav2_msgs/cmake)
-- Found ament_lint_auto: 0.9.6 (/opt/ros/foxy/share/ament_lint_auto/cmake)
-- Added test 'copyright' to check source files copyright and LICENSE
-- Added test 'cppcheck' to perform static code analysis on C / C++ code
-- Configured cppcheck include dirs: 
-- Configured cppcheck exclude dirs and/or files: 
-- Added test 'cpplint' to check C / C++ code against the Google style
-- Configured cpplint exclude dirs and/or files: 
-- Added test 'lint_cmake' to check CMake code style
-- Added test 'uncrustify' to check C / C++ code style
-- Configured uncrustify additional arguments: 
-- Added test 'xmllint' to check XML markup files
-- Configuring done
-- Generating done
-- Build files have been written to: /home/robojackets/training_ws/src/software-training/peak_finder/build/peak_finder
[35m[1mScanning dependencies of target peak_finder_node[0m
[ 20%] [32mBuilding CXX object CMakeFiles/peak_finder_node.dir/rclcpp_components/node_main_peak_finder_node.cpp.o[0m
[ 40%] [32m[1mLinking CXX executable peak_finder_node[0m
[ 40%] Built target peak_finder_node
[35m[1mScanning dependencies of target peak_finder_components[0m
[ 60%] [32mBuilding CXX object CMakeFiles/peak_finder_components.dir/src/peak_finder_component.cpp.o[0m
[ 80%] [32mBuilding CXX object CMakeFiles/peak_finder_components.dir/src/navigator.cpp.o[0m
[100%] [32m[1mLinking CXX shared library libpeak_finder_components.so[0m
[100%] Built target peak_finder_components
-- Install configuration: ""
-- Installing: /home/robojackets/training_ws/src/software-training/peak_finder/install/peak_finder/lib/peak_finder/peak_finder_node
-- Set runtime path of "/home/robojackets/training_ws/src/software-training/peak_finder/install/peak_finder/lib/peak_finder/peak_finder_node" to ""
-- Installing: /home/robojackets/training_ws/src/software-training/peak_finder/install/peak_finder/lib/libpeak_finder_components.so
-- Set runtime path of "/home/robojackets/training_ws/src/software-training/peak_finder/install/peak_finder/lib/libpeak_finder_components.so" to ""
-- Installing: /home/robojackets/training_ws/src/software-training/peak_finder/install/peak_finder/share/ament_index/resource_index/package_run_dependencies/peak_finder
-- Installing: /home/robojackets/training_ws/src/software-training/peak_finder/install/peak_finder/share/ament_index/resource_index/parent_prefix_path/peak_finder
-- Installing: /home/robojackets/training_ws/src/software-training/peak_finder/install/peak_finder/share/peak_finder/environment/ament_prefix_path.sh
-- Installing: /home/robojackets/training_ws/src/software-training/peak_finder/install/peak_finder/share/peak_finder/environment/ament_prefix_path.dsv
-- Installing: /home/robojackets/training_ws/src/software-training/peak_finder/install/peak_finder/share/peak_finder/environment/path.sh
-- Installing: /home/robojackets/training_ws/src/software-training/peak_finder/install/peak_finder/share/peak_finder/environment/path.dsv
-- Installing: /home/robojackets/training_ws/src/software-training/peak_finder/install/peak_finder/share/peak_finder/local_setup.bash
-- Installing: /home/robojackets/training_ws/src/software-training/peak_finder/install/peak_finder/share/peak_finder/local_setup.sh
-- Installing: /home/robojackets/training_ws/src/software-training/peak_finder/install/peak_finder/share/peak_finder/local_setup.zsh
-- Installing: /home/robojackets/training_ws/src/software-training/peak_finder/install/peak_finder/share/peak_finder/local_setup.dsv
-- Installing: /home/robojackets/training_ws/src/software-training/peak_finder/install/peak_finder/share/peak_finder/package.dsv
-- Installing: /home/robojackets/training_ws/src/software-training/peak_finder/install/peak_finder/share/ament_index/resource_index/packages/peak_finder
-- Installing: /home/robojackets/training_ws/src/software-training/peak_finder/install/peak_finder/share/ament_index/resource_index/rclcpp_components/peak_finder
-- Installing: /home/robojackets/training_ws/src/software-training/peak_finder/install/peak_finder/share/peak_finder/cmake/peak_finderConfig.cmake
-- Installing: /home/robojackets/training_ws/src/software-training/peak_finder/install/peak_finder/share/peak_finder/cmake/peak_finderConfig-version.cmake
-- Installing: /home/robojackets/training_ws/src/software-training/peak_finder/install/peak_finder/share/peak_finder/package.xml
