[0.038s] Invoking command in '/home/robojackets/training_ws/src/software-training/peak_finder/build/peak_finder': CMAKE_PREFIX_PATH=${CMAKE_PREFIX_PATH}:/opt/ros/foxy /usr/bin/cmake /home/robojackets/training_ws/src/software-training/peak_finder -DCMAKE_INSTALL_PREFIX=/home/robojackets/training_ws/src/software-training/peak_finder/install/peak_finder
[0.278s] -- The C compiler identification is GNU 9.3.0
[0.388s] -- The CXX compiler identification is GNU 9.3.0
[0.409s] -- Check for working C compiler: /usr/bin/cc
[0.521s] -- Check for working C compiler: /usr/bin/cc -- works
[0.525s] -- Detecting C compiler ABI info
[0.629s] -- Detecting C compiler ABI info - done
[0.644s] -- Detecting C compile features
[0.646s] -- Detecting C compile features - done
[0.656s] -- Check for working CXX compiler: /usr/bin/c++
[0.800s] -- Check for working CXX compiler: /usr/bin/c++ -- works
[0.802s] -- Detecting CXX compiler ABI info
[0.971s] -- Detecting CXX compiler ABI info - done
[0.986s] -- Detecting CXX compile features
[0.986s] -- Detecting CXX compile features - done
[1.002s] -- Found ament_cmake: 0.9.9 (/opt/ros/foxy/share/ament_cmake/cmake)
[1.050s] -- Found PythonInterp: /usr/bin/python3 (found suitable version "3.8.10", minimum required is "3") 
[1.051s] -- Using PYTHON_EXECUTABLE: /usr/bin/python3
[1.368s] -- Found rclcpp: 2.4.0 (/opt/ros/foxy/share/rclcpp/cmake)
[1.515s] -- Using all available rosidl_typesupport_c: rosidl_typesupport_fastrtps_c;rosidl_typesupport_introspection_c
[1.537s] -- Found rosidl_adapter: 1.2.1 (/opt/ros/foxy/share/rosidl_adapter/cmake)
[1.690s] -- Found OpenSSL: /usr/lib/x86_64-linux-gnu/libcrypto.so (found version "1.1.1f")  
[1.739s] -- Found FastRTPS: /opt/ros/foxy/include  
[1.889s] -- Using all available rosidl_typesupport_cpp: rosidl_typesupport_fastrtps_cpp;rosidl_typesupport_introspection_cpp
[2.027s] -- Found rmw_implementation_cmake: 1.0.3 (/opt/ros/foxy/share/rmw_implementation_cmake/cmake)
[2.034s] -- Using RMW implementation 'rmw_fastrtps_cpp' as default
[2.039s] -- Looking for pthread.h
[2.244s] -- Looking for pthread.h - found
[2.245s] -- Performing Test CMAKE_HAVE_LIBC_PTHREAD
[2.345s] -- Performing Test CMAKE_HAVE_LIBC_PTHREAD - Failed
[2.346s] -- Looking for pthread_create in pthreads
[2.443s] -- Looking for pthread_create in pthreads - not found
[2.443s] -- Looking for pthread_create in pthread
[2.547s] -- Looking for pthread_create in pthread - found
[2.549s] -- Found Threads: TRUE  
[2.844s] -- Found rclcpp_components: 2.4.0 (/opt/ros/foxy/share/rclcpp_components/cmake)
[2.987s] -- Found rclcpp_action: 2.4.0 (/opt/ros/foxy/share/rclcpp_action/cmake)
[3.163s] -- Found stsl_interfaces: 0.0.4 (/opt/ros/foxy/share/stsl_interfaces/cmake)
[3.442s] -- Found tf2_ros: 0.13.12 (/opt/ros/foxy/share/tf2_ros/cmake)
[3.738s] -- Found tf2_eigen: 0.13.12 (/opt/ros/foxy/share/tf2_eigen/cmake)
[3.761s] -- Found nav2_msgs: 0.4.7 (/opt/ros/foxy/share/nav2_msgs/cmake)
[4.205s] -- Found ament_lint_auto: 0.9.6 (/opt/ros/foxy/share/ament_lint_auto/cmake)
[4.333s] -- Added test 'copyright' to check source files copyright and LICENSE
[4.339s] -- Added test 'cppcheck' to perform static code analysis on C / C++ code
[4.339s] -- Configured cppcheck include dirs: 
[4.339s] -- Configured cppcheck exclude dirs and/or files: 
[4.344s] -- Added test 'cpplint' to check C / C++ code against the Google style
[4.345s] -- Configured cpplint exclude dirs and/or files: 
[4.349s] -- Added test 'lint_cmake' to check CMake code style
[4.358s] -- Added test 'uncrustify' to check C / C++ code style
[4.358s] -- Configured uncrustify additional arguments: 
[4.360s] -- Added test 'xmllint' to check XML markup files
[4.366s] -- Configuring done
[4.388s] -- Generating done
[4.391s] -- Build files have been written to: /home/robojackets/training_ws/src/software-training/peak_finder/build/peak_finder
[4.404s] Invoked command in '/home/robojackets/training_ws/src/software-training/peak_finder/build/peak_finder' returned '0': CMAKE_PREFIX_PATH=${CMAKE_PREFIX_PATH}:/opt/ros/foxy /usr/bin/cmake /home/robojackets/training_ws/src/software-training/peak_finder -DCMAKE_INSTALL_PREFIX=/home/robojackets/training_ws/src/software-training/peak_finder/install/peak_finder
[4.405s] Invoking command in '/home/robojackets/training_ws/src/software-training/peak_finder/build/peak_finder': CMAKE_PREFIX_PATH=${CMAKE_PREFIX_PATH}:/opt/ros/foxy /usr/bin/cmake --build /home/robojackets/training_ws/src/software-training/peak_finder/build/peak_finder -- -j6 -l6
[4.471s] [35m[1mScanning dependencies of target peak_finder_node[0m
[4.516s] [ 20%] [32mBuilding CXX object CMakeFiles/peak_finder_node.dir/rclcpp_components/node_main_peak_finder_node.cpp.o[0m
[6.504s] [ 40%] [32m[1mLinking CXX executable peak_finder_node[0m
[6.672s] [ 40%] Built target peak_finder_node
[6.694s] [35m[1mScanning dependencies of target peak_finder_components[0m
[6.781s] [ 60%] [32mBuilding CXX object CMakeFiles/peak_finder_components.dir/src/peak_finder_component.cpp.o[0m
[12.662s] [ 80%] [32mBuilding CXX object CMakeFiles/peak_finder_components.dir/src/navigator.cpp.o[0m
[15.747s] [100%] [32m[1mLinking CXX shared library libpeak_finder_components.so[0m
[16.107s] [100%] Built target peak_finder_components
[16.137s] Invoked command in '/home/robojackets/training_ws/src/software-training/peak_finder/build/peak_finder' returned '0': CMAKE_PREFIX_PATH=${CMAKE_PREFIX_PATH}:/opt/ros/foxy /usr/bin/cmake --build /home/robojackets/training_ws/src/software-training/peak_finder/build/peak_finder -- -j6 -l6
[16.217s] Invoking command in '/home/robojackets/training_ws/src/software-training/peak_finder/build/peak_finder': CMAKE_PREFIX_PATH=${CMAKE_PREFIX_PATH}:/opt/ros/foxy /usr/bin/cmake --install /home/robojackets/training_ws/src/software-training/peak_finder/build/peak_finder
[16.228s] -- Install configuration: ""
[16.228s] -- Installing: /home/robojackets/training_ws/src/software-training/peak_finder/install/peak_finder/lib/peak_finder/peak_finder_node
[16.228s] -- Set runtime path of "/home/robojackets/training_ws/src/software-training/peak_finder/install/peak_finder/lib/peak_finder/peak_finder_node" to ""
[16.228s] -- Installing: /home/robojackets/training_ws/src/software-training/peak_finder/install/peak_finder/lib/libpeak_finder_components.so
[16.241s] -- Set runtime path of "/home/robojackets/training_ws/src/software-training/peak_finder/install/peak_finder/lib/libpeak_finder_components.so" to ""
[16.244s] -- Installing: /home/robojackets/training_ws/src/software-training/peak_finder/install/peak_finder/share/ament_index/resource_index/package_run_dependencies/peak_finder
[16.244s] -- Installing: /home/robojackets/training_ws/src/software-training/peak_finder/install/peak_finder/share/ament_index/resource_index/parent_prefix_path/peak_finder
[16.247s] -- Installing: /home/robojackets/training_ws/src/software-training/peak_finder/install/peak_finder/share/peak_finder/environment/ament_prefix_path.sh
[16.248s] -- Installing: /home/robojackets/training_ws/src/software-training/peak_finder/install/peak_finder/share/peak_finder/environment/ament_prefix_path.dsv
[16.248s] -- Installing: /home/robojackets/training_ws/src/software-training/peak_finder/install/peak_finder/share/peak_finder/environment/path.sh
[16.248s] -- Installing: /home/robojackets/training_ws/src/software-training/peak_finder/install/peak_finder/share/peak_finder/environment/path.dsv
[16.248s] -- Installing: /home/robojackets/training_ws/src/software-training/peak_finder/install/peak_finder/share/peak_finder/local_setup.bash
[16.248s] -- Installing: /home/robojackets/training_ws/src/software-training/peak_finder/install/peak_finder/share/peak_finder/local_setup.sh
[16.252s] -- Installing: /home/robojackets/training_ws/src/software-training/peak_finder/install/peak_finder/share/peak_finder/local_setup.zsh
[16.253s] -- Installing: /home/robojackets/training_ws/src/software-training/peak_finder/install/peak_finder/share/peak_finder/local_setup.dsv
[16.256s] -- Installing: /home/robojackets/training_ws/src/software-training/peak_finder/install/peak_finder/share/peak_finder/package.dsv
[16.256s] -- Installing: /home/robojackets/training_ws/src/software-training/peak_finder/install/peak_finder/share/ament_index/resource_index/packages/peak_finder
[16.257s] -- Installing: /home/robojackets/training_ws/src/software-training/peak_finder/install/peak_finder/share/ament_index/resource_index/rclcpp_components/peak_finder
[16.261s] -- Installing: /home/robojackets/training_ws/src/software-training/peak_finder/install/peak_finder/share/peak_finder/cmake/peak_finderConfig.cmake
[16.261s] -- Installing: /home/robojackets/training_ws/src/software-training/peak_finder/install/peak_finder/share/peak_finder/cmake/peak_finderConfig-version.cmake
[16.261s] -- Installing: /home/robojackets/training_ws/src/software-training/peak_finder/install/peak_finder/share/peak_finder/package.xml
[16.262s] Invoked command in '/home/robojackets/training_ws/src/software-training/peak_finder/build/peak_finder' returned '0': CMAKE_PREFIX_PATH=${CMAKE_PREFIX_PATH}:/opt/ros/foxy /usr/bin/cmake --install /home/robojackets/training_ws/src/software-training/peak_finder/build/peak_finder
