[0.119s] Invoking command in '/home/robojackets/training_ws/src/software-training/build/localization': CMAKE_PREFIX_PATH=${CMAKE_PREFIX_PATH}:/opt/ros/foxy /usr/bin/cmake --build /home/robojackets/training_ws/src/software-training/build/localization -- -j6 -l6
[0.483s] -- Found ament_cmake: 0.9.9 (/opt/ros/foxy/share/ament_cmake/cmake)
[0.483s] -- Using PYTHON_EXECUTABLE: /usr/bin/python3
[1.060s] -- Found rclcpp: 2.4.0 (/opt/ros/foxy/share/rclcpp/cmake)
[1.136s] -- Using all available rosidl_typesupport_c: rosidl_typesupport_fastrtps_c;rosidl_typesupport_introspection_c
[1.150s] -- Found rosidl_adapter: 1.2.1 (/opt/ros/foxy/share/rosidl_adapter/cmake)
[1.340s] -- Using all available rosidl_typesupport_cpp: rosidl_typesupport_fastrtps_cpp;rosidl_typesupport_introspection_cpp
[1.473s] -- Found rmw_implementation_cmake: 1.0.3 (/opt/ros/foxy/share/rmw_implementation_cmake/cmake)
[1.475s] -- Using RMW implementation 'rmw_fastrtps_cpp' as default
[1.730s] -- Found rclcpp_components: 2.4.0 (/opt/ros/foxy/share/rclcpp_components/cmake)
[1.822s] -- Found stsl_interfaces: 0.0.4 (/opt/ros/foxy/share/stsl_interfaces/cmake)
[2.450s] -- Found sensor_msgs: 2.0.4 (/opt/ros/foxy/share/sensor_msgs/cmake)
[2.634s] -- Found visualization_msgs: 2.0.4 (/opt/ros/foxy/share/visualization_msgs/cmake)
[2.815s] -- Found nav_msgs: 2.0.4 (/opt/ros/foxy/share/nav_msgs/cmake)
[2.934s] -- Found tf2_ros: 0.13.12 (/opt/ros/foxy/share/tf2_ros/cmake)
[3.298s] -- Found tf2_geometry_msgs: 0.13.12 (/opt/ros/foxy/share/tf2_geometry_msgs/cmake)
[3.306s] -- Found eigen3_cmake_module: 0.1.1 (/opt/ros/foxy/share/eigen3_cmake_module/cmake)
[3.347s] -- Found angles: 1.12.3 (/opt/ros/foxy/share/angles/cmake)
[3.387s] -- Found ament_lint_auto: 0.9.6 (/opt/ros/foxy/share/ament_lint_auto/cmake)
[3.503s] -- Added test 'copyright' to check source files copyright and LICENSE
[3.519s] -- Added test 'cppcheck' to perform static code analysis on C / C++ code
[3.519s] -- Configured cppcheck include dirs: 
[3.519s] -- Configured cppcheck exclude dirs and/or files: 
[3.539s] -- Added test 'cpplint' to check C / C++ code against the Google style
[3.539s] -- Configured cpplint exclude dirs and/or files: 
[3.541s] -- Added test 'flake8' to check Python code syntax and style conventions
[3.546s] -- Added test 'lint_cmake' to check CMake code style
[3.548s] -- Added test 'pep257' to check Python code against some of the style conventions in PEP 257
[3.562s] -- Added test 'uncrustify' to check C / C++ code style
[3.562s] -- Configured uncrustify additional arguments: 
[3.564s] -- Added test 'xmllint' to check XML markup files
[3.596s] -- Configuring done
[3.674s] -- Generating done
[3.679s] -- Build files have been written to: /home/robojackets/training_ws/src/software-training/build/localization
[3.808s] [35m[1mScanning dependencies of target localization_component[0m
[3.863s] [ 25%] Built target localization_node
[3.887s] [ 37%] [32mBuilding CXX object CMakeFiles/localization_component.dir/src/particle_filter_localizer.cpp.o[0m
[3.900s] [ 50%] [32mBuilding CXX object CMakeFiles/localization_component.dir/src/odometry_sensor_model.cpp.o[0m
[5.608s] [01m[K/home/robojackets/training_ws/src/software-training/localization/src/odometry_sensor_model.cpp:7:5:[m[K [01;31m[Kerror: [m[Kno declaration matches ‘[01m[Klocalization::OdometrySensorModel::OdometrySensorModel(rclcpp::Node&)[m[K’
[5.609s]     7 |     [01;31m[KOdometrySensorModel[m[K::OdometrySensorModel(rclcpp::Node & node){
[5.609s]       |     [01;31m[K^~~~~~~~~~~~~~~~~~~[m[K
[5.609s] In file included from [01m[K/home/robojackets/training_ws/src/software-training/localization/src/odometry_sensor_model.cpp:1[m[K:
[5.609s] [01m[K/home/robojackets/training_ws/src/software-training/localization/src/odometry_sensor_model.hpp:10:11:[m[K [01;36m[Knote: [m[Kcandidates are: ‘[01m[Klocalization::OdometrySensorModel::OdometrySensorModel(localization::OdometrySensorModel&&)[m[K’
[5.609s]    10 |     class [01;36m[KOdometrySensorModel[m[K: public SensorModel{
[5.609s]       |           [01;36m[K^~~~~~~~~~~~~~~~~~~[m[K
[5.609s] [01m[K/home/robojackets/training_ws/src/software-training/localization/src/odometry_sensor_model.hpp:10:11:[m[K [01;36m[Knote: [m[K                ‘[01m[Klocalization::OdometrySensorModel::OdometrySensorModel(const localization::OdometrySensorModel&)[m[K’
[5.609s] [01m[K/home/robojackets/training_ws/src/software-training/localization/src/odometry_sensor_model.hpp:15:13:[m[K [01;36m[Knote: [m[K                ‘[01m[Klocalization::OdometrySensorModel::OdometrySensorModel(rclcpp::Node)[m[K’
[5.609s]    15 |             [01;36m[KOdometrySensorModel[m[K(rclcpp::Node node);
[5.609s]       |             [01;36m[K^~~~~~~~~~~~~~~~~~~[m[K
[5.609s] [01m[K/home/robojackets/training_ws/src/software-training/localization/src/odometry_sensor_model.hpp:10:11:[m[K [01;36m[Knote: [m[K‘[01m[Kclass localization::OdometrySensorModel[m[K’ defined here
[5.609s]    10 |     class [01;36m[KOdometrySensorModel[m[K: public SensorModel{
[5.609s]       |           [01;36m[K^~~~~~~~~~~~~~~~~~~[m[K
[5.611s] [01m[K/home/robojackets/training_ws/src/software-training/localization/src/odometry_sensor_model.cpp:[m[K In member function ‘[01m[Kvirtual bool localization::OdometrySensorModel::IsMeasurementAvailable(const rclcpp::Time&)[m[K’:
[5.611s] [01m[K/home/robojackets/training_ws/src/software-training/localization/src/odometry_sensor_model.cpp:27:36:[m[K [01;31m[Kerror: [m[Kno match for ‘[01m[Koperator<[m[K’ (operand types are ‘[01m[Kconst rclcpp::Duration[m[K’ and ‘[01m[Kdouble[m[K’)
[5.611s]    27 |         return [32m[Ktime_since_last_msg[m[K [01;31m[K<[m[K [34m[Ktimeout_[m[K;
[5.611s]       |                [32m[K~~~~~~~~~~~~~~~~~~~[m[K [01;31m[K^[m[K [34m[K~~~~~~~~[m[K
[5.611s]       |                [32m[K|[m[K                     [34m[K|[m[K
[5.612s]       |                [32m[K|[m[K                     [34m[Kdouble[m[K
[5.612s]       |                [32m[Kconst rclcpp::Duration[m[K
[5.612s] In file included from [01m[K/opt/ros/foxy/include/rclcpp/qos.hpp:20[m[K,
[5.612s]                  from [01m[K/opt/ros/foxy/include/rclcpp/node_interfaces/node_graph_interface.hpp:31[m[K,
[5.612s]                  from [01m[K/opt/ros/foxy/include/rclcpp/client.hpp:34[m[K,
[5.612s]                  from [01m[K/opt/ros/foxy/include/rclcpp/callback_group.hpp:23[m[K,
[5.612s]                  from [01m[K/opt/ros/foxy/include/rclcpp/any_executable.hpp:20[m[K,
[5.612s]                  from [01m[K/opt/ros/foxy/include/rclcpp/memory_strategy.hpp:24[m[K,
[5.612s]                  from [01m[K/opt/ros/foxy/include/rclcpp/memory_strategies.hpp:18[m[K,
[5.612s]                  from [01m[K/opt/ros/foxy/include/rclcpp/executor_options.hpp:20[m[K,
[5.612s]                  from [01m[K/opt/ros/foxy/include/rclcpp/executor.hpp:33[m[K,
[5.612s]                  from [01m[K/opt/ros/foxy/include/rclcpp/executors/multi_threaded_executor.hpp:26[m[K,
[5.612s]                  from [01m[K/opt/ros/foxy/include/rclcpp/executors.hpp:21[m[K,
[5.612s]                  from [01m[K/opt/ros/foxy/include/rclcpp/rclcpp.hpp:146[m[K,
[5.613s]                  from [01m[K/home/robojackets/training_ws/src/software-training/localization/src/odometry_sensor_model.hpp:4[m[K,
[5.613s]                  from [01m[K/home/robojackets/training_ws/src/software-training/localization/src/odometry_sensor_model.cpp:1[m[K:
[5.613s] [01m[K/opt/ros/foxy/include/rclcpp/duration.hpp:84:3:[m[K [01;36m[Knote: [m[Kcandidate: ‘[01m[Kbool rclcpp::Duration::operator<(const rclcpp::Duration&) const[m[K’
[5.613s]    84 |   [01;36m[Koperator[m[K<(const rclcpp::Duration & rhs) const;
[5.613s]       |   [01;36m[K^~~~~~~~[m[K
[5.613s] [01m[K/opt/ros/foxy/include/rclcpp/duration.hpp:84:38:[m[K [01;36m[Knote: [m[K  no known conversion for argument 1 from ‘[01m[Kdouble[m[K’ to ‘[01m[Kconst rclcpp::Duration&[m[K’
[5.613s]    84 |   operator<([01;36m[Kconst rclcpp::Duration & rhs[m[K) const;
[5.613s]       |             [01;36m[K~~~~~~~~~~~~~~~~~~~~~~~~~^~~[m[K
[5.613s] [01m[K/home/robojackets/training_ws/src/software-training/localization/src/odometry_sensor_model.cpp:[m[K In function ‘[01m[Kdouble localization::ComputeLogProb(const localization::Particle&)[m[K’:
[5.614s] [01m[K/home/robojackets/training_ws/src/software-training/localization/src/odometry_sensor_model.cpp:32:25:[m[K [01;31m[Kerror: [m[K‘[01m[Klast_msg_[m[K’ was not declared in this scope
[5.614s]    32 |         log_prob += pow([01;31m[Klast_msg_[m[K.twist.twist.linear.x - particle.x_vel, 2) / covariance_[0];
[5.614s]       |                         [01;31m[K^~~~~~~~~[m[K
[5.615s] [01m[K/home/robojackets/training_ws/src/software-training/localization/src/odometry_sensor_model.cpp:32:79:[m[K [01;31m[Kerror: [m[K‘[01m[Kcovariance_[m[K’ was not declared in this scope
[5.615s]    32 |         log_prob += pow(last_msg_.twist.twist.linear.x - particle.x_vel, 2) / [01;31m[Kcovariance_[m[K[0];
[5.615s]       |                                                                               [01;31m[K^~~~~~~~~~~[m[K
[5.618s] [01m[K/home/robojackets/training_ws/src/software-training/localization/src/odometry_sensor_model.cpp:[m[K In function ‘[01m[Kdouble localization::ComputeLogNormalizer()[m[K’:
[5.618s] [01m[K/home/robojackets/training_ws/src/software-training/localization/src/odometry_sensor_model.cpp:37:55:[m[K [01;31m[Kerror: [m[K‘[01m[Kcovariance_[m[K’ was not declared in this scope
[5.618s]    37 |         return log(sqrt(pow(2 * M_PI, 2))) + log(sqrt([01;31m[Kcovariance_[m[K[0])) + log(sqrt(covariance_[1]));
[5.618s]       |                                                       [01;31m[K^~~~~~~~~~~[m[K
[6.025s] make[2]: *** [CMakeFiles/localization_component.dir/build.make:115: CMakeFiles/localization_component.dir/src/odometry_sensor_model.cpp.o] Error 1
[6.025s] make[2]: *** Waiting for unfinished jobs....
[6.433s] In file included from [01m[K/usr/include/c++/9/memory:80[m[K,
[6.433s]                  from [01m[K/opt/ros/foxy/include/tf2_ros/transform_listener.h:35[m[K,
[6.433s]                  from [01m[K/home/robojackets/training_ws/src/software-training/localization/src/particle_filter_localizer.hpp:24[m[K,
[6.433s]                  from [01m[K/home/robojackets/training_ws/src/software-training/localization/src/particle_filter_localizer.cpp:21[m[K:
[6.433s] /usr/include/c++/9/bits/unique_ptr.h: In instantiation of ‘[01m[Ktypename std::_MakeUniq<_Tp>::__single_object std::make_unique(_Args&& ...) [with _Tp = localization::OdometrySensorModel; _Args = {localization::ParticleFilterLocalizer&}; typename std::_MakeUniq<_Tp>::__single_object = std::unique_ptr<localization::OdometrySensorModel, std::default_delete<localization::OdometrySensorModel> >][m[K’:
[6.433s] [01m[K/home/robojackets/training_ws/src/software-training/localization/src/particle_filter_localizer.cpp:71:71:[m[K   required from here
[6.433s] [01m[K/usr/include/c++/9/bits/unique_ptr.h:857:30:[m[K [01;31m[Kerror: [m[Kuse of deleted function ‘[01m[Krclcpp::Node::Node(const rclcpp::Node&)[m[K’
[6.433s]   857 |     { return unique_ptr<_Tp>([01;31m[Knew _Tp(std::forward<_Args>(__args)...)[m[K); }
[6.433s]       |                              [01;31m[K^~~~~~~~~~~~~~~~~~~~~~~~~~~~~~~~~~~~~~~[m[K
[6.433s] In file included from [01m[K/opt/ros/foxy/include/rclcpp/context.hpp:33[m[K,
[6.433s]                  from [01m[K/opt/ros/foxy/include/rclcpp/contexts/default_context.hpp:18[m[K,
[6.434s]                  from [01m[K/opt/ros/foxy/include/rclcpp/executor.hpp:32[m[K,
[6.434s]                  from [01m[K/opt/ros/foxy/include/rclcpp/executors/multi_threaded_executor.hpp:26[m[K,
[6.434s]                  from [01m[K/opt/ros/foxy/include/rclcpp/executors.hpp:21[m[K,
[6.434s]                  from [01m[K/opt/ros/foxy/include/rclcpp/rclcpp.hpp:146[m[K,
[6.434s]                  from [01m[K/opt/ros/foxy/include/tf2_ros/transform_listener.h:39[m[K,
[6.434s]                  from [01m[K/home/robojackets/training_ws/src/software-training/localization/src/particle_filter_localizer.hpp:24[m[K,
[6.434s]                  from [01m[K/home/robojackets/training_ws/src/software-training/localization/src/particle_filter_localizer.cpp:21[m[K:
[6.434s] [01m[K/opt/ros/foxy/include/rclcpp/node.hpp:1198:3:[m[K [01;36m[Knote: [m[Kdeclared here
[6.434s]  1198 |   [01;36m[KRCLCPP_DISABLE_COPY[m[K(Node)
[6.434s]       |   [01;36m[K^~~~~~~~~~~~~~~~~~~[m[K
[6.434s] In file included from [01m[K/home/robojackets/training_ws/src/software-training/localization/src/particle_filter_localizer.cpp:30[m[K:
[6.434s] [01m[K/home/robojackets/training_ws/src/software-training/localization/src/odometry_sensor_model.hpp:15:46:[m[K [01;36m[Knote: [m[K  initializing argument 1 of ‘[01m[Klocalization::OdometrySensorModel::OdometrySensorModel(rclcpp::Node)[m[K’
[6.434s]    15 |             OdometrySensorModel([01;36m[Krclcpp::Node node[m[K);
[6.434s]       |                                 [01;36m[K~~~~~~~~~~~~~^~~~[m[K
[10.580s] make[2]: *** [CMakeFiles/localization_component.dir/build.make:102: CMakeFiles/localization_component.dir/src/particle_filter_localizer.cpp.o] Error 1
[10.581s] make[1]: *** [CMakeFiles/Makefile2:80: CMakeFiles/localization_component.dir/all] Error 2
[10.581s] make: *** [Makefile:141: all] Error 2
[10.587s] Invoked command in '/home/robojackets/training_ws/src/software-training/build/localization' returned '2': CMAKE_PREFIX_PATH=${CMAKE_PREFIX_PATH}:/opt/ros/foxy /usr/bin/cmake --build /home/robojackets/training_ws/src/software-training/build/localization -- -j6 -l6
