[0.125s] Invoking command in '/home/padowan/software-training/build/lqr_control': CMAKE_PREFIX_PATH=${CMAKE_PREFIX_PATH}:/opt/ros/foxy /usr/bin/cmake --build /home/padowan/software-training/build/lqr_control -- -j12 -l12
[0.472s] [100%] Built target lqr_control
[0.569s] Invoked command in '/home/padowan/software-training/build/lqr_control' returned '0': CMAKE_PREFIX_PATH=${CMAKE_PREFIX_PATH}:/opt/ros/foxy /usr/bin/cmake --build /home/padowan/software-training/build/lqr_control -- -j12 -l12
[0.810s] Invoking command in '/home/padowan/software-training/build/lqr_control': CMAKE_PREFIX_PATH=${CMAKE_PREFIX_PATH}:/opt/ros/foxy /usr/bin/cmake --install /home/padowan/software-training/build/lqr_control
[0.865s] -- Install configuration: ""
[0.866s] -- Up-to-date: /home/padowan/software-training/install/lqr_control/lib/liblqr_control.so
[0.867s] -- Up-to-date: /home/padowan/software-training/install/lqr_control/share/lqr_control/plugin_descriptions.xml
[0.867s] -- Up-to-date: /home/padowan/software-training/install/lqr_control/share/ament_index/resource_index/package_run_dependencies/lqr_control
[0.868s] -- Up-to-date: /home/padowan/software-training/install/lqr_control/share/ament_index/resource_index/parent_prefix_path/lqr_control
[0.869s] -- Up-to-date: /home/padowan/software-training/install/lqr_control/share/lqr_control/environment/ament_prefix_path.sh
[0.870s] -- Up-to-date: /home/padowan/software-training/install/lqr_control/share/lqr_control/environment/ament_prefix_path.dsv
[0.870s] -- Up-to-date: /home/padowan/software-training/install/lqr_control/share/lqr_control/environment/path.sh
[0.871s] -- Up-to-date: /home/padowan/software-training/install/lqr_control/share/lqr_control/environment/path.dsv
[0.873s] -- Up-to-date: /home/padowan/software-training/install/lqr_control/share/lqr_control/local_setup.bash
[0.874s] -- Up-to-date: /home/padowan/software-training/install/lqr_control/share/lqr_control/local_setup.sh
[0.875s] -- Up-to-date: /home/padowan/software-training/install/lqr_control/share/lqr_control/local_setup.zsh
[0.875s] -- Up-to-date: /home/padowan/software-training/install/lqr_control/share/lqr_control/local_setup.dsv
[0.876s] -- Installing: /home/padowan/software-training/install/lqr_control/share/lqr_control/package.dsv
[0.877s] -- Up-to-date: /home/padowan/software-training/install/lqr_control/share/ament_index/resource_index/packages/lqr_control
[0.878s] -- Up-to-date: /home/padowan/software-training/install/lqr_control/share/ament_index/resource_index/nav2_core__pluginlib__plugin/lqr_control
[0.878s] -- Up-to-date: /home/padowan/software-training/install/lqr_control/share/lqr_control/cmake/lqr_controlConfig.cmake
[0.880s] -- Up-to-date: /home/padowan/software-training/install/lqr_control/share/lqr_control/cmake/lqr_controlConfig-version.cmake
[0.882s] -- Up-to-date: /home/padowan/software-training/install/lqr_control/share/lqr_control/package.xml
[1.132s] Invoked command in '/home/padowan/software-training/build/lqr_control' returned '0': CMAKE_PREFIX_PATH=${CMAKE_PREFIX_PATH}:/opt/ros/foxy /usr/bin/cmake --install /home/padowan/software-training/build/lqr_control
