[0.120s] Invoking command in '/home/padowan/software-training/build/localization': CMAKE_PREFIX_PATH=${CMAKE_PREFIX_PATH}:/opt/ros/foxy /usr/bin/cmake --build /home/padowan/software-training/build/localization -- -j12 -l12
[0.365s] [ 25%] Built target localization_node
[0.388s] [100%] Built target localization_component
[0.438s] Invoked command in '/home/padowan/software-training/build/localization' returned '0': CMAKE_PREFIX_PATH=${CMAKE_PREFIX_PATH}:/opt/ros/foxy /usr/bin/cmake --build /home/padowan/software-training/build/localization -- -j12 -l12
[0.804s] Invoking command in '/home/padowan/software-training/build/localization': CMAKE_PREFIX_PATH=${CMAKE_PREFIX_PATH}:/opt/ros/foxy /usr/bin/cmake --install /home/padowan/software-training/build/localization
[0.850s] -- Install configuration: ""
[0.852s] -- Up-to-date: /home/padowan/software-training/install/localization/lib/localization/localization_node
[0.853s] -- Up-to-date: /home/padowan/software-training/install/localization/lib/liblocalization_component.so
[0.854s] -- Up-to-date: /home/padowan/software-training/install/localization/share/localization/launch
[0.854s] -- Up-to-date: /home/padowan/software-training/install/localization/share/localization/launch/particle_filter_localizer.launch.py
[0.855s] -- Up-to-date: /home/padowan/software-training/install/localization/share/localization/config
[0.857s] -- Up-to-date: /home/padowan/software-training/install/localization/share/localization/config/localizer_params.yaml
[0.857s] -- Up-to-date: /home/padowan/software-training/install/localization/share/ament_index/resource_index/package_run_dependencies/localization
[0.859s] -- Up-to-date: /home/padowan/software-training/install/localization/share/ament_index/resource_index/parent_prefix_path/localization
[0.860s] -- Up-to-date: /home/padowan/software-training/install/localization/share/localization/environment/ament_prefix_path.sh
[0.860s] -- Up-to-date: /home/padowan/software-training/install/localization/share/localization/environment/ament_prefix_path.dsv
[0.861s] -- Up-to-date: /home/padowan/software-training/install/localization/share/localization/environment/path.sh
[0.863s] -- Up-to-date: /home/padowan/software-training/install/localization/share/localization/environment/path.dsv
[0.868s] -- Up-to-date: /home/padowan/software-training/install/localization/share/localization/local_setup.bash
[0.868s] -- Up-to-date: /home/padowan/software-training/install/localization/share/localization/local_setup.sh
[0.869s] -- Up-to-date: /home/padowan/software-training/install/localization/share/localization/local_setup.zsh
[0.869s] -- Up-to-date: /home/padowan/software-training/install/localization/share/localization/local_setup.dsv
[0.869s] -- Installing: /home/padowan/software-training/install/localization/share/localization/package.dsv
[0.869s] -- Up-to-date: /home/padowan/software-training/install/localization/share/ament_index/resource_index/packages/localization
[0.870s] -- Up-to-date: /home/padowan/software-training/install/localization/share/ament_index/resource_index/rclcpp_components/localization
[0.876s] -- Up-to-date: /home/padowan/software-training/install/localization/share/localization/cmake/localizationConfig.cmake
[0.876s] -- Up-to-date: /home/padowan/software-training/install/localization/share/localization/cmake/localizationConfig-version.cmake
[0.879s] -- Up-to-date: /home/padowan/software-training/install/localization/share/localization/package.xml
[0.969s] Invoked command in '/home/padowan/software-training/build/localization' returned '0': CMAKE_PREFIX_PATH=${CMAKE_PREFIX_PATH}:/opt/ros/foxy /usr/bin/cmake --install /home/padowan/software-training/build/localization
