[0.123s] Invoking command in '/home/robojackets/training_ws/src/software-training/build/localization': CMAKE_PREFIX_PATH=${CMAKE_PREFIX_PATH}:/opt/ros/foxy /usr/bin/cmake --build /home/robojackets/training_ws/src/software-training/build/localization -- -j6 -l6
[0.250s] [ 71%] Built target localization_component
[0.312s] [100%] Built target localization_node
[0.349s] Invoked command in '/home/robojackets/training_ws/src/software-training/build/localization' returned '0': CMAKE_PREFIX_PATH=${CMAKE_PREFIX_PATH}:/opt/ros/foxy /usr/bin/cmake --build /home/robojackets/training_ws/src/software-training/build/localization -- -j6 -l6
[0.520s] Invoking command in '/home/robojackets/training_ws/src/software-training/build/localization': CMAKE_PREFIX_PATH=${CMAKE_PREFIX_PATH}:/opt/ros/foxy /usr/bin/cmake --install /home/robojackets/training_ws/src/software-training/build/localization
[0.539s] -- Install configuration: ""
[0.541s] -- Up-to-date: /home/robojackets/training_ws/src/software-training/install/localization/lib/localization/localization_node
[0.568s] -- Up-to-date: /home/robojackets/training_ws/src/software-training/install/localization/lib/liblocalization_component.so
[0.575s] -- Up-to-date: /home/robojackets/training_ws/src/software-training/install/localization/share/localization/launch
[0.576s] -- Up-to-date: /home/robojackets/training_ws/src/software-training/install/localization/share/localization/launch/particle_filter_localizer.launch.py
[0.577s] -- Up-to-date: /home/robojackets/training_ws/src/software-training/install/localization/share/localization/config
[0.591s] -- Up-to-date: /home/robojackets/training_ws/src/software-training/install/localization/share/localization/config/localizer_params.yaml
[0.593s] -- Up-to-date: /home/robojackets/training_ws/src/software-training/install/localization/share/ament_index/resource_index/package_run_dependencies/localization
[0.593s] -- Up-to-date: /home/robojackets/training_ws/src/software-training/install/localization/share/ament_index/resource_index/parent_prefix_path/localization
[0.594s] -- Up-to-date: /home/robojackets/training_ws/src/software-training/install/localization/share/localization/environment/ament_prefix_path.sh
[0.594s] -- Up-to-date: /home/robojackets/training_ws/src/software-training/install/localization/share/localization/environment/ament_prefix_path.dsv
[0.595s] -- Up-to-date: /home/robojackets/training_ws/src/software-training/install/localization/share/localization/environment/path.sh
[0.600s] -- Up-to-date: /home/robojackets/training_ws/src/software-training/install/localization/share/localization/environment/path.dsv
[0.601s] -- Up-to-date: /home/robojackets/training_ws/src/software-training/install/localization/share/localization/local_setup.bash
[0.604s] -- Up-to-date: /home/robojackets/training_ws/src/software-training/install/localization/share/localization/local_setup.sh
[0.606s] -- Up-to-date: /home/robojackets/training_ws/src/software-training/install/localization/share/localization/local_setup.zsh
[0.606s] -- Up-to-date: /home/robojackets/training_ws/src/software-training/install/localization/share/localization/local_setup.dsv
[0.606s] -- Installing: /home/robojackets/training_ws/src/software-training/install/localization/share/localization/package.dsv
[0.606s] -- Up-to-date: /home/robojackets/training_ws/src/software-training/install/localization/share/ament_index/resource_index/packages/localization
[0.606s] -- Up-to-date: /home/robojackets/training_ws/src/software-training/install/localization/share/ament_index/resource_index/rclcpp_components/localization
[0.606s] -- Up-to-date: /home/robojackets/training_ws/src/software-training/install/localization/share/localization/cmake/localizationConfig.cmake
[0.607s] -- Up-to-date: /home/robojackets/training_ws/src/software-training/install/localization/share/localization/cmake/localizationConfig-version.cmake
[0.607s] -- Up-to-date: /home/robojackets/training_ws/src/software-training/install/localization/share/localization/package.xml
[0.610s] Invoked command in '/home/robojackets/training_ws/src/software-training/build/localization' returned '0': CMAKE_PREFIX_PATH=${CMAKE_PREFIX_PATH}:/opt/ros/foxy /usr/bin/cmake --install /home/robojackets/training_ws/src/software-training/build/localization
