[0.126s] Invoking command in '/home/robojackets/training_ws/src/software-training/build/lqr_control': CMAKE_PREFIX_PATH=${CMAKE_PREFIX_PATH}:/opt/ros/foxy /usr/bin/cmake --build /home/robojackets/training_ws/src/software-training/build/lqr_control -- -j6 -l6
[0.274s] [100%] Built target lqr_control
[0.294s] Invoked command in '/home/robojackets/training_ws/src/software-training/build/lqr_control' returned '0': CMAKE_PREFIX_PATH=${CMAKE_PREFIX_PATH}:/opt/ros/foxy /usr/bin/cmake --build /home/robojackets/training_ws/src/software-training/build/lqr_control -- -j6 -l6
[0.475s] Invoking command in '/home/robojackets/training_ws/src/software-training/build/lqr_control': CMAKE_PREFIX_PATH=${CMAKE_PREFIX_PATH}:/opt/ros/foxy /usr/bin/cmake --install /home/robojackets/training_ws/src/software-training/build/lqr_control
[0.482s] -- Install configuration: ""
[0.482s] -- Up-to-date: /home/robojackets/training_ws/src/software-training/install/lqr_control/lib/liblqr_control.so
[0.484s] -- Up-to-date: /home/robojackets/training_ws/src/software-training/install/lqr_control/share/lqr_control/plugin_descriptions.xml
[0.484s] -- Up-to-date: /home/robojackets/training_ws/src/software-training/install/lqr_control/share/ament_index/resource_index/package_run_dependencies/lqr_control
[0.485s] -- Up-to-date: /home/robojackets/training_ws/src/software-training/install/lqr_control/share/ament_index/resource_index/parent_prefix_path/lqr_control
[0.485s] -- Up-to-date: /home/robojackets/training_ws/src/software-training/install/lqr_control/share/lqr_control/environment/ament_prefix_path.sh
[0.485s] -- Up-to-date: /home/robojackets/training_ws/src/software-training/install/lqr_control/share/lqr_control/environment/ament_prefix_path.dsv
[0.485s] -- Up-to-date: /home/robojackets/training_ws/src/software-training/install/lqr_control/share/lqr_control/environment/path.sh
[0.486s] -- Up-to-date: /home/robojackets/training_ws/src/software-training/install/lqr_control/share/lqr_control/environment/path.dsv
[0.486s] -- Up-to-date: /home/robojackets/training_ws/src/software-training/install/lqr_control/share/lqr_control/local_setup.bash
[0.486s] -- Up-to-date: /home/robojackets/training_ws/src/software-training/install/lqr_control/share/lqr_control/local_setup.sh
[0.486s] -- Up-to-date: /home/robojackets/training_ws/src/software-training/install/lqr_control/share/lqr_control/local_setup.zsh
[0.486s] -- Up-to-date: /home/robojackets/training_ws/src/software-training/install/lqr_control/share/lqr_control/local_setup.dsv
[0.493s] -- Installing: /home/robojackets/training_ws/src/software-training/install/lqr_control/share/lqr_control/package.dsv
[0.499s] -- Up-to-date: /home/robojackets/training_ws/src/software-training/install/lqr_control/share/ament_index/resource_index/packages/lqr_control
[0.507s] -- Up-to-date: /home/robojackets/training_ws/src/software-training/install/lqr_control/share/ament_index/resource_index/nav2_core__pluginlib__plugin/lqr_control
[0.507s] -- Up-to-date: /home/robojackets/training_ws/src/software-training/install/lqr_control/share/lqr_control/cmake/lqr_controlConfig.cmake
[0.508s] -- Up-to-date: /home/robojackets/training_ws/src/software-training/install/lqr_control/share/lqr_control/cmake/lqr_controlConfig-version.cmake
[0.508s] -- Up-to-date: /home/robojackets/training_ws/src/software-training/install/lqr_control/share/lqr_control/package.xml
[0.620s] Invoked command in '/home/robojackets/training_ws/src/software-training/build/lqr_control' returned '0': CMAKE_PREFIX_PATH=${CMAKE_PREFIX_PATH}:/opt/ros/foxy /usr/bin/cmake --install /home/robojackets/training_ws/src/software-training/build/lqr_control
