[0.121s] Invoking command in '/home/padowan/software-training/build/astar_path_planner': CMAKE_PREFIX_PATH=${CMAKE_PREFIX_PATH}:/opt/ros/foxy /usr/bin/cmake --build /home/padowan/software-training/build/astar_path_planner -- -j12 -l12
[0.364s] [100%] Built target astar_path_planner
[0.453s] Invoked command in '/home/padowan/software-training/build/astar_path_planner' returned '0': CMAKE_PREFIX_PATH=${CMAKE_PREFIX_PATH}:/opt/ros/foxy /usr/bin/cmake --build /home/padowan/software-training/build/astar_path_planner -- -j12 -l12
[0.629s] Invoking command in '/home/padowan/software-training/build/astar_path_planner': CMAKE_PREFIX_PATH=${CMAKE_PREFIX_PATH}:/opt/ros/foxy /usr/bin/cmake --install /home/padowan/software-training/build/astar_path_planner
[0.753s] -- Install configuration: ""
[0.754s] -- Up-to-date: /home/padowan/software-training/install/astar_path_planner/lib/libastar_path_planner.so
[0.755s] -- Up-to-date: /home/padowan/software-training/install/astar_path_planner/share/astar_path_planner/astar_path_planner_libraries.xml
[0.756s] -- Up-to-date: /home/padowan/software-training/install/astar_path_planner/share/ament_index/resource_index/package_run_dependencies/astar_path_planner
[0.757s] -- Up-to-date: /home/padowan/software-training/install/astar_path_planner/share/ament_index/resource_index/parent_prefix_path/astar_path_planner
[0.757s] -- Up-to-date: /home/padowan/software-training/install/astar_path_planner/share/astar_path_planner/environment/ament_prefix_path.sh
[0.758s] -- Up-to-date: /home/padowan/software-training/install/astar_path_planner/share/astar_path_planner/environment/ament_prefix_path.dsv
[0.758s] -- Up-to-date: /home/padowan/software-training/install/astar_path_planner/share/astar_path_planner/environment/path.sh
[0.759s] -- Up-to-date: /home/padowan/software-training/install/astar_path_planner/share/astar_path_planner/environment/path.dsv
[0.759s] -- Up-to-date: /home/padowan/software-training/install/astar_path_planner/share/astar_path_planner/local_setup.bash
[0.760s] -- Up-to-date: /home/padowan/software-training/install/astar_path_planner/share/astar_path_planner/local_setup.sh
[0.760s] -- Up-to-date: /home/padowan/software-training/install/astar_path_planner/share/astar_path_planner/local_setup.zsh
[0.761s] -- Up-to-date: /home/padowan/software-training/install/astar_path_planner/share/astar_path_planner/local_setup.dsv
[0.761s] -- Installing: /home/padowan/software-training/install/astar_path_planner/share/astar_path_planner/package.dsv
[0.763s] -- Up-to-date: /home/padowan/software-training/install/astar_path_planner/share/ament_index/resource_index/packages/astar_path_planner
[0.764s] -- Up-to-date: /home/padowan/software-training/install/astar_path_planner/share/ament_index/resource_index/nav2_core__pluginlib__plugin/astar_path_planner
[0.765s] -- Up-to-date: /home/padowan/software-training/install/astar_path_planner/share/astar_path_planner/cmake/ament_cmake_export_include_directories-extras.cmake
[0.766s] -- Up-to-date: /home/padowan/software-training/install/astar_path_planner/share/astar_path_planner/cmake/ament_cmake_export_dependencies-extras.cmake
[0.767s] -- Up-to-date: /home/padowan/software-training/install/astar_path_planner/share/astar_path_planner/cmake/astar_path_plannerConfig.cmake
[0.768s] -- Up-to-date: /home/padowan/software-training/install/astar_path_planner/share/astar_path_planner/cmake/astar_path_plannerConfig-version.cmake
[0.768s] -- Up-to-date: /home/padowan/software-training/install/astar_path_planner/share/astar_path_planner/package.xml
[0.800s] Invoked command in '/home/padowan/software-training/build/astar_path_planner' returned '0': CMAKE_PREFIX_PATH=${CMAKE_PREFIX_PATH}:/opt/ros/foxy /usr/bin/cmake --install /home/padowan/software-training/build/astar_path_planner
