[0.173s] Invoking command in '/home/robojackets/training_ws/src/software-training/build/coordinate_transform': CMAKE_PREFIX_PATH=${CMAKE_PREFIX_PATH}:/opt/ros/foxy /usr/bin/cmake --build /home/robojackets/training_ws/src/software-training/build/coordinate_transform -- -j6 -l6
[0.727s] [ 50%] Built target coordinate_transform_node
[0.845s] [100%] Built target coordinate_transform_components
[0.911s] Invoked command in '/home/robojackets/training_ws/src/software-training/build/coordinate_transform' returned '0': CMAKE_PREFIX_PATH=${CMAKE_PREFIX_PATH}:/opt/ros/foxy /usr/bin/cmake --build /home/robojackets/training_ws/src/software-training/build/coordinate_transform -- -j6 -l6
[1.227s] Invoking command in '/home/robojackets/training_ws/src/software-training/build/coordinate_transform': CMAKE_PREFIX_PATH=${CMAKE_PREFIX_PATH}:/opt/ros/foxy /usr/bin/cmake --install /home/robojackets/training_ws/src/software-training/build/coordinate_transform
[1.492s] -- Install configuration: ""
[1.495s] -- Up-to-date: /home/robojackets/training_ws/src/software-training/install/coordinate_transform/lib/coordinate_transform/coordinate_transform_node
[1.496s] -- Up-to-date: /home/robojackets/training_ws/src/software-training/install/coordinate_transform/lib/libcoordinate_transform_components.so
[1.496s] -- Up-to-date: /home/robojackets/training_ws/src/software-training/install/coordinate_transform/share/ament_index/resource_index/package_run_dependencies/coordinate_transform
[1.496s] -- Up-to-date: /home/robojackets/training_ws/src/software-training/install/coordinate_transform/share/ament_index/resource_index/parent_prefix_path/coordinate_transform
[1.496s] -- Up-to-date: /home/robojackets/training_ws/src/software-training/install/coordinate_transform/share/coordinate_transform/environment/ament_prefix_path.sh
[1.496s] -- Up-to-date: /home/robojackets/training_ws/src/software-training/install/coordinate_transform/share/coordinate_transform/environment/ament_prefix_path.dsv
[1.496s] -- Up-to-date: /home/robojackets/training_ws/src/software-training/install/coordinate_transform/share/coordinate_transform/environment/path.sh
[1.496s] -- Up-to-date: /home/robojackets/training_ws/src/software-training/install/coordinate_transform/share/coordinate_transform/environment/path.dsv
[1.496s] -- Up-to-date: /home/robojackets/training_ws/src/software-training/install/coordinate_transform/share/coordinate_transform/local_setup.bash
[1.496s] -- Up-to-date: /home/robojackets/training_ws/src/software-training/install/coordinate_transform/share/coordinate_transform/local_setup.sh
[1.498s] -- Up-to-date: /home/robojackets/training_ws/src/software-training/install/coordinate_transform/share/coordinate_transform/local_setup.zsh
[1.499s] -- Up-to-date: /home/robojackets/training_ws/src/software-training/install/coordinate_transform/share/coordinate_transform/local_setup.dsv
[1.499s] -- Installing: /home/robojackets/training_ws/src/software-training/install/coordinate_transform/share/coordinate_transform/package.dsv
[1.500s] -- Up-to-date: /home/robojackets/training_ws/src/software-training/install/coordinate_transform/share/ament_index/resource_index/packages/coordinate_transform
[1.511s] -- Up-to-date: /home/robojackets/training_ws/src/software-training/install/coordinate_transform/share/ament_index/resource_index/rclcpp_components/coordinate_transform
[1.511s] -- Up-to-date: /home/robojackets/training_ws/src/software-training/install/coordinate_transform/share/coordinate_transform/cmake/coordinate_transformConfig.cmake
[1.511s] -- Up-to-date: /home/robojackets/training_ws/src/software-training/install/coordinate_transform/share/coordinate_transform/cmake/coordinate_transformConfig-version.cmake
[1.512s] -- Up-to-date: /home/robojackets/training_ws/src/software-training/install/coordinate_transform/share/coordinate_transform/package.xml
[1.621s] Invoked command in '/home/robojackets/training_ws/src/software-training/build/coordinate_transform' returned '0': CMAKE_PREFIX_PATH=${CMAKE_PREFIX_PATH}:/opt/ros/foxy /usr/bin/cmake --install /home/robojackets/training_ws/src/software-training/build/coordinate_transform
