[0.165s] Invoking command in '/home/robojackets/training_ws/src/software-training/build/localization': CMAKE_PREFIX_PATH=${CMAKE_PREFIX_PATH}:/opt/ros/foxy /usr/bin/cmake --build /home/robojackets/training_ws/src/software-training/build/localization -- -j6 -l6
[0.671s] [35m[1mScanning dependencies of target localization_component[0m
[0.703s] [ 25%] Built target localization_node
[0.934s] [ 37%] [32mBuilding CXX object CMakeFiles/localization_component.dir/src/particle_filter_localizer.cpp.o[0m
[0.940s] [ 50%] [32mBuilding CXX object CMakeFiles/localization_component.dir/src/odometry_sensor_model.cpp.o[0m
[10.296s] [01m[K/home/robojackets/training_ws/src/software-training/localization/src/odometry_sensor_model.cpp:28:1:[m[K [01;31m[Kerror: [m[Kno declaration matches ‘[01m[Klocalization::OdometrySensorModel::OdometrySensorModel(rclcpp::Node&)[m[K’
[10.296s]    28 | [01;31m[K    }[m[K
[10.296s]       | [01;31m[K^[m[K   [01;31m[K~[m[K              
[10.297s] In file included from [01m[K/home/robojackets/training_ws/src/software-training/localization/src/odometry_sensor_model.cpp:21[m[K:
[10.301s] [01m[K/home/robojackets/training_ws/src/software-training/localization/src/odometry_sensor_model.hpp:10:11:[m[K [01;36m[Knote: [m[Kcandidates are: ‘[01m[Klocalization::OdometrySensorModel::OdometrySensorModel(localization::OdometrySensorModel&&)[m[K’
[10.301s]    10 |     class [01;36m[KOdometrySensorModel[m[K: public SensorModel{
[10.301s]       |           [01;36m[K^~~~~~~~~~~~~~~~~~~[m[K
[10.301s] [01m[K/home/robojackets/training_ws/src/software-training/localization/src/odometry_sensor_model.hpp:10:11:[m[K [01;36m[Knote: [m[K                ‘[01m[Klocalization::OdometrySensorModel::OdometrySensorModel(const localization::OdometrySensorModel&)[m[K’
[10.301s] [01m[K/home/robojackets/training_ws/src/software-training/localization/src/odometry_sensor_model.hpp:15:13:[m[K [01;36m[Knote: [m[K                ‘[01m[Klocalization::OdometrySensorModel::OdometrySensorModel(rclcpp::Node)[m[K’
[10.301s]    15 |             [01;36m[KOdometrySensorModel[m[K(rclcpp::Node node);
[10.301s]       |             [01;36m[K^~~~~~~~~~~~~~~~~~~[m[K
[10.301s] [01m[K/home/robojackets/training_ws/src/software-training/localization/src/odometry_sensor_model.hpp:10:11:[m[K [01;36m[Knote: [m[K‘[01m[Kclass localization::OdometrySensorModel[m[K’ defined here
[10.301s]    10 |     class [01;36m[KOdometrySensorModel[m[K: public SensorModel{
[10.301s]       |           [01;36m[K^~~~~~~~~~~~~~~~~~~[m[K
[13.578s] make[2]: *** [CMakeFiles/localization_component.dir/build.make:115: CMakeFiles/localization_component.dir/src/odometry_sensor_model.cpp.o] Error 1
[13.578s] make[2]: *** Waiting for unfinished jobs....
[13.965s] In file included from [01m[K/usr/include/c++/9/memory:80[m[K,
[13.965s]                  from [01m[K/opt/ros/foxy/include/tf2_ros/transform_listener.h:35[m[K,
[13.965s]                  from [01m[K/home/robojackets/training_ws/src/software-training/localization/src/particle_filter_localizer.hpp:24[m[K,
[13.965s]                  from [01m[K/home/robojackets/training_ws/src/software-training/localization/src/particle_filter_localizer.cpp:21[m[K:
[13.965s] /usr/include/c++/9/bits/unique_ptr.h: In instantiation of ‘[01m[Ktypename std::_MakeUniq<_Tp>::__single_object std::make_unique(_Args&& ...) [with _Tp = localization::OdometrySensorModel; _Args = {localization::ParticleFilterLocalizer&}; typename std::_MakeUniq<_Tp>::__single_object = std::unique_ptr<localization::OdometrySensorModel, std::default_delete<localization::OdometrySensorModel> >][m[K’:
[13.965s] [01m[K/home/robojackets/training_ws/src/software-training/localization/src/particle_filter_localizer.cpp:71:71:[m[K   required from here
[13.965s] [01m[K/usr/include/c++/9/bits/unique_ptr.h:857:30:[m[K [01;31m[Kerror: [m[Kuse of deleted function ‘[01m[Krclcpp::Node::Node(const rclcpp::Node&)[m[K’
[13.965s]   857 |     { return unique_ptr<_Tp>([01;31m[Knew _Tp(std::forward<_Args>(__args)...)[m[K); }
[13.965s]       |                              [01;31m[K^~~~~~~~~~~~~~~~~~~~~~~~~~~~~~~~~~~~~~~[m[K
[13.965s] In file included from [01m[K/opt/ros/foxy/include/rclcpp/context.hpp:33[m[K,
[13.965s]                  from [01m[K/opt/ros/foxy/include/rclcpp/contexts/default_context.hpp:18[m[K,
[13.965s]                  from [01m[K/opt/ros/foxy/include/rclcpp/executor.hpp:32[m[K,
[13.966s]                  from [01m[K/opt/ros/foxy/include/rclcpp/executors/multi_threaded_executor.hpp:26[m[K,
[13.966s]                  from [01m[K/opt/ros/foxy/include/rclcpp/executors.hpp:21[m[K,
[13.966s]                  from [01m[K/opt/ros/foxy/include/rclcpp/rclcpp.hpp:146[m[K,
[13.966s]                  from [01m[K/opt/ros/foxy/include/tf2_ros/transform_listener.h:39[m[K,
[13.966s]                  from [01m[K/home/robojackets/training_ws/src/software-training/localization/src/particle_filter_localizer.hpp:24[m[K,
[13.966s]                  from [01m[K/home/robojackets/training_ws/src/software-training/localization/src/particle_filter_localizer.cpp:21[m[K:
[13.966s] [01m[K/opt/ros/foxy/include/rclcpp/node.hpp:1198:3:[m[K [01;36m[Knote: [m[Kdeclared here
[13.966s]  1198 |   [01;36m[KRCLCPP_DISABLE_COPY[m[K(Node)
[13.967s]       |   [01;36m[K^~~~~~~~~~~~~~~~~~~[m[K
[13.967s] In file included from [01m[K/home/robojackets/training_ws/src/software-training/localization/src/particle_filter_localizer.cpp:30[m[K:
[13.967s] [01m[K/home/robojackets/training_ws/src/software-training/localization/src/odometry_sensor_model.hpp:15:46:[m[K [01;36m[Knote: [m[K  initializing argument 1 of ‘[01m[Klocalization::OdometrySensorModel::OdometrySensorModel(rclcpp::Node)[m[K’
[13.967s]    15 |             OdometrySensorModel([01;36m[Krclcpp::Node node[m[K);
[13.967s]       |                                 [01;36m[K~~~~~~~~~~~~~^~~~[m[K
[16.358s] make[2]: *** [CMakeFiles/localization_component.dir/build.make:102: CMakeFiles/localization_component.dir/src/particle_filter_localizer.cpp.o] Error 1
[16.358s] make[1]: *** [CMakeFiles/Makefile2:80: CMakeFiles/localization_component.dir/all] Error 2
[16.358s] make: *** [Makefile:141: all] Error 2
[16.362s] Invoked command in '/home/robojackets/training_ws/src/software-training/build/localization' returned '2': CMAKE_PREFIX_PATH=${CMAKE_PREFIX_PATH}:/opt/ros/foxy /usr/bin/cmake --build /home/robojackets/training_ws/src/software-training/build/localization -- -j6 -l6
