[0.214s] Invoking command in '/home/padowan/software-training/build/rj_training_bringup': CMAKE_PREFIX_PATH=${CMAKE_PREFIX_PATH}:/opt/ros/foxy /usr/bin/cmake --build /home/padowan/software-training/build/rj_training_bringup -- -j12 -l12
[0.420s] Invoked command in '/home/padowan/software-training/build/rj_training_bringup' returned '0': CMAKE_PREFIX_PATH=${CMAKE_PREFIX_PATH}:/opt/ros/foxy /usr/bin/cmake --build /home/padowan/software-training/build/rj_training_bringup -- -j12 -l12
[0.568s] Invoking command in '/home/padowan/software-training/build/rj_training_bringup': CMAKE_PREFIX_PATH=${CMAKE_PREFIX_PATH}:/opt/ros/foxy /usr/bin/cmake --install /home/padowan/software-training/build/rj_training_bringup
[0.698s] -- Install configuration: ""
[0.699s] -- Up-to-date: /home/padowan/software-training/install/rj_training_bringup/share/rj_training_bringup/behavior_trees
[0.700s] -- Up-to-date: /home/padowan/software-training/install/rj_training_bringup/share/rj_training_bringup/behavior_trees/navigate.xml
[0.701s] -- Up-to-date: /home/padowan/software-training/install/rj_training_bringup/share/rj_training_bringup/behavior_trees/navigate_w_replanning.xml
[0.702s] -- Up-to-date: /home/padowan/software-training/install/rj_training_bringup/share/rj_training_bringup/config
[0.704s] -- Up-to-date: /home/padowan/software-training/install/rj_training_bringup/share/rj_training_bringup/config/nav_params_week_8.yaml
[0.704s] -- Up-to-date: /home/padowan/software-training/install/rj_training_bringup/share/rj_training_bringup/config/nav_params_final_challenge.yaml
[0.705s] -- Up-to-date: /home/padowan/software-training/install/rj_training_bringup/share/rj_training_bringup/config/aruco_tag_visualization_params.yaml
[0.706s] -- Up-to-date: /home/padowan/software-training/install/rj_training_bringup/share/rj_training_bringup/config/nav_params.yaml
[0.707s] -- Up-to-date: /home/padowan/software-training/install/rj_training_bringup/share/rj_training_bringup/config/nav_params_week_7.yaml
[0.710s] -- Up-to-date: /home/padowan/software-training/install/rj_training_bringup/share/rj_training_bringup/launch
[0.711s] -- Up-to-date: /home/padowan/software-training/install/rj_training_bringup/share/rj_training_bringup/launch/navigation.launch.py
[0.711s] -- Up-to-date: /home/padowan/software-training/install/rj_training_bringup/share/rj_training_bringup/launch/projects
[0.711s] -- Up-to-date: /home/padowan/software-training/install/rj_training_bringup/share/rj_training_bringup/launch/projects/week_5.launch.xml
[0.712s] -- Up-to-date: /home/padowan/software-training/install/rj_training_bringup/share/rj_training_bringup/launch/projects/week_8.launch.xml
[0.716s] -- Up-to-date: /home/padowan/software-training/install/rj_training_bringup/share/rj_training_bringup/launch/projects/week_3.launch.xml
[0.717s] -- Up-to-date: /home/padowan/software-training/install/rj_training_bringup/share/rj_training_bringup/launch/projects/week_6.launch.xml
[0.718s] -- Up-to-date: /home/padowan/software-training/install/rj_training_bringup/share/rj_training_bringup/launch/projects/week_1.launch.xml
[0.719s] -- Up-to-date: /home/padowan/software-training/install/rj_training_bringup/share/rj_training_bringup/launch/projects/week_7.launch.xml
[0.720s] -- Up-to-date: /home/padowan/software-training/install/rj_training_bringup/share/rj_training_bringup/launch/projects/week_4.launch.xml
[0.720s] -- Up-to-date: /home/padowan/software-training/install/rj_training_bringup/share/rj_training_bringup/launch/projects/week_2.launch.xml
[0.721s] -- Up-to-date: /home/padowan/software-training/install/rj_training_bringup/share/rj_training_bringup/launch/mineral_deposit_tracker.launch.py
[0.721s] -- Up-to-date: /home/padowan/software-training/install/rj_training_bringup/share/rj_training_bringup/launch/fake_localizer.launch.py
[0.722s] -- Up-to-date: /home/padowan/software-training/install/rj_training_bringup/share/rj_training_bringup/launch/full_game_stack.launch.xml
[0.723s] -- Up-to-date: /home/padowan/software-training/install/rj_training_bringup/share/rj_training_bringup/mineral_sample_sets
[0.723s] -- Up-to-date: /home/padowan/software-training/install/rj_training_bringup/share/rj_training_bringup/mineral_sample_sets/default.yaml
[0.723s] -- Up-to-date: /home/padowan/software-training/install/rj_training_bringup/share/rj_training_bringup/rviz_config
[0.724s] -- Up-to-date: /home/padowan/software-training/install/rj_training_bringup/share/rj_training_bringup/rviz_config/color_detection.rviz
[0.725s] -- Up-to-date: /home/padowan/software-training/install/rj_training_bringup/share/rj_training_bringup/rviz_config/week_7.rviz
[0.727s] -- Up-to-date: /home/padowan/software-training/install/rj_training_bringup/share/rj_training_bringup/rviz_config/final_challenge.rviz
[0.727s] -- Up-to-date: /home/padowan/software-training/install/rj_training_bringup/share/rj_training_bringup/rviz_config/week_3.rviz
[0.730s] -- Up-to-date: /home/padowan/software-training/install/rj_training_bringup/share/rj_training_bringup/rviz_config/week_8.rviz
[0.731s] -- Up-to-date: /home/padowan/software-training/install/rj_training_bringup/share/rj_training_bringup/rviz_config/week_1.rviz
[0.732s] -- Up-to-date: /home/padowan/software-training/install/rj_training_bringup/share/rj_training_bringup/rviz_config/week_6.rviz
[0.733s] -- Up-to-date: /home/padowan/software-training/install/rj_training_bringup/share/rj_training_bringup/rviz_config/week_4.rviz
[0.733s] -- Up-to-date: /home/padowan/software-training/install/rj_training_bringup/share/rj_training_bringup/rviz_config/week_5.rviz
[0.735s] -- Up-to-date: /home/padowan/software-training/install/rj_training_bringup/share/ament_index/resource_index/package_run_dependencies/rj_training_bringup
[0.737s] -- Up-to-date: /home/padowan/software-training/install/rj_training_bringup/share/ament_index/resource_index/parent_prefix_path/rj_training_bringup
[0.738s] -- Up-to-date: /home/padowan/software-training/install/rj_training_bringup/share/rj_training_bringup/environment/ament_prefix_path.sh
[0.739s] -- Up-to-date: /home/padowan/software-training/install/rj_training_bringup/share/rj_training_bringup/environment/ament_prefix_path.dsv
[0.740s] -- Up-to-date: /home/padowan/software-training/install/rj_training_bringup/share/rj_training_bringup/environment/path.sh
[0.741s] -- Up-to-date: /home/padowan/software-training/install/rj_training_bringup/share/rj_training_bringup/environment/path.dsv
[0.741s] -- Up-to-date: /home/padowan/software-training/install/rj_training_bringup/share/rj_training_bringup/local_setup.bash
[0.743s] -- Up-to-date: /home/padowan/software-training/install/rj_training_bringup/share/rj_training_bringup/local_setup.sh
[0.744s] -- Up-to-date: /home/padowan/software-training/install/rj_training_bringup/share/rj_training_bringup/local_setup.zsh
[0.745s] -- Up-to-date: /home/padowan/software-training/install/rj_training_bringup/share/rj_training_bringup/local_setup.dsv
[0.747s] -- Installing: /home/padowan/software-training/install/rj_training_bringup/share/rj_training_bringup/package.dsv
[0.748s] -- Up-to-date: /home/padowan/software-training/install/rj_training_bringup/share/ament_index/resource_index/packages/rj_training_bringup
[0.749s] -- Up-to-date: /home/padowan/software-training/install/rj_training_bringup/share/rj_training_bringup/cmake/rj_training_bringupConfig.cmake
[0.749s] -- Up-to-date: /home/padowan/software-training/install/rj_training_bringup/share/rj_training_bringup/cmake/rj_training_bringupConfig-version.cmake
[0.751s] -- Up-to-date: /home/padowan/software-training/install/rj_training_bringup/share/rj_training_bringup/package.xml
[0.847s] Invoked command in '/home/padowan/software-training/build/rj_training_bringup' returned '0': CMAKE_PREFIX_PATH=${CMAKE_PREFIX_PATH}:/opt/ros/foxy /usr/bin/cmake --install /home/padowan/software-training/build/rj_training_bringup
