[0.123s] Invoking command in '/home/padowan/software-training/build/mapping': CMAKE_PREFIX_PATH=${CMAKE_PREFIX_PATH}:/opt/ros/foxy /usr/bin/cmake --build /home/padowan/software-training/build/mapping -- -j12 -l12
[0.377s] [ 50%] Built target mapping_node
[0.400s] [100%] Built target mapping
[0.476s] Invoked command in '/home/padowan/software-training/build/mapping' returned '0': CMAKE_PREFIX_PATH=${CMAKE_PREFIX_PATH}:/opt/ros/foxy /usr/bin/cmake --build /home/padowan/software-training/build/mapping -- -j12 -l12
[0.657s] Invoking command in '/home/padowan/software-training/build/mapping': CMAKE_PREFIX_PATH=${CMAKE_PREFIX_PATH}:/opt/ros/foxy /usr/bin/cmake --install /home/padowan/software-training/build/mapping
[0.720s] -- Install configuration: ""
[0.720s] -- Up-to-date: /home/padowan/software-training/install/mapping/lib/mapping/mapping_node
[0.720s] -- Up-to-date: /home/padowan/software-training/install/mapping/lib/libmapping.so
[0.721s] -- Up-to-date: /home/padowan/software-training/install/mapping/share/mapping/launch
[0.721s] -- Up-to-date: /home/padowan/software-training/install/mapping/share/mapping/launch/mapping.launch.xml
[0.721s] -- Up-to-date: /home/padowan/software-training/install/mapping/share/ament_index/resource_index/package_run_dependencies/mapping
[0.721s] -- Up-to-date: /home/padowan/software-training/install/mapping/share/ament_index/resource_index/parent_prefix_path/mapping
[0.721s] -- Up-to-date: /home/padowan/software-training/install/mapping/share/mapping/environment/ament_prefix_path.sh
[0.721s] -- Up-to-date: /home/padowan/software-training/install/mapping/share/mapping/environment/ament_prefix_path.dsv
[0.722s] -- Up-to-date: /home/padowan/software-training/install/mapping/share/mapping/environment/path.sh
[0.722s] -- Up-to-date: /home/padowan/software-training/install/mapping/share/mapping/environment/path.dsv
[0.722s] -- Up-to-date: /home/padowan/software-training/install/mapping/share/mapping/local_setup.bash
[0.722s] -- Up-to-date: /home/padowan/software-training/install/mapping/share/mapping/local_setup.sh
[0.722s] -- Up-to-date: /home/padowan/software-training/install/mapping/share/mapping/local_setup.zsh
[0.733s] -- Up-to-date: /home/padowan/software-training/install/mapping/share/mapping/local_setup.dsv
[0.733s] -- Installing: /home/padowan/software-training/install/mapping/share/mapping/package.dsv
[0.734s] -- Up-to-date: /home/padowan/software-training/install/mapping/share/ament_index/resource_index/packages/mapping
[0.736s] -- Up-to-date: /home/padowan/software-training/install/mapping/share/ament_index/resource_index/rclcpp_components/mapping
[0.736s] -- Up-to-date: /home/padowan/software-training/install/mapping/share/mapping/cmake/mappingConfig.cmake
[0.738s] -- Up-to-date: /home/padowan/software-training/install/mapping/share/mapping/cmake/mappingConfig-version.cmake
[0.739s] -- Up-to-date: /home/padowan/software-training/install/mapping/share/mapping/package.xml
[0.874s] Invoked command in '/home/padowan/software-training/build/mapping' returned '0': CMAKE_PREFIX_PATH=${CMAKE_PREFIX_PATH}:/opt/ros/foxy /usr/bin/cmake --install /home/padowan/software-training/build/mapping
