[0.112s] Invoking command in '/home/padowan/software-training/build/localization': CMAKE_PREFIX_PATH=${CMAKE_PREFIX_PATH}:/opt/ros/foxy /usr/bin/cmake --build /home/padowan/software-training/build/localization -- -j12 -l12
[0.385s] [ 75%] Built target localization_component
[0.410s] [100%] Built target localization_node
[0.453s] Invoked command in '/home/padowan/software-training/build/localization' returned '0': CMAKE_PREFIX_PATH=${CMAKE_PREFIX_PATH}:/opt/ros/foxy /usr/bin/cmake --build /home/padowan/software-training/build/localization -- -j12 -l12
[0.820s] Invoking command in '/home/padowan/software-training/build/localization': CMAKE_PREFIX_PATH=${CMAKE_PREFIX_PATH}:/opt/ros/foxy /usr/bin/cmake --install /home/padowan/software-training/build/localization
[0.888s] -- Install configuration: ""
[0.890s] -- Up-to-date: /home/padowan/software-training/install/localization/lib/localization/localization_node
[0.891s] -- Up-to-date: /home/padowan/software-training/install/localization/lib/liblocalization_component.so
[0.891s] -- Up-to-date: /home/padowan/software-training/install/localization/share/localization/launch
[0.892s] -- Up-to-date: /home/padowan/software-training/install/localization/share/localization/launch/particle_filter_localizer.launch.py
[0.893s] -- Up-to-date: /home/padowan/software-training/install/localization/share/localization/config
[0.894s] -- Up-to-date: /home/padowan/software-training/install/localization/share/localization/config/localizer_params.yaml
[0.895s] -- Up-to-date: /home/padowan/software-training/install/localization/share/ament_index/resource_index/package_run_dependencies/localization
[0.896s] -- Up-to-date: /home/padowan/software-training/install/localization/share/ament_index/resource_index/parent_prefix_path/localization
[0.897s] -- Up-to-date: /home/padowan/software-training/install/localization/share/localization/environment/ament_prefix_path.sh
[0.897s] -- Up-to-date: /home/padowan/software-training/install/localization/share/localization/environment/ament_prefix_path.dsv
[0.898s] -- Up-to-date: /home/padowan/software-training/install/localization/share/localization/environment/path.sh
[0.899s] -- Up-to-date: /home/padowan/software-training/install/localization/share/localization/environment/path.dsv
[0.899s] -- Up-to-date: /home/padowan/software-training/install/localization/share/localization/local_setup.bash
[0.899s] -- Up-to-date: /home/padowan/software-training/install/localization/share/localization/local_setup.sh
[0.900s] -- Up-to-date: /home/padowan/software-training/install/localization/share/localization/local_setup.zsh
[0.901s] -- Up-to-date: /home/padowan/software-training/install/localization/share/localization/local_setup.dsv
[0.903s] -- Installing: /home/padowan/software-training/install/localization/share/localization/package.dsv
[0.904s] -- Up-to-date: /home/padowan/software-training/install/localization/share/ament_index/resource_index/packages/localization
[0.905s] -- Up-to-date: /home/padowan/software-training/install/localization/share/ament_index/resource_index/rclcpp_components/localization
[0.906s] -- Up-to-date: /home/padowan/software-training/install/localization/share/localization/cmake/localizationConfig.cmake
[0.907s] -- Up-to-date: /home/padowan/software-training/install/localization/share/localization/cmake/localizationConfig-version.cmake
[0.908s] -- Up-to-date: /home/padowan/software-training/install/localization/share/localization/package.xml
[1.037s] Invoked command in '/home/padowan/software-training/build/localization' returned '0': CMAKE_PREFIX_PATH=${CMAKE_PREFIX_PATH}:/opt/ros/foxy /usr/bin/cmake --install /home/padowan/software-training/build/localization
