[0.104s] Invoking command in '/home/padowan/software-training/build/mapping': CMAKE_PREFIX_PATH=${CMAKE_PREFIX_PATH}:/opt/ros/foxy /usr/bin/cmake --build /home/padowan/software-training/build/mapping -- -j12 -l12
[0.305s] [35m[1mScanning dependencies of target mapping[0m
[0.426s] [ 25%] [32mBuilding CXX object CMakeFiles/mapping.dir/src/mapping_node.cpp.o[0m
[0.432s] [ 75%] Built target mapping_node
[2.477s] [01m[K/home/padowan/software-training/mapping/src/mapping_node.cpp:[m[K In member function ‘[01m[Kvoid mapping::MappingNode::ObstaclesCallback(nav_msgs::msg::OccupancyGrid_<std::allocator<void> >::SharedPtr)[m[K’:
[2.478s] [01m[K/home/padowan/software-training/mapping/src/mapping_node.cpp:108:100:[m[K [01;31m[Kerror: [m[Kno matching function for call to ‘[01m[Ktf2_ros::Buffer::canTransform(std::string&, std::string&, std::string&, const TimePoint&)[m[K’
[2.478s]   108 |     if (!tf_buffer_.canTransform(robot_frame_id_,robot_frame_id_, map_frame_id_, tf2::TimePointZero[01;31m[K)[m[K ||
[2.478s]       |                                                                                                    [01;31m[K^[m[K
[2.478s] In file included from [01m[K/opt/ros/foxy/include/tf2_ros/transform_listener.h:41[m[K,
[2.478s]                  from [01m[K/home/padowan/software-training/mapping/src/mapping_node.cpp:29[m[K:
[2.478s] [01m[K/opt/ros/foxy/include/tf2_ros/buffer.h:145:5:[m[K [01;36m[Knote: [m[Kcandidate: ‘[01m[Kvirtual bool tf2_ros::Buffer::canTransform(const string&, const string&, const TimePoint&, tf2::Duration, std::string*) const[m[K’
[2.479s]   145 |     [01;36m[KcanTransform[m[K(const std::string& target_frame, const std::string& source_frame,
[2.479s]       |     [01;36m[K^~~~~~~~~~~~[m[K
[2.479s] [01m[K/opt/ros/foxy/include/tf2_ros/buffer.h:146:40:[m[K [01;36m[Knote: [m[K  no known conversion for argument 3 from ‘[01m[Kstd::string[m[K’ {aka ‘[01m[Kstd::__cxx11::basic_string<char>[m[K’} to ‘[01m[Kconst TimePoint&[m[K’ {aka ‘[01m[Kconst std::chrono::time_point<std::chrono::_V2::system_clock, std::chrono::duration<long int, std::ratio<1, 1000000000> > >&[m[K’}
[2.479s]   146 |                  [01;36m[Kconst tf2::TimePoint& target_time[m[K, const tf2::Duration timeout, std::string* errstr = NULL) const override;
[2.479s]       |                  [01;36m[K~~~~~~~~~~~~~~~~~~~~~~^~~~~~~~~~~[m[K
[2.480s] [01m[K/opt/ros/foxy/include/tf2_ros/buffer.h:154:5:[m[K [01;36m[Knote: [m[Kcandidate: ‘[01m[Kbool tf2_ros::Buffer::canTransform(const string&, const string&, const rclcpp::Time&, rclcpp::Duration, std::string*) const[m[K’
[2.480s]   154 |     [01;36m[KcanTransform[m[K(const std::string & target_frame, const std::string & source_frame,
[2.480s]       |     [01;36m[K^~~~~~~~~~~~[m[K
[2.480s] [01m[K/opt/ros/foxy/include/tf2_ros/buffer.h:155:28:[m[K [01;36m[Knote: [m[K  no known conversion for argument 3 from ‘[01m[Kstd::string[m[K’ {aka ‘[01m[Kstd::__cxx11::basic_string<char>[m[K’} to ‘[01m[Kconst rclcpp::Time&[m[K’
[2.480s]   155 |       [01;36m[Kconst rclcpp::Time & time[m[K, const rclcpp::Duration timeout=rclcpp::Duration(0),
[2.480s]       |       [01;36m[K~~~~~~~~~~~~~~~~~~~~~^~~~[m[K
[2.480s] [01m[K/opt/ros/foxy/include/tf2_ros/buffer.h:173:7:[m[K [01;36m[Knote: [m[Kcandidate: ‘[01m[Kvirtual bool tf2_ros::Buffer::canTransform(const string&, const TimePoint&, const string&, const TimePoint&, const string&, tf2::Duration, std::string*) const[m[K’
[2.480s]   173 |       [01;36m[KcanTransform[m[K(const std::string& target_frame, const tf2::TimePoint& target_time,
[2.481s]       |       [01;36m[K^~~~~~~~~~~~[m[K
[2.481s] [01m[K/opt/ros/foxy/include/tf2_ros/buffer.h:173:7:[m[K [01;36m[Knote: [m[K  candidate expects 7 arguments, 4 provided
[2.481s] [01m[K/opt/ros/foxy/include/tf2_ros/buffer.h:185:5:[m[K [01;36m[Knote: [m[Kcandidate: ‘[01m[Kbool tf2_ros::Buffer::canTransform(const string&, const rclcpp::Time&, const string&, const rclcpp::Time&, const string&, rclcpp::Duration, std::string*) const[m[K’
[2.481s]   185 |     [01;36m[KcanTransform[m[K(const std::string & target_frame, const rclcpp::Time & target_time,
[2.481s]       |     [01;36m[K^~~~~~~~~~~~[m[K
[2.481s] [01m[K/opt/ros/foxy/include/tf2_ros/buffer.h:185:5:[m[K [01;36m[Knote: [m[K  candidate expects 7 arguments, 4 provided
[2.482s] In file included from [01m[K/opt/ros/foxy/include/tf2_ros/buffer.h:43[m[K,
[2.482s]                  from [01m[K/opt/ros/foxy/include/tf2_ros/transform_listener.h:41[m[K,
[2.482s]                  from [01m[K/home/padowan/software-training/mapping/src/mapping_node.cpp:29[m[K:
[2.482s] [01m[K/opt/ros/foxy/include/tf2/buffer_core.h:221:8:[m[K [01;36m[Knote: [m[Kcandidate: ‘[01m[Kvirtual bool tf2::BufferCore::canTransform(const string&, const TimePoint&, const string&, const TimePoint&, const string&, std::string*) const[m[K’
[2.482s]   221 |   bool [01;36m[KcanTransform[m[K(const std::string& target_frame, const TimePoint& target_time,
[2.482s]       |        [01;36m[K^~~~~~~~~~~~[m[K
[2.483s] [01m[K/opt/ros/foxy/include/tf2/buffer_core.h:221:8:[m[K [01;36m[Knote: [m[K  candidate expects 6 arguments, 4 provided
[2.483s] [01m[K/opt/ros/foxy/include/tf2/buffer_core.h:208:8:[m[K [01;36m[Knote: [m[Kcandidate: ‘[01m[Kvirtual bool tf2::BufferCore::canTransform(const string&, const string&, const TimePoint&, std::string*) const[m[K’
[2.483s]   208 |   bool [01;36m[KcanTransform[m[K(const std::string& target_frame, const std::string& source_frame,
[2.483s]       |        [01;36m[K^~~~~~~~~~~~[m[K
[2.483s] [01m[K/opt/ros/foxy/include/tf2/buffer_core.h:209:38:[m[K [01;36m[Knote: [m[K  no known conversion for argument 3 from ‘[01m[Kstd::string[m[K’ {aka ‘[01m[Kstd::__cxx11::basic_string<char>[m[K’} to ‘[01m[Kconst TimePoint&[m[K’ {aka ‘[01m[Kconst std::chrono::time_point<std::chrono::_V2::system_clock, std::chrono::duration<long int, std::ratio<1, 1000000000> > >&[m[K’}
[2.483s]   209 |                     [01;36m[Kconst TimePoint& time[m[K, std::string* error_msg = NULL) const override;
[2.483s]       |                     [01;36m[K~~~~~~~~~~~~~~~~~^~~~[m[K
[2.486s] [01m[K/home/padowan/software-training/mapping/src/mapping_node.cpp:[m[K In member function ‘[01m[Kvoid mapping::MappingNode::UpdateProbability(const Point&, const Point&, const bool&)[m[K’:
[2.486s] [01m[K/home/padowan/software-training/mapping/src/mapping_node.cpp:184:5:[m[K [01;31m[Kerror: [m[Kexpected ‘[01m[K,[m[K’ or ‘[01m[K;[m[K’ before ‘[01m[Kconst[m[K’
[2.487s]   184 |     [01;31m[Kconst[m[K auto data_index = MapDataIndexFromLocation(cell_x, cell_y);
[2.487s]       |     [01;31m[K^~~~~[m[K
[2.489s] [01m[K/home/padowan/software-training/mapping/src/mapping_node.cpp:191:15:[m[K [01;31m[Kerror: [m[K‘[01m[Kdata_index[m[K’ was not declared in this scope
[2.489s]   191 |     map_data_[[01;31m[Kdata_index[m[K] += probability;
[2.490s]       |               [01;31m[K^~~~~~~~~~[m[K
[3.911s] make[2]: *** [CMakeFiles/mapping.dir/build.make:63: CMakeFiles/mapping.dir/src/mapping_node.cpp.o] Error 1
[3.911s] make[1]: *** [CMakeFiles/Makefile2:134: CMakeFiles/mapping.dir/all] Error 2
[3.911s] make: *** [Makefile:141: all] Error 2
[3.915s] Invoked command in '/home/padowan/software-training/build/mapping' returned '2': CMAKE_PREFIX_PATH=${CMAKE_PREFIX_PATH}:/opt/ros/foxy /usr/bin/cmake --build /home/padowan/software-training/build/mapping -- -j12 -l12
