[0.106s] Invoking command in '/home/padowan/software-training/build/localization': CMAKE_PREFIX_PATH=${CMAKE_PREFIX_PATH}:/opt/ros/foxy /usr/bin/cmake --build /home/padowan/software-training/build/localization -- -j12 -l12
[0.443s] [ 25%] Built target localization_node
[0.457s] [100%] Built target localization_component
[0.508s] Invoked command in '/home/padowan/software-training/build/localization' returned '0': CMAKE_PREFIX_PATH=${CMAKE_PREFIX_PATH}:/opt/ros/foxy /usr/bin/cmake --build /home/padowan/software-training/build/localization -- -j12 -l12
[0.706s] Invoking command in '/home/padowan/software-training/build/localization': CMAKE_PREFIX_PATH=${CMAKE_PREFIX_PATH}:/opt/ros/foxy /usr/bin/cmake --install /home/padowan/software-training/build/localization
[0.802s] -- Install configuration: ""
[0.804s] -- Up-to-date: /home/padowan/software-training/install/localization/lib/localization/localization_node
[0.804s] -- Up-to-date: /home/padowan/software-training/install/localization/lib/liblocalization_component.so
[0.805s] -- Up-to-date: /home/padowan/software-training/install/localization/share/localization/launch
[0.806s] -- Up-to-date: /home/padowan/software-training/install/localization/share/localization/launch/particle_filter_localizer.launch.py
[0.807s] -- Up-to-date: /home/padowan/software-training/install/localization/share/localization/config
[0.807s] -- Up-to-date: /home/padowan/software-training/install/localization/share/localization/config/localizer_params.yaml
[0.808s] -- Up-to-date: /home/padowan/software-training/install/localization/share/ament_index/resource_index/package_run_dependencies/localization
[0.808s] -- Up-to-date: /home/padowan/software-training/install/localization/share/ament_index/resource_index/parent_prefix_path/localization
[0.808s] -- Up-to-date: /home/padowan/software-training/install/localization/share/localization/environment/ament_prefix_path.sh
[0.809s] -- Up-to-date: /home/padowan/software-training/install/localization/share/localization/environment/ament_prefix_path.dsv
[0.810s] -- Up-to-date: /home/padowan/software-training/install/localization/share/localization/environment/path.sh
[0.811s] -- Up-to-date: /home/padowan/software-training/install/localization/share/localization/environment/path.dsv
[0.812s] -- Up-to-date: /home/padowan/software-training/install/localization/share/localization/local_setup.bash
[0.813s] -- Up-to-date: /home/padowan/software-training/install/localization/share/localization/local_setup.sh
[0.813s] -- Up-to-date: /home/padowan/software-training/install/localization/share/localization/local_setup.zsh
[0.814s] -- Up-to-date: /home/padowan/software-training/install/localization/share/localization/local_setup.dsv
[0.814s] -- Installing: /home/padowan/software-training/install/localization/share/localization/package.dsv
[0.815s] -- Up-to-date: /home/padowan/software-training/install/localization/share/ament_index/resource_index/packages/localization
[0.816s] -- Up-to-date: /home/padowan/software-training/install/localization/share/ament_index/resource_index/rclcpp_components/localization
[0.816s] -- Up-to-date: /home/padowan/software-training/install/localization/share/localization/cmake/localizationConfig.cmake
[0.817s] -- Up-to-date: /home/padowan/software-training/install/localization/share/localization/cmake/localizationConfig-version.cmake
[0.817s] -- Up-to-date: /home/padowan/software-training/install/localization/share/localization/package.xml
[0.862s] Invoked command in '/home/padowan/software-training/build/localization' returned '0': CMAKE_PREFIX_PATH=${CMAKE_PREFIX_PATH}:/opt/ros/foxy /usr/bin/cmake --install /home/padowan/software-training/build/localization
