-- The C compiler identification is GNU 9.3.0
-- The CXX compiler identification is GNU 9.3.0
-- Check for working C compiler: /usr/bin/cc
-- Check for working C compiler: /usr/bin/cc -- works
-- Detecting C compiler ABI info
-- Detecting C compiler ABI info - done
-- Detecting C compile features
-- Detecting C compile features - done
-- Check for working CXX compiler: /usr/bin/c++
-- Check for working CXX compiler: /usr/bin/c++ -- works
-- Detecting CXX compiler ABI info
-- Detecting CXX compiler ABI info - done
-- Detecting CXX compile features
-- Detecting CXX compile features - done
-- Found ament_cmake: 0.9.9 (/opt/ros/foxy/share/ament_cmake/cmake)
-- Found PythonInterp: /usr/bin/python3 (found suitable version "3.8.10", minimum required is "3") 
-- Using PYTHON_EXECUTABLE: /usr/bin/python3
-- Found rclcpp: 2.4.0 (/opt/ros/foxy/share/rclcpp/cmake)
-- Using all available rosidl_typesupport_c: rosidl_typesupport_fastrtps_c;rosidl_typesupport_introspection_c
-- Found rosidl_adapter: 1.2.1 (/opt/ros/foxy/share/rosidl_adapter/cmake)
-- Found OpenSSL: /usr/lib/x86_64-linux-gnu/libcrypto.so (found version "1.1.1f")  
-- Found FastRTPS: /opt/ros/foxy/include  
-- Using all available rosidl_typesupport_cpp: rosidl_typesupport_fastrtps_cpp;rosidl_typesupport_introspection_cpp
-- Found rmw_implementation_cmake: 1.0.3 (/opt/ros/foxy/share/rmw_implementation_cmake/cmake)
-- Using RMW implementation 'rmw_fastrtps_cpp' as default
-- Looking for pthread.h
-- Looking for pthread.h - found
-- Performing Test CMAKE_HAVE_LIBC_PTHREAD
-- Performing Test CMAKE_HAVE_LIBC_PTHREAD - Failed
-- Looking for pthread_create in pthreads
-- Looking for pthread_create in pthreads - not found
-- Looking for pthread_create in pthread
-- Looking for pthread_create in pthread - found
-- Found Threads: TRUE  
-- Found rclcpp_components: 2.4.0 (/opt/ros/foxy/share/rclcpp_components/cmake)
-- Found stsl_interfaces: 0.0.4 (/opt/ros/foxy/share/stsl_interfaces/cmake)
-- Found eigen3_cmake_module: 0.1.1 (/opt/ros/foxy/share/eigen3_cmake_module/cmake)
-- Found Eigen3: TRUE (found version "3.3.7") 
-- Found tf2_ros: 0.13.12 (/opt/ros/foxy/share/tf2_ros/cmake)
-- Found tf2_eigen: 0.13.12 (/opt/ros/foxy/share/tf2_eigen/cmake)
-- Found ament_lint_auto: 0.9.6 (/opt/ros/foxy/share/ament_lint_auto/cmake)
-- Added test 'copyright' to check source files copyright and LICENSE
-- Added test 'cppcheck' to perform static code analysis on C / C++ code
-- Configured cppcheck include dirs: 
-- Configured cppcheck exclude dirs and/or files: 
-- Added test 'cpplint' to check C / C++ code against the Google style
-- Configured cpplint exclude dirs and/or files: 
-- Added test 'lint_cmake' to check CMake code style
-- Added test 'uncrustify' to check C / C++ code style
-- Configured uncrustify additional arguments: 
-- Added test 'xmllint' to check XML markup files
-- Configuring done
-- Generating done
-- Build files have been written to: /home/padowan/software-training/mineral_deposit_tracking/build/mineral_deposit_tracking
[35m[1mScanning dependencies of target mineral_deposit_tracker[0m
[35m[1mScanning dependencies of target mineral_deposit_tracking[0m
[ 25%] [32mBuilding CXX object CMakeFiles/mineral_deposit_tracker.dir/rclcpp_components/node_main_mineral_deposit_tracker.cpp.o[0m
[ 50%] [32mBuilding CXX object CMakeFiles/mineral_deposit_tracking.dir/src/mineral_deposit_tracker.cpp.o[0m
[ 75%] [32m[1mLinking CXX executable mineral_deposit_tracker[0m
[ 75%] Built target mineral_deposit_tracker
[100%] [32m[1mLinking CXX shared library libmineral_deposit_tracking.so[0m
[100%] Built target mineral_deposit_tracking
-- Install configuration: ""
-- Installing: /home/padowan/software-training/mineral_deposit_tracking/install/mineral_deposit_tracking/lib/mineral_deposit_tracking/mineral_deposit_tracker
-- Set runtime path of "/home/padowan/software-training/mineral_deposit_tracking/install/mineral_deposit_tracking/lib/mineral_deposit_tracking/mineral_deposit_tracker" to ""
-- Installing: /home/padowan/software-training/mineral_deposit_tracking/install/mineral_deposit_tracking/lib/libmineral_deposit_tracking.so
-- Set runtime path of "/home/padowan/software-training/mineral_deposit_tracking/install/mineral_deposit_tracking/lib/libmineral_deposit_tracking.so" to ""
-- Installing: /home/padowan/software-training/mineral_deposit_tracking/install/mineral_deposit_tracking/share/ament_index/resource_index/package_run_dependencies/mineral_deposit_tracking
-- Installing: /home/padowan/software-training/mineral_deposit_tracking/install/mineral_deposit_tracking/share/ament_index/resource_index/parent_prefix_path/mineral_deposit_tracking
-- Installing: /home/padowan/software-training/mineral_deposit_tracking/install/mineral_deposit_tracking/share/mineral_deposit_tracking/environment/ament_prefix_path.sh
-- Installing: /home/padowan/software-training/mineral_deposit_tracking/install/mineral_deposit_tracking/share/mineral_deposit_tracking/environment/ament_prefix_path.dsv
-- Installing: /home/padowan/software-training/mineral_deposit_tracking/install/mineral_deposit_tracking/share/mineral_deposit_tracking/environment/path.sh
-- Installing: /home/padowan/software-training/mineral_deposit_tracking/install/mineral_deposit_tracking/share/mineral_deposit_tracking/environment/path.dsv
-- Installing: /home/padowan/software-training/mineral_deposit_tracking/install/mineral_deposit_tracking/share/mineral_deposit_tracking/local_setup.bash
-- Installing: /home/padowan/software-training/mineral_deposit_tracking/install/mineral_deposit_tracking/share/mineral_deposit_tracking/local_setup.sh
-- Installing: /home/padowan/software-training/mineral_deposit_tracking/install/mineral_deposit_tracking/share/mineral_deposit_tracking/local_setup.zsh
-- Installing: /home/padowan/software-training/mineral_deposit_tracking/install/mineral_deposit_tracking/share/mineral_deposit_tracking/local_setup.dsv
-- Installing: /home/padowan/software-training/mineral_deposit_tracking/install/mineral_deposit_tracking/share/mineral_deposit_tracking/package.dsv
-- Installing: /home/padowan/software-training/mineral_deposit_tracking/install/mineral_deposit_tracking/share/ament_index/resource_index/packages/mineral_deposit_tracking
-- Installing: /home/padowan/software-training/mineral_deposit_tracking/install/mineral_deposit_tracking/share/ament_index/resource_index/rclcpp_components/mineral_deposit_tracking
-- Installing: /home/padowan/software-training/mineral_deposit_tracking/install/mineral_deposit_tracking/share/mineral_deposit_tracking/cmake/mineral_deposit_trackingConfig.cmake
-- Installing: /home/padowan/software-training/mineral_deposit_tracking/install/mineral_deposit_tracking/share/mineral_deposit_tracking/cmake/mineral_deposit_trackingConfig-version.cmake
-- Installing: /home/padowan/software-training/mineral_deposit_tracking/install/mineral_deposit_tracking/share/mineral_deposit_tracking/package.xml
