[0.019s] Invoking command in '/home/padowan/software-training/mineral_deposit_tracking/build/mineral_deposit_tracking': CMAKE_PREFIX_PATH=${CMAKE_PREFIX_PATH}:/opt/ros/foxy /usr/bin/cmake /home/padowan/software-training/mineral_deposit_tracking -DCMAKE_INSTALL_PREFIX=/home/padowan/software-training/mineral_deposit_tracking/install/mineral_deposit_tracking
[0.241s] -- The C compiler identification is GNU 9.3.0
[0.327s] -- The CXX compiler identification is GNU 9.3.0
[0.344s] -- Check for working C compiler: /usr/bin/cc
[0.459s] -- Check for working C compiler: /usr/bin/cc -- works
[0.463s] -- Detecting C compiler ABI info
[0.568s] -- Detecting C compiler ABI info - done
[0.584s] -- Detecting C compile features
[0.585s] -- Detecting C compile features - done
[0.591s] -- Check for working CXX compiler: /usr/bin/c++
[0.697s] -- Check for working CXX compiler: /usr/bin/c++ -- works
[0.698s] -- Detecting CXX compiler ABI info
[0.806s] -- Detecting CXX compiler ABI info - done
[0.823s] -- Detecting CXX compile features
[0.823s] -- Detecting CXX compile features - done
[0.845s] -- Found ament_cmake: 0.9.9 (/opt/ros/foxy/share/ament_cmake/cmake)
[0.900s] -- Found PythonInterp: /usr/bin/python3 (found suitable version "3.8.10", minimum required is "3") 
[0.900s] -- Using PYTHON_EXECUTABLE: /usr/bin/python3
[1.351s] -- Found rclcpp: 2.4.0 (/opt/ros/foxy/share/rclcpp/cmake)
[1.575s] -- Using all available rosidl_typesupport_c: rosidl_typesupport_fastrtps_c;rosidl_typesupport_introspection_c
[1.620s] -- Found rosidl_adapter: 1.2.1 (/opt/ros/foxy/share/rosidl_adapter/cmake)
[1.937s] -- Found OpenSSL: /usr/lib/x86_64-linux-gnu/libcrypto.so (found version "1.1.1f")  
[2.002s] -- Found FastRTPS: /opt/ros/foxy/include  
[2.204s] -- Using all available rosidl_typesupport_cpp: rosidl_typesupport_fastrtps_cpp;rosidl_typesupport_introspection_cpp
[2.356s] -- Found rmw_implementation_cmake: 1.0.3 (/opt/ros/foxy/share/rmw_implementation_cmake/cmake)
[2.361s] -- Using RMW implementation 'rmw_fastrtps_cpp' as default
[2.365s] -- Looking for pthread.h
[2.494s] -- Looking for pthread.h - found
[2.494s] -- Performing Test CMAKE_HAVE_LIBC_PTHREAD
[2.618s] -- Performing Test CMAKE_HAVE_LIBC_PTHREAD - Failed
[2.619s] -- Looking for pthread_create in pthreads
[2.727s] -- Looking for pthread_create in pthreads - not found
[2.728s] -- Looking for pthread_create in pthread
[2.848s] -- Looking for pthread_create in pthread - found
[2.850s] -- Found Threads: TRUE  
[3.214s] -- Found rclcpp_components: 2.4.0 (/opt/ros/foxy/share/rclcpp_components/cmake)
[3.415s] -- Found stsl_interfaces: 0.0.4 (/opt/ros/foxy/share/stsl_interfaces/cmake)
[4.070s] -- Found eigen3_cmake_module: 0.1.1 (/opt/ros/foxy/share/eigen3_cmake_module/cmake)
[4.084s] -- Found Eigen3: TRUE (found version "3.3.7") 
[4.100s] -- Found tf2_ros: 0.13.12 (/opt/ros/foxy/share/tf2_ros/cmake)
[4.637s] -- Found tf2_eigen: 0.13.12 (/opt/ros/foxy/share/tf2_eigen/cmake)
[4.660s] -- Found ament_lint_auto: 0.9.6 (/opt/ros/foxy/share/ament_lint_auto/cmake)
[4.850s] -- Added test 'copyright' to check source files copyright and LICENSE
[4.859s] -- Added test 'cppcheck' to perform static code analysis on C / C++ code
[4.860s] -- Configured cppcheck include dirs: 
[4.860s] -- Configured cppcheck exclude dirs and/or files: 
[4.869s] -- Added test 'cpplint' to check C / C++ code against the Google style
[4.869s] -- Configured cpplint exclude dirs and/or files: 
[4.874s] -- Added test 'lint_cmake' to check CMake code style
[4.884s] -- Added test 'uncrustify' to check C / C++ code style
[4.884s] -- Configured uncrustify additional arguments: 
[4.887s] -- Added test 'xmllint' to check XML markup files
[4.898s] -- Configuring done
[4.942s] -- Generating done
[4.947s] -- Build files have been written to: /home/padowan/software-training/mineral_deposit_tracking/build/mineral_deposit_tracking
[4.958s] Invoked command in '/home/padowan/software-training/mineral_deposit_tracking/build/mineral_deposit_tracking' returned '0': CMAKE_PREFIX_PATH=${CMAKE_PREFIX_PATH}:/opt/ros/foxy /usr/bin/cmake /home/padowan/software-training/mineral_deposit_tracking -DCMAKE_INSTALL_PREFIX=/home/padowan/software-training/mineral_deposit_tracking/install/mineral_deposit_tracking
[4.963s] Invoking command in '/home/padowan/software-training/mineral_deposit_tracking/build/mineral_deposit_tracking': CMAKE_PREFIX_PATH=${CMAKE_PREFIX_PATH}:/opt/ros/foxy /usr/bin/cmake --build /home/padowan/software-training/mineral_deposit_tracking/build/mineral_deposit_tracking -- -j12 -l12
[5.043s] [35m[1mScanning dependencies of target mineral_deposit_tracker[0m
[5.043s] [35m[1mScanning dependencies of target mineral_deposit_tracking[0m
[5.117s] [ 25%] [32mBuilding CXX object CMakeFiles/mineral_deposit_tracker.dir/rclcpp_components/node_main_mineral_deposit_tracker.cpp.o[0m
[5.220s] [ 50%] [32mBuilding CXX object CMakeFiles/mineral_deposit_tracking.dir/src/mineral_deposit_tracker.cpp.o[0m
[8.691s] [ 75%] [32m[1mLinking CXX executable mineral_deposit_tracker[0m
[8.900s] [ 75%] Built target mineral_deposit_tracker
[19.089s] [100%] [32m[1mLinking CXX shared library libmineral_deposit_tracking.so[0m
[19.813s] [100%] Built target mineral_deposit_tracking
[19.834s] Invoked command in '/home/padowan/software-training/mineral_deposit_tracking/build/mineral_deposit_tracking' returned '0': CMAKE_PREFIX_PATH=${CMAKE_PREFIX_PATH}:/opt/ros/foxy /usr/bin/cmake --build /home/padowan/software-training/mineral_deposit_tracking/build/mineral_deposit_tracking -- -j12 -l12
[19.928s] Invoking command in '/home/padowan/software-training/mineral_deposit_tracking/build/mineral_deposit_tracking': CMAKE_PREFIX_PATH=${CMAKE_PREFIX_PATH}:/opt/ros/foxy /usr/bin/cmake --install /home/padowan/software-training/mineral_deposit_tracking/build/mineral_deposit_tracking
[19.948s] -- Install configuration: ""
[19.949s] -- Installing: /home/padowan/software-training/mineral_deposit_tracking/install/mineral_deposit_tracking/lib/mineral_deposit_tracking/mineral_deposit_tracker
[19.950s] -- Set runtime path of "/home/padowan/software-training/mineral_deposit_tracking/install/mineral_deposit_tracking/lib/mineral_deposit_tracking/mineral_deposit_tracker" to ""
[19.951s] -- Installing: /home/padowan/software-training/mineral_deposit_tracking/install/mineral_deposit_tracking/lib/libmineral_deposit_tracking.so
[19.965s] -- Set runtime path of "/home/padowan/software-training/mineral_deposit_tracking/install/mineral_deposit_tracking/lib/libmineral_deposit_tracking.so" to ""
[19.966s] -- Installing: /home/padowan/software-training/mineral_deposit_tracking/install/mineral_deposit_tracking/share/ament_index/resource_index/package_run_dependencies/mineral_deposit_tracking
[19.967s] -- Installing: /home/padowan/software-training/mineral_deposit_tracking/install/mineral_deposit_tracking/share/ament_index/resource_index/parent_prefix_path/mineral_deposit_tracking
[19.970s] -- Installing: /home/padowan/software-training/mineral_deposit_tracking/install/mineral_deposit_tracking/share/mineral_deposit_tracking/environment/ament_prefix_path.sh
[19.970s] -- Installing: /home/padowan/software-training/mineral_deposit_tracking/install/mineral_deposit_tracking/share/mineral_deposit_tracking/environment/ament_prefix_path.dsv
[19.971s] -- Installing: /home/padowan/software-training/mineral_deposit_tracking/install/mineral_deposit_tracking/share/mineral_deposit_tracking/environment/path.sh
[19.972s] -- Installing: /home/padowan/software-training/mineral_deposit_tracking/install/mineral_deposit_tracking/share/mineral_deposit_tracking/environment/path.dsv
[19.972s] -- Installing: /home/padowan/software-training/mineral_deposit_tracking/install/mineral_deposit_tracking/share/mineral_deposit_tracking/local_setup.bash
[19.973s] -- Installing: /home/padowan/software-training/mineral_deposit_tracking/install/mineral_deposit_tracking/share/mineral_deposit_tracking/local_setup.sh
[19.973s] -- Installing: /home/padowan/software-training/mineral_deposit_tracking/install/mineral_deposit_tracking/share/mineral_deposit_tracking/local_setup.zsh
[19.974s] -- Installing: /home/padowan/software-training/mineral_deposit_tracking/install/mineral_deposit_tracking/share/mineral_deposit_tracking/local_setup.dsv
[19.975s] -- Installing: /home/padowan/software-training/mineral_deposit_tracking/install/mineral_deposit_tracking/share/mineral_deposit_tracking/package.dsv
[19.983s] -- Installing: /home/padowan/software-training/mineral_deposit_tracking/install/mineral_deposit_tracking/share/ament_index/resource_index/packages/mineral_deposit_tracking
[19.984s] -- Installing: /home/padowan/software-training/mineral_deposit_tracking/install/mineral_deposit_tracking/share/ament_index/resource_index/rclcpp_components/mineral_deposit_tracking
[19.986s] -- Installing: /home/padowan/software-training/mineral_deposit_tracking/install/mineral_deposit_tracking/share/mineral_deposit_tracking/cmake/mineral_deposit_trackingConfig.cmake
[19.988s] -- Installing: /home/padowan/software-training/mineral_deposit_tracking/install/mineral_deposit_tracking/share/mineral_deposit_tracking/cmake/mineral_deposit_trackingConfig-version.cmake
[19.991s] -- Installing: /home/padowan/software-training/mineral_deposit_tracking/install/mineral_deposit_tracking/share/mineral_deposit_tracking/package.xml
[19.992s] Invoked command in '/home/padowan/software-training/mineral_deposit_tracking/build/mineral_deposit_tracking' returned '0': CMAKE_PREFIX_PATH=${CMAKE_PREFIX_PATH}:/opt/ros/foxy /usr/bin/cmake --install /home/padowan/software-training/mineral_deposit_tracking/build/mineral_deposit_tracking
