[0.112s] Invoking command in '/home/padowan/software-training/build/localization': CMAKE_PREFIX_PATH=${CMAKE_PREFIX_PATH}:/opt/ros/foxy /usr/bin/cmake --build /home/padowan/software-training/build/localization -- -j12 -l12
[0.316s] [ 75%] Built target localization_component
[0.324s] [100%] Built target localization_node
[0.405s] Invoked command in '/home/padowan/software-training/build/localization' returned '0': CMAKE_PREFIX_PATH=${CMAKE_PREFIX_PATH}:/opt/ros/foxy /usr/bin/cmake --build /home/padowan/software-training/build/localization -- -j12 -l12
[0.683s] Invoking command in '/home/padowan/software-training/build/localization': CMAKE_PREFIX_PATH=${CMAKE_PREFIX_PATH}:/opt/ros/foxy /usr/bin/cmake --install /home/padowan/software-training/build/localization
[0.750s] -- Install configuration: ""
[0.753s] -- Up-to-date: /home/padowan/software-training/install/localization/lib/localization/localization_node
[0.754s] -- Up-to-date: /home/padowan/software-training/install/localization/lib/liblocalization_component.so
[0.754s] -- Up-to-date: /home/padowan/software-training/install/localization/share/localization/launch
[0.755s] -- Up-to-date: /home/padowan/software-training/install/localization/share/localization/launch/particle_filter_localizer.launch.py
[0.758s] -- Up-to-date: /home/padowan/software-training/install/localization/share/localization/config
[0.762s] -- Up-to-date: /home/padowan/software-training/install/localization/share/localization/config/localizer_params.yaml
[0.762s] -- Up-to-date: /home/padowan/software-training/install/localization/share/ament_index/resource_index/package_run_dependencies/localization
[0.763s] -- Up-to-date: /home/padowan/software-training/install/localization/share/ament_index/resource_index/parent_prefix_path/localization
[0.764s] -- Up-to-date: /home/padowan/software-training/install/localization/share/localization/environment/ament_prefix_path.sh
[0.764s] -- Up-to-date: /home/padowan/software-training/install/localization/share/localization/environment/ament_prefix_path.dsv
[0.765s] -- Up-to-date: /home/padowan/software-training/install/localization/share/localization/environment/path.sh
[0.765s] -- Up-to-date: /home/padowan/software-training/install/localization/share/localization/environment/path.dsv
[0.766s] -- Up-to-date: /home/padowan/software-training/install/localization/share/localization/local_setup.bash
[0.766s] -- Up-to-date: /home/padowan/software-training/install/localization/share/localization/local_setup.sh
[0.767s] -- Up-to-date: /home/padowan/software-training/install/localization/share/localization/local_setup.zsh
[0.767s] -- Up-to-date: /home/padowan/software-training/install/localization/share/localization/local_setup.dsv
[0.769s] -- Installing: /home/padowan/software-training/install/localization/share/localization/package.dsv
[0.770s] -- Up-to-date: /home/padowan/software-training/install/localization/share/ament_index/resource_index/packages/localization
[0.770s] -- Up-to-date: /home/padowan/software-training/install/localization/share/ament_index/resource_index/rclcpp_components/localization
[0.771s] -- Up-to-date: /home/padowan/software-training/install/localization/share/localization/cmake/localizationConfig.cmake
[0.772s] -- Up-to-date: /home/padowan/software-training/install/localization/share/localization/cmake/localizationConfig-version.cmake
[0.773s] -- Up-to-date: /home/padowan/software-training/install/localization/share/localization/package.xml
[0.856s] Invoked command in '/home/padowan/software-training/build/localization' returned '0': CMAKE_PREFIX_PATH=${CMAKE_PREFIX_PATH}:/opt/ros/foxy /usr/bin/cmake --install /home/padowan/software-training/build/localization
