[0.163s] Invoking command in '/home/robojackets/training_ws/src/software-training/build/obstacle_detector': CMAKE_PREFIX_PATH=${CMAKE_PREFIX_PATH}:/opt/ros/foxy /usr/bin/cmake --build /home/robojackets/training_ws/src/software-training/build/obstacle_detector -- -j6 -l6
[0.271s] [ 40%] Built target obstacle_detector_node
[0.313s] [100%] Built target obstacle_detector
[0.336s] Invoked command in '/home/robojackets/training_ws/src/software-training/build/obstacle_detector' returned '0': CMAKE_PREFIX_PATH=${CMAKE_PREFIX_PATH}:/opt/ros/foxy /usr/bin/cmake --build /home/robojackets/training_ws/src/software-training/build/obstacle_detector -- -j6 -l6
[0.450s] Invoking command in '/home/robojackets/training_ws/src/software-training/build/obstacle_detector': CMAKE_PREFIX_PATH=${CMAKE_PREFIX_PATH}:/opt/ros/foxy /usr/bin/cmake --install /home/robojackets/training_ws/src/software-training/build/obstacle_detector
[0.467s] -- Install configuration: ""
[0.467s] -- Up-to-date: /home/robojackets/training_ws/src/software-training/install/obstacle_detector/lib/obstacle_detector/obstacle_detector_node
[0.469s] -- Up-to-date: /home/robojackets/training_ws/src/software-training/install/obstacle_detector/lib/libobstacle_detector.so
[0.469s] -- Up-to-date: /home/robojackets/training_ws/src/software-training/install/obstacle_detector/share/obstacle_detector/launch
[0.469s] -- Up-to-date: /home/robojackets/training_ws/src/software-training/install/obstacle_detector/share/obstacle_detector/launch/obstacle_detector.launch.py
[0.469s] -- Up-to-date: /home/robojackets/training_ws/src/software-training/install/obstacle_detector/share/obstacle_detector/config
[0.469s] -- Up-to-date: /home/robojackets/training_ws/src/software-training/install/obstacle_detector/share/obstacle_detector/config/obstacle_detector_parameters.yaml
[0.469s] -- Up-to-date: /home/robojackets/training_ws/src/software-training/install/obstacle_detector/share/ament_index/resource_index/package_run_dependencies/obstacle_detector
[0.470s] -- Up-to-date: /home/robojackets/training_ws/src/software-training/install/obstacle_detector/share/ament_index/resource_index/parent_prefix_path/obstacle_detector
[0.473s] -- Up-to-date: /home/robojackets/training_ws/src/software-training/install/obstacle_detector/share/obstacle_detector/environment/ament_prefix_path.sh
[0.474s] -- Up-to-date: /home/robojackets/training_ws/src/software-training/install/obstacle_detector/share/obstacle_detector/environment/ament_prefix_path.dsv
[0.475s] -- Up-to-date: /home/robojackets/training_ws/src/software-training/install/obstacle_detector/share/obstacle_detector/environment/path.sh
[0.476s] -- Up-to-date: /home/robojackets/training_ws/src/software-training/install/obstacle_detector/share/obstacle_detector/environment/path.dsv
[0.477s] -- Up-to-date: /home/robojackets/training_ws/src/software-training/install/obstacle_detector/share/obstacle_detector/local_setup.bash
[0.477s] -- Up-to-date: /home/robojackets/training_ws/src/software-training/install/obstacle_detector/share/obstacle_detector/local_setup.sh
[0.477s] -- Up-to-date: /home/robojackets/training_ws/src/software-training/install/obstacle_detector/share/obstacle_detector/local_setup.zsh
[0.477s] -- Up-to-date: /home/robojackets/training_ws/src/software-training/install/obstacle_detector/share/obstacle_detector/local_setup.dsv
[0.477s] -- Installing: /home/robojackets/training_ws/src/software-training/install/obstacle_detector/share/obstacle_detector/package.dsv
[0.480s] -- Up-to-date: /home/robojackets/training_ws/src/software-training/install/obstacle_detector/share/ament_index/resource_index/packages/obstacle_detector
[0.480s] -- Up-to-date: /home/robojackets/training_ws/src/software-training/install/obstacle_detector/share/ament_index/resource_index/rclcpp_components/obstacle_detector
[0.481s] -- Up-to-date: /home/robojackets/training_ws/src/software-training/install/obstacle_detector/share/obstacle_detector/cmake/obstacle_detectorConfig.cmake
[0.481s] -- Up-to-date: /home/robojackets/training_ws/src/software-training/install/obstacle_detector/share/obstacle_detector/cmake/obstacle_detectorConfig-version.cmake
[0.483s] -- Up-to-date: /home/robojackets/training_ws/src/software-training/install/obstacle_detector/share/obstacle_detector/package.xml
[0.484s] Invoked command in '/home/robojackets/training_ws/src/software-training/build/obstacle_detector' returned '0': CMAKE_PREFIX_PATH=${CMAKE_PREFIX_PATH}:/opt/ros/foxy /usr/bin/cmake --install /home/robojackets/training_ws/src/software-training/build/obstacle_detector
