[0.092s] Invoking command in '/home/padowan/software-training/build/peak_finder': CMAKE_PREFIX_PATH=${CMAKE_PREFIX_PATH}:/opt/ros/foxy /usr/bin/cmake --build /home/padowan/software-training/build/peak_finder -- -j12 -l12
[0.271s] [ 40%] Built target peak_finder_node
[0.306s] [100%] Built target peak_finder_components
[0.412s] Invoked command in '/home/padowan/software-training/build/peak_finder' returned '0': CMAKE_PREFIX_PATH=${CMAKE_PREFIX_PATH}:/opt/ros/foxy /usr/bin/cmake --build /home/padowan/software-training/build/peak_finder -- -j12 -l12
[0.560s] Invoking command in '/home/padowan/software-training/build/peak_finder': CMAKE_PREFIX_PATH=${CMAKE_PREFIX_PATH}:/opt/ros/foxy /usr/bin/cmake --install /home/padowan/software-training/build/peak_finder
[0.621s] -- Install configuration: ""
[0.622s] -- Up-to-date: /home/padowan/software-training/install/peak_finder/lib/peak_finder/peak_finder_node
[0.622s] -- Up-to-date: /home/padowan/software-training/install/peak_finder/lib/libpeak_finder_components.so
[0.623s] -- Up-to-date: /home/padowan/software-training/install/peak_finder/share/ament_index/resource_index/package_run_dependencies/peak_finder
[0.624s] -- Up-to-date: /home/padowan/software-training/install/peak_finder/share/ament_index/resource_index/parent_prefix_path/peak_finder
[0.624s] -- Up-to-date: /home/padowan/software-training/install/peak_finder/share/peak_finder/environment/ament_prefix_path.sh
[0.624s] -- Up-to-date: /home/padowan/software-training/install/peak_finder/share/peak_finder/environment/ament_prefix_path.dsv
[0.626s] -- Up-to-date: /home/padowan/software-training/install/peak_finder/share/peak_finder/environment/path.sh
[0.626s] -- Up-to-date: /home/padowan/software-training/install/peak_finder/share/peak_finder/environment/path.dsv
[0.627s] -- Up-to-date: /home/padowan/software-training/install/peak_finder/share/peak_finder/local_setup.bash
[0.627s] -- Up-to-date: /home/padowan/software-training/install/peak_finder/share/peak_finder/local_setup.sh
[0.627s] -- Up-to-date: /home/padowan/software-training/install/peak_finder/share/peak_finder/local_setup.zsh
[0.628s] -- Up-to-date: /home/padowan/software-training/install/peak_finder/share/peak_finder/local_setup.dsv
[0.628s] -- Installing: /home/padowan/software-training/install/peak_finder/share/peak_finder/package.dsv
[0.629s] -- Up-to-date: /home/padowan/software-training/install/peak_finder/share/ament_index/resource_index/packages/peak_finder
[0.630s] -- Up-to-date: /home/padowan/software-training/install/peak_finder/share/ament_index/resource_index/rclcpp_components/peak_finder
[0.630s] -- Up-to-date: /home/padowan/software-training/install/peak_finder/share/peak_finder/cmake/peak_finderConfig.cmake
[0.630s] -- Up-to-date: /home/padowan/software-training/install/peak_finder/share/peak_finder/cmake/peak_finderConfig-version.cmake
[0.631s] -- Up-to-date: /home/padowan/software-training/install/peak_finder/share/peak_finder/package.xml
[0.666s] Invoked command in '/home/padowan/software-training/build/peak_finder' returned '0': CMAKE_PREFIX_PATH=${CMAKE_PREFIX_PATH}:/opt/ros/foxy /usr/bin/cmake --install /home/padowan/software-training/build/peak_finder
