In file included from [01m[K/home/padowan/software-training/mineral_deposit_tracking/src/mineral_deposit_tracker.cpp:29[m[K:
[01m[K/home/padowan/software-training/mineral_deposit_tracking/src/kalman_filter.hpp:19:41:[m[K [01;31m[Kerror: [m[Kexpected identifier before ‘[01m[K)[m[K’ token
   19 |   const MatrixType & observation_matrix,[01;31m[K)[m[K
      |                                         [01;31m[K^[m[K
[01m[K/home/padowan/software-training/mineral_deposit_tracking/src/kalman_filter.hpp:40:63:[m[K [01;31m[Kerror: [m[K‘[01m[KMatrix[m[K’ does not name a type
   40 |  void MeasurementUpdate(const VectorType & measurement, const [01;31m[KMatrix[m[K & measurement_covariance)
      |                                                               [01;31m[K^~~~~~[m[K
[01m[K/home/padowan/software-training/mineral_deposit_tracking/src/mineral_deposit_tracker.cpp:[m[K In constructor ‘[01m[Kmineral_deposit_tracking::MineralDepositTracker::MineralDepositTracker(const rclcpp::NodeOptions&)[m[K’:
[01m[K/home/padowan/software-training/mineral_deposit_tracking/src/mineral_deposit_tracker.cpp:44:70:[m[K [01;31m[Kerror: [m[Kno matching function for call to ‘[01m[Kmineral_deposit_tracking::KalmanFilter<2>::KalmanFilter(const IdentityReturnType, Eigen::internal::enable_if<true, const Eigen::CwiseBinaryOp<Eigen::internal::scalar_product_op<double, double>, const Eigen::CwiseNullaryOp<Eigen::internal::scalar_identity_op<double>, Eigen::Matrix<double, 2, 2> >, const Eigen::CwiseNullaryOp<Eigen::internal::scalar_constant_op<double>, const Eigen::Matrix<double, 2, 2> > > >::type, const IdentityReturnType)[m[K’
   44 |       Eigen::Matrix2d::Identity() * 1e-4, Eigen::Matrix2d::Identity()[01;31m[K)[m[K
      |                                                                      [01;31m[K^[m[K
In file included from [01m[K/home/padowan/software-training/mineral_deposit_tracking/src/mineral_deposit_tracker.cpp:29[m[K:
[01m[K/home/padowan/software-training/mineral_deposit_tracking/src/kalman_filter.hpp:16:2:[m[K [01;36m[Knote: [m[Kcandidate: ‘[01m[Kmineral_deposit_tracking::KalmanFilter<StateSize>::KalmanFilter(const MatrixType&, const MatrixType&, const MatrixType&, int) [with int StateSize = 2; mineral_deposit_tracking::KalmanFilter<StateSize>::MatrixType = Eigen::Matrix<double, 2, 2>][m[K’
   16 |  [01;36m[KKalmanFilter[m[K(
      |  [01;36m[K^~~~~~~~~~~~[m[K
[01m[K/home/padowan/software-training/mineral_deposit_tracking/src/kalman_filter.hpp:16:2:[m[K [01;36m[Knote: [m[K  candidate expects 4 arguments, 3 provided
[01m[K/home/padowan/software-training/mineral_deposit_tracking/src/kalman_filter.hpp:10:7:[m[K [01;36m[Knote: [m[Kcandidate: ‘[01m[Kmineral_deposit_tracking::KalmanFilter<2>::KalmanFilter(const mineral_deposit_tracking::KalmanFilter<2>&)[m[K’
   10 | class [01;36m[KKalmanFilter[m[K
      |       [01;36m[K^~~~~~~~~~~~[m[K
[01m[K/home/padowan/software-training/mineral_deposit_tracking/src/kalman_filter.hpp:10:7:[m[K [01;36m[Knote: [m[K  candidate expects 1 argument, 3 provided
[01m[K/home/padowan/software-training/mineral_deposit_tracking/src/kalman_filter.hpp:10:7:[m[K [01;36m[Knote: [m[Kcandidate: ‘[01m[Kmineral_deposit_tracking::KalmanFilter<2>::KalmanFilter(mineral_deposit_tracking::KalmanFilter<2>&&)[m[K’
[01m[K/home/padowan/software-training/mineral_deposit_tracking/src/kalman_filter.hpp:10:7:[m[K [01;36m[Knote: [m[K  candidate expects 1 argument, 3 provided
[01m[K/home/padowan/software-training/mineral_deposit_tracking/src/mineral_deposit_tracker.cpp:[m[K In member function ‘[01m[Kvoid mineral_deposit_tracking::MineralDepositTracker::DepositMeasurementCallback(stsl_interfaces::msg::MineralDepositArray_<std::allocator<void> >::SharedPtr)[m[K’:
[01m[K/home/padowan/software-training/mineral_deposit_tracking/src/mineral_deposit_tracker.cpp:103:44:[m[K [01;31m[Kerror: [m[Kcannot convert ‘[01m[Kconst Matrix2d[m[K’ {aka ‘[01m[Kconst Eigen::Matrix<double, 2, 2>[m[K’} to ‘[01m[Kconst int&[m[K’
  103 |     filter_.MeasurementUpdate(measurement, [01;31m[Kcovariance[m[K);
      |                                            [01;31m[K^~~~~~~~~~[m[K
      |                                            [01;31m[K|[m[K
      |                                            [01;31m[Kconst Matrix2d {aka const Eigen::Matrix<double, 2, 2>}[m[K
In file included from [01m[K/home/padowan/software-training/mineral_deposit_tracking/src/mineral_deposit_tracker.cpp:29[m[K:
[01m[K/home/padowan/software-training/mineral_deposit_tracking/src/kalman_filter.hpp:40:72:[m[K [01;36m[Knote: [m[K  initializing argument 2 of ‘[01m[Kvoid mineral_deposit_tracking::KalmanFilter<StateSize>::MeasurementUpdate(const VectorType&, const int&) [with int StateSize = 2; mineral_deposit_tracking::KalmanFilter<StateSize>::VectorType = Eigen::Matrix<double, 2, 1>][m[K’
   40 |  void MeasurementUpdate(const VectorType & measurement, [01;36m[Kconst Matrix & measurement_covariance[m[K)
      |                                                         [01;36m[K~~~~~~~~~~~~~~~^~~~~~~~~~~~~~~~~~~~~~[m[K
In file included from [01m[K/usr/include/eigen3/Eigen/Core:366[m[K,
                 from [01m[K/usr/include/eigen3/Eigen/Geometry:11[m[K,
                 from [01m[K/opt/ros/foxy/include/tf2_eigen/tf2_eigen.h:34[m[K,
                 from [01m[K/home/padowan/software-training/mineral_deposit_tracking/src/mineral_deposit_tracker.cpp:22[m[K:
/usr/include/eigen3/Eigen/src/Core/AssignEvaluator.h: In instantiation of ‘[01m[Kvoid Eigen::internal::call_assignment_no_alias(Dst&, const Src&, const Func&) [with Dst = Eigen::Matrix<double, 2, 1>; Src = Eigen::Matrix<double, 2, 2>; Func = Eigen::internal::assign_op<double, double>][m[K’:
[01m[K/usr/include/eigen3/Eigen/src/Core/PlainObjectBase.h:732:41:[m[K   required from ‘[01m[KDerived& Eigen::PlainObjectBase<Derived>::_set_noalias(const Eigen::DenseBase<OtherDerived>&) [with OtherDerived = Eigen::Matrix<double, 2, 2>; Derived = Eigen::Matrix<double, 2, 1>][m[K’
[01m[K/usr/include/eigen3/Eigen/src/Core/PlainObjectBase.h:537:7:[m[K   required from ‘[01m[KEigen::PlainObjectBase<Derived>::PlainObjectBase(const Eigen::DenseBase<OtherDerived>&) [with OtherDerived = Eigen::Matrix<double, 2, 2>; Derived = Eigen::Matrix<double, 2, 1>][m[K’
[01m[K/usr/include/eigen3/Eigen/src/Core/Matrix.h:377:29:[m[K   required from ‘[01m[KEigen::Matrix<_Scalar, _Rows, _Cols, _Options, _MaxRows, _MaxCols>::Matrix(const Eigen::EigenBase<OtherDerived>&) [with OtherDerived = Eigen::Matrix<double, 2, 2>; _Scalar = double; int _Rows = 2; int _Cols = 1; int _Options = 0; int _MaxRows = 2; int _MaxCols = 1][m[K’
[01m[K/home/padowan/software-training/mineral_deposit_tracking/src/mineral_deposit_tracker.cpp:119:39:[m[K   required from here
[01m[K/usr/include/eigen3/Eigen/src/Core/AssignEvaluator.h:833:3:[m[K [01;31m[Kerror: [m[Kstatic assertion failed: YOU_MIXED_MATRICES_OF_DIFFERENT_SIZES
  833 |   [01;31m[KEIGEN_STATIC_ASSERT_SAME_MATRIX_SIZE[m[K(ActualDstTypeCleaned,Src)
      |   [01;31m[K^~~~~~~~~~~~~~~~~~~~~~~~~~~~~~~~~~~~[m[K
/usr/include/eigen3/Eigen/src/Core/AssignEvaluator.h: In instantiation of ‘[01m[Kvoid Eigen::internal::call_assignment_no_alias(Dst&, const Src&, const Func&) [with Dst = Eigen::Matrix<double, 2, 2>; Src = Eigen::Matrix<double, 2, 1>; Func = Eigen::internal::assign_op<double, double>][m[K’:
[01m[K/usr/include/eigen3/Eigen/src/Core/AssignEvaluator.h:804:27:[m[K   required from ‘[01m[Kvoid Eigen::internal::call_assignment(Dst&, const Src&, const Func&, typename Eigen::internal::enable_if<(! Eigen::internal::evaluator_assume_aliasing<Src>::value), void*>::type) [with Dst = Eigen::Matrix<double, 2, 2>; Src = Eigen::Matrix<double, 2, 1>; Func = Eigen::internal::assign_op<double, double>; typename Eigen::internal::enable_if<(! Eigen::internal::evaluator_assume_aliasing<Src>::value), void*>::type = void*][m[K’
[01m[K/usr/include/eigen3/Eigen/src/Core/AssignEvaluator.h:782:18:[m[K   required from ‘[01m[Kvoid Eigen::internal::call_assignment(Dst&, const Src&) [with Dst = Eigen::Matrix<double, 2, 2>; Src = Eigen::Matrix<double, 2, 1>][m[K’
[01m[K/usr/include/eigen3/Eigen/src/Core/PlainObjectBase.h:714:32:[m[K   required from ‘[01m[KDerived& Eigen::PlainObjectBase<Derived>::_set(const Eigen::DenseBase<OtherDerived>&) [with OtherDerived = Eigen::Matrix<double, 2, 1>; Derived = Eigen::Matrix<double, 2, 2>][m[K’
[01m[K/usr/include/eigen3/Eigen/src/Core/Matrix.h:225:24:[m[K   required from ‘[01m[KEigen::Matrix<_Scalar, _Rows, _Cols, _Options, _MaxRows, _MaxCols>& Eigen::Matrix<_Scalar, _Rows, _Cols, _Options, _MaxRows, _MaxCols>::operator=(const Eigen::DenseBase<OtherDerived>&) [with OtherDerived = Eigen::Matrix<double, 2, 1>; _Scalar = double; int _Rows = 2; int _Cols = 2; int _Options = 0; int _MaxRows = 2; int _MaxCols = 2][m[K’
[01m[K/home/padowan/software-training/mineral_deposit_tracking/src/kalman_filter.hpp:31:24:[m[K   required from ‘[01m[Kvoid mineral_deposit_tracking::KalmanFilter<StateSize>::Reset(const VectorType&, const VectorType&) [with int StateSize = 2; mineral_deposit_tracking::KalmanFilter<StateSize>::VectorType = Eigen::Matrix<double, 2, 1>][m[K’
[01m[K/home/padowan/software-training/mineral_deposit_tracking/src/mineral_deposit_tracker.cpp:119:39:[m[K   required from here
[01m[K/usr/include/eigen3/Eigen/src/Core/AssignEvaluator.h:833:3:[m[K [01;31m[Kerror: [m[Kstatic assertion failed: YOU_MIXED_MATRICES_OF_DIFFERENT_SIZES
make[2]: *** [CMakeFiles/mineral_deposit_tracking.dir/build.make:63: CMakeFiles/mineral_deposit_tracking.dir/src/mineral_deposit_tracker.cpp.o] Error 1
make[1]: *** [CMakeFiles/Makefile2:134: CMakeFiles/mineral_deposit_tracking.dir/all] Error 2
make: *** [Makefile:141: all] Error 2
