[0.247s] Invoking command in '/home/padowan/software-training/build/localization': CMAKE_PREFIX_PATH=${CMAKE_PREFIX_PATH}:/opt/ros/foxy /usr/bin/cmake --build /home/padowan/software-training/build/localization -- -j12 -l12
[0.873s] [ 25%] Built target localization_node
[0.909s] [100%] Built target localization_component
[0.996s] Invoked command in '/home/padowan/software-training/build/localization' returned '0': CMAKE_PREFIX_PATH=${CMAKE_PREFIX_PATH}:/opt/ros/foxy /usr/bin/cmake --build /home/padowan/software-training/build/localization -- -j12 -l12
[1.457s] Invoking command in '/home/padowan/software-training/build/localization': CMAKE_PREFIX_PATH=${CMAKE_PREFIX_PATH}:/opt/ros/foxy /usr/bin/cmake --install /home/padowan/software-training/build/localization
[1.626s] -- Install configuration: ""
[1.627s] -- Up-to-date: /home/padowan/software-training/install/localization/lib/localization/localization_node
[1.627s] -- Up-to-date: /home/padowan/software-training/install/localization/lib/liblocalization_component.so
[1.627s] -- Up-to-date: /home/padowan/software-training/install/localization/share/localization/launch
[1.627s] -- Up-to-date: /home/padowan/software-training/install/localization/share/localization/launch/particle_filter_localizer.launch.py
[1.628s] -- Up-to-date: /home/padowan/software-training/install/localization/share/localization/config
[1.628s] -- Up-to-date: /home/padowan/software-training/install/localization/share/localization/config/localizer_params.yaml
[1.628s] -- Up-to-date: /home/padowan/software-training/install/localization/share/ament_index/resource_index/package_run_dependencies/localization
[1.629s] -- Up-to-date: /home/padowan/software-training/install/localization/share/ament_index/resource_index/parent_prefix_path/localization
[1.629s] -- Up-to-date: /home/padowan/software-training/install/localization/share/localization/environment/ament_prefix_path.sh
[1.630s] -- Up-to-date: /home/padowan/software-training/install/localization/share/localization/environment/ament_prefix_path.dsv
[1.630s] -- Up-to-date: /home/padowan/software-training/install/localization/share/localization/environment/path.sh
[1.642s] -- Up-to-date: /home/padowan/software-training/install/localization/share/localization/environment/path.dsv
[1.645s] -- Up-to-date: /home/padowan/software-training/install/localization/share/localization/local_setup.bash
[1.646s] -- Up-to-date: /home/padowan/software-training/install/localization/share/localization/local_setup.sh
[1.647s] -- Up-to-date: /home/padowan/software-training/install/localization/share/localization/local_setup.zsh
[1.647s] -- Up-to-date: /home/padowan/software-training/install/localization/share/localization/local_setup.dsv
[1.647s] -- Installing: /home/padowan/software-training/install/localization/share/localization/package.dsv
[1.648s] -- Up-to-date: /home/padowan/software-training/install/localization/share/ament_index/resource_index/packages/localization
[1.653s] -- Up-to-date: /home/padowan/software-training/install/localization/share/ament_index/resource_index/rclcpp_components/localization
[1.654s] -- Up-to-date: /home/padowan/software-training/install/localization/share/localization/cmake/localizationConfig.cmake
[1.659s] -- Up-to-date: /home/padowan/software-training/install/localization/share/localization/cmake/localizationConfig-version.cmake
[1.661s] -- Up-to-date: /home/padowan/software-training/install/localization/share/localization/package.xml
[1.825s] Invoked command in '/home/padowan/software-training/build/localization' returned '0': CMAKE_PREFIX_PATH=${CMAKE_PREFIX_PATH}:/opt/ros/foxy /usr/bin/cmake --install /home/padowan/software-training/build/localization
