[0.121s] Invoking command in '/home/robojackets/training_ws/src/software-training/build/mineral_deposit_tracking': CMAKE_PREFIX_PATH=${CMAKE_PREFIX_PATH}:/opt/ros/foxy /usr/bin/cmake --build /home/robojackets/training_ws/src/software-training/build/mineral_deposit_tracking -- -j6 -l6
[0.253s] [ 50%] Built target mineral_deposit_tracker
[0.293s] [100%] Built target mineral_deposit_tracking
[0.499s] Invoked command in '/home/robojackets/training_ws/src/software-training/build/mineral_deposit_tracking' returned '0': CMAKE_PREFIX_PATH=${CMAKE_PREFIX_PATH}:/opt/ros/foxy /usr/bin/cmake --build /home/robojackets/training_ws/src/software-training/build/mineral_deposit_tracking -- -j6 -l6
[0.705s] Invoking command in '/home/robojackets/training_ws/src/software-training/build/mineral_deposit_tracking': CMAKE_PREFIX_PATH=${CMAKE_PREFIX_PATH}:/opt/ros/foxy /usr/bin/cmake --install /home/robojackets/training_ws/src/software-training/build/mineral_deposit_tracking
[0.722s] -- Install configuration: ""
[0.731s] -- Up-to-date: /home/robojackets/training_ws/src/software-training/install/mineral_deposit_tracking/lib/mineral_deposit_tracking/mineral_deposit_tracker
[0.731s] -- Up-to-date: /home/robojackets/training_ws/src/software-training/install/mineral_deposit_tracking/lib/libmineral_deposit_tracking.so
[0.742s] -- Up-to-date: /home/robojackets/training_ws/src/software-training/install/mineral_deposit_tracking/share/ament_index/resource_index/package_run_dependencies/mineral_deposit_tracking
[0.742s] -- Up-to-date: /home/robojackets/training_ws/src/software-training/install/mineral_deposit_tracking/share/ament_index/resource_index/parent_prefix_path/mineral_deposit_tracking
[0.742s] -- Up-to-date: /home/robojackets/training_ws/src/software-training/install/mineral_deposit_tracking/share/mineral_deposit_tracking/environment/ament_prefix_path.sh
[0.742s] -- Up-to-date: /home/robojackets/training_ws/src/software-training/install/mineral_deposit_tracking/share/mineral_deposit_tracking/environment/ament_prefix_path.dsv
[0.744s] -- Up-to-date: /home/robojackets/training_ws/src/software-training/install/mineral_deposit_tracking/share/mineral_deposit_tracking/environment/path.sh
[0.745s] -- Up-to-date: /home/robojackets/training_ws/src/software-training/install/mineral_deposit_tracking/share/mineral_deposit_tracking/environment/path.dsv
[0.745s] -- Up-to-date: /home/robojackets/training_ws/src/software-training/install/mineral_deposit_tracking/share/mineral_deposit_tracking/local_setup.bash
[0.747s] -- Up-to-date: /home/robojackets/training_ws/src/software-training/install/mineral_deposit_tracking/share/mineral_deposit_tracking/local_setup.sh
[0.747s] -- Up-to-date: /home/robojackets/training_ws/src/software-training/install/mineral_deposit_tracking/share/mineral_deposit_tracking/local_setup.zsh
[0.747s] -- Up-to-date: /home/robojackets/training_ws/src/software-training/install/mineral_deposit_tracking/share/mineral_deposit_tracking/local_setup.dsv
[0.747s] -- Installing: /home/robojackets/training_ws/src/software-training/install/mineral_deposit_tracking/share/mineral_deposit_tracking/package.dsv
[0.747s] -- Up-to-date: /home/robojackets/training_ws/src/software-training/install/mineral_deposit_tracking/share/ament_index/resource_index/packages/mineral_deposit_tracking
[0.747s] -- Up-to-date: /home/robojackets/training_ws/src/software-training/install/mineral_deposit_tracking/share/ament_index/resource_index/rclcpp_components/mineral_deposit_tracking
[0.747s] -- Up-to-date: /home/robojackets/training_ws/src/software-training/install/mineral_deposit_tracking/share/mineral_deposit_tracking/cmake/mineral_deposit_trackingConfig.cmake
[0.747s] -- Up-to-date: /home/robojackets/training_ws/src/software-training/install/mineral_deposit_tracking/share/mineral_deposit_tracking/cmake/mineral_deposit_trackingConfig-version.cmake
[0.748s] -- Up-to-date: /home/robojackets/training_ws/src/software-training/install/mineral_deposit_tracking/share/mineral_deposit_tracking/package.xml
[0.860s] Invoked command in '/home/robojackets/training_ws/src/software-training/build/mineral_deposit_tracking' returned '0': CMAKE_PREFIX_PATH=${CMAKE_PREFIX_PATH}:/opt/ros/foxy /usr/bin/cmake --install /home/robojackets/training_ws/src/software-training/build/mineral_deposit_tracking
