[0.107s] Invoking command in '/home/padowan/software-training/build/lqr_control': CMAKE_PREFIX_PATH=${CMAKE_PREFIX_PATH}:/opt/ros/foxy /usr/bin/cmake --build /home/padowan/software-training/build/lqr_control -- -j12 -l12
[0.446s] [100%] Built target lqr_control
[0.492s] Invoked command in '/home/padowan/software-training/build/lqr_control' returned '0': CMAKE_PREFIX_PATH=${CMAKE_PREFIX_PATH}:/opt/ros/foxy /usr/bin/cmake --build /home/padowan/software-training/build/lqr_control -- -j12 -l12
[0.631s] Invoking command in '/home/padowan/software-training/build/lqr_control': CMAKE_PREFIX_PATH=${CMAKE_PREFIX_PATH}:/opt/ros/foxy /usr/bin/cmake --install /home/padowan/software-training/build/lqr_control
[0.663s] -- Install configuration: ""
[0.663s] -- Up-to-date: /home/padowan/software-training/install/lqr_control/lib/liblqr_control.so
[0.663s] -- Up-to-date: /home/padowan/software-training/install/lqr_control/share/lqr_control/plugin_descriptions.xml
[0.664s] -- Up-to-date: /home/padowan/software-training/install/lqr_control/share/ament_index/resource_index/package_run_dependencies/lqr_control
[0.664s] -- Up-to-date: /home/padowan/software-training/install/lqr_control/share/ament_index/resource_index/parent_prefix_path/lqr_control
[0.664s] -- Up-to-date: /home/padowan/software-training/install/lqr_control/share/lqr_control/environment/ament_prefix_path.sh
[0.664s] -- Up-to-date: /home/padowan/software-training/install/lqr_control/share/lqr_control/environment/ament_prefix_path.dsv
[0.665s] -- Up-to-date: /home/padowan/software-training/install/lqr_control/share/lqr_control/environment/path.sh
[0.665s] -- Up-to-date: /home/padowan/software-training/install/lqr_control/share/lqr_control/environment/path.dsv
[0.666s] -- Up-to-date: /home/padowan/software-training/install/lqr_control/share/lqr_control/local_setup.bash
[0.667s] -- Up-to-date: /home/padowan/software-training/install/lqr_control/share/lqr_control/local_setup.sh
[0.667s] -- Up-to-date: /home/padowan/software-training/install/lqr_control/share/lqr_control/local_setup.zsh
[0.668s] -- Up-to-date: /home/padowan/software-training/install/lqr_control/share/lqr_control/local_setup.dsv
[0.669s] -- Installing: /home/padowan/software-training/install/lqr_control/share/lqr_control/package.dsv
[0.669s] -- Up-to-date: /home/padowan/software-training/install/lqr_control/share/ament_index/resource_index/packages/lqr_control
[0.670s] -- Up-to-date: /home/padowan/software-training/install/lqr_control/share/ament_index/resource_index/nav2_core__pluginlib__plugin/lqr_control
[0.670s] -- Up-to-date: /home/padowan/software-training/install/lqr_control/share/lqr_control/cmake/lqr_controlConfig.cmake
[0.672s] -- Up-to-date: /home/padowan/software-training/install/lqr_control/share/lqr_control/cmake/lqr_controlConfig-version.cmake
[0.673s] -- Up-to-date: /home/padowan/software-training/install/lqr_control/share/lqr_control/package.xml
[0.725s] Invoked command in '/home/padowan/software-training/build/lqr_control' returned '0': CMAKE_PREFIX_PATH=${CMAKE_PREFIX_PATH}:/opt/ros/foxy /usr/bin/cmake --install /home/padowan/software-training/build/lqr_control
