[0.221s] Invoking command in '/home/padowan/software-training/build/mineral_deposit_tracking': CMAKE_PREFIX_PATH=${CMAKE_PREFIX_PATH}:/opt/ros/foxy /usr/bin/cmake --build /home/padowan/software-training/build/mineral_deposit_tracking -- -j12 -l12
[0.566s] [ 50%] Built target mineral_deposit_tracker
[0.595s] [100%] Built target mineral_deposit_tracking
[0.695s] Invoked command in '/home/padowan/software-training/build/mineral_deposit_tracking' returned '0': CMAKE_PREFIX_PATH=${CMAKE_PREFIX_PATH}:/opt/ros/foxy /usr/bin/cmake --build /home/padowan/software-training/build/mineral_deposit_tracking -- -j12 -l12
[0.979s] Invoking command in '/home/padowan/software-training/build/mineral_deposit_tracking': CMAKE_PREFIX_PATH=${CMAKE_PREFIX_PATH}:/opt/ros/foxy /usr/bin/cmake --install /home/padowan/software-training/build/mineral_deposit_tracking
[1.014s] -- Install configuration: ""
[1.015s] -- Up-to-date: /home/padowan/software-training/install/mineral_deposit_tracking/lib/mineral_deposit_tracking/mineral_deposit_tracker
[1.016s] -- Up-to-date: /home/padowan/software-training/install/mineral_deposit_tracking/lib/libmineral_deposit_tracking.so
[1.017s] -- Up-to-date: /home/padowan/software-training/install/mineral_deposit_tracking/share/ament_index/resource_index/package_run_dependencies/mineral_deposit_tracking
[1.026s] -- Up-to-date: /home/padowan/software-training/install/mineral_deposit_tracking/share/ament_index/resource_index/parent_prefix_path/mineral_deposit_tracking
[1.026s] -- Up-to-date: /home/padowan/software-training/install/mineral_deposit_tracking/share/mineral_deposit_tracking/environment/ament_prefix_path.sh
[1.027s] -- Up-to-date: /home/padowan/software-training/install/mineral_deposit_tracking/share/mineral_deposit_tracking/environment/ament_prefix_path.dsv
[1.028s] -- Up-to-date: /home/padowan/software-training/install/mineral_deposit_tracking/share/mineral_deposit_tracking/environment/path.sh
[1.029s] -- Up-to-date: /home/padowan/software-training/install/mineral_deposit_tracking/share/mineral_deposit_tracking/environment/path.dsv
[1.030s] -- Up-to-date: /home/padowan/software-training/install/mineral_deposit_tracking/share/mineral_deposit_tracking/local_setup.bash
[1.031s] -- Up-to-date: /home/padowan/software-training/install/mineral_deposit_tracking/share/mineral_deposit_tracking/local_setup.sh
[1.032s] -- Up-to-date: /home/padowan/software-training/install/mineral_deposit_tracking/share/mineral_deposit_tracking/local_setup.zsh
[1.033s] -- Up-to-date: /home/padowan/software-training/install/mineral_deposit_tracking/share/mineral_deposit_tracking/local_setup.dsv
[1.034s] -- Installing: /home/padowan/software-training/install/mineral_deposit_tracking/share/mineral_deposit_tracking/package.dsv
[1.035s] -- Up-to-date: /home/padowan/software-training/install/mineral_deposit_tracking/share/ament_index/resource_index/packages/mineral_deposit_tracking
[1.037s] -- Up-to-date: /home/padowan/software-training/install/mineral_deposit_tracking/share/ament_index/resource_index/rclcpp_components/mineral_deposit_tracking
[1.042s] -- Up-to-date: /home/padowan/software-training/install/mineral_deposit_tracking/share/mineral_deposit_tracking/cmake/mineral_deposit_trackingConfig.cmake
[1.043s] -- Up-to-date: /home/padowan/software-training/install/mineral_deposit_tracking/share/mineral_deposit_tracking/cmake/mineral_deposit_trackingConfig-version.cmake
[1.044s] -- Up-to-date: /home/padowan/software-training/install/mineral_deposit_tracking/share/mineral_deposit_tracking/package.xml
[1.376s] Invoked command in '/home/padowan/software-training/build/mineral_deposit_tracking' returned '0': CMAKE_PREFIX_PATH=${CMAKE_PREFIX_PATH}:/opt/ros/foxy /usr/bin/cmake --install /home/padowan/software-training/build/mineral_deposit_tracking
