[0.141s] Invoking command in '/home/padowan/software-training/build/coordinate_transform': CMAKE_PREFIX_PATH=${CMAKE_PREFIX_PATH}:/opt/ros/foxy /usr/bin/cmake --build /home/padowan/software-training/build/coordinate_transform -- -j12 -l12
[0.423s] [ 50%] Built target coordinate_transform_components
[0.464s] [100%] Built target coordinate_transform_node
[0.531s] Invoked command in '/home/padowan/software-training/build/coordinate_transform' returned '0': CMAKE_PREFIX_PATH=${CMAKE_PREFIX_PATH}:/opt/ros/foxy /usr/bin/cmake --build /home/padowan/software-training/build/coordinate_transform -- -j12 -l12
[0.761s] Invoking command in '/home/padowan/software-training/build/coordinate_transform': CMAKE_PREFIX_PATH=${CMAKE_PREFIX_PATH}:/opt/ros/foxy /usr/bin/cmake --install /home/padowan/software-training/build/coordinate_transform
[0.822s] -- Install configuration: ""
[0.822s] -- Up-to-date: /home/padowan/software-training/install/coordinate_transform/lib/coordinate_transform/coordinate_transform_node
[0.822s] -- Up-to-date: /home/padowan/software-training/install/coordinate_transform/lib/libcoordinate_transform_components.so
[0.823s] -- Up-to-date: /home/padowan/software-training/install/coordinate_transform/share/ament_index/resource_index/package_run_dependencies/coordinate_transform
[0.823s] -- Up-to-date: /home/padowan/software-training/install/coordinate_transform/share/ament_index/resource_index/parent_prefix_path/coordinate_transform
[0.823s] -- Up-to-date: /home/padowan/software-training/install/coordinate_transform/share/coordinate_transform/environment/ament_prefix_path.sh
[0.823s] -- Up-to-date: /home/padowan/software-training/install/coordinate_transform/share/coordinate_transform/environment/ament_prefix_path.dsv
[0.824s] -- Up-to-date: /home/padowan/software-training/install/coordinate_transform/share/coordinate_transform/environment/path.sh
[0.825s] -- Up-to-date: /home/padowan/software-training/install/coordinate_transform/share/coordinate_transform/environment/path.dsv
[0.828s] -- Up-to-date: /home/padowan/software-training/install/coordinate_transform/share/coordinate_transform/local_setup.bash
[0.829s] -- Up-to-date: /home/padowan/software-training/install/coordinate_transform/share/coordinate_transform/local_setup.sh
[0.834s] -- Up-to-date: /home/padowan/software-training/install/coordinate_transform/share/coordinate_transform/local_setup.zsh
[0.835s] -- Up-to-date: /home/padowan/software-training/install/coordinate_transform/share/coordinate_transform/local_setup.dsv
[0.835s] -- Installing: /home/padowan/software-training/install/coordinate_transform/share/coordinate_transform/package.dsv
[0.835s] -- Up-to-date: /home/padowan/software-training/install/coordinate_transform/share/ament_index/resource_index/packages/coordinate_transform
[0.836s] -- Up-to-date: /home/padowan/software-training/install/coordinate_transform/share/ament_index/resource_index/rclcpp_components/coordinate_transform
[0.838s] -- Up-to-date: /home/padowan/software-training/install/coordinate_transform/share/coordinate_transform/cmake/coordinate_transformConfig.cmake
[0.841s] -- Up-to-date: /home/padowan/software-training/install/coordinate_transform/share/coordinate_transform/cmake/coordinate_transformConfig-version.cmake
[0.843s] -- Up-to-date: /home/padowan/software-training/install/coordinate_transform/share/coordinate_transform/package.xml
[0.999s] Invoked command in '/home/padowan/software-training/build/coordinate_transform' returned '0': CMAKE_PREFIX_PATH=${CMAKE_PREFIX_PATH}:/opt/ros/foxy /usr/bin/cmake --install /home/padowan/software-training/build/coordinate_transform
