[0.132s] Invoking command in '/home/padowan/software-training/build/coordinate_transform': CMAKE_PREFIX_PATH=${CMAKE_PREFIX_PATH}:/opt/ros/foxy /usr/bin/cmake --build /home/padowan/software-training/build/coordinate_transform -- -j12 -l12
[0.338s] [ 50%] Built target coordinate_transform_node
[0.345s] [100%] Built target coordinate_transform_components
[0.393s] Invoked command in '/home/padowan/software-training/build/coordinate_transform' returned '0': CMAKE_PREFIX_PATH=${CMAKE_PREFIX_PATH}:/opt/ros/foxy /usr/bin/cmake --build /home/padowan/software-training/build/coordinate_transform -- -j12 -l12
[0.540s] Invoking command in '/home/padowan/software-training/build/coordinate_transform': CMAKE_PREFIX_PATH=${CMAKE_PREFIX_PATH}:/opt/ros/foxy /usr/bin/cmake --install /home/padowan/software-training/build/coordinate_transform
[0.564s] -- Install configuration: ""
[0.569s] -- Up-to-date: /home/padowan/software-training/install/coordinate_transform/lib/coordinate_transform/coordinate_transform_node
[0.570s] -- Up-to-date: /home/padowan/software-training/install/coordinate_transform/lib/libcoordinate_transform_components.so
[0.571s] -- Up-to-date: /home/padowan/software-training/install/coordinate_transform/share/ament_index/resource_index/package_run_dependencies/coordinate_transform
[0.572s] -- Up-to-date: /home/padowan/software-training/install/coordinate_transform/share/ament_index/resource_index/parent_prefix_path/coordinate_transform
[0.576s] -- Up-to-date: /home/padowan/software-training/install/coordinate_transform/share/coordinate_transform/environment/ament_prefix_path.sh
[0.588s] -- Up-to-date: /home/padowan/software-training/install/coordinate_transform/share/coordinate_transform/environment/ament_prefix_path.dsv
[0.590s] -- Up-to-date: /home/padowan/software-training/install/coordinate_transform/share/coordinate_transform/environment/path.sh
[0.591s] -- Up-to-date: /home/padowan/software-training/install/coordinate_transform/share/coordinate_transform/environment/path.dsv
[0.591s] -- Up-to-date: /home/padowan/software-training/install/coordinate_transform/share/coordinate_transform/local_setup.bash
[0.591s] -- Up-to-date: /home/padowan/software-training/install/coordinate_transform/share/coordinate_transform/local_setup.sh
[0.592s] -- Up-to-date: /home/padowan/software-training/install/coordinate_transform/share/coordinate_transform/local_setup.zsh
[0.593s] -- Up-to-date: /home/padowan/software-training/install/coordinate_transform/share/coordinate_transform/local_setup.dsv
[0.594s] -- Installing: /home/padowan/software-training/install/coordinate_transform/share/coordinate_transform/package.dsv
[0.601s] -- Up-to-date: /home/padowan/software-training/install/coordinate_transform/share/ament_index/resource_index/packages/coordinate_transform
[0.605s] -- Up-to-date: /home/padowan/software-training/install/coordinate_transform/share/ament_index/resource_index/rclcpp_components/coordinate_transform
[0.606s] -- Up-to-date: /home/padowan/software-training/install/coordinate_transform/share/coordinate_transform/cmake/coordinate_transformConfig.cmake
[0.606s] -- Up-to-date: /home/padowan/software-training/install/coordinate_transform/share/coordinate_transform/cmake/coordinate_transformConfig-version.cmake
[0.609s] -- Up-to-date: /home/padowan/software-training/install/coordinate_transform/share/coordinate_transform/package.xml
[0.684s] Invoked command in '/home/padowan/software-training/build/coordinate_transform' returned '0': CMAKE_PREFIX_PATH=${CMAKE_PREFIX_PATH}:/opt/ros/foxy /usr/bin/cmake --install /home/padowan/software-training/build/coordinate_transform
