[0.352s] Invoking command in '/home/robojackets/training_ws/src/software-training/build/obstacle_detector': CMAKE_PREFIX_PATH=${CMAKE_PREFIX_PATH}:/opt/ros/foxy /usr/bin/cmake --build /home/robojackets/training_ws/src/software-training/build/obstacle_detector -- -j6 -l6
[0.488s] [ 40%] Built target obstacle_detector_node
[0.656s] [100%] Built target obstacle_detector
[0.750s] Invoked command in '/home/robojackets/training_ws/src/software-training/build/obstacle_detector' returned '0': CMAKE_PREFIX_PATH=${CMAKE_PREFIX_PATH}:/opt/ros/foxy /usr/bin/cmake --build /home/robojackets/training_ws/src/software-training/build/obstacle_detector -- -j6 -l6
[0.944s] Invoking command in '/home/robojackets/training_ws/src/software-training/build/obstacle_detector': CMAKE_PREFIX_PATH=${CMAKE_PREFIX_PATH}:/opt/ros/foxy /usr/bin/cmake --install /home/robojackets/training_ws/src/software-training/build/obstacle_detector
[0.969s] -- Install configuration: ""
[0.971s] -- Up-to-date: /home/robojackets/training_ws/src/software-training/install/obstacle_detector/lib/obstacle_detector/obstacle_detector_node
[0.971s] -- Up-to-date: /home/robojackets/training_ws/src/software-training/install/obstacle_detector/lib/libobstacle_detector.so
[0.972s] -- Up-to-date: /home/robojackets/training_ws/src/software-training/install/obstacle_detector/share/obstacle_detector/launch
[0.972s] -- Up-to-date: /home/robojackets/training_ws/src/software-training/install/obstacle_detector/share/obstacle_detector/launch/obstacle_detector.launch.py
[0.972s] -- Up-to-date: /home/robojackets/training_ws/src/software-training/install/obstacle_detector/share/obstacle_detector/config
[0.973s] -- Up-to-date: /home/robojackets/training_ws/src/software-training/install/obstacle_detector/share/obstacle_detector/config/obstacle_detector_parameters.yaml
[0.973s] -- Up-to-date: /home/robojackets/training_ws/src/software-training/install/obstacle_detector/share/ament_index/resource_index/package_run_dependencies/obstacle_detector
[0.974s] -- Up-to-date: /home/robojackets/training_ws/src/software-training/install/obstacle_detector/share/ament_index/resource_index/parent_prefix_path/obstacle_detector
[0.974s] -- Up-to-date: /home/robojackets/training_ws/src/software-training/install/obstacle_detector/share/obstacle_detector/environment/ament_prefix_path.sh
[0.974s] -- Up-to-date: /home/robojackets/training_ws/src/software-training/install/obstacle_detector/share/obstacle_detector/environment/ament_prefix_path.dsv
[0.974s] -- Up-to-date: /home/robojackets/training_ws/src/software-training/install/obstacle_detector/share/obstacle_detector/environment/path.sh
[0.974s] -- Up-to-date: /home/robojackets/training_ws/src/software-training/install/obstacle_detector/share/obstacle_detector/environment/path.dsv
[0.986s] -- Up-to-date: /home/robojackets/training_ws/src/software-training/install/obstacle_detector/share/obstacle_detector/local_setup.bash
[0.986s] -- Up-to-date: /home/robojackets/training_ws/src/software-training/install/obstacle_detector/share/obstacle_detector/local_setup.sh
[0.986s] -- Up-to-date: /home/robojackets/training_ws/src/software-training/install/obstacle_detector/share/obstacle_detector/local_setup.zsh
[0.986s] -- Up-to-date: /home/robojackets/training_ws/src/software-training/install/obstacle_detector/share/obstacle_detector/local_setup.dsv
[0.987s] -- Installing: /home/robojackets/training_ws/src/software-training/install/obstacle_detector/share/obstacle_detector/package.dsv
[0.987s] -- Up-to-date: /home/robojackets/training_ws/src/software-training/install/obstacle_detector/share/ament_index/resource_index/packages/obstacle_detector
[0.987s] -- Up-to-date: /home/robojackets/training_ws/src/software-training/install/obstacle_detector/share/ament_index/resource_index/rclcpp_components/obstacle_detector
[0.988s] -- Up-to-date: /home/robojackets/training_ws/src/software-training/install/obstacle_detector/share/obstacle_detector/cmake/obstacle_detectorConfig.cmake
[0.988s] -- Up-to-date: /home/robojackets/training_ws/src/software-training/install/obstacle_detector/share/obstacle_detector/cmake/obstacle_detectorConfig-version.cmake
[0.988s] -- Up-to-date: /home/robojackets/training_ws/src/software-training/install/obstacle_detector/share/obstacle_detector/package.xml
[1.008s] Invoked command in '/home/robojackets/training_ws/src/software-training/build/obstacle_detector' returned '0': CMAKE_PREFIX_PATH=${CMAKE_PREFIX_PATH}:/opt/ros/foxy /usr/bin/cmake --install /home/robojackets/training_ws/src/software-training/build/obstacle_detector
