[0.126s] Invoking command in '/home/padowan/software-training/build/localization': CMAKE_PREFIX_PATH=${CMAKE_PREFIX_PATH}:/opt/ros/foxy /usr/bin/cmake --build /home/padowan/software-training/build/localization -- -j12 -l12
[0.456s] [ 25%] Built target localization_node
[0.523s] [100%] Built target localization_component
[0.624s] Invoked command in '/home/padowan/software-training/build/localization' returned '0': CMAKE_PREFIX_PATH=${CMAKE_PREFIX_PATH}:/opt/ros/foxy /usr/bin/cmake --build /home/padowan/software-training/build/localization -- -j12 -l12
[1.064s] Invoking command in '/home/padowan/software-training/build/localization': CMAKE_PREFIX_PATH=${CMAKE_PREFIX_PATH}:/opt/ros/foxy /usr/bin/cmake --install /home/padowan/software-training/build/localization
[1.153s] -- Install configuration: ""
[1.155s] -- Up-to-date: /home/padowan/software-training/install/localization/lib/localization/localization_node
[1.156s] -- Up-to-date: /home/padowan/software-training/install/localization/lib/liblocalization_component.so
[1.157s] -- Up-to-date: /home/padowan/software-training/install/localization/share/localization/launch
[1.157s] -- Up-to-date: /home/padowan/software-training/install/localization/share/localization/launch/particle_filter_localizer.launch.py
[1.158s] -- Up-to-date: /home/padowan/software-training/install/localization/share/localization/config
[1.158s] -- Up-to-date: /home/padowan/software-training/install/localization/share/localization/config/localizer_params.yaml
[1.159s] -- Up-to-date: /home/padowan/software-training/install/localization/share/ament_index/resource_index/package_run_dependencies/localization
[1.159s] -- Up-to-date: /home/padowan/software-training/install/localization/share/ament_index/resource_index/parent_prefix_path/localization
[1.159s] -- Up-to-date: /home/padowan/software-training/install/localization/share/localization/environment/ament_prefix_path.sh
[1.160s] -- Up-to-date: /home/padowan/software-training/install/localization/share/localization/environment/ament_prefix_path.dsv
[1.160s] -- Up-to-date: /home/padowan/software-training/install/localization/share/localization/environment/path.sh
[1.160s] -- Up-to-date: /home/padowan/software-training/install/localization/share/localization/environment/path.dsv
[1.161s] -- Up-to-date: /home/padowan/software-training/install/localization/share/localization/local_setup.bash
[1.161s] -- Up-to-date: /home/padowan/software-training/install/localization/share/localization/local_setup.sh
[1.161s] -- Up-to-date: /home/padowan/software-training/install/localization/share/localization/local_setup.zsh
[1.162s] -- Up-to-date: /home/padowan/software-training/install/localization/share/localization/local_setup.dsv
[1.162s] -- Installing: /home/padowan/software-training/install/localization/share/localization/package.dsv
[1.162s] -- Up-to-date: /home/padowan/software-training/install/localization/share/ament_index/resource_index/packages/localization
[1.163s] -- Up-to-date: /home/padowan/software-training/install/localization/share/ament_index/resource_index/rclcpp_components/localization
[1.163s] -- Up-to-date: /home/padowan/software-training/install/localization/share/localization/cmake/localizationConfig.cmake
[1.163s] -- Up-to-date: /home/padowan/software-training/install/localization/share/localization/cmake/localizationConfig-version.cmake
[1.164s] -- Up-to-date: /home/padowan/software-training/install/localization/share/localization/package.xml
[1.301s] Invoked command in '/home/padowan/software-training/build/localization' returned '0': CMAKE_PREFIX_PATH=${CMAKE_PREFIX_PATH}:/opt/ros/foxy /usr/bin/cmake --install /home/padowan/software-training/build/localization
