[0.303s] Invoking command in '/home/robojackets/training_ws/src/software-training/build/mapping': CMAKE_PREFIX_PATH=${CMAKE_PREFIX_PATH}:/opt/ros/foxy /usr/bin/cmake --build /home/robojackets/training_ws/src/software-training/build/mapping -- -j6 -l6
[0.886s] [ 50%] Built target mapping_node
[1.031s] [100%] Built target mapping
[1.358s] Invoked command in '/home/robojackets/training_ws/src/software-training/build/mapping' returned '0': CMAKE_PREFIX_PATH=${CMAKE_PREFIX_PATH}:/opt/ros/foxy /usr/bin/cmake --build /home/robojackets/training_ws/src/software-training/build/mapping -- -j6 -l6
[2.118s] Invoking command in '/home/robojackets/training_ws/src/software-training/build/mapping': CMAKE_PREFIX_PATH=${CMAKE_PREFIX_PATH}:/opt/ros/foxy /usr/bin/cmake --install /home/robojackets/training_ws/src/software-training/build/mapping
[2.201s] -- Install configuration: ""
[2.207s] -- Up-to-date: /home/robojackets/training_ws/src/software-training/install/mapping/lib/mapping/mapping_node
[2.214s] -- Up-to-date: /home/robojackets/training_ws/src/software-training/install/mapping/lib/libmapping.so
[2.214s] -- Up-to-date: /home/robojackets/training_ws/src/software-training/install/mapping/share/mapping/launch
[2.214s] -- Up-to-date: /home/robojackets/training_ws/src/software-training/install/mapping/share/mapping/launch/mapping.launch.xml
[2.214s] -- Up-to-date: /home/robojackets/training_ws/src/software-training/install/mapping/share/ament_index/resource_index/package_run_dependencies/mapping
[2.214s] -- Up-to-date: /home/robojackets/training_ws/src/software-training/install/mapping/share/ament_index/resource_index/parent_prefix_path/mapping
[2.214s] -- Up-to-date: /home/robojackets/training_ws/src/software-training/install/mapping/share/mapping/environment/ament_prefix_path.sh
[2.214s] -- Up-to-date: /home/robojackets/training_ws/src/software-training/install/mapping/share/mapping/environment/ament_prefix_path.dsv
[2.214s] -- Up-to-date: /home/robojackets/training_ws/src/software-training/install/mapping/share/mapping/environment/path.sh
[2.214s] -- Up-to-date: /home/robojackets/training_ws/src/software-training/install/mapping/share/mapping/environment/path.dsv
[2.214s] -- Up-to-date: /home/robojackets/training_ws/src/software-training/install/mapping/share/mapping/local_setup.bash
[2.215s] -- Up-to-date: /home/robojackets/training_ws/src/software-training/install/mapping/share/mapping/local_setup.sh
[2.215s] -- Up-to-date: /home/robojackets/training_ws/src/software-training/install/mapping/share/mapping/local_setup.zsh
[2.215s] -- Up-to-date: /home/robojackets/training_ws/src/software-training/install/mapping/share/mapping/local_setup.dsv
[2.215s] -- Installing: /home/robojackets/training_ws/src/software-training/install/mapping/share/mapping/package.dsv
[2.215s] -- Up-to-date: /home/robojackets/training_ws/src/software-training/install/mapping/share/ament_index/resource_index/packages/mapping
[2.215s] -- Up-to-date: /home/robojackets/training_ws/src/software-training/install/mapping/share/ament_index/resource_index/rclcpp_components/mapping
[2.215s] -- Up-to-date: /home/robojackets/training_ws/src/software-training/install/mapping/share/mapping/cmake/mappingConfig.cmake
[2.215s] -- Up-to-date: /home/robojackets/training_ws/src/software-training/install/mapping/share/mapping/cmake/mappingConfig-version.cmake
[2.215s] -- Up-to-date: /home/robojackets/training_ws/src/software-training/install/mapping/share/mapping/package.xml
[2.436s] Invoked command in '/home/robojackets/training_ws/src/software-training/build/mapping' returned '0': CMAKE_PREFIX_PATH=${CMAKE_PREFIX_PATH}:/opt/ros/foxy /usr/bin/cmake --install /home/robojackets/training_ws/src/software-training/build/mapping
