[0.132s] Invoking command in '/home/padowan/software-training/build/obstacle_detector': CMAKE_PREFIX_PATH=${CMAKE_PREFIX_PATH}:/opt/ros/foxy /usr/bin/cmake --build /home/padowan/software-training/build/obstacle_detector -- -j12 -l12
[0.380s] [ 40%] Built target obstacle_detector_node
[0.453s] [100%] Built target obstacle_detector
[0.475s] Invoked command in '/home/padowan/software-training/build/obstacle_detector' returned '0': CMAKE_PREFIX_PATH=${CMAKE_PREFIX_PATH}:/opt/ros/foxy /usr/bin/cmake --build /home/padowan/software-training/build/obstacle_detector -- -j12 -l12
[0.760s] Invoking command in '/home/padowan/software-training/build/obstacle_detector': CMAKE_PREFIX_PATH=${CMAKE_PREFIX_PATH}:/opt/ros/foxy /usr/bin/cmake --install /home/padowan/software-training/build/obstacle_detector
[0.806s] -- Install configuration: ""
[0.806s] -- Up-to-date: /home/padowan/software-training/install/obstacle_detector/lib/obstacle_detector/obstacle_detector_node
[0.806s] -- Up-to-date: /home/padowan/software-training/install/obstacle_detector/lib/libobstacle_detector.so
[0.806s] -- Up-to-date: /home/padowan/software-training/install/obstacle_detector/share/obstacle_detector/launch
[0.806s] -- Up-to-date: /home/padowan/software-training/install/obstacle_detector/share/obstacle_detector/launch/obstacle_detector.launch.py
[0.807s] -- Up-to-date: /home/padowan/software-training/install/obstacle_detector/share/obstacle_detector/config
[0.807s] -- Up-to-date: /home/padowan/software-training/install/obstacle_detector/share/obstacle_detector/config/obstacle_detector_parameters.yaml
[0.807s] -- Up-to-date: /home/padowan/software-training/install/obstacle_detector/share/ament_index/resource_index/package_run_dependencies/obstacle_detector
[0.807s] -- Up-to-date: /home/padowan/software-training/install/obstacle_detector/share/ament_index/resource_index/parent_prefix_path/obstacle_detector
[0.807s] -- Up-to-date: /home/padowan/software-training/install/obstacle_detector/share/obstacle_detector/environment/ament_prefix_path.sh
[0.808s] -- Up-to-date: /home/padowan/software-training/install/obstacle_detector/share/obstacle_detector/environment/ament_prefix_path.dsv
[0.808s] -- Up-to-date: /home/padowan/software-training/install/obstacle_detector/share/obstacle_detector/environment/path.sh
[0.808s] -- Up-to-date: /home/padowan/software-training/install/obstacle_detector/share/obstacle_detector/environment/path.dsv
[0.808s] -- Up-to-date: /home/padowan/software-training/install/obstacle_detector/share/obstacle_detector/local_setup.bash
[0.809s] -- Up-to-date: /home/padowan/software-training/install/obstacle_detector/share/obstacle_detector/local_setup.sh
[0.809s] -- Up-to-date: /home/padowan/software-training/install/obstacle_detector/share/obstacle_detector/local_setup.zsh
[0.809s] -- Up-to-date: /home/padowan/software-training/install/obstacle_detector/share/obstacle_detector/local_setup.dsv
[0.809s] -- Installing: /home/padowan/software-training/install/obstacle_detector/share/obstacle_detector/package.dsv
[0.809s] -- Up-to-date: /home/padowan/software-training/install/obstacle_detector/share/ament_index/resource_index/packages/obstacle_detector
[0.810s] -- Up-to-date: /home/padowan/software-training/install/obstacle_detector/share/ament_index/resource_index/rclcpp_components/obstacle_detector
[0.810s] -- Up-to-date: /home/padowan/software-training/install/obstacle_detector/share/obstacle_detector/cmake/obstacle_detectorConfig.cmake
[0.810s] -- Up-to-date: /home/padowan/software-training/install/obstacle_detector/share/obstacle_detector/cmake/obstacle_detectorConfig-version.cmake
[0.810s] -- Up-to-date: /home/padowan/software-training/install/obstacle_detector/share/obstacle_detector/package.xml
[0.975s] Invoked command in '/home/padowan/software-training/build/obstacle_detector' returned '0': CMAKE_PREFIX_PATH=${CMAKE_PREFIX_PATH}:/opt/ros/foxy /usr/bin/cmake --install /home/padowan/software-training/build/obstacle_detector
