[0.092s] Invoking command in '/home/robojackets/training_ws/src/software-training/build/coordinate_transform': CMAKE_PREFIX_PATH=${CMAKE_PREFIX_PATH}:/opt/ros/foxy /usr/bin/cmake --build /home/robojackets/training_ws/src/software-training/build/coordinate_transform -- -j6 -l6
[0.290s] [ 50%] Built target coordinate_transform_node
[0.370s] [100%] Built target coordinate_transform_components
[0.434s] Invoked command in '/home/robojackets/training_ws/src/software-training/build/coordinate_transform' returned '0': CMAKE_PREFIX_PATH=${CMAKE_PREFIX_PATH}:/opt/ros/foxy /usr/bin/cmake --build /home/robojackets/training_ws/src/software-training/build/coordinate_transform -- -j6 -l6
[0.890s] Invoking command in '/home/robojackets/training_ws/src/software-training/build/coordinate_transform': CMAKE_PREFIX_PATH=${CMAKE_PREFIX_PATH}:/opt/ros/foxy /usr/bin/cmake --install /home/robojackets/training_ws/src/software-training/build/coordinate_transform
[0.894s] -- Install configuration: ""
[0.901s] -- Up-to-date: /home/robojackets/training_ws/src/software-training/install/coordinate_transform/lib/coordinate_transform/coordinate_transform_node
[0.901s] -- Up-to-date: /home/robojackets/training_ws/src/software-training/install/coordinate_transform/lib/libcoordinate_transform_components.so
[0.901s] -- Up-to-date: /home/robojackets/training_ws/src/software-training/install/coordinate_transform/share/ament_index/resource_index/package_run_dependencies/coordinate_transform
[0.902s] -- Up-to-date: /home/robojackets/training_ws/src/software-training/install/coordinate_transform/share/ament_index/resource_index/parent_prefix_path/coordinate_transform
[0.902s] -- Up-to-date: /home/robojackets/training_ws/src/software-training/install/coordinate_transform/share/coordinate_transform/environment/ament_prefix_path.sh
[0.903s] -- Up-to-date: /home/robojackets/training_ws/src/software-training/install/coordinate_transform/share/coordinate_transform/environment/ament_prefix_path.dsv
[0.903s] -- Up-to-date: /home/robojackets/training_ws/src/software-training/install/coordinate_transform/share/coordinate_transform/environment/path.sh
[0.903s] -- Up-to-date: /home/robojackets/training_ws/src/software-training/install/coordinate_transform/share/coordinate_transform/environment/path.dsv
[0.903s] -- Up-to-date: /home/robojackets/training_ws/src/software-training/install/coordinate_transform/share/coordinate_transform/local_setup.bash
[0.903s] -- Up-to-date: /home/robojackets/training_ws/src/software-training/install/coordinate_transform/share/coordinate_transform/local_setup.sh
[0.907s] -- Up-to-date: /home/robojackets/training_ws/src/software-training/install/coordinate_transform/share/coordinate_transform/local_setup.zsh
[0.907s] -- Up-to-date: /home/robojackets/training_ws/src/software-training/install/coordinate_transform/share/coordinate_transform/local_setup.dsv
[0.907s] -- Installing: /home/robojackets/training_ws/src/software-training/install/coordinate_transform/share/coordinate_transform/package.dsv
[0.907s] -- Up-to-date: /home/robojackets/training_ws/src/software-training/install/coordinate_transform/share/ament_index/resource_index/packages/coordinate_transform
[0.912s] -- Up-to-date: /home/robojackets/training_ws/src/software-training/install/coordinate_transform/share/ament_index/resource_index/rclcpp_components/coordinate_transform
[0.913s] -- Up-to-date: /home/robojackets/training_ws/src/software-training/install/coordinate_transform/share/coordinate_transform/cmake/coordinate_transformConfig.cmake
[0.913s] -- Up-to-date: /home/robojackets/training_ws/src/software-training/install/coordinate_transform/share/coordinate_transform/cmake/coordinate_transformConfig-version.cmake
[0.913s] -- Up-to-date: /home/robojackets/training_ws/src/software-training/install/coordinate_transform/share/coordinate_transform/package.xml
[1.119s] Invoked command in '/home/robojackets/training_ws/src/software-training/build/coordinate_transform' returned '0': CMAKE_PREFIX_PATH=${CMAKE_PREFIX_PATH}:/opt/ros/foxy /usr/bin/cmake --install /home/robojackets/training_ws/src/software-training/build/coordinate_transform
