[0.137s] Invoking command in '/home/padowan/software-training/build/obstacle_detector': CMAKE_PREFIX_PATH=${CMAKE_PREFIX_PATH}:/opt/ros/foxy /usr/bin/cmake --build /home/padowan/software-training/build/obstacle_detector -- -j12 -l12
[0.464s] [ 60%] Built target obstacle_detector
[0.467s] [100%] Built target obstacle_detector_node
[0.544s] Invoked command in '/home/padowan/software-training/build/obstacle_detector' returned '0': CMAKE_PREFIX_PATH=${CMAKE_PREFIX_PATH}:/opt/ros/foxy /usr/bin/cmake --build /home/padowan/software-training/build/obstacle_detector -- -j12 -l12
[0.838s] Invoking command in '/home/padowan/software-training/build/obstacle_detector': CMAKE_PREFIX_PATH=${CMAKE_PREFIX_PATH}:/opt/ros/foxy /usr/bin/cmake --install /home/padowan/software-training/build/obstacle_detector
[0.914s] -- Install configuration: ""
[0.914s] -- Up-to-date: /home/padowan/software-training/install/obstacle_detector/lib/obstacle_detector/obstacle_detector_node
[0.914s] -- Up-to-date: /home/padowan/software-training/install/obstacle_detector/lib/libobstacle_detector.so
[0.914s] -- Up-to-date: /home/padowan/software-training/install/obstacle_detector/share/obstacle_detector/launch
[0.914s] -- Up-to-date: /home/padowan/software-training/install/obstacle_detector/share/obstacle_detector/launch/obstacle_detector.launch.py
[0.915s] -- Up-to-date: /home/padowan/software-training/install/obstacle_detector/share/obstacle_detector/config
[0.915s] -- Up-to-date: /home/padowan/software-training/install/obstacle_detector/share/obstacle_detector/config/obstacle_detector_parameters.yaml
[0.915s] -- Up-to-date: /home/padowan/software-training/install/obstacle_detector/share/ament_index/resource_index/package_run_dependencies/obstacle_detector
[0.915s] -- Up-to-date: /home/padowan/software-training/install/obstacle_detector/share/ament_index/resource_index/parent_prefix_path/obstacle_detector
[0.916s] -- Up-to-date: /home/padowan/software-training/install/obstacle_detector/share/obstacle_detector/environment/ament_prefix_path.sh
[0.916s] -- Up-to-date: /home/padowan/software-training/install/obstacle_detector/share/obstacle_detector/environment/ament_prefix_path.dsv
[0.916s] -- Up-to-date: /home/padowan/software-training/install/obstacle_detector/share/obstacle_detector/environment/path.sh
[0.916s] -- Up-to-date: /home/padowan/software-training/install/obstacle_detector/share/obstacle_detector/environment/path.dsv
[0.917s] -- Up-to-date: /home/padowan/software-training/install/obstacle_detector/share/obstacle_detector/local_setup.bash
[0.917s] -- Up-to-date: /home/padowan/software-training/install/obstacle_detector/share/obstacle_detector/local_setup.sh
[0.917s] -- Up-to-date: /home/padowan/software-training/install/obstacle_detector/share/obstacle_detector/local_setup.zsh
[0.917s] -- Up-to-date: /home/padowan/software-training/install/obstacle_detector/share/obstacle_detector/local_setup.dsv
[0.918s] -- Installing: /home/padowan/software-training/install/obstacle_detector/share/obstacle_detector/package.dsv
[0.919s] -- Up-to-date: /home/padowan/software-training/install/obstacle_detector/share/ament_index/resource_index/packages/obstacle_detector
[0.919s] -- Up-to-date: /home/padowan/software-training/install/obstacle_detector/share/ament_index/resource_index/rclcpp_components/obstacle_detector
[0.920s] -- Up-to-date: /home/padowan/software-training/install/obstacle_detector/share/obstacle_detector/cmake/obstacle_detectorConfig.cmake
[0.921s] -- Up-to-date: /home/padowan/software-training/install/obstacle_detector/share/obstacle_detector/cmake/obstacle_detectorConfig-version.cmake
[0.922s] -- Up-to-date: /home/padowan/software-training/install/obstacle_detector/share/obstacle_detector/package.xml
[1.102s] Invoked command in '/home/padowan/software-training/build/obstacle_detector' returned '0': CMAKE_PREFIX_PATH=${CMAKE_PREFIX_PATH}:/opt/ros/foxy /usr/bin/cmake --install /home/padowan/software-training/build/obstacle_detector
