[0.195s] Invoking command in '/home/robojackets/training_ws/src/software-training/build/mapping': CMAKE_PREFIX_PATH=${CMAKE_PREFIX_PATH}:/opt/ros/foxy /usr/bin/cmake --build /home/robojackets/training_ws/src/software-training/build/mapping -- -j6 -l6
[0.384s] [ 50%] Built target mapping_node
[0.423s] [100%] Built target mapping
[0.473s] Invoked command in '/home/robojackets/training_ws/src/software-training/build/mapping' returned '0': CMAKE_PREFIX_PATH=${CMAKE_PREFIX_PATH}:/opt/ros/foxy /usr/bin/cmake --build /home/robojackets/training_ws/src/software-training/build/mapping -- -j6 -l6
[0.761s] Invoking command in '/home/robojackets/training_ws/src/software-training/build/mapping': CMAKE_PREFIX_PATH=${CMAKE_PREFIX_PATH}:/opt/ros/foxy /usr/bin/cmake --install /home/robojackets/training_ws/src/software-training/build/mapping
[0.865s] -- Install configuration: ""
[0.877s] -- Up-to-date: /home/robojackets/training_ws/src/software-training/install/mapping/lib/mapping/mapping_node
[0.878s] -- Up-to-date: /home/robojackets/training_ws/src/software-training/install/mapping/lib/libmapping.so
[0.878s] -- Up-to-date: /home/robojackets/training_ws/src/software-training/install/mapping/share/mapping/launch
[0.878s] -- Up-to-date: /home/robojackets/training_ws/src/software-training/install/mapping/share/mapping/launch/mapping.launch.xml
[0.878s] -- Up-to-date: /home/robojackets/training_ws/src/software-training/install/mapping/share/ament_index/resource_index/package_run_dependencies/mapping
[0.878s] -- Up-to-date: /home/robojackets/training_ws/src/software-training/install/mapping/share/ament_index/resource_index/parent_prefix_path/mapping
[0.878s] -- Up-to-date: /home/robojackets/training_ws/src/software-training/install/mapping/share/mapping/environment/ament_prefix_path.sh
[0.878s] -- Up-to-date: /home/robojackets/training_ws/src/software-training/install/mapping/share/mapping/environment/ament_prefix_path.dsv
[0.878s] -- Up-to-date: /home/robojackets/training_ws/src/software-training/install/mapping/share/mapping/environment/path.sh
[0.878s] -- Up-to-date: /home/robojackets/training_ws/src/software-training/install/mapping/share/mapping/environment/path.dsv
[0.878s] -- Up-to-date: /home/robojackets/training_ws/src/software-training/install/mapping/share/mapping/local_setup.bash
[0.878s] -- Up-to-date: /home/robojackets/training_ws/src/software-training/install/mapping/share/mapping/local_setup.sh
[0.879s] -- Up-to-date: /home/robojackets/training_ws/src/software-training/install/mapping/share/mapping/local_setup.zsh
[0.879s] -- Up-to-date: /home/robojackets/training_ws/src/software-training/install/mapping/share/mapping/local_setup.dsv
[0.879s] -- Installing: /home/robojackets/training_ws/src/software-training/install/mapping/share/mapping/package.dsv
[0.879s] -- Up-to-date: /home/robojackets/training_ws/src/software-training/install/mapping/share/ament_index/resource_index/packages/mapping
[0.879s] -- Up-to-date: /home/robojackets/training_ws/src/software-training/install/mapping/share/ament_index/resource_index/rclcpp_components/mapping
[0.879s] -- Up-to-date: /home/robojackets/training_ws/src/software-training/install/mapping/share/mapping/cmake/mappingConfig.cmake
[0.879s] -- Up-to-date: /home/robojackets/training_ws/src/software-training/install/mapping/share/mapping/cmake/mappingConfig-version.cmake
[0.880s] -- Up-to-date: /home/robojackets/training_ws/src/software-training/install/mapping/share/mapping/package.xml
[1.148s] Invoked command in '/home/robojackets/training_ws/src/software-training/build/mapping' returned '0': CMAKE_PREFIX_PATH=${CMAKE_PREFIX_PATH}:/opt/ros/foxy /usr/bin/cmake --install /home/robojackets/training_ws/src/software-training/build/mapping
