[0.271s] Invoking command in '/home/robojackets/training_ws/src/software-training/build/obstacle_detector': CMAKE_PREFIX_PATH=${CMAKE_PREFIX_PATH}:/opt/ros/foxy /usr/bin/cmake --build /home/robojackets/training_ws/src/software-training/build/obstacle_detector -- -j6 -l6
[0.439s] [ 40%] Built target obstacle_detector_node
[0.541s] [100%] Built target obstacle_detector
[0.666s] Invoked command in '/home/robojackets/training_ws/src/software-training/build/obstacle_detector' returned '0': CMAKE_PREFIX_PATH=${CMAKE_PREFIX_PATH}:/opt/ros/foxy /usr/bin/cmake --build /home/robojackets/training_ws/src/software-training/build/obstacle_detector -- -j6 -l6
[1.249s] Invoking command in '/home/robojackets/training_ws/src/software-training/build/obstacle_detector': CMAKE_PREFIX_PATH=${CMAKE_PREFIX_PATH}:/opt/ros/foxy /usr/bin/cmake --install /home/robojackets/training_ws/src/software-training/build/obstacle_detector
[1.310s] -- Install configuration: ""
[1.313s] -- Up-to-date: /home/robojackets/training_ws/src/software-training/install/obstacle_detector/lib/obstacle_detector/obstacle_detector_node
[1.314s] -- Up-to-date: /home/robojackets/training_ws/src/software-training/install/obstacle_detector/lib/libobstacle_detector.so
[1.314s] -- Up-to-date: /home/robojackets/training_ws/src/software-training/install/obstacle_detector/share/obstacle_detector/launch
[1.315s] -- Up-to-date: /home/robojackets/training_ws/src/software-training/install/obstacle_detector/share/obstacle_detector/launch/obstacle_detector.launch.py
[1.315s] -- Up-to-date: /home/robojackets/training_ws/src/software-training/install/obstacle_detector/share/obstacle_detector/config
[1.315s] -- Up-to-date: /home/robojackets/training_ws/src/software-training/install/obstacle_detector/share/obstacle_detector/config/obstacle_detector_parameters.yaml
[1.316s] -- Up-to-date: /home/robojackets/training_ws/src/software-training/install/obstacle_detector/share/ament_index/resource_index/package_run_dependencies/obstacle_detector
[1.316s] -- Up-to-date: /home/robojackets/training_ws/src/software-training/install/obstacle_detector/share/ament_index/resource_index/parent_prefix_path/obstacle_detector
[1.317s] -- Up-to-date: /home/robojackets/training_ws/src/software-training/install/obstacle_detector/share/obstacle_detector/environment/ament_prefix_path.sh
[1.317s] -- Up-to-date: /home/robojackets/training_ws/src/software-training/install/obstacle_detector/share/obstacle_detector/environment/ament_prefix_path.dsv
[1.318s] -- Up-to-date: /home/robojackets/training_ws/src/software-training/install/obstacle_detector/share/obstacle_detector/environment/path.sh
[1.322s] -- Up-to-date: /home/robojackets/training_ws/src/software-training/install/obstacle_detector/share/obstacle_detector/environment/path.dsv
[1.322s] -- Up-to-date: /home/robojackets/training_ws/src/software-training/install/obstacle_detector/share/obstacle_detector/local_setup.bash
[1.323s] -- Up-to-date: /home/robojackets/training_ws/src/software-training/install/obstacle_detector/share/obstacle_detector/local_setup.sh
[1.323s] -- Up-to-date: /home/robojackets/training_ws/src/software-training/install/obstacle_detector/share/obstacle_detector/local_setup.zsh
[1.323s] -- Up-to-date: /home/robojackets/training_ws/src/software-training/install/obstacle_detector/share/obstacle_detector/local_setup.dsv
[1.328s] -- Installing: /home/robojackets/training_ws/src/software-training/install/obstacle_detector/share/obstacle_detector/package.dsv
[1.330s] -- Up-to-date: /home/robojackets/training_ws/src/software-training/install/obstacle_detector/share/ament_index/resource_index/packages/obstacle_detector
[1.331s] -- Up-to-date: /home/robojackets/training_ws/src/software-training/install/obstacle_detector/share/ament_index/resource_index/rclcpp_components/obstacle_detector
[1.331s] -- Up-to-date: /home/robojackets/training_ws/src/software-training/install/obstacle_detector/share/obstacle_detector/cmake/obstacle_detectorConfig.cmake
[1.331s] -- Up-to-date: /home/robojackets/training_ws/src/software-training/install/obstacle_detector/share/obstacle_detector/cmake/obstacle_detectorConfig-version.cmake
[1.331s] -- Up-to-date: /home/robojackets/training_ws/src/software-training/install/obstacle_detector/share/obstacle_detector/package.xml
[1.335s] Invoked command in '/home/robojackets/training_ws/src/software-training/build/obstacle_detector' returned '0': CMAKE_PREFIX_PATH=${CMAKE_PREFIX_PATH}:/opt/ros/foxy /usr/bin/cmake --install /home/robojackets/training_ws/src/software-training/build/obstacle_detector
