[0.129s] Invoking command in '/home/padowan/software-training/build/localization': CMAKE_PREFIX_PATH=${CMAKE_PREFIX_PATH}:/opt/ros/foxy /usr/bin/cmake --build /home/padowan/software-training/build/localization -- -j12 -l12
[0.470s] [ 25%] Built target localization_node
[0.481s] [100%] Built target localization_component
[0.536s] Invoked command in '/home/padowan/software-training/build/localization' returned '0': CMAKE_PREFIX_PATH=${CMAKE_PREFIX_PATH}:/opt/ros/foxy /usr/bin/cmake --build /home/padowan/software-training/build/localization -- -j12 -l12
[0.893s] Invoking command in '/home/padowan/software-training/build/localization': CMAKE_PREFIX_PATH=${CMAKE_PREFIX_PATH}:/opt/ros/foxy /usr/bin/cmake --install /home/padowan/software-training/build/localization
[0.963s] -- Install configuration: ""
[0.963s] -- Up-to-date: /home/padowan/software-training/install/localization/lib/localization/localization_node
[0.964s] -- Up-to-date: /home/padowan/software-training/install/localization/lib/liblocalization_component.so
[0.974s] -- Up-to-date: /home/padowan/software-training/install/localization/share/localization/launch
[0.975s] -- Up-to-date: /home/padowan/software-training/install/localization/share/localization/launch/particle_filter_localizer.launch.py
[0.978s] -- Up-to-date: /home/padowan/software-training/install/localization/share/localization/config
[0.979s] -- Up-to-date: /home/padowan/software-training/install/localization/share/localization/config/localizer_params.yaml
[0.980s] -- Up-to-date: /home/padowan/software-training/install/localization/share/ament_index/resource_index/package_run_dependencies/localization
[0.981s] -- Up-to-date: /home/padowan/software-training/install/localization/share/ament_index/resource_index/parent_prefix_path/localization
[0.981s] -- Up-to-date: /home/padowan/software-training/install/localization/share/localization/environment/ament_prefix_path.sh
[0.982s] -- Up-to-date: /home/padowan/software-training/install/localization/share/localization/environment/ament_prefix_path.dsv
[0.982s] -- Up-to-date: /home/padowan/software-training/install/localization/share/localization/environment/path.sh
[0.983s] -- Up-to-date: /home/padowan/software-training/install/localization/share/localization/environment/path.dsv
[0.984s] -- Up-to-date: /home/padowan/software-training/install/localization/share/localization/local_setup.bash
[0.984s] -- Up-to-date: /home/padowan/software-training/install/localization/share/localization/local_setup.sh
[0.984s] -- Up-to-date: /home/padowan/software-training/install/localization/share/localization/local_setup.zsh
[0.985s] -- Up-to-date: /home/padowan/software-training/install/localization/share/localization/local_setup.dsv
[0.985s] -- Installing: /home/padowan/software-training/install/localization/share/localization/package.dsv
[0.985s] -- Up-to-date: /home/padowan/software-training/install/localization/share/ament_index/resource_index/packages/localization
[0.986s] -- Up-to-date: /home/padowan/software-training/install/localization/share/ament_index/resource_index/rclcpp_components/localization
[0.986s] -- Up-to-date: /home/padowan/software-training/install/localization/share/localization/cmake/localizationConfig.cmake
[0.986s] -- Up-to-date: /home/padowan/software-training/install/localization/share/localization/cmake/localizationConfig-version.cmake
[0.987s] -- Up-to-date: /home/padowan/software-training/install/localization/share/localization/package.xml
[1.216s] Invoked command in '/home/padowan/software-training/build/localization' returned '0': CMAKE_PREFIX_PATH=${CMAKE_PREFIX_PATH}:/opt/ros/foxy /usr/bin/cmake --install /home/padowan/software-training/build/localization
