[0.128s] Invoking command in '/home/robojackets/training_ws/src/software-training/build/mineral_deposit_tracking': CMAKE_PREFIX_PATH=${CMAKE_PREFIX_PATH}:/opt/ros/foxy /usr/bin/cmake /home/robojackets/training_ws/src/software-training/mineral_deposit_tracking -DCMAKE_INSTALL_PREFIX=/home/robojackets/training_ws/src/software-training/install/mineral_deposit_tracking
[5.520s] -- The C compiler identification is GNU 9.3.0
[5.522s] -- The CXX compiler identification is GNU 9.3.0
[5.523s] -- Check for working C compiler: /usr/bin/cc
[5.524s] -- Check for working C compiler: /usr/bin/cc -- works
[5.524s] -- Detecting C compiler ABI info
[5.525s] -- Detecting C compiler ABI info - done
[5.525s] -- Detecting C compile features
[5.525s] -- Detecting C compile features - done
[5.525s] -- Check for working CXX compiler: /usr/bin/c++
[5.525s] -- Check for working CXX compiler: /usr/bin/c++ -- works
[5.526s] -- Detecting CXX compiler ABI info
[5.529s] -- Detecting CXX compiler ABI info - done
[5.530s] -- Detecting CXX compile features
[5.530s] -- Detecting CXX compile features - done
[5.530s] -- Found ament_cmake: 0.9.9 (/opt/ros/foxy/share/ament_cmake/cmake)
[5.530s] -- Found PythonInterp: /usr/bin/python3 (found suitable version "3.8.10", minimum required is "3") 
[5.530s] -- Using PYTHON_EXECUTABLE: /usr/bin/python3
[5.531s] -- Found rclcpp: 2.4.0 (/opt/ros/foxy/share/rclcpp/cmake)
[5.531s] -- Using all available rosidl_typesupport_c: rosidl_typesupport_fastrtps_c;rosidl_typesupport_introspection_c
[5.531s] -- Found rosidl_adapter: 1.2.1 (/opt/ros/foxy/share/rosidl_adapter/cmake)
[5.531s] -- Found OpenSSL: /usr/lib/x86_64-linux-gnu/libcrypto.so (found version "1.1.1f")  
[5.531s] -- Found FastRTPS: /opt/ros/foxy/include  
[5.531s] -- Using all available rosidl_typesupport_cpp: rosidl_typesupport_fastrtps_cpp;rosidl_typesupport_introspection_cpp
[5.531s] -- Found rmw_implementation_cmake: 1.0.3 (/opt/ros/foxy/share/rmw_implementation_cmake/cmake)
[5.531s] -- Using RMW implementation 'rmw_fastrtps_cpp' as default
[5.531s] -- Looking for pthread.h
[5.531s] -- Looking for pthread.h - found
[5.531s] -- Performing Test CMAKE_HAVE_LIBC_PTHREAD
[5.531s] -- Performing Test CMAKE_HAVE_LIBC_PTHREAD - Failed
[5.531s] -- Looking for pthread_create in pthreads
[5.531s] -- Looking for pthread_create in pthreads - not found
[5.531s] -- Looking for pthread_create in pthread
[5.531s] -- Looking for pthread_create in pthread - found
[5.532s] -- Found Threads: TRUE  
[5.532s] -- Found rclcpp_components: 2.4.0 (/opt/ros/foxy/share/rclcpp_components/cmake)
[5.532s] -- Found stsl_interfaces: 0.0.4 (/opt/ros/foxy/share/stsl_interfaces/cmake)
[5.532s] -- Found eigen3_cmake_module: 0.1.1 (/opt/ros/foxy/share/eigen3_cmake_module/cmake)
[5.532s] -- Found Eigen3: TRUE (found version "3.3.7") 
[5.532s] -- Found tf2_ros: 0.13.12 (/opt/ros/foxy/share/tf2_ros/cmake)
[5.532s] -- Found tf2_eigen: 0.13.12 (/opt/ros/foxy/share/tf2_eigen/cmake)
[5.532s] -- Found ament_lint_auto: 0.9.6 (/opt/ros/foxy/share/ament_lint_auto/cmake)
[5.582s] -- Added test 'copyright' to check source files copyright and LICENSE
[5.584s] -- Added test 'cppcheck' to perform static code analysis on C / C++ code
[5.585s] -- Configured cppcheck include dirs: 
[5.585s] -- Configured cppcheck exclude dirs and/or files: 
[5.585s] -- Added test 'cpplint' to check C / C++ code against the Google style
[5.585s] -- Configured cpplint exclude dirs and/or files: 
[5.586s] -- Added test 'lint_cmake' to check CMake code style
[5.587s] -- Added test 'uncrustify' to check C / C++ code style
[5.587s] -- Configured uncrustify additional arguments: 
[5.588s] -- Added test 'xmllint' to check XML markup files
[5.592s] -- Configuring done
[5.618s] -- Generating done
[5.621s] -- Build files have been written to: /home/robojackets/training_ws/src/software-training/build/mineral_deposit_tracking
[5.671s] Invoked command in '/home/robojackets/training_ws/src/software-training/build/mineral_deposit_tracking' returned '0': CMAKE_PREFIX_PATH=${CMAKE_PREFIX_PATH}:/opt/ros/foxy /usr/bin/cmake /home/robojackets/training_ws/src/software-training/mineral_deposit_tracking -DCMAKE_INSTALL_PREFIX=/home/robojackets/training_ws/src/software-training/install/mineral_deposit_tracking
[5.672s] Invoking command in '/home/robojackets/training_ws/src/software-training/build/mineral_deposit_tracking': CMAKE_PREFIX_PATH=${CMAKE_PREFIX_PATH}:/opt/ros/foxy /usr/bin/cmake --build /home/robojackets/training_ws/src/software-training/build/mineral_deposit_tracking -- -j6 -l6
[5.979s] [35m[1mScanning dependencies of target mineral_deposit_tracker[0m
[5.979s] [35m[1mScanning dependencies of target mineral_deposit_tracking[0m
[6.169s] [ 25%] [32mBuilding CXX object CMakeFiles/mineral_deposit_tracker.dir/rclcpp_components/node_main_mineral_deposit_tracker.cpp.o[0m
[6.836s] [ 50%] [32mBuilding CXX object CMakeFiles/mineral_deposit_tracking.dir/src/mineral_deposit_tracker.cpp.o[0m
[57.004s] [ 75%] [32m[1mLinking CXX executable mineral_deposit_tracker[0m
[58.616s] [ 75%] Built target mineral_deposit_tracker
[65.268s] [100%] [32m[1mLinking CXX shared library libmineral_deposit_tracking.so[0m
[65.864s] [100%] Built target mineral_deposit_tracking
[65.890s] Invoked command in '/home/robojackets/training_ws/src/software-training/build/mineral_deposit_tracking' returned '0': CMAKE_PREFIX_PATH=${CMAKE_PREFIX_PATH}:/opt/ros/foxy /usr/bin/cmake --build /home/robojackets/training_ws/src/software-training/build/mineral_deposit_tracking -- -j6 -l6
[65.984s] Invoking command in '/home/robojackets/training_ws/src/software-training/build/mineral_deposit_tracking': CMAKE_PREFIX_PATH=${CMAKE_PREFIX_PATH}:/opt/ros/foxy /usr/bin/cmake --install /home/robojackets/training_ws/src/software-training/build/mineral_deposit_tracking
[66.002s] -- Install configuration: ""
[66.003s] -- Installing: /home/robojackets/training_ws/src/software-training/install/mineral_deposit_tracking/lib/mineral_deposit_tracking/mineral_deposit_tracker
[66.006s] -- Set runtime path of "/home/robojackets/training_ws/src/software-training/install/mineral_deposit_tracking/lib/mineral_deposit_tracking/mineral_deposit_tracker" to ""
[66.006s] -- Installing: /home/robojackets/training_ws/src/software-training/install/mineral_deposit_tracking/lib/libmineral_deposit_tracking.so
[66.013s] -- Set runtime path of "/home/robojackets/training_ws/src/software-training/install/mineral_deposit_tracking/lib/libmineral_deposit_tracking.so" to ""
[66.014s] -- Installing: /home/robojackets/training_ws/src/software-training/install/mineral_deposit_tracking/share/ament_index/resource_index/package_run_dependencies/mineral_deposit_tracking
[66.014s] -- Installing: /home/robojackets/training_ws/src/software-training/install/mineral_deposit_tracking/share/ament_index/resource_index/parent_prefix_path/mineral_deposit_tracking
[66.017s] -- Installing: /home/robojackets/training_ws/src/software-training/install/mineral_deposit_tracking/share/mineral_deposit_tracking/environment/ament_prefix_path.sh
[66.017s] -- Installing: /home/robojackets/training_ws/src/software-training/install/mineral_deposit_tracking/share/mineral_deposit_tracking/environment/ament_prefix_path.dsv
[66.018s] -- Installing: /home/robojackets/training_ws/src/software-training/install/mineral_deposit_tracking/share/mineral_deposit_tracking/environment/path.sh
[66.019s] -- Installing: /home/robojackets/training_ws/src/software-training/install/mineral_deposit_tracking/share/mineral_deposit_tracking/environment/path.dsv
[66.019s] -- Installing: /home/robojackets/training_ws/src/software-training/install/mineral_deposit_tracking/share/mineral_deposit_tracking/local_setup.bash
[66.019s] -- Installing: /home/robojackets/training_ws/src/software-training/install/mineral_deposit_tracking/share/mineral_deposit_tracking/local_setup.sh
[66.020s] -- Installing: /home/robojackets/training_ws/src/software-training/install/mineral_deposit_tracking/share/mineral_deposit_tracking/local_setup.zsh
[66.020s] -- Installing: /home/robojackets/training_ws/src/software-training/install/mineral_deposit_tracking/share/mineral_deposit_tracking/local_setup.dsv
[66.034s] -- Installing: /home/robojackets/training_ws/src/software-training/install/mineral_deposit_tracking/share/mineral_deposit_tracking/package.dsv
[66.043s] -- Installing: /home/robojackets/training_ws/src/software-training/install/mineral_deposit_tracking/share/ament_index/resource_index/packages/mineral_deposit_tracking
[66.044s] -- Installing: /home/robojackets/training_ws/src/software-training/install/mineral_deposit_tracking/share/ament_index/resource_index/rclcpp_components/mineral_deposit_tracking
[66.044s] -- Installing: /home/robojackets/training_ws/src/software-training/install/mineral_deposit_tracking/share/mineral_deposit_tracking/cmake/mineral_deposit_trackingConfig.cmake
[66.044s] -- Installing: /home/robojackets/training_ws/src/software-training/install/mineral_deposit_tracking/share/mineral_deposit_tracking/cmake/mineral_deposit_trackingConfig-version.cmake
[66.044s] -- Installing: /home/robojackets/training_ws/src/software-training/install/mineral_deposit_tracking/share/mineral_deposit_tracking/package.xml
[66.047s] Invoked command in '/home/robojackets/training_ws/src/software-training/build/mineral_deposit_tracking' returned '0': CMAKE_PREFIX_PATH=${CMAKE_PREFIX_PATH}:/opt/ros/foxy /usr/bin/cmake --install /home/robojackets/training_ws/src/software-training/build/mineral_deposit_tracking
