[0.121s] Invoking command in '/home/padowan/software-training/build/peak_finder': CMAKE_PREFIX_PATH=${CMAKE_PREFIX_PATH}:/opt/ros/foxy /usr/bin/cmake --build /home/padowan/software-training/build/peak_finder -- -j12 -l12
[0.407s] [ 40%] Built target peak_finder_node
[0.415s] [100%] Built target peak_finder_components
[0.467s] Invoked command in '/home/padowan/software-training/build/peak_finder' returned '0': CMAKE_PREFIX_PATH=${CMAKE_PREFIX_PATH}:/opt/ros/foxy /usr/bin/cmake --build /home/padowan/software-training/build/peak_finder -- -j12 -l12
[0.737s] Invoking command in '/home/padowan/software-training/build/peak_finder': CMAKE_PREFIX_PATH=${CMAKE_PREFIX_PATH}:/opt/ros/foxy /usr/bin/cmake --install /home/padowan/software-training/build/peak_finder
[0.780s] -- Install configuration: ""
[0.781s] -- Up-to-date: /home/padowan/software-training/install/peak_finder/lib/peak_finder/peak_finder_node
[0.781s] -- Up-to-date: /home/padowan/software-training/install/peak_finder/lib/libpeak_finder_components.so
[0.781s] -- Up-to-date: /home/padowan/software-training/install/peak_finder/share/ament_index/resource_index/package_run_dependencies/peak_finder
[0.782s] -- Up-to-date: /home/padowan/software-training/install/peak_finder/share/ament_index/resource_index/parent_prefix_path/peak_finder
[0.782s] -- Up-to-date: /home/padowan/software-training/install/peak_finder/share/peak_finder/environment/ament_prefix_path.sh
[0.782s] -- Up-to-date: /home/padowan/software-training/install/peak_finder/share/peak_finder/environment/ament_prefix_path.dsv
[0.783s] -- Up-to-date: /home/padowan/software-training/install/peak_finder/share/peak_finder/environment/path.sh
[0.783s] -- Up-to-date: /home/padowan/software-training/install/peak_finder/share/peak_finder/environment/path.dsv
[0.784s] -- Up-to-date: /home/padowan/software-training/install/peak_finder/share/peak_finder/local_setup.bash
[0.800s] -- Up-to-date: /home/padowan/software-training/install/peak_finder/share/peak_finder/local_setup.sh
[0.801s] -- Up-to-date: /home/padowan/software-training/install/peak_finder/share/peak_finder/local_setup.zsh
[0.801s] -- Up-to-date: /home/padowan/software-training/install/peak_finder/share/peak_finder/local_setup.dsv
[0.802s] -- Installing: /home/padowan/software-training/install/peak_finder/share/peak_finder/package.dsv
[0.803s] -- Up-to-date: /home/padowan/software-training/install/peak_finder/share/ament_index/resource_index/packages/peak_finder
[0.803s] -- Up-to-date: /home/padowan/software-training/install/peak_finder/share/ament_index/resource_index/rclcpp_components/peak_finder
[0.803s] -- Up-to-date: /home/padowan/software-training/install/peak_finder/share/peak_finder/cmake/peak_finderConfig.cmake
[0.804s] -- Up-to-date: /home/padowan/software-training/install/peak_finder/share/peak_finder/cmake/peak_finderConfig-version.cmake
[0.805s] -- Up-to-date: /home/padowan/software-training/install/peak_finder/share/peak_finder/package.xml
[0.933s] Invoked command in '/home/padowan/software-training/build/peak_finder' returned '0': CMAKE_PREFIX_PATH=${CMAKE_PREFIX_PATH}:/opt/ros/foxy /usr/bin/cmake --install /home/padowan/software-training/build/peak_finder
