[0.121s] Invoking command in '/home/padowan/software-training/build/peak_finder': CMAKE_PREFIX_PATH=${CMAKE_PREFIX_PATH}:/opt/ros/foxy /usr/bin/cmake --build /home/padowan/software-training/build/peak_finder -- -j12 -l12
[0.430s] [ 40%] Built target peak_finder_node
[0.489s] [100%] Built target peak_finder_components
[0.531s] Invoked command in '/home/padowan/software-training/build/peak_finder' returned '0': CMAKE_PREFIX_PATH=${CMAKE_PREFIX_PATH}:/opt/ros/foxy /usr/bin/cmake --build /home/padowan/software-training/build/peak_finder -- -j12 -l12
[0.796s] Invoking command in '/home/padowan/software-training/build/peak_finder': CMAKE_PREFIX_PATH=${CMAKE_PREFIX_PATH}:/opt/ros/foxy /usr/bin/cmake --install /home/padowan/software-training/build/peak_finder
[0.894s] -- Install configuration: ""
[0.899s] -- Up-to-date: /home/padowan/software-training/install/peak_finder/lib/peak_finder/peak_finder_node
[0.901s] -- Up-to-date: /home/padowan/software-training/install/peak_finder/lib/libpeak_finder_components.so
[0.901s] -- Up-to-date: /home/padowan/software-training/install/peak_finder/share/ament_index/resource_index/package_run_dependencies/peak_finder
[0.903s] -- Up-to-date: /home/padowan/software-training/install/peak_finder/share/ament_index/resource_index/parent_prefix_path/peak_finder
[0.904s] -- Up-to-date: /home/padowan/software-training/install/peak_finder/share/peak_finder/environment/ament_prefix_path.sh
[0.905s] -- Up-to-date: /home/padowan/software-training/install/peak_finder/share/peak_finder/environment/ament_prefix_path.dsv
[0.906s] -- Up-to-date: /home/padowan/software-training/install/peak_finder/share/peak_finder/environment/path.sh
[0.907s] -- Up-to-date: /home/padowan/software-training/install/peak_finder/share/peak_finder/environment/path.dsv
[0.908s] -- Up-to-date: /home/padowan/software-training/install/peak_finder/share/peak_finder/local_setup.bash
[0.908s] -- Up-to-date: /home/padowan/software-training/install/peak_finder/share/peak_finder/local_setup.sh
[0.911s] -- Up-to-date: /home/padowan/software-training/install/peak_finder/share/peak_finder/local_setup.zsh
[0.912s] -- Up-to-date: /home/padowan/software-training/install/peak_finder/share/peak_finder/local_setup.dsv
[0.915s] -- Installing: /home/padowan/software-training/install/peak_finder/share/peak_finder/package.dsv
[0.915s] -- Up-to-date: /home/padowan/software-training/install/peak_finder/share/ament_index/resource_index/packages/peak_finder
[0.915s] -- Up-to-date: /home/padowan/software-training/install/peak_finder/share/ament_index/resource_index/rclcpp_components/peak_finder
[0.916s] -- Up-to-date: /home/padowan/software-training/install/peak_finder/share/peak_finder/cmake/peak_finderConfig.cmake
[0.916s] -- Up-to-date: /home/padowan/software-training/install/peak_finder/share/peak_finder/cmake/peak_finderConfig-version.cmake
[0.916s] -- Up-to-date: /home/padowan/software-training/install/peak_finder/share/peak_finder/package.xml
[1.037s] Invoked command in '/home/padowan/software-training/build/peak_finder' returned '0': CMAKE_PREFIX_PATH=${CMAKE_PREFIX_PATH}:/opt/ros/foxy /usr/bin/cmake --install /home/padowan/software-training/build/peak_finder
