[0.147s] Invoking command in '/home/robojackets/training_ws/src/software-training/build/localization': CMAKE_PREFIX_PATH=${CMAKE_PREFIX_PATH}:/opt/ros/foxy /usr/bin/cmake --build /home/robojackets/training_ws/src/software-training/build/localization -- -j6 -l6
[0.264s] [ 28%] Built target localization_node
[0.266s] [100%] Built target localization_component
[0.288s] Invoked command in '/home/robojackets/training_ws/src/software-training/build/localization' returned '0': CMAKE_PREFIX_PATH=${CMAKE_PREFIX_PATH}:/opt/ros/foxy /usr/bin/cmake --build /home/robojackets/training_ws/src/software-training/build/localization -- -j6 -l6
[0.438s] Invoking command in '/home/robojackets/training_ws/src/software-training/build/localization': CMAKE_PREFIX_PATH=${CMAKE_PREFIX_PATH}:/opt/ros/foxy /usr/bin/cmake --install /home/robojackets/training_ws/src/software-training/build/localization
[0.488s] -- Install configuration: ""
[0.488s] -- Up-to-date: /home/robojackets/training_ws/src/software-training/install/localization/lib/localization/localization_node
[0.491s] -- Up-to-date: /home/robojackets/training_ws/src/software-training/install/localization/lib/liblocalization_component.so
[0.492s] -- Up-to-date: /home/robojackets/training_ws/src/software-training/install/localization/share/localization/launch
[0.494s] -- Up-to-date: /home/robojackets/training_ws/src/software-training/install/localization/share/localization/launch/particle_filter_localizer.launch.py
[0.494s] -- Up-to-date: /home/robojackets/training_ws/src/software-training/install/localization/share/localization/config
[0.495s] -- Up-to-date: /home/robojackets/training_ws/src/software-training/install/localization/share/localization/config/localizer_params.yaml
[0.495s] -- Up-to-date: /home/robojackets/training_ws/src/software-training/install/localization/share/ament_index/resource_index/package_run_dependencies/localization
[0.497s] -- Up-to-date: /home/robojackets/training_ws/src/software-training/install/localization/share/ament_index/resource_index/parent_prefix_path/localization
[0.498s] -- Up-to-date: /home/robojackets/training_ws/src/software-training/install/localization/share/localization/environment/ament_prefix_path.sh
[0.499s] -- Up-to-date: /home/robojackets/training_ws/src/software-training/install/localization/share/localization/environment/ament_prefix_path.dsv
[0.500s] -- Up-to-date: /home/robojackets/training_ws/src/software-training/install/localization/share/localization/environment/path.sh
[0.500s] -- Up-to-date: /home/robojackets/training_ws/src/software-training/install/localization/share/localization/environment/path.dsv
[0.501s] -- Up-to-date: /home/robojackets/training_ws/src/software-training/install/localization/share/localization/local_setup.bash
[0.502s] -- Up-to-date: /home/robojackets/training_ws/src/software-training/install/localization/share/localization/local_setup.sh
[0.504s] -- Up-to-date: /home/robojackets/training_ws/src/software-training/install/localization/share/localization/local_setup.zsh
[0.504s] -- Up-to-date: /home/robojackets/training_ws/src/software-training/install/localization/share/localization/local_setup.dsv
[0.504s] -- Installing: /home/robojackets/training_ws/src/software-training/install/localization/share/localization/package.dsv
[0.504s] -- Up-to-date: /home/robojackets/training_ws/src/software-training/install/localization/share/ament_index/resource_index/packages/localization
[0.505s] -- Up-to-date: /home/robojackets/training_ws/src/software-training/install/localization/share/ament_index/resource_index/rclcpp_components/localization
[0.506s] -- Up-to-date: /home/robojackets/training_ws/src/software-training/install/localization/share/localization/cmake/localizationConfig.cmake
[0.506s] -- Up-to-date: /home/robojackets/training_ws/src/software-training/install/localization/share/localization/cmake/localizationConfig-version.cmake
[0.507s] -- Up-to-date: /home/robojackets/training_ws/src/software-training/install/localization/share/localization/package.xml
[0.519s] Invoked command in '/home/robojackets/training_ws/src/software-training/build/localization' returned '0': CMAKE_PREFIX_PATH=${CMAKE_PREFIX_PATH}:/opt/ros/foxy /usr/bin/cmake --install /home/robojackets/training_ws/src/software-training/build/localization
