[0.134s] Invoking command in '/home/padowan/software-training/build/astar_path_planner': CMAKE_PREFIX_PATH=${CMAKE_PREFIX_PATH}:/opt/ros/foxy /usr/bin/cmake --build /home/padowan/software-training/build/astar_path_planner -- -j12 -l12
[0.379s] [100%] Built target astar_path_planner
[0.412s] Invoked command in '/home/padowan/software-training/build/astar_path_planner' returned '0': CMAKE_PREFIX_PATH=${CMAKE_PREFIX_PATH}:/opt/ros/foxy /usr/bin/cmake --build /home/padowan/software-training/build/astar_path_planner -- -j12 -l12
[0.540s] Invoking command in '/home/padowan/software-training/build/astar_path_planner': CMAKE_PREFIX_PATH=${CMAKE_PREFIX_PATH}:/opt/ros/foxy /usr/bin/cmake --install /home/padowan/software-training/build/astar_path_planner
[0.641s] -- Install configuration: ""
[0.642s] -- Up-to-date: /home/padowan/software-training/install/astar_path_planner/lib/libastar_path_planner.so
[0.642s] -- Up-to-date: /home/padowan/software-training/install/astar_path_planner/share/astar_path_planner/astar_path_planner_libraries.xml
[0.642s] -- Up-to-date: /home/padowan/software-training/install/astar_path_planner/share/ament_index/resource_index/package_run_dependencies/astar_path_planner
[0.643s] -- Up-to-date: /home/padowan/software-training/install/astar_path_planner/share/ament_index/resource_index/parent_prefix_path/astar_path_planner
[0.645s] -- Up-to-date: /home/padowan/software-training/install/astar_path_planner/share/astar_path_planner/environment/ament_prefix_path.sh
[0.646s] -- Up-to-date: /home/padowan/software-training/install/astar_path_planner/share/astar_path_planner/environment/ament_prefix_path.dsv
[0.647s] -- Up-to-date: /home/padowan/software-training/install/astar_path_planner/share/astar_path_planner/environment/path.sh
[0.648s] -- Up-to-date: /home/padowan/software-training/install/astar_path_planner/share/astar_path_planner/environment/path.dsv
[0.649s] -- Up-to-date: /home/padowan/software-training/install/astar_path_planner/share/astar_path_planner/local_setup.bash
[0.649s] -- Up-to-date: /home/padowan/software-training/install/astar_path_planner/share/astar_path_planner/local_setup.sh
[0.650s] -- Up-to-date: /home/padowan/software-training/install/astar_path_planner/share/astar_path_planner/local_setup.zsh
[0.650s] -- Up-to-date: /home/padowan/software-training/install/astar_path_planner/share/astar_path_planner/local_setup.dsv
[0.651s] -- Installing: /home/padowan/software-training/install/astar_path_planner/share/astar_path_planner/package.dsv
[0.651s] -- Up-to-date: /home/padowan/software-training/install/astar_path_planner/share/ament_index/resource_index/packages/astar_path_planner
[0.652s] -- Up-to-date: /home/padowan/software-training/install/astar_path_planner/share/ament_index/resource_index/nav2_core__pluginlib__plugin/astar_path_planner
[0.652s] -- Up-to-date: /home/padowan/software-training/install/astar_path_planner/share/astar_path_planner/cmake/ament_cmake_export_include_directories-extras.cmake
[0.652s] -- Up-to-date: /home/padowan/software-training/install/astar_path_planner/share/astar_path_planner/cmake/ament_cmake_export_dependencies-extras.cmake
[0.653s] -- Up-to-date: /home/padowan/software-training/install/astar_path_planner/share/astar_path_planner/cmake/astar_path_plannerConfig.cmake
[0.653s] -- Up-to-date: /home/padowan/software-training/install/astar_path_planner/share/astar_path_planner/cmake/astar_path_plannerConfig-version.cmake
[0.654s] -- Up-to-date: /home/padowan/software-training/install/astar_path_planner/share/astar_path_planner/package.xml
[0.720s] Invoked command in '/home/padowan/software-training/build/astar_path_planner' returned '0': CMAKE_PREFIX_PATH=${CMAKE_PREFIX_PATH}:/opt/ros/foxy /usr/bin/cmake --install /home/padowan/software-training/build/astar_path_planner
