[0.117s] Invoking command in '/home/robojackets/training_ws/src/software-training/build/localization': CMAKE_PREFIX_PATH=${CMAKE_PREFIX_PATH}:/opt/ros/foxy /usr/bin/cmake /home/robojackets/training_ws/src/software-training/localization -DCMAKE_INSTALL_PREFIX=/home/robojackets/training_ws/src/software-training/install/localization
[0.801s] -- The C compiler identification is GNU 9.3.0
[1.536s] -- The CXX compiler identification is GNU 9.3.0
[1.542s] -- Check for working C compiler: /usr/bin/cc
[1.730s] -- Check for working C compiler: /usr/bin/cc -- works
[1.736s] -- Detecting C compiler ABI info
[1.846s] -- Detecting C compiler ABI info - done
[1.862s] -- Detecting C compile features
[1.863s] -- Detecting C compile features - done
[1.873s] -- Check for working CXX compiler: /usr/bin/c++
[2.075s] -- Check for working CXX compiler: /usr/bin/c++ -- works
[2.076s] -- Detecting CXX compiler ABI info
[2.210s] -- Detecting CXX compiler ABI info - done
[2.224s] -- Detecting CXX compile features
[2.229s] -- Detecting CXX compile features - done
[2.263s] -- Found ament_cmake: 0.9.9 (/opt/ros/foxy/share/ament_cmake/cmake)
[2.310s] -- Found PythonInterp: /usr/bin/python3 (found suitable version "3.8.10", minimum required is "3") 
[2.310s] -- Using PYTHON_EXECUTABLE: /usr/bin/python3
[2.902s] -- Found rclcpp: 2.4.0 (/opt/ros/foxy/share/rclcpp/cmake)
[3.062s] -- Using all available rosidl_typesupport_c: rosidl_typesupport_fastrtps_c;rosidl_typesupport_introspection_c
[3.092s] -- Found rosidl_adapter: 1.2.1 (/opt/ros/foxy/share/rosidl_adapter/cmake)
[3.329s] -- Found OpenSSL: /usr/lib/x86_64-linux-gnu/libcrypto.so (found version "1.1.1f")  
[3.362s] -- Found FastRTPS: /opt/ros/foxy/include  
[3.505s] -- Using all available rosidl_typesupport_cpp: rosidl_typesupport_fastrtps_cpp;rosidl_typesupport_introspection_cpp
[3.647s] -- Found rmw_implementation_cmake: 1.0.3 (/opt/ros/foxy/share/rmw_implementation_cmake/cmake)
[3.652s] -- Using RMW implementation 'rmw_fastrtps_cpp' as default
[3.659s] -- Looking for pthread.h
[3.886s] -- Looking for pthread.h - found
[3.886s] -- Performing Test CMAKE_HAVE_LIBC_PTHREAD
[4.014s] -- Performing Test CMAKE_HAVE_LIBC_PTHREAD - Failed
[4.015s] -- Looking for pthread_create in pthreads
[4.131s] -- Looking for pthread_create in pthreads - not found
[4.133s] -- Looking for pthread_create in pthread
[4.255s] -- Looking for pthread_create in pthread - found
[4.257s] -- Found Threads: TRUE  
[4.526s] -- Found rclcpp_components: 2.4.0 (/opt/ros/foxy/share/rclcpp_components/cmake)
[4.668s] -- Found stsl_interfaces: 0.0.4 (/opt/ros/foxy/share/stsl_interfaces/cmake)
[4.994s] -- Found sensor_msgs: 2.0.4 (/opt/ros/foxy/share/sensor_msgs/cmake)
[5.099s] -- Found visualization_msgs: 2.0.4 (/opt/ros/foxy/share/visualization_msgs/cmake)
[5.204s] -- Found nav_msgs: 2.0.4 (/opt/ros/foxy/share/nav_msgs/cmake)
[5.321s] -- Found tf2_ros: 0.13.12 (/opt/ros/foxy/share/tf2_ros/cmake)
[5.657s] -- Found tf2_geometry_msgs: 0.13.12 (/opt/ros/foxy/share/tf2_geometry_msgs/cmake)
[5.668s] -- Found eigen3_cmake_module: 0.1.1 (/opt/ros/foxy/share/eigen3_cmake_module/cmake)
[5.672s] -- Found Eigen3: TRUE (found version "3.3.7") 
[5.848s] -- Found angles: 1.12.3 (/opt/ros/foxy/share/angles/cmake)
[5.972s] -- Found ament_lint_auto: 0.9.6 (/opt/ros/foxy/share/ament_lint_auto/cmake)
[6.588s] -- Added test 'copyright' to check source files copyright and LICENSE
[6.660s] -- Added test 'cppcheck' to perform static code analysis on C / C++ code
[6.660s] -- Configured cppcheck include dirs: 
[6.660s] -- Configured cppcheck exclude dirs and/or files: 
[6.666s] -- Added test 'cpplint' to check C / C++ code against the Google style
[6.666s] -- Configured cpplint exclude dirs and/or files: 
[6.672s] -- Added test 'flake8' to check Python code syntax and style conventions
[6.686s] -- Added test 'lint_cmake' to check CMake code style
[6.688s] -- Added test 'pep257' to check Python code against some of the style conventions in PEP 257
[6.693s] -- Added test 'uncrustify' to check C / C++ code style
[6.693s] -- Configured uncrustify additional arguments: 
[6.695s] -- Added test 'xmllint' to check XML markup files
[6.712s] -- Configuring done
[6.855s] -- Generating done
[6.878s] -- Build files have been written to: /home/robojackets/training_ws/src/software-training/build/localization
[7.012s] Invoked command in '/home/robojackets/training_ws/src/software-training/build/localization' returned '0': CMAKE_PREFIX_PATH=${CMAKE_PREFIX_PATH}:/opt/ros/foxy /usr/bin/cmake /home/robojackets/training_ws/src/software-training/localization -DCMAKE_INSTALL_PREFIX=/home/robojackets/training_ws/src/software-training/install/localization
[7.013s] Invoking command in '/home/robojackets/training_ws/src/software-training/build/localization': CMAKE_PREFIX_PATH=${CMAKE_PREFIX_PATH}:/opt/ros/foxy /usr/bin/cmake --build /home/robojackets/training_ws/src/software-training/build/localization -- -j6 -l6
[17.790s] [35m[1mScanning dependencies of target localization_node[0m
[17.793s] [35m[1mScanning dependencies of target localization_component[0m
[17.793s] [ 14%] [32mBuilding CXX object CMakeFiles/localization_node.dir/rclcpp_components/node_main_localization_node.cpp.o[0m
[17.793s] [ 28%] [32mBuilding CXX object CMakeFiles/localization_component.dir/src/aruco_sensor_model.cpp.o[0m
[17.793s] [ 42%] [32mBuilding CXX object CMakeFiles/localization_component.dir/src/motion_model.cpp.o[0m
[17.793s] [ 57%] [32mBuilding CXX object CMakeFiles/localization_component.dir/src/particle_filter_localizer.cpp.o[0m
[17.793s] [ 71%] [32mBuilding CXX object CMakeFiles/localization_component.dir/src/random_helpers.cpp.o[0m
[55.874s] [ 85%] [32m[1mLinking CXX executable localization_node[0m
[58.628s] [ 85%] Built target localization_node
[64.522s] [100%] [32m[1mLinking CXX shared library liblocalization_component.so[0m
[65.389s] [100%] Built target localization_component
[65.414s] Invoked command in '/home/robojackets/training_ws/src/software-training/build/localization' returned '0': CMAKE_PREFIX_PATH=${CMAKE_PREFIX_PATH}:/opt/ros/foxy /usr/bin/cmake --build /home/robojackets/training_ws/src/software-training/build/localization -- -j6 -l6
[65.532s] Invoking command in '/home/robojackets/training_ws/src/software-training/build/localization': CMAKE_PREFIX_PATH=${CMAKE_PREFIX_PATH}:/opt/ros/foxy /usr/bin/cmake --install /home/robojackets/training_ws/src/software-training/build/localization
[65.557s] -- Install configuration: ""
[65.559s] -- Installing: /home/robojackets/training_ws/src/software-training/install/localization/lib/localization/localization_node
[65.559s] -- Set runtime path of "/home/robojackets/training_ws/src/software-training/install/localization/lib/localization/localization_node" to ""
[65.561s] -- Installing: /home/robojackets/training_ws/src/software-training/install/localization/lib/liblocalization_component.so
[65.577s] -- Set runtime path of "/home/robojackets/training_ws/src/software-training/install/localization/lib/liblocalization_component.so" to ""
[65.578s] -- Installing: /home/robojackets/training_ws/src/software-training/install/localization/share/localization/launch
[65.578s] -- Installing: /home/robojackets/training_ws/src/software-training/install/localization/share/localization/launch/particle_filter_localizer.launch.py
[65.578s] -- Installing: /home/robojackets/training_ws/src/software-training/install/localization/share/localization/config
[65.578s] -- Installing: /home/robojackets/training_ws/src/software-training/install/localization/share/localization/config/localizer_params.yaml
[65.579s] -- Installing: /home/robojackets/training_ws/src/software-training/install/localization/share/ament_index/resource_index/package_run_dependencies/localization
[65.581s] -- Installing: /home/robojackets/training_ws/src/software-training/install/localization/share/ament_index/resource_index/parent_prefix_path/localization
[65.581s] -- Installing: /home/robojackets/training_ws/src/software-training/install/localization/share/localization/environment/ament_prefix_path.sh
[65.581s] -- Installing: /home/robojackets/training_ws/src/software-training/install/localization/share/localization/environment/ament_prefix_path.dsv
[65.582s] -- Installing: /home/robojackets/training_ws/src/software-training/install/localization/share/localization/environment/path.sh
[65.582s] -- Installing: /home/robojackets/training_ws/src/software-training/install/localization/share/localization/environment/path.dsv
[65.583s] -- Installing: /home/robojackets/training_ws/src/software-training/install/localization/share/localization/local_setup.bash
[65.584s] -- Installing: /home/robojackets/training_ws/src/software-training/install/localization/share/localization/local_setup.sh
[65.585s] -- Installing: /home/robojackets/training_ws/src/software-training/install/localization/share/localization/local_setup.zsh
[65.585s] -- Installing: /home/robojackets/training_ws/src/software-training/install/localization/share/localization/local_setup.dsv
[65.586s] -- Installing: /home/robojackets/training_ws/src/software-training/install/localization/share/localization/package.dsv
[65.587s] -- Installing: /home/robojackets/training_ws/src/software-training/install/localization/share/ament_index/resource_index/packages/localization
[65.588s] -- Installing: /home/robojackets/training_ws/src/software-training/install/localization/share/ament_index/resource_index/rclcpp_components/localization
[65.588s] -- Installing: /home/robojackets/training_ws/src/software-training/install/localization/share/localization/cmake/localizationConfig.cmake
[65.589s] -- Installing: /home/robojackets/training_ws/src/software-training/install/localization/share/localization/cmake/localizationConfig-version.cmake
[65.611s] -- Installing: /home/robojackets/training_ws/src/software-training/install/localization/share/localization/package.xml
[65.618s] Invoked command in '/home/robojackets/training_ws/src/software-training/build/localization' returned '0': CMAKE_PREFIX_PATH=${CMAKE_PREFIX_PATH}:/opt/ros/foxy /usr/bin/cmake --install /home/robojackets/training_ws/src/software-training/build/localization
