[0.127s] Invoking command in '/home/padowan/software-training/build/lqr_control': CMAKE_PREFIX_PATH=${CMAKE_PREFIX_PATH}:/opt/ros/foxy /usr/bin/cmake --build /home/padowan/software-training/build/lqr_control -- -j12 -l12
[0.454s] [100%] Built target lqr_control
[0.544s] Invoked command in '/home/padowan/software-training/build/lqr_control' returned '0': CMAKE_PREFIX_PATH=${CMAKE_PREFIX_PATH}:/opt/ros/foxy /usr/bin/cmake --build /home/padowan/software-training/build/lqr_control -- -j12 -l12
[0.778s] Invoking command in '/home/padowan/software-training/build/lqr_control': CMAKE_PREFIX_PATH=${CMAKE_PREFIX_PATH}:/opt/ros/foxy /usr/bin/cmake --install /home/padowan/software-training/build/lqr_control
[0.825s] -- Install configuration: ""
[0.825s] -- Up-to-date: /home/padowan/software-training/install/lqr_control/lib/liblqr_control.so
[0.826s] -- Up-to-date: /home/padowan/software-training/install/lqr_control/share/lqr_control/plugin_descriptions.xml
[0.827s] -- Up-to-date: /home/padowan/software-training/install/lqr_control/share/ament_index/resource_index/package_run_dependencies/lqr_control
[0.828s] -- Up-to-date: /home/padowan/software-training/install/lqr_control/share/ament_index/resource_index/parent_prefix_path/lqr_control
[0.829s] -- Up-to-date: /home/padowan/software-training/install/lqr_control/share/lqr_control/environment/ament_prefix_path.sh
[0.829s] -- Up-to-date: /home/padowan/software-training/install/lqr_control/share/lqr_control/environment/ament_prefix_path.dsv
[0.831s] -- Up-to-date: /home/padowan/software-training/install/lqr_control/share/lqr_control/environment/path.sh
[0.832s] -- Up-to-date: /home/padowan/software-training/install/lqr_control/share/lqr_control/environment/path.dsv
[0.833s] -- Up-to-date: /home/padowan/software-training/install/lqr_control/share/lqr_control/local_setup.bash
[0.834s] -- Up-to-date: /home/padowan/software-training/install/lqr_control/share/lqr_control/local_setup.sh
[0.835s] -- Up-to-date: /home/padowan/software-training/install/lqr_control/share/lqr_control/local_setup.zsh
[0.836s] -- Up-to-date: /home/padowan/software-training/install/lqr_control/share/lqr_control/local_setup.dsv
[0.837s] -- Installing: /home/padowan/software-training/install/lqr_control/share/lqr_control/package.dsv
[0.837s] -- Up-to-date: /home/padowan/software-training/install/lqr_control/share/ament_index/resource_index/packages/lqr_control
[0.838s] -- Up-to-date: /home/padowan/software-training/install/lqr_control/share/ament_index/resource_index/nav2_core__pluginlib__plugin/lqr_control
[0.839s] -- Up-to-date: /home/padowan/software-training/install/lqr_control/share/lqr_control/cmake/lqr_controlConfig.cmake
[0.840s] -- Up-to-date: /home/padowan/software-training/install/lqr_control/share/lqr_control/cmake/lqr_controlConfig-version.cmake
[0.841s] -- Up-to-date: /home/padowan/software-training/install/lqr_control/share/lqr_control/package.xml
[1.006s] Invoked command in '/home/padowan/software-training/build/lqr_control' returned '0': CMAKE_PREFIX_PATH=${CMAKE_PREFIX_PATH}:/opt/ros/foxy /usr/bin/cmake --install /home/padowan/software-training/build/lqr_control
