[0.131s] Invoking command in '/home/padowan/software-training/build/rj_training_bringup': CMAKE_PREFIX_PATH=${CMAKE_PREFIX_PATH}:/opt/ros/foxy /usr/bin/cmake --build /home/padowan/software-training/build/rj_training_bringup -- -j12 -l12
[0.300s] Invoked command in '/home/padowan/software-training/build/rj_training_bringup' returned '0': CMAKE_PREFIX_PATH=${CMAKE_PREFIX_PATH}:/opt/ros/foxy /usr/bin/cmake --build /home/padowan/software-training/build/rj_training_bringup -- -j12 -l12
[0.393s] Invoking command in '/home/padowan/software-training/build/rj_training_bringup': CMAKE_PREFIX_PATH=${CMAKE_PREFIX_PATH}:/opt/ros/foxy /usr/bin/cmake --install /home/padowan/software-training/build/rj_training_bringup
[0.413s] -- Install configuration: ""
[0.415s] -- Up-to-date: /home/padowan/software-training/install/rj_training_bringup/share/rj_training_bringup/behavior_trees
[0.419s] -- Up-to-date: /home/padowan/software-training/install/rj_training_bringup/share/rj_training_bringup/behavior_trees/navigate.xml
[0.420s] -- Up-to-date: /home/padowan/software-training/install/rj_training_bringup/share/rj_training_bringup/behavior_trees/navigate_w_replanning.xml
[0.424s] -- Up-to-date: /home/padowan/software-training/install/rj_training_bringup/share/rj_training_bringup/config
[0.426s] -- Up-to-date: /home/padowan/software-training/install/rj_training_bringup/share/rj_training_bringup/config/nav_params_week_8.yaml
[0.429s] -- Up-to-date: /home/padowan/software-training/install/rj_training_bringup/share/rj_training_bringup/config/nav_params_final_challenge.yaml
[0.430s] -- Up-to-date: /home/padowan/software-training/install/rj_training_bringup/share/rj_training_bringup/config/aruco_tag_visualization_params.yaml
[0.430s] -- Up-to-date: /home/padowan/software-training/install/rj_training_bringup/share/rj_training_bringup/config/nav_params.yaml
[0.431s] -- Up-to-date: /home/padowan/software-training/install/rj_training_bringup/share/rj_training_bringup/config/nav_params_week_7.yaml
[0.432s] -- Up-to-date: /home/padowan/software-training/install/rj_training_bringup/share/rj_training_bringup/launch
[0.433s] -- Up-to-date: /home/padowan/software-training/install/rj_training_bringup/share/rj_training_bringup/launch/navigation.launch.py
[0.436s] -- Up-to-date: /home/padowan/software-training/install/rj_training_bringup/share/rj_training_bringup/launch/projects
[0.437s] -- Up-to-date: /home/padowan/software-training/install/rj_training_bringup/share/rj_training_bringup/launch/projects/week_5.launch.xml
[0.437s] -- Up-to-date: /home/padowan/software-training/install/rj_training_bringup/share/rj_training_bringup/launch/projects/week_8.launch.xml
[0.439s] -- Up-to-date: /home/padowan/software-training/install/rj_training_bringup/share/rj_training_bringup/launch/projects/week_3.launch.xml
[0.440s] -- Up-to-date: /home/padowan/software-training/install/rj_training_bringup/share/rj_training_bringup/launch/projects/week_6.launch.xml
[0.442s] -- Up-to-date: /home/padowan/software-training/install/rj_training_bringup/share/rj_training_bringup/launch/projects/week_1.launch.xml
[0.443s] -- Up-to-date: /home/padowan/software-training/install/rj_training_bringup/share/rj_training_bringup/launch/projects/week_7.launch.xml
[0.443s] -- Up-to-date: /home/padowan/software-training/install/rj_training_bringup/share/rj_training_bringup/launch/projects/week_4.launch.xml
[0.443s] -- Up-to-date: /home/padowan/software-training/install/rj_training_bringup/share/rj_training_bringup/launch/projects/week_2.launch.xml
[0.443s] -- Up-to-date: /home/padowan/software-training/install/rj_training_bringup/share/rj_training_bringup/launch/mineral_deposit_tracker.launch.py
[0.444s] -- Up-to-date: /home/padowan/software-training/install/rj_training_bringup/share/rj_training_bringup/launch/fake_localizer.launch.py
[0.447s] -- Up-to-date: /home/padowan/software-training/install/rj_training_bringup/share/rj_training_bringup/launch/full_game_stack.launch.xml
[0.448s] -- Up-to-date: /home/padowan/software-training/install/rj_training_bringup/share/rj_training_bringup/mineral_sample_sets
[0.450s] -- Up-to-date: /home/padowan/software-training/install/rj_training_bringup/share/rj_training_bringup/mineral_sample_sets/default.yaml
[0.451s] -- Up-to-date: /home/padowan/software-training/install/rj_training_bringup/share/rj_training_bringup/rviz_config
[0.453s] -- Up-to-date: /home/padowan/software-training/install/rj_training_bringup/share/rj_training_bringup/rviz_config/color_detection.rviz
[0.455s] -- Up-to-date: /home/padowan/software-training/install/rj_training_bringup/share/rj_training_bringup/rviz_config/week_7.rviz
[0.455s] -- Up-to-date: /home/padowan/software-training/install/rj_training_bringup/share/rj_training_bringup/rviz_config/final_challenge.rviz
[0.459s] -- Up-to-date: /home/padowan/software-training/install/rj_training_bringup/share/rj_training_bringup/rviz_config/week_3.rviz
[0.463s] -- Up-to-date: /home/padowan/software-training/install/rj_training_bringup/share/rj_training_bringup/rviz_config/week_8.rviz
[0.464s] -- Up-to-date: /home/padowan/software-training/install/rj_training_bringup/share/rj_training_bringup/rviz_config/week_1.rviz
[0.473s] -- Up-to-date: /home/padowan/software-training/install/rj_training_bringup/share/rj_training_bringup/rviz_config/week_6.rviz
[0.473s] -- Up-to-date: /home/padowan/software-training/install/rj_training_bringup/share/rj_training_bringup/rviz_config/week_4.rviz
[0.475s] -- Up-to-date: /home/padowan/software-training/install/rj_training_bringup/share/rj_training_bringup/rviz_config/week_5.rviz
[0.476s] -- Up-to-date: /home/padowan/software-training/install/rj_training_bringup/share/ament_index/resource_index/package_run_dependencies/rj_training_bringup
[0.477s] -- Up-to-date: /home/padowan/software-training/install/rj_training_bringup/share/ament_index/resource_index/parent_prefix_path/rj_training_bringup
[0.479s] -- Up-to-date: /home/padowan/software-training/install/rj_training_bringup/share/rj_training_bringup/environment/ament_prefix_path.sh
[0.494s] -- Up-to-date: /home/padowan/software-training/install/rj_training_bringup/share/rj_training_bringup/environment/ament_prefix_path.dsv
[0.495s] -- Up-to-date: /home/padowan/software-training/install/rj_training_bringup/share/rj_training_bringup/environment/path.sh
[0.495s] -- Up-to-date: /home/padowan/software-training/install/rj_training_bringup/share/rj_training_bringup/environment/path.dsv
[0.495s] -- Up-to-date: /home/padowan/software-training/install/rj_training_bringup/share/rj_training_bringup/local_setup.bash
[0.496s] -- Up-to-date: /home/padowan/software-training/install/rj_training_bringup/share/rj_training_bringup/local_setup.sh
[0.496s] -- Up-to-date: /home/padowan/software-training/install/rj_training_bringup/share/rj_training_bringup/local_setup.zsh
[0.497s] -- Up-to-date: /home/padowan/software-training/install/rj_training_bringup/share/rj_training_bringup/local_setup.dsv
[0.498s] -- Installing: /home/padowan/software-training/install/rj_training_bringup/share/rj_training_bringup/package.dsv
[0.498s] -- Up-to-date: /home/padowan/software-training/install/rj_training_bringup/share/ament_index/resource_index/packages/rj_training_bringup
[0.499s] -- Up-to-date: /home/padowan/software-training/install/rj_training_bringup/share/rj_training_bringup/cmake/rj_training_bringupConfig.cmake
[0.500s] -- Up-to-date: /home/padowan/software-training/install/rj_training_bringup/share/rj_training_bringup/cmake/rj_training_bringupConfig-version.cmake
[0.500s] -- Up-to-date: /home/padowan/software-training/install/rj_training_bringup/share/rj_training_bringup/package.xml
[0.543s] Invoked command in '/home/padowan/software-training/build/rj_training_bringup' returned '0': CMAKE_PREFIX_PATH=${CMAKE_PREFIX_PATH}:/opt/ros/foxy /usr/bin/cmake --install /home/padowan/software-training/build/rj_training_bringup
