[0.222s] Invoking command in '/home/padowan/software-training/build/coordinate_transform': CMAKE_PREFIX_PATH=${CMAKE_PREFIX_PATH}:/opt/ros/foxy /usr/bin/cmake --build /home/padowan/software-training/build/coordinate_transform -- -j12 -l12
[0.562s] [ 50%] Built target coordinate_transform_node
[0.638s] [100%] Built target coordinate_transform_components
[0.720s] Invoked command in '/home/padowan/software-training/build/coordinate_transform' returned '0': CMAKE_PREFIX_PATH=${CMAKE_PREFIX_PATH}:/opt/ros/foxy /usr/bin/cmake --build /home/padowan/software-training/build/coordinate_transform -- -j12 -l12
[1.032s] Invoking command in '/home/padowan/software-training/build/coordinate_transform': CMAKE_PREFIX_PATH=${CMAKE_PREFIX_PATH}:/opt/ros/foxy /usr/bin/cmake --install /home/padowan/software-training/build/coordinate_transform
[1.057s] -- Install configuration: ""
[1.065s] -- Up-to-date: /home/padowan/software-training/install/coordinate_transform/lib/coordinate_transform/coordinate_transform_node
[1.066s] -- Up-to-date: /home/padowan/software-training/install/coordinate_transform/lib/libcoordinate_transform_components.so
[1.066s] -- Up-to-date: /home/padowan/software-training/install/coordinate_transform/share/ament_index/resource_index/package_run_dependencies/coordinate_transform
[1.066s] -- Up-to-date: /home/padowan/software-training/install/coordinate_transform/share/ament_index/resource_index/parent_prefix_path/coordinate_transform
[1.067s] -- Up-to-date: /home/padowan/software-training/install/coordinate_transform/share/coordinate_transform/environment/ament_prefix_path.sh
[1.067s] -- Up-to-date: /home/padowan/software-training/install/coordinate_transform/share/coordinate_transform/environment/ament_prefix_path.dsv
[1.069s] -- Up-to-date: /home/padowan/software-training/install/coordinate_transform/share/coordinate_transform/environment/path.sh
[1.069s] -- Up-to-date: /home/padowan/software-training/install/coordinate_transform/share/coordinate_transform/environment/path.dsv
[1.070s] -- Up-to-date: /home/padowan/software-training/install/coordinate_transform/share/coordinate_transform/local_setup.bash
[1.073s] -- Up-to-date: /home/padowan/software-training/install/coordinate_transform/share/coordinate_transform/local_setup.sh
[1.074s] -- Up-to-date: /home/padowan/software-training/install/coordinate_transform/share/coordinate_transform/local_setup.zsh
[1.074s] -- Up-to-date: /home/padowan/software-training/install/coordinate_transform/share/coordinate_transform/local_setup.dsv
[1.074s] -- Installing: /home/padowan/software-training/install/coordinate_transform/share/coordinate_transform/package.dsv
[1.074s] -- Up-to-date: /home/padowan/software-training/install/coordinate_transform/share/ament_index/resource_index/packages/coordinate_transform
[1.075s] -- Up-to-date: /home/padowan/software-training/install/coordinate_transform/share/ament_index/resource_index/rclcpp_components/coordinate_transform
[1.075s] -- Up-to-date: /home/padowan/software-training/install/coordinate_transform/share/coordinate_transform/cmake/coordinate_transformConfig.cmake
[1.075s] -- Up-to-date: /home/padowan/software-training/install/coordinate_transform/share/coordinate_transform/cmake/coordinate_transformConfig-version.cmake
[1.076s] -- Up-to-date: /home/padowan/software-training/install/coordinate_transform/share/coordinate_transform/package.xml
[1.321s] Invoked command in '/home/padowan/software-training/build/coordinate_transform' returned '0': CMAKE_PREFIX_PATH=${CMAKE_PREFIX_PATH}:/opt/ros/foxy /usr/bin/cmake --install /home/padowan/software-training/build/coordinate_transform
