[0.183s] Invoking command in '/home/robojackets/training_ws/src/software-training/build/rj_training_bringup': CMAKE_PREFIX_PATH=${CMAKE_PREFIX_PATH}:/opt/ros/foxy /usr/bin/cmake --build /home/robojackets/training_ws/src/software-training/build/rj_training_bringup -- -j6 -l6
[0.261s] Invoked command in '/home/robojackets/training_ws/src/software-training/build/rj_training_bringup' returned '0': CMAKE_PREFIX_PATH=${CMAKE_PREFIX_PATH}:/opt/ros/foxy /usr/bin/cmake --build /home/robojackets/training_ws/src/software-training/build/rj_training_bringup -- -j6 -l6
[0.336s] Invoking command in '/home/robojackets/training_ws/src/software-training/build/rj_training_bringup': CMAKE_PREFIX_PATH=${CMAKE_PREFIX_PATH}:/opt/ros/foxy /usr/bin/cmake --install /home/robojackets/training_ws/src/software-training/build/rj_training_bringup
[0.348s] -- Install configuration: ""
[0.357s] -- Up-to-date: /home/robojackets/training_ws/src/software-training/install/rj_training_bringup/share/rj_training_bringup/behavior_trees
[0.384s] -- Up-to-date: /home/robojackets/training_ws/src/software-training/install/rj_training_bringup/share/rj_training_bringup/behavior_trees/navigate_w_replanning.xml
[0.384s] -- Up-to-date: /home/robojackets/training_ws/src/software-training/install/rj_training_bringup/share/rj_training_bringup/behavior_trees/navigate.xml
[0.384s] -- Up-to-date: /home/robojackets/training_ws/src/software-training/install/rj_training_bringup/share/rj_training_bringup/config
[0.384s] -- Up-to-date: /home/robojackets/training_ws/src/software-training/install/rj_training_bringup/share/rj_training_bringup/config/nav_params.yaml
[0.384s] -- Up-to-date: /home/robojackets/training_ws/src/software-training/install/rj_training_bringup/share/rj_training_bringup/config/nav_params_week_8.yaml
[0.394s] -- Up-to-date: /home/robojackets/training_ws/src/software-training/install/rj_training_bringup/share/rj_training_bringup/config/nav_params_week_7.yaml
[0.395s] -- Up-to-date: /home/robojackets/training_ws/src/software-training/install/rj_training_bringup/share/rj_training_bringup/config/aruco_tag_visualization_params.yaml
[0.395s] -- Up-to-date: /home/robojackets/training_ws/src/software-training/install/rj_training_bringup/share/rj_training_bringup/config/nav_params_final_challenge.yaml
[0.400s] -- Up-to-date: /home/robojackets/training_ws/src/software-training/install/rj_training_bringup/share/rj_training_bringup/launch
[0.400s] -- Up-to-date: /home/robojackets/training_ws/src/software-training/install/rj_training_bringup/share/rj_training_bringup/launch/fake_localizer.launch.py
[0.401s] -- Up-to-date: /home/robojackets/training_ws/src/software-training/install/rj_training_bringup/share/rj_training_bringup/launch/mineral_deposit_tracker.launch.py
[0.402s] -- Up-to-date: /home/robojackets/training_ws/src/software-training/install/rj_training_bringup/share/rj_training_bringup/launch/full_game_stack.launch.xml
[0.403s] -- Up-to-date: /home/robojackets/training_ws/src/software-training/install/rj_training_bringup/share/rj_training_bringup/launch/navigation.launch.py
[0.404s] -- Up-to-date: /home/robojackets/training_ws/src/software-training/install/rj_training_bringup/share/rj_training_bringup/launch/projects
[0.405s] -- Up-to-date: /home/robojackets/training_ws/src/software-training/install/rj_training_bringup/share/rj_training_bringup/launch/projects/week_1.launch.xml
[0.405s] -- Up-to-date: /home/robojackets/training_ws/src/software-training/install/rj_training_bringup/share/rj_training_bringup/launch/projects/week_4.launch.xml
[0.406s] -- Up-to-date: /home/robojackets/training_ws/src/software-training/install/rj_training_bringup/share/rj_training_bringup/launch/projects/week_6.launch.xml
[0.406s] -- Up-to-date: /home/robojackets/training_ws/src/software-training/install/rj_training_bringup/share/rj_training_bringup/launch/projects/week_3.launch.xml
[0.409s] -- Up-to-date: /home/robojackets/training_ws/src/software-training/install/rj_training_bringup/share/rj_training_bringup/launch/projects/week_2.launch.xml
[0.410s] -- Up-to-date: /home/robojackets/training_ws/src/software-training/install/rj_training_bringup/share/rj_training_bringup/launch/projects/week_5.launch.xml
[0.410s] -- Up-to-date: /home/robojackets/training_ws/src/software-training/install/rj_training_bringup/share/rj_training_bringup/launch/projects/week_7.launch.xml
[0.412s] -- Up-to-date: /home/robojackets/training_ws/src/software-training/install/rj_training_bringup/share/rj_training_bringup/launch/projects/week_8.launch.xml
[0.414s] -- Up-to-date: /home/robojackets/training_ws/src/software-training/install/rj_training_bringup/share/rj_training_bringup/mineral_sample_sets
[0.417s] -- Up-to-date: /home/robojackets/training_ws/src/software-training/install/rj_training_bringup/share/rj_training_bringup/mineral_sample_sets/default.yaml
[0.418s] -- Up-to-date: /home/robojackets/training_ws/src/software-training/install/rj_training_bringup/share/rj_training_bringup/rviz_config
[0.420s] -- Up-to-date: /home/robojackets/training_ws/src/software-training/install/rj_training_bringup/share/rj_training_bringup/rviz_config/week_3.rviz
[0.420s] -- Up-to-date: /home/robojackets/training_ws/src/software-training/install/rj_training_bringup/share/rj_training_bringup/rviz_config/week_5.rviz
[0.420s] -- Up-to-date: /home/robojackets/training_ws/src/software-training/install/rj_training_bringup/share/rj_training_bringup/rviz_config/week_6.rviz
[0.420s] -- Up-to-date: /home/robojackets/training_ws/src/software-training/install/rj_training_bringup/share/rj_training_bringup/rviz_config/week_8.rviz
[0.422s] -- Up-to-date: /home/robojackets/training_ws/src/software-training/install/rj_training_bringup/share/rj_training_bringup/rviz_config/week_1.rviz
[0.422s] -- Up-to-date: /home/robojackets/training_ws/src/software-training/install/rj_training_bringup/share/rj_training_bringup/rviz_config/color_detection.rviz
[0.422s] -- Up-to-date: /home/robojackets/training_ws/src/software-training/install/rj_training_bringup/share/rj_training_bringup/rviz_config/week_7.rviz
[0.423s] -- Up-to-date: /home/robojackets/training_ws/src/software-training/install/rj_training_bringup/share/rj_training_bringup/rviz_config/final_challenge.rviz
[0.423s] -- Up-to-date: /home/robojackets/training_ws/src/software-training/install/rj_training_bringup/share/rj_training_bringup/rviz_config/week_4.rviz
[0.423s] -- Up-to-date: /home/robojackets/training_ws/src/software-training/install/rj_training_bringup/share/ament_index/resource_index/package_run_dependencies/rj_training_bringup
[0.423s] -- Up-to-date: /home/robojackets/training_ws/src/software-training/install/rj_training_bringup/share/ament_index/resource_index/parent_prefix_path/rj_training_bringup
[0.423s] -- Up-to-date: /home/robojackets/training_ws/src/software-training/install/rj_training_bringup/share/rj_training_bringup/environment/ament_prefix_path.sh
[0.424s] -- Up-to-date: /home/robojackets/training_ws/src/software-training/install/rj_training_bringup/share/rj_training_bringup/environment/ament_prefix_path.dsv
[0.424s] -- Up-to-date: /home/robojackets/training_ws/src/software-training/install/rj_training_bringup/share/rj_training_bringup/environment/path.sh
[0.424s] -- Up-to-date: /home/robojackets/training_ws/src/software-training/install/rj_training_bringup/share/rj_training_bringup/environment/path.dsv
[0.424s] -- Up-to-date: /home/robojackets/training_ws/src/software-training/install/rj_training_bringup/share/rj_training_bringup/local_setup.bash
[0.424s] -- Up-to-date: /home/robojackets/training_ws/src/software-training/install/rj_training_bringup/share/rj_training_bringup/local_setup.sh
[0.425s] -- Up-to-date: /home/robojackets/training_ws/src/software-training/install/rj_training_bringup/share/rj_training_bringup/local_setup.zsh
[0.425s] -- Up-to-date: /home/robojackets/training_ws/src/software-training/install/rj_training_bringup/share/rj_training_bringup/local_setup.dsv
[0.425s] -- Installing: /home/robojackets/training_ws/src/software-training/install/rj_training_bringup/share/rj_training_bringup/package.dsv
[0.425s] -- Up-to-date: /home/robojackets/training_ws/src/software-training/install/rj_training_bringup/share/ament_index/resource_index/packages/rj_training_bringup
[0.425s] -- Up-to-date: /home/robojackets/training_ws/src/software-training/install/rj_training_bringup/share/rj_training_bringup/cmake/rj_training_bringupConfig.cmake
[0.425s] -- Up-to-date: /home/robojackets/training_ws/src/software-training/install/rj_training_bringup/share/rj_training_bringup/cmake/rj_training_bringupConfig-version.cmake
[0.426s] -- Up-to-date: /home/robojackets/training_ws/src/software-training/install/rj_training_bringup/share/rj_training_bringup/package.xml
[0.426s] Invoked command in '/home/robojackets/training_ws/src/software-training/build/rj_training_bringup' returned '0': CMAKE_PREFIX_PATH=${CMAKE_PREFIX_PATH}:/opt/ros/foxy /usr/bin/cmake --install /home/robojackets/training_ws/src/software-training/build/rj_training_bringup
