[0.132s] Invoking command in '/home/padowan/software-training/build/mineral_deposit_tracking': CMAKE_PREFIX_PATH=${CMAKE_PREFIX_PATH}:/opt/ros/foxy /usr/bin/cmake --build /home/padowan/software-training/build/mineral_deposit_tracking -- -j12 -l12
[0.318s] [35m[1mScanning dependencies of target mineral_deposit_tracking[0m
[0.371s] [ 50%] Built target mineral_deposit_tracker
[0.468s] [ 75%] [32mBuilding CXX object CMakeFiles/mineral_deposit_tracking.dir/src/mineral_deposit_tracker.cpp.o[0m
[15.975s] [100%] [32m[1mLinking CXX shared library libmineral_deposit_tracking.so[0m
[16.616s] [100%] Built target mineral_deposit_tracking
[16.636s] Invoked command in '/home/padowan/software-training/build/mineral_deposit_tracking' returned '0': CMAKE_PREFIX_PATH=${CMAKE_PREFIX_PATH}:/opt/ros/foxy /usr/bin/cmake --build /home/padowan/software-training/build/mineral_deposit_tracking -- -j12 -l12
[16.697s] Invoking command in '/home/padowan/software-training/build/mineral_deposit_tracking': CMAKE_PREFIX_PATH=${CMAKE_PREFIX_PATH}:/opt/ros/foxy /usr/bin/cmake --install /home/padowan/software-training/build/mineral_deposit_tracking
[16.719s] -- Install configuration: ""
[16.720s] -- Up-to-date: /home/padowan/software-training/install/mineral_deposit_tracking/lib/mineral_deposit_tracking/mineral_deposit_tracker
[16.720s] -- Installing: /home/padowan/software-training/install/mineral_deposit_tracking/lib/libmineral_deposit_tracking.so
[16.729s] -- Set runtime path of "/home/padowan/software-training/install/mineral_deposit_tracking/lib/libmineral_deposit_tracking.so" to ""
[16.729s] -- Up-to-date: /home/padowan/software-training/install/mineral_deposit_tracking/share/ament_index/resource_index/package_run_dependencies/mineral_deposit_tracking
[16.730s] -- Up-to-date: /home/padowan/software-training/install/mineral_deposit_tracking/share/ament_index/resource_index/parent_prefix_path/mineral_deposit_tracking
[16.730s] -- Up-to-date: /home/padowan/software-training/install/mineral_deposit_tracking/share/mineral_deposit_tracking/environment/ament_prefix_path.sh
[16.731s] -- Up-to-date: /home/padowan/software-training/install/mineral_deposit_tracking/share/mineral_deposit_tracking/environment/ament_prefix_path.dsv
[16.731s] -- Up-to-date: /home/padowan/software-training/install/mineral_deposit_tracking/share/mineral_deposit_tracking/environment/path.sh
[16.731s] -- Up-to-date: /home/padowan/software-training/install/mineral_deposit_tracking/share/mineral_deposit_tracking/environment/path.dsv
[16.731s] -- Up-to-date: /home/padowan/software-training/install/mineral_deposit_tracking/share/mineral_deposit_tracking/local_setup.bash
[16.732s] -- Up-to-date: /home/padowan/software-training/install/mineral_deposit_tracking/share/mineral_deposit_tracking/local_setup.sh
[16.732s] -- Up-to-date: /home/padowan/software-training/install/mineral_deposit_tracking/share/mineral_deposit_tracking/local_setup.zsh
[16.732s] -- Up-to-date: /home/padowan/software-training/install/mineral_deposit_tracking/share/mineral_deposit_tracking/local_setup.dsv
[16.733s] -- Installing: /home/padowan/software-training/install/mineral_deposit_tracking/share/mineral_deposit_tracking/package.dsv
[16.737s] -- Up-to-date: /home/padowan/software-training/install/mineral_deposit_tracking/share/ament_index/resource_index/packages/mineral_deposit_tracking
[16.738s] -- Up-to-date: /home/padowan/software-training/install/mineral_deposit_tracking/share/ament_index/resource_index/rclcpp_components/mineral_deposit_tracking
[16.738s] -- Up-to-date: /home/padowan/software-training/install/mineral_deposit_tracking/share/mineral_deposit_tracking/cmake/mineral_deposit_trackingConfig.cmake
[16.739s] -- Up-to-date: /home/padowan/software-training/install/mineral_deposit_tracking/share/mineral_deposit_tracking/cmake/mineral_deposit_trackingConfig-version.cmake
[16.739s] -- Up-to-date: /home/padowan/software-training/install/mineral_deposit_tracking/share/mineral_deposit_tracking/package.xml
[16.740s] Invoked command in '/home/padowan/software-training/build/mineral_deposit_tracking' returned '0': CMAKE_PREFIX_PATH=${CMAKE_PREFIX_PATH}:/opt/ros/foxy /usr/bin/cmake --install /home/padowan/software-training/build/mineral_deposit_tracking
