[0.123s] Invoking command in '/home/robojackets/training_ws/src/software-training/build/coordinate_transform': CMAKE_PREFIX_PATH=${CMAKE_PREFIX_PATH}:/opt/ros/foxy /usr/bin/cmake /home/robojackets/training_ws/src/software-training/coordinate_transform -DCMAKE_INSTALL_PREFIX=/home/robojackets/training_ws/src/software-training/install/coordinate_transform
[0.806s] -- The C compiler identification is GNU 9.3.0
[1.516s] -- The CXX compiler identification is GNU 9.3.0
[1.547s] -- Check for working C compiler: /usr/bin/cc
[1.758s] -- Check for working C compiler: /usr/bin/cc -- works
[1.758s] -- Detecting C compiler ABI info
[1.874s] -- Detecting C compiler ABI info - done
[1.893s] -- Detecting C compile features
[1.893s] -- Detecting C compile features - done
[1.896s] -- Check for working CXX compiler: /usr/bin/c++
[2.075s] -- Check for working CXX compiler: /usr/bin/c++ -- works
[2.079s] -- Detecting CXX compiler ABI info
[2.220s] -- Detecting CXX compiler ABI info - done
[2.236s] -- Detecting CXX compile features
[2.238s] -- Detecting CXX compile features - done
[2.272s] -- Found ament_cmake: 0.9.9 (/opt/ros/foxy/share/ament_cmake/cmake)
[2.319s] -- Found PythonInterp: /usr/bin/python3 (found suitable version "3.8.10", minimum required is "3") 
[2.319s] -- Using PYTHON_EXECUTABLE: /usr/bin/python3
[2.886s] -- Found rclcpp: 2.4.0 (/opt/ros/foxy/share/rclcpp/cmake)
[3.071s] -- Using all available rosidl_typesupport_c: rosidl_typesupport_fastrtps_c;rosidl_typesupport_introspection_c
[3.102s] -- Found rosidl_adapter: 1.2.1 (/opt/ros/foxy/share/rosidl_adapter/cmake)
[3.339s] -- Found OpenSSL: /usr/lib/x86_64-linux-gnu/libcrypto.so (found version "1.1.1f")  
[3.375s] -- Found FastRTPS: /opt/ros/foxy/include  
[3.515s] -- Using all available rosidl_typesupport_cpp: rosidl_typesupport_fastrtps_cpp;rosidl_typesupport_introspection_cpp
[3.655s] -- Found rmw_implementation_cmake: 1.0.3 (/opt/ros/foxy/share/rmw_implementation_cmake/cmake)
[3.662s] -- Using RMW implementation 'rmw_fastrtps_cpp' as default
[3.669s] -- Looking for pthread.h
[3.880s] -- Looking for pthread.h - found
[3.880s] -- Performing Test CMAKE_HAVE_LIBC_PTHREAD
[4.032s] -- Performing Test CMAKE_HAVE_LIBC_PTHREAD - Failed
[4.032s] -- Looking for pthread_create in pthreads
[4.130s] -- Looking for pthread_create in pthreads - not found
[4.130s] -- Looking for pthread_create in pthread
[4.246s] -- Looking for pthread_create in pthread - found
[4.249s] -- Found Threads: TRUE  
[4.534s] -- Found rclcpp_components: 2.4.0 (/opt/ros/foxy/share/rclcpp_components/cmake)
[4.678s] -- Found image_transport: 2.3.0 (/opt/ros/foxy/share/image_transport/cmake)
[4.947s] -- Found cv_bridge: 2.2.1 (/opt/ros/foxy/share/cv_bridge/cmake)
[4.983s] -- Found nav_msgs: 2.0.4 (/opt/ros/foxy/share/nav_msgs/cmake)
[5.086s] -- Found tf2_ros: 0.13.12 (/opt/ros/foxy/share/tf2_ros/cmake)
[5.546s] -- Found tf2_eigen: 0.13.12 (/opt/ros/foxy/share/tf2_eigen/cmake)
[5.558s] -- Found stsl_interfaces: 0.0.4 (/opt/ros/foxy/share/stsl_interfaces/cmake)
[5.776s] -- Found ament_lint_auto: 0.9.6 (/opt/ros/foxy/share/ament_lint_auto/cmake)
[5.914s] -- Added test 'copyright' to check source files copyright and LICENSE
[5.926s] -- Added test 'cppcheck' to perform static code analysis on C / C++ code
[5.946s] -- Configured cppcheck include dirs: 
[5.946s] -- Configured cppcheck exclude dirs and/or files: 
[5.946s] -- Added test 'cpplint' to check C / C++ code against the Google style
[5.946s] -- Configured cpplint exclude dirs and/or files: 
[5.946s] -- Added test 'lint_cmake' to check CMake code style
[5.946s] -- Added test 'uncrustify' to check C / C++ code style
[5.946s] -- Configured uncrustify additional arguments: 
[5.948s] -- Added test 'xmllint' to check XML markup files
[5.953s] -- Configuring done
[6.006s] -- Generating done
[6.014s] -- Build files have been written to: /home/robojackets/training_ws/src/software-training/build/coordinate_transform
[6.027s] Invoked command in '/home/robojackets/training_ws/src/software-training/build/coordinate_transform' returned '0': CMAKE_PREFIX_PATH=${CMAKE_PREFIX_PATH}:/opt/ros/foxy /usr/bin/cmake /home/robojackets/training_ws/src/software-training/coordinate_transform -DCMAKE_INSTALL_PREFIX=/home/robojackets/training_ws/src/software-training/install/coordinate_transform
[6.033s] Invoking command in '/home/robojackets/training_ws/src/software-training/build/coordinate_transform': CMAKE_PREFIX_PATH=${CMAKE_PREFIX_PATH}:/opt/ros/foxy /usr/bin/cmake --build /home/robojackets/training_ws/src/software-training/build/coordinate_transform -- -j6 -l6
[6.918s] [35m[1mScanning dependencies of target coordinate_transform_node[0m
[6.918s] [35m[1mScanning dependencies of target coordinate_transform_components[0m
[6.918s] [ 25%] [32mBuilding CXX object CMakeFiles/coordinate_transform_node.dir/rclcpp_components/node_main_coordinate_transform_node.cpp.o[0m
[6.923s] [ 50%] [32mBuilding CXX object CMakeFiles/coordinate_transform_components.dir/src/coordinate_transform_component.cpp.o[0m
[57.038s] [ 75%] [32m[1mLinking CXX executable coordinate_transform_node[0m
[58.528s] [ 75%] Built target coordinate_transform_node
[64.495s] [100%] [32m[1mLinking CXX shared library libcoordinate_transform_components.so[0m
[65.030s] [100%] Built target coordinate_transform_components
[65.099s] Invoked command in '/home/robojackets/training_ws/src/software-training/build/coordinate_transform' returned '0': CMAKE_PREFIX_PATH=${CMAKE_PREFIX_PATH}:/opt/ros/foxy /usr/bin/cmake --build /home/robojackets/training_ws/src/software-training/build/coordinate_transform -- -j6 -l6
[65.242s] Invoking command in '/home/robojackets/training_ws/src/software-training/build/coordinate_transform': CMAKE_PREFIX_PATH=${CMAKE_PREFIX_PATH}:/opt/ros/foxy /usr/bin/cmake --install /home/robojackets/training_ws/src/software-training/build/coordinate_transform
[65.385s] -- Install configuration: ""
[65.385s] -- Installing: /home/robojackets/training_ws/src/software-training/install/coordinate_transform/lib/coordinate_transform/coordinate_transform_node
[65.385s] -- Set runtime path of "/home/robojackets/training_ws/src/software-training/install/coordinate_transform/lib/coordinate_transform/coordinate_transform_node" to ""
[65.386s] -- Installing: /home/robojackets/training_ws/src/software-training/install/coordinate_transform/lib/libcoordinate_transform_components.so
[65.386s] -- Set runtime path of "/home/robojackets/training_ws/src/software-training/install/coordinate_transform/lib/libcoordinate_transform_components.so" to ""
[65.386s] -- Installing: /home/robojackets/training_ws/src/software-training/install/coordinate_transform/share/ament_index/resource_index/package_run_dependencies/coordinate_transform
[65.386s] -- Installing: /home/robojackets/training_ws/src/software-training/install/coordinate_transform/share/ament_index/resource_index/parent_prefix_path/coordinate_transform
[65.386s] -- Installing: /home/robojackets/training_ws/src/software-training/install/coordinate_transform/share/coordinate_transform/environment/ament_prefix_path.sh
[65.386s] -- Installing: /home/robojackets/training_ws/src/software-training/install/coordinate_transform/share/coordinate_transform/environment/ament_prefix_path.dsv
[65.386s] -- Installing: /home/robojackets/training_ws/src/software-training/install/coordinate_transform/share/coordinate_transform/environment/path.sh
[65.386s] -- Installing: /home/robojackets/training_ws/src/software-training/install/coordinate_transform/share/coordinate_transform/environment/path.dsv
[65.386s] -- Installing: /home/robojackets/training_ws/src/software-training/install/coordinate_transform/share/coordinate_transform/local_setup.bash
[65.386s] -- Installing: /home/robojackets/training_ws/src/software-training/install/coordinate_transform/share/coordinate_transform/local_setup.sh
[65.386s] -- Installing: /home/robojackets/training_ws/src/software-training/install/coordinate_transform/share/coordinate_transform/local_setup.zsh
[65.386s] -- Installing: /home/robojackets/training_ws/src/software-training/install/coordinate_transform/share/coordinate_transform/local_setup.dsv
[65.386s] -- Installing: /home/robojackets/training_ws/src/software-training/install/coordinate_transform/share/coordinate_transform/package.dsv
[65.386s] -- Installing: /home/robojackets/training_ws/src/software-training/install/coordinate_transform/share/ament_index/resource_index/packages/coordinate_transform
[65.386s] -- Installing: /home/robojackets/training_ws/src/software-training/install/coordinate_transform/share/ament_index/resource_index/rclcpp_components/coordinate_transform
[65.386s] -- Installing: /home/robojackets/training_ws/src/software-training/install/coordinate_transform/share/coordinate_transform/cmake/coordinate_transformConfig.cmake
[65.386s] -- Installing: /home/robojackets/training_ws/src/software-training/install/coordinate_transform/share/coordinate_transform/cmake/coordinate_transformConfig-version.cmake
[65.386s] -- Installing: /home/robojackets/training_ws/src/software-training/install/coordinate_transform/share/coordinate_transform/package.xml
[65.398s] Invoked command in '/home/robojackets/training_ws/src/software-training/build/coordinate_transform' returned '0': CMAKE_PREFIX_PATH=${CMAKE_PREFIX_PATH}:/opt/ros/foxy /usr/bin/cmake --install /home/robojackets/training_ws/src/software-training/build/coordinate_transform
