[0.140s] Invoking command in '/home/padowan/software-training/build/mapping': CMAKE_PREFIX_PATH=${CMAKE_PREFIX_PATH}:/opt/ros/foxy /usr/bin/cmake --build /home/padowan/software-training/build/mapping -- -j12 -l12
[0.499s] [ 50%] Built target mapping_node
[0.576s] [100%] Built target mapping
[0.616s] Invoked command in '/home/padowan/software-training/build/mapping' returned '0': CMAKE_PREFIX_PATH=${CMAKE_PREFIX_PATH}:/opt/ros/foxy /usr/bin/cmake --build /home/padowan/software-training/build/mapping -- -j12 -l12
[0.914s] Invoking command in '/home/padowan/software-training/build/mapping': CMAKE_PREFIX_PATH=${CMAKE_PREFIX_PATH}:/opt/ros/foxy /usr/bin/cmake --install /home/padowan/software-training/build/mapping
[0.949s] -- Install configuration: ""
[0.950s] -- Up-to-date: /home/padowan/software-training/install/mapping/lib/mapping/mapping_node
[0.950s] -- Up-to-date: /home/padowan/software-training/install/mapping/lib/libmapping.so
[0.951s] -- Up-to-date: /home/padowan/software-training/install/mapping/share/mapping/launch
[0.951s] -- Up-to-date: /home/padowan/software-training/install/mapping/share/mapping/launch/mapping.launch.xml
[0.952s] -- Up-to-date: /home/padowan/software-training/install/mapping/share/ament_index/resource_index/package_run_dependencies/mapping
[0.952s] -- Up-to-date: /home/padowan/software-training/install/mapping/share/ament_index/resource_index/parent_prefix_path/mapping
[0.952s] -- Up-to-date: /home/padowan/software-training/install/mapping/share/mapping/environment/ament_prefix_path.sh
[0.952s] -- Up-to-date: /home/padowan/software-training/install/mapping/share/mapping/environment/ament_prefix_path.dsv
[0.953s] -- Up-to-date: /home/padowan/software-training/install/mapping/share/mapping/environment/path.sh
[0.953s] -- Up-to-date: /home/padowan/software-training/install/mapping/share/mapping/environment/path.dsv
[0.953s] -- Up-to-date: /home/padowan/software-training/install/mapping/share/mapping/local_setup.bash
[0.953s] -- Up-to-date: /home/padowan/software-training/install/mapping/share/mapping/local_setup.sh
[0.954s] -- Up-to-date: /home/padowan/software-training/install/mapping/share/mapping/local_setup.zsh
[0.955s] -- Up-to-date: /home/padowan/software-training/install/mapping/share/mapping/local_setup.dsv
[0.955s] -- Installing: /home/padowan/software-training/install/mapping/share/mapping/package.dsv
[0.955s] -- Up-to-date: /home/padowan/software-training/install/mapping/share/ament_index/resource_index/packages/mapping
[0.959s] -- Up-to-date: /home/padowan/software-training/install/mapping/share/ament_index/resource_index/rclcpp_components/mapping
[0.977s] -- Up-to-date: /home/padowan/software-training/install/mapping/share/mapping/cmake/mappingConfig.cmake
[0.981s] -- Up-to-date: /home/padowan/software-training/install/mapping/share/mapping/cmake/mappingConfig-version.cmake
[0.982s] -- Up-to-date: /home/padowan/software-training/install/mapping/share/mapping/package.xml
[1.129s] Invoked command in '/home/padowan/software-training/build/mapping' returned '0': CMAKE_PREFIX_PATH=${CMAKE_PREFIX_PATH}:/opt/ros/foxy /usr/bin/cmake --install /home/padowan/software-training/build/mapping
