[0.658s] Invoking command in '/home/robojackets/training_ws/src/software-training/build/mineral_deposit_tracking': CMAKE_PREFIX_PATH=${CMAKE_PREFIX_PATH}:/opt/ros/foxy /usr/bin/cmake --build /home/robojackets/training_ws/src/software-training/build/mineral_deposit_tracking -- -j6 -l6
[3.240s] [ 50%] Built target mineral_deposit_tracker
[3.242s] [100%] Built target mineral_deposit_tracking
[3.292s] Invoked command in '/home/robojackets/training_ws/src/software-training/build/mineral_deposit_tracking' returned '0': CMAKE_PREFIX_PATH=${CMAKE_PREFIX_PATH}:/opt/ros/foxy /usr/bin/cmake --build /home/robojackets/training_ws/src/software-training/build/mineral_deposit_tracking -- -j6 -l6
[3.726s] Invoking command in '/home/robojackets/training_ws/src/software-training/build/mineral_deposit_tracking': CMAKE_PREFIX_PATH=${CMAKE_PREFIX_PATH}:/opt/ros/foxy /usr/bin/cmake --install /home/robojackets/training_ws/src/software-training/build/mineral_deposit_tracking
[3.848s] -- Install configuration: ""
[3.850s] -- Up-to-date: /home/robojackets/training_ws/src/software-training/install/mineral_deposit_tracking/lib/mineral_deposit_tracking/mineral_deposit_tracker
[4.067s] -- Up-to-date: /home/robojackets/training_ws/src/software-training/install/mineral_deposit_tracking/lib/libmineral_deposit_tracking.so
[4.067s] -- Up-to-date: /home/robojackets/training_ws/src/software-training/install/mineral_deposit_tracking/share/ament_index/resource_index/package_run_dependencies/mineral_deposit_tracking
[4.067s] -- Up-to-date: /home/robojackets/training_ws/src/software-training/install/mineral_deposit_tracking/share/ament_index/resource_index/parent_prefix_path/mineral_deposit_tracking
[4.067s] -- Up-to-date: /home/robojackets/training_ws/src/software-training/install/mineral_deposit_tracking/share/mineral_deposit_tracking/environment/ament_prefix_path.sh
[4.067s] -- Up-to-date: /home/robojackets/training_ws/src/software-training/install/mineral_deposit_tracking/share/mineral_deposit_tracking/environment/ament_prefix_path.dsv
[4.067s] -- Up-to-date: /home/robojackets/training_ws/src/software-training/install/mineral_deposit_tracking/share/mineral_deposit_tracking/environment/path.sh
[4.067s] -- Up-to-date: /home/robojackets/training_ws/src/software-training/install/mineral_deposit_tracking/share/mineral_deposit_tracking/environment/path.dsv
[4.067s] -- Up-to-date: /home/robojackets/training_ws/src/software-training/install/mineral_deposit_tracking/share/mineral_deposit_tracking/local_setup.bash
[4.067s] -- Up-to-date: /home/robojackets/training_ws/src/software-training/install/mineral_deposit_tracking/share/mineral_deposit_tracking/local_setup.sh
[4.067s] -- Up-to-date: /home/robojackets/training_ws/src/software-training/install/mineral_deposit_tracking/share/mineral_deposit_tracking/local_setup.zsh
[4.067s] -- Up-to-date: /home/robojackets/training_ws/src/software-training/install/mineral_deposit_tracking/share/mineral_deposit_tracking/local_setup.dsv
[4.067s] -- Installing: /home/robojackets/training_ws/src/software-training/install/mineral_deposit_tracking/share/mineral_deposit_tracking/package.dsv
[4.068s] -- Up-to-date: /home/robojackets/training_ws/src/software-training/install/mineral_deposit_tracking/share/ament_index/resource_index/packages/mineral_deposit_tracking
[4.068s] -- Up-to-date: /home/robojackets/training_ws/src/software-training/install/mineral_deposit_tracking/share/ament_index/resource_index/rclcpp_components/mineral_deposit_tracking
[4.072s] -- Up-to-date: /home/robojackets/training_ws/src/software-training/install/mineral_deposit_tracking/share/mineral_deposit_tracking/cmake/mineral_deposit_trackingConfig.cmake
[4.078s] -- Up-to-date: /home/robojackets/training_ws/src/software-training/install/mineral_deposit_tracking/share/mineral_deposit_tracking/cmake/mineral_deposit_trackingConfig-version.cmake
[4.079s] -- Up-to-date: /home/robojackets/training_ws/src/software-training/install/mineral_deposit_tracking/share/mineral_deposit_tracking/package.xml
[5.174s] Invoked command in '/home/robojackets/training_ws/src/software-training/build/mineral_deposit_tracking' returned '0': CMAKE_PREFIX_PATH=${CMAKE_PREFIX_PATH}:/opt/ros/foxy /usr/bin/cmake --install /home/robojackets/training_ws/src/software-training/build/mineral_deposit_tracking
