[0.227s] Invoking command in '/home/robojackets/training_ws/src/software-training/build/peak_finder': CMAKE_PREFIX_PATH=${CMAKE_PREFIX_PATH}:/opt/ros/foxy /usr/bin/cmake --build /home/robojackets/training_ws/src/software-training/build/peak_finder -- -j6 -l6
[0.953s] [ 40%] Built target peak_finder_node
[1.614s] [100%] Built target peak_finder_components
[1.741s] Invoked command in '/home/robojackets/training_ws/src/software-training/build/peak_finder' returned '0': CMAKE_PREFIX_PATH=${CMAKE_PREFIX_PATH}:/opt/ros/foxy /usr/bin/cmake --build /home/robojackets/training_ws/src/software-training/build/peak_finder -- -j6 -l6
[2.575s] Invoking command in '/home/robojackets/training_ws/src/software-training/build/peak_finder': CMAKE_PREFIX_PATH=${CMAKE_PREFIX_PATH}:/opt/ros/foxy /usr/bin/cmake --install /home/robojackets/training_ws/src/software-training/build/peak_finder
[2.622s] -- Install configuration: ""
[2.701s] -- Up-to-date: /home/robojackets/training_ws/src/software-training/install/peak_finder/lib/peak_finder/peak_finder_node
[2.708s] -- Up-to-date: /home/robojackets/training_ws/src/software-training/install/peak_finder/lib/libpeak_finder_components.so
[2.733s] -- Up-to-date: /home/robojackets/training_ws/src/software-training/install/peak_finder/share/ament_index/resource_index/package_run_dependencies/peak_finder
[2.733s] -- Up-to-date: /home/robojackets/training_ws/src/software-training/install/peak_finder/share/ament_index/resource_index/parent_prefix_path/peak_finder
[2.733s] -- Up-to-date: /home/robojackets/training_ws/src/software-training/install/peak_finder/share/peak_finder/environment/ament_prefix_path.sh
[2.734s] -- Up-to-date: /home/robojackets/training_ws/src/software-training/install/peak_finder/share/peak_finder/environment/ament_prefix_path.dsv
[2.734s] -- Up-to-date: /home/robojackets/training_ws/src/software-training/install/peak_finder/share/peak_finder/environment/path.sh
[2.734s] -- Up-to-date: /home/robojackets/training_ws/src/software-training/install/peak_finder/share/peak_finder/environment/path.dsv
[2.751s] -- Up-to-date: /home/robojackets/training_ws/src/software-training/install/peak_finder/share/peak_finder/local_setup.bash
[2.752s] -- Up-to-date: /home/robojackets/training_ws/src/software-training/install/peak_finder/share/peak_finder/local_setup.sh
[2.752s] -- Up-to-date: /home/robojackets/training_ws/src/software-training/install/peak_finder/share/peak_finder/local_setup.zsh
[2.752s] -- Up-to-date: /home/robojackets/training_ws/src/software-training/install/peak_finder/share/peak_finder/local_setup.dsv
[2.752s] -- Installing: /home/robojackets/training_ws/src/software-training/install/peak_finder/share/peak_finder/package.dsv
[2.752s] -- Up-to-date: /home/robojackets/training_ws/src/software-training/install/peak_finder/share/ament_index/resource_index/packages/peak_finder
[2.756s] -- Up-to-date: /home/robojackets/training_ws/src/software-training/install/peak_finder/share/ament_index/resource_index/rclcpp_components/peak_finder
[2.758s] -- Up-to-date: /home/robojackets/training_ws/src/software-training/install/peak_finder/share/peak_finder/cmake/peak_finderConfig.cmake
[2.758s] -- Up-to-date: /home/robojackets/training_ws/src/software-training/install/peak_finder/share/peak_finder/cmake/peak_finderConfig-version.cmake
[2.759s] -- Up-to-date: /home/robojackets/training_ws/src/software-training/install/peak_finder/share/peak_finder/package.xml
[2.762s] Invoked command in '/home/robojackets/training_ws/src/software-training/build/peak_finder' returned '0': CMAKE_PREFIX_PATH=${CMAKE_PREFIX_PATH}:/opt/ros/foxy /usr/bin/cmake --install /home/robojackets/training_ws/src/software-training/build/peak_finder
