[0.036s] Invoking command in '/home/robojackets/training_ws/src/software-training/build/peak_finder': CMAKE_PREFIX_PATH=${CMAKE_PREFIX_PATH}:/opt/ros/foxy /usr/bin/cmake /home/robojackets/training_ws/src/software-training/peak_finder -DCMAKE_INSTALL_PREFIX=/home/robojackets/training_ws/src/software-training/install/peak_finder
[0.147s] -- The C compiler identification is GNU 9.3.0
[0.268s] -- The CXX compiler identification is GNU 9.3.0
[0.274s] -- Check for working C compiler: /usr/bin/cc
[0.436s] -- Check for working C compiler: /usr/bin/cc -- works
[0.436s] -- Detecting C compiler ABI info
[0.583s] -- Detecting C compiler ABI info - done
[0.597s] -- Detecting C compile features
[0.597s] -- Detecting C compile features - done
[0.601s] -- Check for working CXX compiler: /usr/bin/c++
[0.772s] -- Check for working CXX compiler: /usr/bin/c++ -- works
[0.773s] -- Detecting CXX compiler ABI info
[0.915s] -- Detecting CXX compiler ABI info - done
[0.934s] -- Detecting CXX compile features
[0.935s] -- Detecting CXX compile features - done
[0.939s] -- Found ament_cmake: 0.9.9 (/opt/ros/foxy/share/ament_cmake/cmake)
[0.972s] -- Found PythonInterp: /usr/bin/python3 (found suitable version "3.8.10", minimum required is "3") 
[0.972s] -- Using PYTHON_EXECUTABLE: /usr/bin/python3
[1.213s] -- Found rclcpp: 2.4.0 (/opt/ros/foxy/share/rclcpp/cmake)
[1.270s] -- Using all available rosidl_typesupport_c: rosidl_typesupport_fastrtps_c;rosidl_typesupport_introspection_c
[1.279s] -- Found rosidl_adapter: 1.2.1 (/opt/ros/foxy/share/rosidl_adapter/cmake)
[1.396s] -- Found OpenSSL: /usr/lib/x86_64-linux-gnu/libcrypto.so (found version "1.1.1f")  
[1.428s] -- Found FastRTPS: /opt/ros/foxy/include  
[1.541s] -- Using all available rosidl_typesupport_cpp: rosidl_typesupport_fastrtps_cpp;rosidl_typesupport_introspection_cpp
[1.621s] -- Found rmw_implementation_cmake: 1.0.3 (/opt/ros/foxy/share/rmw_implementation_cmake/cmake)
[1.623s] -- Using RMW implementation 'rmw_fastrtps_cpp' as default
[1.624s] -- Looking for pthread.h
[1.719s] -- Looking for pthread.h - found
[1.719s] -- Performing Test CMAKE_HAVE_LIBC_PTHREAD
[1.824s] -- Performing Test CMAKE_HAVE_LIBC_PTHREAD - Failed
[1.824s] -- Looking for pthread_create in pthreads
[1.914s] -- Looking for pthread_create in pthreads - not found
[1.914s] -- Looking for pthread_create in pthread
[1.993s] -- Looking for pthread_create in pthread - found
[1.994s] -- Found Threads: TRUE  
[2.177s] -- Found rclcpp_components: 2.4.0 (/opt/ros/foxy/share/rclcpp_components/cmake)
[2.244s] -- Found rclcpp_action: 2.4.0 (/opt/ros/foxy/share/rclcpp_action/cmake)
[2.328s] -- Found stsl_interfaces: 0.0.4 (/opt/ros/foxy/share/stsl_interfaces/cmake)
[2.546s] -- Found tf2_ros: 0.13.12 (/opt/ros/foxy/share/tf2_ros/cmake)
[2.777s] -- Found tf2_eigen: 0.13.12 (/opt/ros/foxy/share/tf2_eigen/cmake)
[2.788s] -- Found nav2_msgs: 0.4.7 (/opt/ros/foxy/share/nav2_msgs/cmake)
[3.219s] -- Found ament_lint_auto: 0.9.6 (/opt/ros/foxy/share/ament_lint_auto/cmake)
[3.302s] -- Added test 'copyright' to check source files copyright and LICENSE
[3.305s] -- Added test 'cppcheck' to perform static code analysis on C / C++ code
[3.305s] -- Configured cppcheck include dirs: 
[3.305s] -- Configured cppcheck exclude dirs and/or files: 
[3.306s] -- Added test 'cpplint' to check C / C++ code against the Google style
[3.306s] -- Configured cpplint exclude dirs and/or files: 
[3.307s] -- Added test 'lint_cmake' to check CMake code style
[3.308s] -- Added test 'uncrustify' to check C / C++ code style
[3.308s] -- Configured uncrustify additional arguments: 
[3.308s] -- Added test 'xmllint' to check XML markup files
[3.313s] -- Configuring done
[3.332s] -- Generating done
[3.335s] -- Build files have been written to: /home/robojackets/training_ws/src/software-training/build/peak_finder
[3.344s] Invoked command in '/home/robojackets/training_ws/src/software-training/build/peak_finder' returned '0': CMAKE_PREFIX_PATH=${CMAKE_PREFIX_PATH}:/opt/ros/foxy /usr/bin/cmake /home/robojackets/training_ws/src/software-training/peak_finder -DCMAKE_INSTALL_PREFIX=/home/robojackets/training_ws/src/software-training/install/peak_finder
[3.349s] Invoking command in '/home/robojackets/training_ws/src/software-training/build/peak_finder': CMAKE_PREFIX_PATH=${CMAKE_PREFIX_PATH}:/opt/ros/foxy /usr/bin/cmake --build /home/robojackets/training_ws/src/software-training/build/peak_finder -- -j6 -l6
[3.403s] [35m[1mScanning dependencies of target peak_finder_node[0m
[3.447s] [ 20%] [32mBuilding CXX object CMakeFiles/peak_finder_node.dir/rclcpp_components/node_main_peak_finder_node.cpp.o[0m
[5.382s] [ 40%] [32m[1mLinking CXX executable peak_finder_node[0m
[5.541s] [ 40%] Built target peak_finder_node
[5.572s] [35m[1mScanning dependencies of target peak_finder_components[0m
[5.734s] [ 60%] [32mBuilding CXX object CMakeFiles/peak_finder_components.dir/src/peak_finder_component.cpp.o[0m
[10.893s] [ 80%] [32mBuilding CXX object CMakeFiles/peak_finder_components.dir/src/navigator.cpp.o[0m
[13.708s] [100%] [32m[1mLinking CXX shared library libpeak_finder_components.so[0m
[13.995s] [100%] Built target peak_finder_components
[14.014s] Invoked command in '/home/robojackets/training_ws/src/software-training/build/peak_finder' returned '0': CMAKE_PREFIX_PATH=${CMAKE_PREFIX_PATH}:/opt/ros/foxy /usr/bin/cmake --build /home/robojackets/training_ws/src/software-training/build/peak_finder -- -j6 -l6
[14.066s] Invoking command in '/home/robojackets/training_ws/src/software-training/build/peak_finder': CMAKE_PREFIX_PATH=${CMAKE_PREFIX_PATH}:/opt/ros/foxy /usr/bin/cmake --install /home/robojackets/training_ws/src/software-training/build/peak_finder
[14.077s] -- Install configuration: ""
[14.077s] -- Installing: /home/robojackets/training_ws/src/software-training/install/peak_finder/lib/peak_finder/peak_finder_node
[14.078s] -- Set runtime path of "/home/robojackets/training_ws/src/software-training/install/peak_finder/lib/peak_finder/peak_finder_node" to ""
[14.078s] -- Installing: /home/robojackets/training_ws/src/software-training/install/peak_finder/lib/libpeak_finder_components.so
[14.082s] -- Set runtime path of "/home/robojackets/training_ws/src/software-training/install/peak_finder/lib/libpeak_finder_components.so" to ""
[14.082s] -- Installing: /home/robojackets/training_ws/src/software-training/install/peak_finder/share/ament_index/resource_index/package_run_dependencies/peak_finder
[14.083s] -- Installing: /home/robojackets/training_ws/src/software-training/install/peak_finder/share/ament_index/resource_index/parent_prefix_path/peak_finder
[14.083s] -- Installing: /home/robojackets/training_ws/src/software-training/install/peak_finder/share/peak_finder/environment/ament_prefix_path.sh
[14.083s] -- Installing: /home/robojackets/training_ws/src/software-training/install/peak_finder/share/peak_finder/environment/ament_prefix_path.dsv
[14.084s] -- Installing: /home/robojackets/training_ws/src/software-training/install/peak_finder/share/peak_finder/environment/path.sh
[14.084s] -- Installing: /home/robojackets/training_ws/src/software-training/install/peak_finder/share/peak_finder/environment/path.dsv
[14.085s] -- Installing: /home/robojackets/training_ws/src/software-training/install/peak_finder/share/peak_finder/local_setup.bash
[14.086s] -- Installing: /home/robojackets/training_ws/src/software-training/install/peak_finder/share/peak_finder/local_setup.sh
[14.087s] -- Installing: /home/robojackets/training_ws/src/software-training/install/peak_finder/share/peak_finder/local_setup.zsh
[14.087s] -- Installing: /home/robojackets/training_ws/src/software-training/install/peak_finder/share/peak_finder/local_setup.dsv
[14.087s] -- Installing: /home/robojackets/training_ws/src/software-training/install/peak_finder/share/peak_finder/package.dsv
[14.088s] -- Installing: /home/robojackets/training_ws/src/software-training/install/peak_finder/share/ament_index/resource_index/packages/peak_finder
[14.088s] -- Installing: /home/robojackets/training_ws/src/software-training/install/peak_finder/share/ament_index/resource_index/rclcpp_components/peak_finder
[14.088s] -- Installing: /home/robojackets/training_ws/src/software-training/install/peak_finder/share/peak_finder/cmake/peak_finderConfig.cmake
[14.089s] -- Installing: /home/robojackets/training_ws/src/software-training/install/peak_finder/share/peak_finder/cmake/peak_finderConfig-version.cmake
[14.089s] -- Installing: /home/robojackets/training_ws/src/software-training/install/peak_finder/share/peak_finder/package.xml
[14.099s] Invoked command in '/home/robojackets/training_ws/src/software-training/build/peak_finder' returned '0': CMAKE_PREFIX_PATH=${CMAKE_PREFIX_PATH}:/opt/ros/foxy /usr/bin/cmake --install /home/robojackets/training_ws/src/software-training/build/peak_finder
