[0.125s] Invoking command in '/home/padowan/software-training/build/localization': CMAKE_PREFIX_PATH=${CMAKE_PREFIX_PATH}:/opt/ros/foxy /usr/bin/cmake --build /home/padowan/software-training/build/localization -- -j12 -l12
[0.465s] [ 25%] Built target localization_node
[0.494s] [100%] Built target localization_component
[0.532s] Invoked command in '/home/padowan/software-training/build/localization' returned '0': CMAKE_PREFIX_PATH=${CMAKE_PREFIX_PATH}:/opt/ros/foxy /usr/bin/cmake --build /home/padowan/software-training/build/localization -- -j12 -l12
[0.820s] Invoking command in '/home/padowan/software-training/build/localization': CMAKE_PREFIX_PATH=${CMAKE_PREFIX_PATH}:/opt/ros/foxy /usr/bin/cmake --install /home/padowan/software-training/build/localization
[0.841s] -- Install configuration: ""
[0.842s] -- Up-to-date: /home/padowan/software-training/install/localization/lib/localization/localization_node
[0.843s] -- Up-to-date: /home/padowan/software-training/install/localization/lib/liblocalization_component.so
[0.843s] -- Up-to-date: /home/padowan/software-training/install/localization/share/localization/launch
[0.844s] -- Up-to-date: /home/padowan/software-training/install/localization/share/localization/launch/particle_filter_localizer.launch.py
[0.845s] -- Up-to-date: /home/padowan/software-training/install/localization/share/localization/config
[0.845s] -- Up-to-date: /home/padowan/software-training/install/localization/share/localization/config/localizer_params.yaml
[0.846s] -- Up-to-date: /home/padowan/software-training/install/localization/share/ament_index/resource_index/package_run_dependencies/localization
[0.848s] -- Up-to-date: /home/padowan/software-training/install/localization/share/ament_index/resource_index/parent_prefix_path/localization
[0.849s] -- Up-to-date: /home/padowan/software-training/install/localization/share/localization/environment/ament_prefix_path.sh
[0.850s] -- Up-to-date: /home/padowan/software-training/install/localization/share/localization/environment/ament_prefix_path.dsv
[0.851s] -- Up-to-date: /home/padowan/software-training/install/localization/share/localization/environment/path.sh
[0.853s] -- Up-to-date: /home/padowan/software-training/install/localization/share/localization/environment/path.dsv
[0.872s] -- Up-to-date: /home/padowan/software-training/install/localization/share/localization/local_setup.bash
[0.873s] -- Up-to-date: /home/padowan/software-training/install/localization/share/localization/local_setup.sh
[0.874s] -- Up-to-date: /home/padowan/software-training/install/localization/share/localization/local_setup.zsh
[0.875s] -- Up-to-date: /home/padowan/software-training/install/localization/share/localization/local_setup.dsv
[0.876s] -- Installing: /home/padowan/software-training/install/localization/share/localization/package.dsv
[0.877s] -- Up-to-date: /home/padowan/software-training/install/localization/share/ament_index/resource_index/packages/localization
[0.879s] -- Up-to-date: /home/padowan/software-training/install/localization/share/ament_index/resource_index/rclcpp_components/localization
[0.880s] -- Up-to-date: /home/padowan/software-training/install/localization/share/localization/cmake/localizationConfig.cmake
[0.882s] -- Up-to-date: /home/padowan/software-training/install/localization/share/localization/cmake/localizationConfig-version.cmake
[0.882s] -- Up-to-date: /home/padowan/software-training/install/localization/share/localization/package.xml
[1.104s] Invoked command in '/home/padowan/software-training/build/localization' returned '0': CMAKE_PREFIX_PATH=${CMAKE_PREFIX_PATH}:/opt/ros/foxy /usr/bin/cmake --install /home/padowan/software-training/build/localization
