[0.080s] Invoking command in '/home/padowan/software-training/build/localization': CMAKE_PREFIX_PATH=/opt/ros/foxy /usr/bin/cmake /home/padowan/software-training/localization -DCMAKE_INSTALL_PREFIX=/home/padowan/software-training/install/localization
[0.172s] -- Found ament_cmake: 0.9.9 (/opt/ros/foxy/share/ament_cmake/cmake)
[0.172s] -- Using PYTHON_EXECUTABLE: /usr/bin/python3
[0.584s] -- Found rclcpp: 2.4.0 (/opt/ros/foxy/share/rclcpp/cmake)
[0.676s] -- Using all available rosidl_typesupport_c: rosidl_typesupport_fastrtps_c;rosidl_typesupport_introspection_c
[0.687s] -- Found rosidl_adapter: 1.2.1 (/opt/ros/foxy/share/rosidl_adapter/cmake)
[1.152s] -- Using all available rosidl_typesupport_cpp: rosidl_typesupport_fastrtps_cpp;rosidl_typesupport_introspection_cpp
[1.355s] -- Found rmw_implementation_cmake: 1.0.3 (/opt/ros/foxy/share/rmw_implementation_cmake/cmake)
[1.361s] -- Using RMW implementation 'rmw_fastrtps_cpp' as default
[2.097s] -- Found rclcpp_components: 2.4.0 (/opt/ros/foxy/share/rclcpp_components/cmake)
[2.364s] -- Found stsl_interfaces: 0.0.4 (/opt/ros/foxy/share/stsl_interfaces/cmake)
[3.366s] -- Found sensor_msgs: 2.0.4 (/opt/ros/foxy/share/sensor_msgs/cmake)
[3.484s] -- Found visualization_msgs: 2.0.4 (/opt/ros/foxy/share/visualization_msgs/cmake)
[3.626s] -- Found nav_msgs: 2.0.4 (/opt/ros/foxy/share/nav_msgs/cmake)
[3.759s] -- Found tf2_ros: 0.13.12 (/opt/ros/foxy/share/tf2_ros/cmake)
[4.380s] -- Found tf2_geometry_msgs: 0.13.12 (/opt/ros/foxy/share/tf2_geometry_msgs/cmake)
[4.391s] -- Found eigen3_cmake_module: 0.1.1 (/opt/ros/foxy/share/eigen3_cmake_module/cmake)
[4.441s] -- Found angles: 1.12.3 (/opt/ros/foxy/share/angles/cmake)
[4.447s] -- Found ament_lint_auto: 0.9.6 (/opt/ros/foxy/share/ament_lint_auto/cmake)
[5.362s] -- Added test 'copyright' to check source files copyright and LICENSE
[5.371s] -- Added test 'cppcheck' to perform static code analysis on C / C++ code
[5.372s] -- Configured cppcheck include dirs: 
[5.372s] -- Configured cppcheck exclude dirs and/or files: 
[5.382s] -- Added test 'cpplint' to check C / C++ code against the Google style
[5.382s] -- Configured cpplint exclude dirs and/or files: 
[5.385s] -- Added test 'flake8' to check Python code syntax and style conventions
[5.388s] -- Added test 'lint_cmake' to check CMake code style
[5.391s] -- Added test 'pep257' to check Python code against some of the style conventions in PEP 257
[5.401s] -- Added test 'uncrustify' to check C / C++ code style
[5.402s] -- Configured uncrustify additional arguments: 
[5.403s] -- Added test 'xmllint' to check XML markup files
[5.411s] -- Configuring done
[5.735s] -- Generating done
[5.808s] -- Build files have been written to: /home/padowan/software-training/build/localization
[5.819s] Invoked command in '/home/padowan/software-training/build/localization' returned '0': CMAKE_PREFIX_PATH=/opt/ros/foxy /usr/bin/cmake /home/padowan/software-training/localization -DCMAKE_INSTALL_PREFIX=/home/padowan/software-training/install/localization
[5.924s] Invoking command in '/home/padowan/software-training/build/localization': CMAKE_PREFIX_PATH=/opt/ros/foxy /usr/bin/cmake --build /home/padowan/software-training/build/localization -- -j12 -l12
[6.886s] [35m[1mScanning dependencies of target localization_node[0m
[7.099s] [35m[1mScanning dependencies of target localization_component[0m
[7.542s] [ 12%] [32mBuilding CXX object CMakeFiles/localization_node.dir/rclcpp_components/node_main_localization_node.cpp.o[0m
[7.777s] [ 25%] [32mBuilding CXX object CMakeFiles/localization_component.dir/src/motion_model.cpp.o[0m
[7.934s] [ 37%] [32mBuilding CXX object CMakeFiles/localization_component.dir/src/aruco_sensor_model.cpp.o[0m
[7.987s] [ 50%] [32mBuilding CXX object CMakeFiles/localization_component.dir/src/particle_filter_localizer.cpp.o[0m
[8.018s] [ 62%] [32mBuilding CXX object CMakeFiles/localization_component.dir/src/random_helpers.cpp.o[0m
[8.045s] [ 75%] [32mBuilding CXX object CMakeFiles/localization_component.dir/src/odometry_sensor_model.cpp.o[0m
[37.355s] [ 87%] [32m[1mLinking CXX executable localization_node[0m
[37.792s] [ 87%] Built target localization_node
[50.043s] [100%] [32m[1mLinking CXX shared library liblocalization_component.so[0m
[51.176s] [100%] Built target localization_component
[51.305s] Invoked command in '/home/padowan/software-training/build/localization' returned '0': CMAKE_PREFIX_PATH=/opt/ros/foxy /usr/bin/cmake --build /home/padowan/software-training/build/localization -- -j12 -l12
[51.634s] Invoking command in '/home/padowan/software-training/build/localization': CMAKE_PREFIX_PATH=/opt/ros/foxy /usr/bin/cmake --install /home/padowan/software-training/build/localization
[51.650s] -- Install configuration: ""
[51.650s] -- Installing: /home/padowan/software-training/install/localization/lib/localization/localization_node
[51.650s] -- Set runtime path of "/home/padowan/software-training/install/localization/lib/localization/localization_node" to ""
[51.650s] -- Installing: /home/padowan/software-training/install/localization/lib/liblocalization_component.so
[51.761s] -- Set runtime path of "/home/padowan/software-training/install/localization/lib/liblocalization_component.so" to ""
[51.761s] -- Up-to-date: /home/padowan/software-training/install/localization/share/localization/launch
[51.761s] -- Installing: /home/padowan/software-training/install/localization/share/localization/launch/particle_filter_localizer.launch.py
[51.761s] -- Up-to-date: /home/padowan/software-training/install/localization/share/localization/config
[51.762s] -- Installing: /home/padowan/software-training/install/localization/share/localization/config/localizer_params.yaml
[51.762s] -- Installing: /home/padowan/software-training/install/localization/share/ament_index/resource_index/package_run_dependencies/localization
[51.762s] -- Installing: /home/padowan/software-training/install/localization/share/ament_index/resource_index/parent_prefix_path/localization
[51.762s] -- Installing: /home/padowan/software-training/install/localization/share/localization/environment/ament_prefix_path.sh
[51.762s] -- Installing: /home/padowan/software-training/install/localization/share/localization/environment/ament_prefix_path.dsv
[51.763s] -- Installing: /home/padowan/software-training/install/localization/share/localization/environment/path.sh
[51.763s] -- Installing: /home/padowan/software-training/install/localization/share/localization/environment/path.dsv
[51.763s] -- Installing: /home/padowan/software-training/install/localization/share/localization/local_setup.bash
[51.764s] -- Installing: /home/padowan/software-training/install/localization/share/localization/local_setup.sh
[51.764s] -- Installing: /home/padowan/software-training/install/localization/share/localization/local_setup.zsh
[51.765s] -- Installing: /home/padowan/software-training/install/localization/share/localization/local_setup.dsv
[51.765s] -- Installing: /home/padowan/software-training/install/localization/share/localization/package.dsv
[51.765s] -- Installing: /home/padowan/software-training/install/localization/share/ament_index/resource_index/packages/localization
[51.765s] -- Installing: /home/padowan/software-training/install/localization/share/ament_index/resource_index/rclcpp_components/localization
[51.765s] -- Installing: /home/padowan/software-training/install/localization/share/localization/cmake/localizationConfig.cmake
[51.766s] -- Installing: /home/padowan/software-training/install/localization/share/localization/cmake/localizationConfig-version.cmake
[51.766s] -- Installing: /home/padowan/software-training/install/localization/share/localization/package.xml
[51.771s] Invoked command in '/home/padowan/software-training/build/localization' returned '0': CMAKE_PREFIX_PATH=/opt/ros/foxy /usr/bin/cmake --install /home/padowan/software-training/build/localization
