[0.094s] Invoking command in '/home/padowan/software-training/build/lqr_control': CMAKE_PREFIX_PATH=${CMAKE_PREFIX_PATH}:/opt/ros/foxy /usr/bin/cmake --build /home/padowan/software-training/build/lqr_control -- -j12 -l12
[0.312s] [100%] Built target lqr_control
[0.346s] Invoked command in '/home/padowan/software-training/build/lqr_control' returned '0': CMAKE_PREFIX_PATH=${CMAKE_PREFIX_PATH}:/opt/ros/foxy /usr/bin/cmake --build /home/padowan/software-training/build/lqr_control -- -j12 -l12
[0.537s] Invoking command in '/home/padowan/software-training/build/lqr_control': CMAKE_PREFIX_PATH=${CMAKE_PREFIX_PATH}:/opt/ros/foxy /usr/bin/cmake --install /home/padowan/software-training/build/lqr_control
[0.539s] -- Install configuration: ""
[0.539s] -- Up-to-date: /home/padowan/software-training/install/lqr_control/lib/liblqr_control.so
[0.540s] -- Up-to-date: /home/padowan/software-training/install/lqr_control/share/lqr_control/plugin_descriptions.xml
[0.541s] -- Up-to-date: /home/padowan/software-training/install/lqr_control/share/ament_index/resource_index/package_run_dependencies/lqr_control
[0.542s] -- Up-to-date: /home/padowan/software-training/install/lqr_control/share/ament_index/resource_index/parent_prefix_path/lqr_control
[0.542s] -- Up-to-date: /home/padowan/software-training/install/lqr_control/share/lqr_control/environment/ament_prefix_path.sh
[0.543s] -- Up-to-date: /home/padowan/software-training/install/lqr_control/share/lqr_control/environment/ament_prefix_path.dsv
[0.544s] -- Up-to-date: /home/padowan/software-training/install/lqr_control/share/lqr_control/environment/path.sh
[0.544s] -- Up-to-date: /home/padowan/software-training/install/lqr_control/share/lqr_control/environment/path.dsv
[0.545s] -- Up-to-date: /home/padowan/software-training/install/lqr_control/share/lqr_control/local_setup.bash
[0.545s] -- Up-to-date: /home/padowan/software-training/install/lqr_control/share/lqr_control/local_setup.sh
[0.546s] -- Up-to-date: /home/padowan/software-training/install/lqr_control/share/lqr_control/local_setup.zsh
[0.547s] -- Up-to-date: /home/padowan/software-training/install/lqr_control/share/lqr_control/local_setup.dsv
[0.548s] -- Installing: /home/padowan/software-training/install/lqr_control/share/lqr_control/package.dsv
[0.548s] -- Up-to-date: /home/padowan/software-training/install/lqr_control/share/ament_index/resource_index/packages/lqr_control
[0.549s] -- Up-to-date: /home/padowan/software-training/install/lqr_control/share/ament_index/resource_index/nav2_core__pluginlib__plugin/lqr_control
[0.549s] -- Up-to-date: /home/padowan/software-training/install/lqr_control/share/lqr_control/cmake/lqr_controlConfig.cmake
[0.550s] -- Up-to-date: /home/padowan/software-training/install/lqr_control/share/lqr_control/cmake/lqr_controlConfig-version.cmake
[0.550s] -- Up-to-date: /home/padowan/software-training/install/lqr_control/share/lqr_control/package.xml
[0.619s] Invoked command in '/home/padowan/software-training/build/lqr_control' returned '0': CMAKE_PREFIX_PATH=${CMAKE_PREFIX_PATH}:/opt/ros/foxy /usr/bin/cmake --install /home/padowan/software-training/build/lqr_control
