[0.102s] Invoking command in '/home/padowan/software-training/build/astar_path_planner': CMAKE_PREFIX_PATH=${CMAKE_PREFIX_PATH}:/opt/ros/foxy /usr/bin/cmake --build /home/padowan/software-training/build/astar_path_planner -- -j12 -l12
[0.296s] [100%] Built target astar_path_planner
[0.336s] Invoked command in '/home/padowan/software-training/build/astar_path_planner' returned '0': CMAKE_PREFIX_PATH=${CMAKE_PREFIX_PATH}:/opt/ros/foxy /usr/bin/cmake --build /home/padowan/software-training/build/astar_path_planner -- -j12 -l12
[0.509s] Invoking command in '/home/padowan/software-training/build/astar_path_planner': CMAKE_PREFIX_PATH=${CMAKE_PREFIX_PATH}:/opt/ros/foxy /usr/bin/cmake --install /home/padowan/software-training/build/astar_path_planner
[0.538s] -- Install configuration: ""
[0.538s] -- Up-to-date: /home/padowan/software-training/install/astar_path_planner/lib/libastar_path_planner.so
[0.538s] -- Up-to-date: /home/padowan/software-training/install/astar_path_planner/share/astar_path_planner/astar_path_planner_libraries.xml
[0.538s] -- Up-to-date: /home/padowan/software-training/install/astar_path_planner/share/ament_index/resource_index/package_run_dependencies/astar_path_planner
[0.539s] -- Up-to-date: /home/padowan/software-training/install/astar_path_planner/share/ament_index/resource_index/parent_prefix_path/astar_path_planner
[0.539s] -- Up-to-date: /home/padowan/software-training/install/astar_path_planner/share/astar_path_planner/environment/ament_prefix_path.sh
[0.541s] -- Up-to-date: /home/padowan/software-training/install/astar_path_planner/share/astar_path_planner/environment/ament_prefix_path.dsv
[0.542s] -- Up-to-date: /home/padowan/software-training/install/astar_path_planner/share/astar_path_planner/environment/path.sh
[0.543s] -- Up-to-date: /home/padowan/software-training/install/astar_path_planner/share/astar_path_planner/environment/path.dsv
[0.543s] -- Up-to-date: /home/padowan/software-training/install/astar_path_planner/share/astar_path_planner/local_setup.bash
[0.543s] -- Up-to-date: /home/padowan/software-training/install/astar_path_planner/share/astar_path_planner/local_setup.sh
[0.543s] -- Up-to-date: /home/padowan/software-training/install/astar_path_planner/share/astar_path_planner/local_setup.zsh
[0.544s] -- Up-to-date: /home/padowan/software-training/install/astar_path_planner/share/astar_path_planner/local_setup.dsv
[0.545s] -- Installing: /home/padowan/software-training/install/astar_path_planner/share/astar_path_planner/package.dsv
[0.546s] -- Up-to-date: /home/padowan/software-training/install/astar_path_planner/share/ament_index/resource_index/packages/astar_path_planner
[0.549s] -- Up-to-date: /home/padowan/software-training/install/astar_path_planner/share/ament_index/resource_index/nav2_core__pluginlib__plugin/astar_path_planner
[0.549s] -- Up-to-date: /home/padowan/software-training/install/astar_path_planner/share/astar_path_planner/cmake/ament_cmake_export_include_directories-extras.cmake
[0.549s] -- Up-to-date: /home/padowan/software-training/install/astar_path_planner/share/astar_path_planner/cmake/ament_cmake_export_dependencies-extras.cmake
[0.549s] -- Up-to-date: /home/padowan/software-training/install/astar_path_planner/share/astar_path_planner/cmake/astar_path_plannerConfig.cmake
[0.550s] -- Up-to-date: /home/padowan/software-training/install/astar_path_planner/share/astar_path_planner/cmake/astar_path_plannerConfig-version.cmake
[0.550s] -- Up-to-date: /home/padowan/software-training/install/astar_path_planner/share/astar_path_planner/package.xml
[0.608s] Invoked command in '/home/padowan/software-training/build/astar_path_planner' returned '0': CMAKE_PREFIX_PATH=${CMAKE_PREFIX_PATH}:/opt/ros/foxy /usr/bin/cmake --install /home/padowan/software-training/build/astar_path_planner
