[0.122s] Invoking command in '/home/padowan/software-training/build/obstacle_detector': CMAKE_PREFIX_PATH=${CMAKE_PREFIX_PATH}:/opt/ros/foxy /usr/bin/cmake --build /home/padowan/software-training/build/obstacle_detector -- -j12 -l12
[0.425s] [ 60%] Built target obstacle_detector
[0.441s] [100%] Built target obstacle_detector_node
[0.515s] Invoked command in '/home/padowan/software-training/build/obstacle_detector' returned '0': CMAKE_PREFIX_PATH=${CMAKE_PREFIX_PATH}:/opt/ros/foxy /usr/bin/cmake --build /home/padowan/software-training/build/obstacle_detector -- -j12 -l12
[0.777s] Invoking command in '/home/padowan/software-training/build/obstacle_detector': CMAKE_PREFIX_PATH=${CMAKE_PREFIX_PATH}:/opt/ros/foxy /usr/bin/cmake --install /home/padowan/software-training/build/obstacle_detector
[0.817s] -- Install configuration: ""
[0.817s] -- Up-to-date: /home/padowan/software-training/install/obstacle_detector/lib/obstacle_detector/obstacle_detector_node
[0.819s] -- Up-to-date: /home/padowan/software-training/install/obstacle_detector/lib/libobstacle_detector.so
[0.819s] -- Up-to-date: /home/padowan/software-training/install/obstacle_detector/share/obstacle_detector/launch
[0.821s] -- Up-to-date: /home/padowan/software-training/install/obstacle_detector/share/obstacle_detector/launch/obstacle_detector.launch.py
[0.821s] -- Up-to-date: /home/padowan/software-training/install/obstacle_detector/share/obstacle_detector/config
[0.822s] -- Up-to-date: /home/padowan/software-training/install/obstacle_detector/share/obstacle_detector/config/obstacle_detector_parameters.yaml
[0.823s] -- Up-to-date: /home/padowan/software-training/install/obstacle_detector/share/ament_index/resource_index/package_run_dependencies/obstacle_detector
[0.824s] -- Up-to-date: /home/padowan/software-training/install/obstacle_detector/share/ament_index/resource_index/parent_prefix_path/obstacle_detector
[0.825s] -- Up-to-date: /home/padowan/software-training/install/obstacle_detector/share/obstacle_detector/environment/ament_prefix_path.sh
[0.826s] -- Up-to-date: /home/padowan/software-training/install/obstacle_detector/share/obstacle_detector/environment/ament_prefix_path.dsv
[0.826s] -- Up-to-date: /home/padowan/software-training/install/obstacle_detector/share/obstacle_detector/environment/path.sh
[0.827s] -- Up-to-date: /home/padowan/software-training/install/obstacle_detector/share/obstacle_detector/environment/path.dsv
[0.827s] -- Up-to-date: /home/padowan/software-training/install/obstacle_detector/share/obstacle_detector/local_setup.bash
[0.828s] -- Up-to-date: /home/padowan/software-training/install/obstacle_detector/share/obstacle_detector/local_setup.sh
[0.828s] -- Up-to-date: /home/padowan/software-training/install/obstacle_detector/share/obstacle_detector/local_setup.zsh
[0.829s] -- Up-to-date: /home/padowan/software-training/install/obstacle_detector/share/obstacle_detector/local_setup.dsv
[0.829s] -- Installing: /home/padowan/software-training/install/obstacle_detector/share/obstacle_detector/package.dsv
[0.829s] -- Up-to-date: /home/padowan/software-training/install/obstacle_detector/share/ament_index/resource_index/packages/obstacle_detector
[0.830s] -- Up-to-date: /home/padowan/software-training/install/obstacle_detector/share/ament_index/resource_index/rclcpp_components/obstacle_detector
[0.831s] -- Up-to-date: /home/padowan/software-training/install/obstacle_detector/share/obstacle_detector/cmake/obstacle_detectorConfig.cmake
[0.832s] -- Up-to-date: /home/padowan/software-training/install/obstacle_detector/share/obstacle_detector/cmake/obstacle_detectorConfig-version.cmake
[0.834s] -- Up-to-date: /home/padowan/software-training/install/obstacle_detector/share/obstacle_detector/package.xml
[0.994s] Invoked command in '/home/padowan/software-training/build/obstacle_detector' returned '0': CMAKE_PREFIX_PATH=${CMAKE_PREFIX_PATH}:/opt/ros/foxy /usr/bin/cmake --install /home/padowan/software-training/build/obstacle_detector
