[0.095s] Invoking command in '/home/robojackets/training_ws/src/software-training/build/astar_path_planner': CMAKE_PREFIX_PATH=${CMAKE_PREFIX_PATH}:/opt/ros/foxy /usr/bin/cmake --build /home/robojackets/training_ws/src/software-training/build/astar_path_planner -- -j6 -l6
[0.334s] [100%] Built target astar_path_planner
[0.351s] Invoked command in '/home/robojackets/training_ws/src/software-training/build/astar_path_planner' returned '0': CMAKE_PREFIX_PATH=${CMAKE_PREFIX_PATH}:/opt/ros/foxy /usr/bin/cmake --build /home/robojackets/training_ws/src/software-training/build/astar_path_planner -- -j6 -l6
[0.614s] Invoking command in '/home/robojackets/training_ws/src/software-training/build/astar_path_planner': CMAKE_PREFIX_PATH=${CMAKE_PREFIX_PATH}:/opt/ros/foxy /usr/bin/cmake --install /home/robojackets/training_ws/src/software-training/build/astar_path_planner
[0.696s] -- Install configuration: ""
[0.753s] -- Up-to-date: /home/robojackets/training_ws/src/software-training/install/astar_path_planner/lib/libastar_path_planner.so
[0.777s] -- Up-to-date: /home/robojackets/training_ws/src/software-training/install/astar_path_planner/share/astar_path_planner/astar_path_planner_libraries.xml
[0.891s] -- Up-to-date: /home/robojackets/training_ws/src/software-training/install/astar_path_planner/share/ament_index/resource_index/package_run_dependencies/astar_path_planner
[0.892s] -- Up-to-date: /home/robojackets/training_ws/src/software-training/install/astar_path_planner/share/ament_index/resource_index/parent_prefix_path/astar_path_planner
[0.892s] -- Up-to-date: /home/robojackets/training_ws/src/software-training/install/astar_path_planner/share/astar_path_planner/environment/ament_prefix_path.sh
[0.892s] -- Up-to-date: /home/robojackets/training_ws/src/software-training/install/astar_path_planner/share/astar_path_planner/environment/ament_prefix_path.dsv
[0.893s] -- Up-to-date: /home/robojackets/training_ws/src/software-training/install/astar_path_planner/share/astar_path_planner/environment/path.sh
[0.894s] -- Up-to-date: /home/robojackets/training_ws/src/software-training/install/astar_path_planner/share/astar_path_planner/environment/path.dsv
[0.895s] -- Up-to-date: /home/robojackets/training_ws/src/software-training/install/astar_path_planner/share/astar_path_planner/local_setup.bash
[0.895s] -- Up-to-date: /home/robojackets/training_ws/src/software-training/install/astar_path_planner/share/astar_path_planner/local_setup.sh
[0.895s] -- Up-to-date: /home/robojackets/training_ws/src/software-training/install/astar_path_planner/share/astar_path_planner/local_setup.zsh
[0.896s] -- Up-to-date: /home/robojackets/training_ws/src/software-training/install/astar_path_planner/share/astar_path_planner/local_setup.dsv
[0.897s] -- Installing: /home/robojackets/training_ws/src/software-training/install/astar_path_planner/share/astar_path_planner/package.dsv
[0.897s] -- Up-to-date: /home/robojackets/training_ws/src/software-training/install/astar_path_planner/share/ament_index/resource_index/packages/astar_path_planner
[0.897s] -- Up-to-date: /home/robojackets/training_ws/src/software-training/install/astar_path_planner/share/ament_index/resource_index/nav2_core__pluginlib__plugin/astar_path_planner
[0.897s] -- Up-to-date: /home/robojackets/training_ws/src/software-training/install/astar_path_planner/share/astar_path_planner/cmake/ament_cmake_export_include_directories-extras.cmake
[0.898s] -- Up-to-date: /home/robojackets/training_ws/src/software-training/install/astar_path_planner/share/astar_path_planner/cmake/ament_cmake_export_dependencies-extras.cmake
[0.898s] -- Up-to-date: /home/robojackets/training_ws/src/software-training/install/astar_path_planner/share/astar_path_planner/cmake/astar_path_plannerConfig.cmake
[0.899s] -- Up-to-date: /home/robojackets/training_ws/src/software-training/install/astar_path_planner/share/astar_path_planner/cmake/astar_path_plannerConfig-version.cmake
[0.899s] -- Up-to-date: /home/robojackets/training_ws/src/software-training/install/astar_path_planner/share/astar_path_planner/package.xml
[0.900s] Invoked command in '/home/robojackets/training_ws/src/software-training/build/astar_path_planner' returned '0': CMAKE_PREFIX_PATH=${CMAKE_PREFIX_PATH}:/opt/ros/foxy /usr/bin/cmake --install /home/robojackets/training_ws/src/software-training/build/astar_path_planner
