[0.219s] Invoking command in '/home/padowan/software-training/build/rj_training_bringup': CMAKE_PREFIX_PATH=${CMAKE_PREFIX_PATH}:/opt/ros/foxy /usr/bin/cmake --build /home/padowan/software-training/build/rj_training_bringup -- -j12 -l12
[0.468s] Invoked command in '/home/padowan/software-training/build/rj_training_bringup' returned '0': CMAKE_PREFIX_PATH=${CMAKE_PREFIX_PATH}:/opt/ros/foxy /usr/bin/cmake --build /home/padowan/software-training/build/rj_training_bringup -- -j12 -l12
[0.610s] Invoking command in '/home/padowan/software-training/build/rj_training_bringup': CMAKE_PREFIX_PATH=${CMAKE_PREFIX_PATH}:/opt/ros/foxy /usr/bin/cmake --install /home/padowan/software-training/build/rj_training_bringup
[0.648s] -- Install configuration: ""
[0.648s] -- Up-to-date: /home/padowan/software-training/install/rj_training_bringup/share/rj_training_bringup/behavior_trees
[0.648s] -- Up-to-date: /home/padowan/software-training/install/rj_training_bringup/share/rj_training_bringup/behavior_trees/navigate.xml
[0.649s] -- Up-to-date: /home/padowan/software-training/install/rj_training_bringup/share/rj_training_bringup/behavior_trees/navigate_w_replanning.xml
[0.651s] -- Up-to-date: /home/padowan/software-training/install/rj_training_bringup/share/rj_training_bringup/config
[0.654s] -- Up-to-date: /home/padowan/software-training/install/rj_training_bringup/share/rj_training_bringup/config/nav_params_week_8.yaml
[0.656s] -- Up-to-date: /home/padowan/software-training/install/rj_training_bringup/share/rj_training_bringup/config/nav_params_final_challenge.yaml
[0.659s] -- Up-to-date: /home/padowan/software-training/install/rj_training_bringup/share/rj_training_bringup/config/aruco_tag_visualization_params.yaml
[0.663s] -- Up-to-date: /home/padowan/software-training/install/rj_training_bringup/share/rj_training_bringup/config/nav_params.yaml
[0.668s] -- Up-to-date: /home/padowan/software-training/install/rj_training_bringup/share/rj_training_bringup/config/nav_params_week_7.yaml
[0.669s] -- Up-to-date: /home/padowan/software-training/install/rj_training_bringup/share/rj_training_bringup/launch
[0.669s] -- Up-to-date: /home/padowan/software-training/install/rj_training_bringup/share/rj_training_bringup/launch/navigation.launch.py
[0.670s] -- Up-to-date: /home/padowan/software-training/install/rj_training_bringup/share/rj_training_bringup/launch/projects
[0.670s] -- Up-to-date: /home/padowan/software-training/install/rj_training_bringup/share/rj_training_bringup/launch/projects/week_5.launch.xml
[0.670s] -- Up-to-date: /home/padowan/software-training/install/rj_training_bringup/share/rj_training_bringup/launch/projects/week_8.launch.xml
[0.671s] -- Up-to-date: /home/padowan/software-training/install/rj_training_bringup/share/rj_training_bringup/launch/projects/week_3.launch.xml
[0.671s] -- Up-to-date: /home/padowan/software-training/install/rj_training_bringup/share/rj_training_bringup/launch/projects/week_6.launch.xml
[0.672s] -- Up-to-date: /home/padowan/software-training/install/rj_training_bringup/share/rj_training_bringup/launch/projects/week_1.launch.xml
[0.673s] -- Up-to-date: /home/padowan/software-training/install/rj_training_bringup/share/rj_training_bringup/launch/projects/week_7.launch.xml
[0.680s] -- Up-to-date: /home/padowan/software-training/install/rj_training_bringup/share/rj_training_bringup/launch/projects/week_4.launch.xml
[0.683s] -- Up-to-date: /home/padowan/software-training/install/rj_training_bringup/share/rj_training_bringup/launch/projects/week_2.launch.xml
[0.687s] -- Up-to-date: /home/padowan/software-training/install/rj_training_bringup/share/rj_training_bringup/launch/mineral_deposit_tracker.launch.py
[0.694s] -- Up-to-date: /home/padowan/software-training/install/rj_training_bringup/share/rj_training_bringup/launch/fake_localizer.launch.py
[0.694s] -- Up-to-date: /home/padowan/software-training/install/rj_training_bringup/share/rj_training_bringup/launch/full_game_stack.launch.xml
[0.695s] -- Up-to-date: /home/padowan/software-training/install/rj_training_bringup/share/rj_training_bringup/mineral_sample_sets
[0.695s] -- Up-to-date: /home/padowan/software-training/install/rj_training_bringup/share/rj_training_bringup/mineral_sample_sets/default.yaml
[0.696s] -- Up-to-date: /home/padowan/software-training/install/rj_training_bringup/share/rj_training_bringup/rviz_config
[0.696s] -- Up-to-date: /home/padowan/software-training/install/rj_training_bringup/share/rj_training_bringup/rviz_config/color_detection.rviz
[0.696s] -- Up-to-date: /home/padowan/software-training/install/rj_training_bringup/share/rj_training_bringup/rviz_config/week_7.rviz
[0.700s] -- Up-to-date: /home/padowan/software-training/install/rj_training_bringup/share/rj_training_bringup/rviz_config/final_challenge.rviz
[0.703s] -- Up-to-date: /home/padowan/software-training/install/rj_training_bringup/share/rj_training_bringup/rviz_config/week_3.rviz
[0.707s] -- Up-to-date: /home/padowan/software-training/install/rj_training_bringup/share/rj_training_bringup/rviz_config/week_8.rviz
[0.710s] -- Up-to-date: /home/padowan/software-training/install/rj_training_bringup/share/rj_training_bringup/rviz_config/week_1.rviz
[0.713s] -- Up-to-date: /home/padowan/software-training/install/rj_training_bringup/share/rj_training_bringup/rviz_config/week_6.rviz
[0.721s] -- Up-to-date: /home/padowan/software-training/install/rj_training_bringup/share/rj_training_bringup/rviz_config/week_4.rviz
[0.721s] -- Up-to-date: /home/padowan/software-training/install/rj_training_bringup/share/rj_training_bringup/rviz_config/week_5.rviz
[0.722s] -- Up-to-date: /home/padowan/software-training/install/rj_training_bringup/share/ament_index/resource_index/package_run_dependencies/rj_training_bringup
[0.723s] -- Up-to-date: /home/padowan/software-training/install/rj_training_bringup/share/ament_index/resource_index/parent_prefix_path/rj_training_bringup
[0.723s] -- Up-to-date: /home/padowan/software-training/install/rj_training_bringup/share/rj_training_bringup/environment/ament_prefix_path.sh
[0.724s] -- Up-to-date: /home/padowan/software-training/install/rj_training_bringup/share/rj_training_bringup/environment/ament_prefix_path.dsv
[0.725s] -- Up-to-date: /home/padowan/software-training/install/rj_training_bringup/share/rj_training_bringup/environment/path.sh
[0.726s] -- Up-to-date: /home/padowan/software-training/install/rj_training_bringup/share/rj_training_bringup/environment/path.dsv
[0.726s] -- Up-to-date: /home/padowan/software-training/install/rj_training_bringup/share/rj_training_bringup/local_setup.bash
[0.728s] -- Up-to-date: /home/padowan/software-training/install/rj_training_bringup/share/rj_training_bringup/local_setup.sh
[0.730s] -- Up-to-date: /home/padowan/software-training/install/rj_training_bringup/share/rj_training_bringup/local_setup.zsh
[0.731s] -- Up-to-date: /home/padowan/software-training/install/rj_training_bringup/share/rj_training_bringup/local_setup.dsv
[0.737s] -- Installing: /home/padowan/software-training/install/rj_training_bringup/share/rj_training_bringup/package.dsv
[0.738s] -- Up-to-date: /home/padowan/software-training/install/rj_training_bringup/share/ament_index/resource_index/packages/rj_training_bringup
[0.738s] -- Up-to-date: /home/padowan/software-training/install/rj_training_bringup/share/rj_training_bringup/cmake/rj_training_bringupConfig.cmake
[0.738s] -- Up-to-date: /home/padowan/software-training/install/rj_training_bringup/share/rj_training_bringup/cmake/rj_training_bringupConfig-version.cmake
[0.740s] -- Up-to-date: /home/padowan/software-training/install/rj_training_bringup/share/rj_training_bringup/package.xml
[0.805s] Invoked command in '/home/padowan/software-training/build/rj_training_bringup' returned '0': CMAKE_PREFIX_PATH=${CMAKE_PREFIX_PATH}:/opt/ros/foxy /usr/bin/cmake --install /home/padowan/software-training/build/rj_training_bringup
