[0.247s] Invoking command in '/home/padowan/software-training/build/coordinate_transform': CMAKE_PREFIX_PATH=${CMAKE_PREFIX_PATH}:/opt/ros/foxy /usr/bin/cmake --build /home/padowan/software-training/build/coordinate_transform -- -j12 -l12
[0.888s] [ 50%] Built target coordinate_transform_node
[0.901s] [100%] Built target coordinate_transform_components
[0.968s] Invoked command in '/home/padowan/software-training/build/coordinate_transform' returned '0': CMAKE_PREFIX_PATH=${CMAKE_PREFIX_PATH}:/opt/ros/foxy /usr/bin/cmake --build /home/padowan/software-training/build/coordinate_transform -- -j12 -l12
[1.174s] Invoking command in '/home/padowan/software-training/build/coordinate_transform': CMAKE_PREFIX_PATH=${CMAKE_PREFIX_PATH}:/opt/ros/foxy /usr/bin/cmake --install /home/padowan/software-training/build/coordinate_transform
[1.304s] -- Install configuration: ""
[1.304s] -- Up-to-date: /home/padowan/software-training/install/coordinate_transform/lib/coordinate_transform/coordinate_transform_node
[1.305s] -- Up-to-date: /home/padowan/software-training/install/coordinate_transform/lib/libcoordinate_transform_components.so
[1.305s] -- Up-to-date: /home/padowan/software-training/install/coordinate_transform/share/ament_index/resource_index/package_run_dependencies/coordinate_transform
[1.305s] -- Up-to-date: /home/padowan/software-training/install/coordinate_transform/share/ament_index/resource_index/parent_prefix_path/coordinate_transform
[1.305s] -- Up-to-date: /home/padowan/software-training/install/coordinate_transform/share/coordinate_transform/environment/ament_prefix_path.sh
[1.306s] -- Up-to-date: /home/padowan/software-training/install/coordinate_transform/share/coordinate_transform/environment/ament_prefix_path.dsv
[1.306s] -- Up-to-date: /home/padowan/software-training/install/coordinate_transform/share/coordinate_transform/environment/path.sh
[1.306s] -- Up-to-date: /home/padowan/software-training/install/coordinate_transform/share/coordinate_transform/environment/path.dsv
[1.307s] -- Up-to-date: /home/padowan/software-training/install/coordinate_transform/share/coordinate_transform/local_setup.bash
[1.307s] -- Up-to-date: /home/padowan/software-training/install/coordinate_transform/share/coordinate_transform/local_setup.sh
[1.308s] -- Up-to-date: /home/padowan/software-training/install/coordinate_transform/share/coordinate_transform/local_setup.zsh
[1.309s] -- Up-to-date: /home/padowan/software-training/install/coordinate_transform/share/coordinate_transform/local_setup.dsv
[1.309s] -- Installing: /home/padowan/software-training/install/coordinate_transform/share/coordinate_transform/package.dsv
[1.310s] -- Up-to-date: /home/padowan/software-training/install/coordinate_transform/share/ament_index/resource_index/packages/coordinate_transform
[1.311s] -- Up-to-date: /home/padowan/software-training/install/coordinate_transform/share/ament_index/resource_index/rclcpp_components/coordinate_transform
[1.346s] -- Up-to-date: /home/padowan/software-training/install/coordinate_transform/share/coordinate_transform/cmake/coordinate_transformConfig.cmake
[1.347s] -- Up-to-date: /home/padowan/software-training/install/coordinate_transform/share/coordinate_transform/cmake/coordinate_transformConfig-version.cmake
[1.347s] -- Up-to-date: /home/padowan/software-training/install/coordinate_transform/share/coordinate_transform/package.xml
[1.543s] Invoked command in '/home/padowan/software-training/build/coordinate_transform' returned '0': CMAKE_PREFIX_PATH=${CMAKE_PREFIX_PATH}:/opt/ros/foxy /usr/bin/cmake --install /home/padowan/software-training/build/coordinate_transform
