[0.119s] Invoking command in '/home/robojackets/training_ws/src/software-training/build/mapping': CMAKE_PREFIX_PATH=${CMAKE_PREFIX_PATH}:/opt/ros/foxy /usr/bin/cmake /home/robojackets/training_ws/src/software-training/mapping -DCMAKE_INSTALL_PREFIX=/home/robojackets/training_ws/src/software-training/install/mapping
[0.780s] -- The C compiler identification is GNU 9.3.0
[1.486s] -- The CXX compiler identification is GNU 9.3.0
[1.519s] -- Check for working C compiler: /usr/bin/cc
[1.720s] -- Check for working C compiler: /usr/bin/cc -- works
[1.722s] -- Detecting C compiler ABI info
[1.845s] -- Detecting C compiler ABI info - done
[1.860s] -- Detecting C compile features
[1.876s] -- Detecting C compile features - done
[1.879s] -- Check for working CXX compiler: /usr/bin/c++
[2.072s] -- Check for working CXX compiler: /usr/bin/c++ -- works
[2.072s] -- Detecting CXX compiler ABI info
[2.212s] -- Detecting CXX compiler ABI info - done
[2.227s] -- Detecting CXX compile features
[2.228s] -- Detecting CXX compile features - done
[2.242s] -- Found ament_cmake: 0.9.9 (/opt/ros/foxy/share/ament_cmake/cmake)
[2.290s] -- Found PythonInterp: /usr/bin/python3 (found suitable version "3.8.10", minimum required is "3") 
[2.290s] -- Using PYTHON_EXECUTABLE: /usr/bin/python3
[2.859s] -- Found rclcpp: 2.4.0 (/opt/ros/foxy/share/rclcpp/cmake)
[3.042s] -- Using all available rosidl_typesupport_c: rosidl_typesupport_fastrtps_c;rosidl_typesupport_introspection_c
[3.074s] -- Found rosidl_adapter: 1.2.1 (/opt/ros/foxy/share/rosidl_adapter/cmake)
[3.305s] -- Found OpenSSL: /usr/lib/x86_64-linux-gnu/libcrypto.so (found version "1.1.1f")  
[3.339s] -- Found FastRTPS: /opt/ros/foxy/include  
[3.486s] -- Using all available rosidl_typesupport_cpp: rosidl_typesupport_fastrtps_cpp;rosidl_typesupport_introspection_cpp
[3.627s] -- Found rmw_implementation_cmake: 1.0.3 (/opt/ros/foxy/share/rmw_implementation_cmake/cmake)
[3.632s] -- Using RMW implementation 'rmw_fastrtps_cpp' as default
[3.640s] -- Looking for pthread.h
[3.877s] -- Looking for pthread.h - found
[3.877s] -- Performing Test CMAKE_HAVE_LIBC_PTHREAD
[4.020s] -- Performing Test CMAKE_HAVE_LIBC_PTHREAD - Failed
[4.020s] -- Looking for pthread_create in pthreads
[4.133s] -- Looking for pthread_create in pthreads - not found
[4.133s] -- Looking for pthread_create in pthread
[4.262s] -- Looking for pthread_create in pthread - found
[4.263s] -- Found Threads: TRUE  
[4.505s] -- Found rclcpp_components: 2.4.0 (/opt/ros/foxy/share/rclcpp_components/cmake)
[4.644s] -- Found geometry_msgs: 2.0.4 (/opt/ros/foxy/share/geometry_msgs/cmake)
[4.695s] -- Found nav_msgs: 2.0.4 (/opt/ros/foxy/share/nav_msgs/cmake)
[4.813s] -- Found tf2_ros: 0.13.12 (/opt/ros/foxy/share/tf2_ros/cmake)
[5.240s] -- Found tf2_geometry_msgs: 0.13.12 (/opt/ros/foxy/share/tf2_geometry_msgs/cmake)
[5.285s] -- Found eigen3_cmake_module: 0.1.1 (/opt/ros/foxy/share/eigen3_cmake_module/cmake)
[5.289s] -- Found Eigen3: TRUE (found version "3.3.7") 
[5.331s] -- Found ament_lint_auto: 0.9.6 (/opt/ros/foxy/share/ament_lint_auto/cmake)
[5.472s] -- Added test 'copyright' to check source files copyright and LICENSE
[5.475s] -- Added test 'cppcheck' to perform static code analysis on C / C++ code
[5.475s] -- Configured cppcheck include dirs: 
[5.475s] -- Configured cppcheck exclude dirs and/or files: 
[5.477s] -- Added test 'cpplint' to check C / C++ code against the Google style
[5.477s] -- Configured cpplint exclude dirs and/or files: 
[5.479s] -- Added test 'lint_cmake' to check CMake code style
[5.482s] -- Added test 'uncrustify' to check C / C++ code style
[5.482s] -- Configured uncrustify additional arguments: 
[5.483s] -- Added test 'xmllint' to check XML markup files
[5.489s] -- Configuring done
[5.523s] -- Generating done
[5.525s] -- Build files have been written to: /home/robojackets/training_ws/src/software-training/build/mapping
[5.551s] Invoked command in '/home/robojackets/training_ws/src/software-training/build/mapping' returned '0': CMAKE_PREFIX_PATH=${CMAKE_PREFIX_PATH}:/opt/ros/foxy /usr/bin/cmake /home/robojackets/training_ws/src/software-training/mapping -DCMAKE_INSTALL_PREFIX=/home/robojackets/training_ws/src/software-training/install/mapping
[5.551s] Invoking command in '/home/robojackets/training_ws/src/software-training/build/mapping': CMAKE_PREFIX_PATH=${CMAKE_PREFIX_PATH}:/opt/ros/foxy /usr/bin/cmake --build /home/robojackets/training_ws/src/software-training/build/mapping -- -j6 -l6
[5.682s] [35m[1mScanning dependencies of target mapping[0m
[5.682s] [35m[1mScanning dependencies of target mapping_node[0m
[6.242s] [ 25%] [32mBuilding CXX object CMakeFiles/mapping_node.dir/rclcpp_components/node_main_mapping_node.cpp.o[0m
[6.258s] [ 50%] [32mBuilding CXX object CMakeFiles/mapping.dir/src/mapping_node.cpp.o[0m
[55.973s] [ 75%] [32m[1mLinking CXX executable mapping_node[0m
[58.633s] [ 75%] Built target mapping_node
[60.755s] [100%] [32m[1mLinking CXX shared library libmapping.so[0m
[61.484s] [100%] Built target mapping
[61.500s] Invoked command in '/home/robojackets/training_ws/src/software-training/build/mapping' returned '0': CMAKE_PREFIX_PATH=${CMAKE_PREFIX_PATH}:/opt/ros/foxy /usr/bin/cmake --build /home/robojackets/training_ws/src/software-training/build/mapping -- -j6 -l6
[62.041s] Invoking command in '/home/robojackets/training_ws/src/software-training/build/mapping': CMAKE_PREFIX_PATH=${CMAKE_PREFIX_PATH}:/opt/ros/foxy /usr/bin/cmake --install /home/robojackets/training_ws/src/software-training/build/mapping
[65.020s] -- Install configuration: ""
[65.020s] -- Installing: /home/robojackets/training_ws/src/software-training/install/mapping/lib/mapping/mapping_node
[65.021s] -- Set runtime path of "/home/robojackets/training_ws/src/software-training/install/mapping/lib/mapping/mapping_node" to ""
[65.021s] -- Installing: /home/robojackets/training_ws/src/software-training/install/mapping/lib/libmapping.so
[65.021s] -- Set runtime path of "/home/robojackets/training_ws/src/software-training/install/mapping/lib/libmapping.so" to ""
[65.022s] -- Installing: /home/robojackets/training_ws/src/software-training/install/mapping/share/mapping/launch
[65.022s] -- Installing: /home/robojackets/training_ws/src/software-training/install/mapping/share/mapping/launch/mapping.launch.xml
[65.022s] -- Installing: /home/robojackets/training_ws/src/software-training/install/mapping/share/ament_index/resource_index/package_run_dependencies/mapping
[65.022s] -- Installing: /home/robojackets/training_ws/src/software-training/install/mapping/share/ament_index/resource_index/parent_prefix_path/mapping
[65.022s] -- Installing: /home/robojackets/training_ws/src/software-training/install/mapping/share/mapping/environment/ament_prefix_path.sh
[65.023s] -- Installing: /home/robojackets/training_ws/src/software-training/install/mapping/share/mapping/environment/ament_prefix_path.dsv
[65.023s] -- Installing: /home/robojackets/training_ws/src/software-training/install/mapping/share/mapping/environment/path.sh
[65.023s] -- Installing: /home/robojackets/training_ws/src/software-training/install/mapping/share/mapping/environment/path.dsv
[65.024s] -- Installing: /home/robojackets/training_ws/src/software-training/install/mapping/share/mapping/local_setup.bash
[65.024s] -- Installing: /home/robojackets/training_ws/src/software-training/install/mapping/share/mapping/local_setup.sh
[65.024s] -- Installing: /home/robojackets/training_ws/src/software-training/install/mapping/share/mapping/local_setup.zsh
[65.024s] -- Installing: /home/robojackets/training_ws/src/software-training/install/mapping/share/mapping/local_setup.dsv
[65.024s] -- Installing: /home/robojackets/training_ws/src/software-training/install/mapping/share/mapping/package.dsv
[65.024s] -- Installing: /home/robojackets/training_ws/src/software-training/install/mapping/share/ament_index/resource_index/packages/mapping
[65.025s] -- Installing: /home/robojackets/training_ws/src/software-training/install/mapping/share/ament_index/resource_index/rclcpp_components/mapping
[65.025s] -- Installing: /home/robojackets/training_ws/src/software-training/install/mapping/share/mapping/cmake/mappingConfig.cmake
[65.025s] -- Installing: /home/robojackets/training_ws/src/software-training/install/mapping/share/mapping/cmake/mappingConfig-version.cmake
[65.025s] -- Installing: /home/robojackets/training_ws/src/software-training/install/mapping/share/mapping/package.xml
[65.025s] Invoked command in '/home/robojackets/training_ws/src/software-training/build/mapping' returned '0': CMAKE_PREFIX_PATH=${CMAKE_PREFIX_PATH}:/opt/ros/foxy /usr/bin/cmake --install /home/robojackets/training_ws/src/software-training/build/mapping
