[0.147s] Invoking command in '/home/padowan/software-training/build/peak_finder': CMAKE_PREFIX_PATH=${CMAKE_PREFIX_PATH}:/opt/ros/foxy /usr/bin/cmake --build /home/padowan/software-training/build/peak_finder -- -j12 -l12
[0.512s] [ 40%] Built target peak_finder_node
[0.540s] [100%] Built target peak_finder_components
[0.578s] Invoked command in '/home/padowan/software-training/build/peak_finder' returned '0': CMAKE_PREFIX_PATH=${CMAKE_PREFIX_PATH}:/opt/ros/foxy /usr/bin/cmake --build /home/padowan/software-training/build/peak_finder -- -j12 -l12
[0.998s] Invoking command in '/home/padowan/software-training/build/peak_finder': CMAKE_PREFIX_PATH=${CMAKE_PREFIX_PATH}:/opt/ros/foxy /usr/bin/cmake --install /home/padowan/software-training/build/peak_finder
[1.089s] -- Install configuration: ""
[1.090s] -- Up-to-date: /home/padowan/software-training/install/peak_finder/lib/peak_finder/peak_finder_node
[1.090s] -- Up-to-date: /home/padowan/software-training/install/peak_finder/lib/libpeak_finder_components.so
[1.090s] -- Up-to-date: /home/padowan/software-training/install/peak_finder/share/ament_index/resource_index/package_run_dependencies/peak_finder
[1.090s] -- Up-to-date: /home/padowan/software-training/install/peak_finder/share/ament_index/resource_index/parent_prefix_path/peak_finder
[1.091s] -- Up-to-date: /home/padowan/software-training/install/peak_finder/share/peak_finder/environment/ament_prefix_path.sh
[1.091s] -- Up-to-date: /home/padowan/software-training/install/peak_finder/share/peak_finder/environment/ament_prefix_path.dsv
[1.091s] -- Up-to-date: /home/padowan/software-training/install/peak_finder/share/peak_finder/environment/path.sh
[1.091s] -- Up-to-date: /home/padowan/software-training/install/peak_finder/share/peak_finder/environment/path.dsv
[1.092s] -- Up-to-date: /home/padowan/software-training/install/peak_finder/share/peak_finder/local_setup.bash
[1.092s] -- Up-to-date: /home/padowan/software-training/install/peak_finder/share/peak_finder/local_setup.sh
[1.092s] -- Up-to-date: /home/padowan/software-training/install/peak_finder/share/peak_finder/local_setup.zsh
[1.092s] -- Up-to-date: /home/padowan/software-training/install/peak_finder/share/peak_finder/local_setup.dsv
[1.093s] -- Installing: /home/padowan/software-training/install/peak_finder/share/peak_finder/package.dsv
[1.093s] -- Up-to-date: /home/padowan/software-training/install/peak_finder/share/ament_index/resource_index/packages/peak_finder
[1.093s] -- Up-to-date: /home/padowan/software-training/install/peak_finder/share/ament_index/resource_index/rclcpp_components/peak_finder
[1.093s] -- Up-to-date: /home/padowan/software-training/install/peak_finder/share/peak_finder/cmake/peak_finderConfig.cmake
[1.094s] -- Up-to-date: /home/padowan/software-training/install/peak_finder/share/peak_finder/cmake/peak_finderConfig-version.cmake
[1.094s] -- Up-to-date: /home/padowan/software-training/install/peak_finder/share/peak_finder/package.xml
[1.281s] Invoked command in '/home/padowan/software-training/build/peak_finder' returned '0': CMAKE_PREFIX_PATH=${CMAKE_PREFIX_PATH}:/opt/ros/foxy /usr/bin/cmake --install /home/padowan/software-training/build/peak_finder
