[0.250s] Invoking command in '/home/padowan/software-training/build/lqr_control': CMAKE_PREFIX_PATH=${CMAKE_PREFIX_PATH}:/opt/ros/foxy /usr/bin/cmake --build /home/padowan/software-training/build/lqr_control -- -j12 -l12
[0.921s] [100%] Built target lqr_control
[1.036s] Invoked command in '/home/padowan/software-training/build/lqr_control' returned '0': CMAKE_PREFIX_PATH=${CMAKE_PREFIX_PATH}:/opt/ros/foxy /usr/bin/cmake --build /home/padowan/software-training/build/lqr_control -- -j12 -l12
[1.471s] Invoking command in '/home/padowan/software-training/build/lqr_control': CMAKE_PREFIX_PATH=${CMAKE_PREFIX_PATH}:/opt/ros/foxy /usr/bin/cmake --install /home/padowan/software-training/build/lqr_control
[1.643s] -- Install configuration: ""
[1.645s] -- Up-to-date: /home/padowan/software-training/install/lqr_control/lib/liblqr_control.so
[1.645s] -- Up-to-date: /home/padowan/software-training/install/lqr_control/share/lqr_control/plugin_descriptions.xml
[1.645s] -- Up-to-date: /home/padowan/software-training/install/lqr_control/share/ament_index/resource_index/package_run_dependencies/lqr_control
[1.645s] -- Up-to-date: /home/padowan/software-training/install/lqr_control/share/ament_index/resource_index/parent_prefix_path/lqr_control
[1.646s] -- Up-to-date: /home/padowan/software-training/install/lqr_control/share/lqr_control/environment/ament_prefix_path.sh
[1.646s] -- Up-to-date: /home/padowan/software-training/install/lqr_control/share/lqr_control/environment/ament_prefix_path.dsv
[1.647s] -- Up-to-date: /home/padowan/software-training/install/lqr_control/share/lqr_control/environment/path.sh
[1.647s] -- Up-to-date: /home/padowan/software-training/install/lqr_control/share/lqr_control/environment/path.dsv
[1.647s] -- Up-to-date: /home/padowan/software-training/install/lqr_control/share/lqr_control/local_setup.bash
[1.648s] -- Up-to-date: /home/padowan/software-training/install/lqr_control/share/lqr_control/local_setup.sh
[1.648s] -- Up-to-date: /home/padowan/software-training/install/lqr_control/share/lqr_control/local_setup.zsh
[1.648s] -- Up-to-date: /home/padowan/software-training/install/lqr_control/share/lqr_control/local_setup.dsv
[1.649s] -- Installing: /home/padowan/software-training/install/lqr_control/share/lqr_control/package.dsv
[1.649s] -- Up-to-date: /home/padowan/software-training/install/lqr_control/share/ament_index/resource_index/packages/lqr_control
[1.649s] -- Up-to-date: /home/padowan/software-training/install/lqr_control/share/ament_index/resource_index/nav2_core__pluginlib__plugin/lqr_control
[1.649s] -- Up-to-date: /home/padowan/software-training/install/lqr_control/share/lqr_control/cmake/lqr_controlConfig.cmake
[1.650s] -- Up-to-date: /home/padowan/software-training/install/lqr_control/share/lqr_control/cmake/lqr_controlConfig-version.cmake
[1.650s] -- Up-to-date: /home/padowan/software-training/install/lqr_control/share/lqr_control/package.xml
[1.959s] Invoked command in '/home/padowan/software-training/build/lqr_control' returned '0': CMAKE_PREFIX_PATH=${CMAKE_PREFIX_PATH}:/opt/ros/foxy /usr/bin/cmake --install /home/padowan/software-training/build/lqr_control
