[0.222s] Invoking command in '/home/robojackets/training_ws/src/software-training/build/lqr_control': CMAKE_PREFIX_PATH=${CMAKE_PREFIX_PATH}:/opt/ros/foxy /usr/bin/cmake --build /home/robojackets/training_ws/src/software-training/build/lqr_control -- -j6 -l6
[0.426s] [100%] Built target lqr_control
[0.452s] Invoked command in '/home/robojackets/training_ws/src/software-training/build/lqr_control' returned '0': CMAKE_PREFIX_PATH=${CMAKE_PREFIX_PATH}:/opt/ros/foxy /usr/bin/cmake --build /home/robojackets/training_ws/src/software-training/build/lqr_control -- -j6 -l6
[0.598s] Invoking command in '/home/robojackets/training_ws/src/software-training/build/lqr_control': CMAKE_PREFIX_PATH=${CMAKE_PREFIX_PATH}:/opt/ros/foxy /usr/bin/cmake --install /home/robojackets/training_ws/src/software-training/build/lqr_control
[0.619s] -- Install configuration: ""
[0.631s] -- Up-to-date: /home/robojackets/training_ws/src/software-training/install/lqr_control/lib/liblqr_control.so
[0.631s] -- Up-to-date: /home/robojackets/training_ws/src/software-training/install/lqr_control/share/lqr_control/plugin_descriptions.xml
[0.632s] -- Up-to-date: /home/robojackets/training_ws/src/software-training/install/lqr_control/share/ament_index/resource_index/package_run_dependencies/lqr_control
[0.632s] -- Up-to-date: /home/robojackets/training_ws/src/software-training/install/lqr_control/share/ament_index/resource_index/parent_prefix_path/lqr_control
[0.632s] -- Up-to-date: /home/robojackets/training_ws/src/software-training/install/lqr_control/share/lqr_control/environment/ament_prefix_path.sh
[0.639s] -- Up-to-date: /home/robojackets/training_ws/src/software-training/install/lqr_control/share/lqr_control/environment/ament_prefix_path.dsv
[0.640s] -- Up-to-date: /home/robojackets/training_ws/src/software-training/install/lqr_control/share/lqr_control/environment/path.sh
[0.641s] -- Up-to-date: /home/robojackets/training_ws/src/software-training/install/lqr_control/share/lqr_control/environment/path.dsv
[0.641s] -- Up-to-date: /home/robojackets/training_ws/src/software-training/install/lqr_control/share/lqr_control/local_setup.bash
[0.678s] -- Up-to-date: /home/robojackets/training_ws/src/software-training/install/lqr_control/share/lqr_control/local_setup.sh
[0.686s] -- Up-to-date: /home/robojackets/training_ws/src/software-training/install/lqr_control/share/lqr_control/local_setup.zsh
[0.686s] -- Up-to-date: /home/robojackets/training_ws/src/software-training/install/lqr_control/share/lqr_control/local_setup.dsv
[0.686s] -- Installing: /home/robojackets/training_ws/src/software-training/install/lqr_control/share/lqr_control/package.dsv
[0.686s] -- Up-to-date: /home/robojackets/training_ws/src/software-training/install/lqr_control/share/ament_index/resource_index/packages/lqr_control
[0.688s] -- Up-to-date: /home/robojackets/training_ws/src/software-training/install/lqr_control/share/ament_index/resource_index/nav2_core__pluginlib__plugin/lqr_control
[0.688s] -- Up-to-date: /home/robojackets/training_ws/src/software-training/install/lqr_control/share/lqr_control/cmake/lqr_controlConfig.cmake
[0.689s] -- Up-to-date: /home/robojackets/training_ws/src/software-training/install/lqr_control/share/lqr_control/cmake/lqr_controlConfig-version.cmake
[0.689s] -- Up-to-date: /home/robojackets/training_ws/src/software-training/install/lqr_control/share/lqr_control/package.xml
[0.755s] Invoked command in '/home/robojackets/training_ws/src/software-training/build/lqr_control' returned '0': CMAKE_PREFIX_PATH=${CMAKE_PREFIX_PATH}:/opt/ros/foxy /usr/bin/cmake --install /home/robojackets/training_ws/src/software-training/build/lqr_control
