[0.625s] Invoking command in '/home/robojackets/training_ws/src/software-training/build/rj_training_bringup': CMAKE_PREFIX_PATH=${CMAKE_PREFIX_PATH}:/opt/ros/foxy /usr/bin/cmake --build /home/robojackets/training_ws/src/software-training/build/rj_training_bringup -- -j6 -l6
[1.066s] Invoked command in '/home/robojackets/training_ws/src/software-training/build/rj_training_bringup' returned '0': CMAKE_PREFIX_PATH=${CMAKE_PREFIX_PATH}:/opt/ros/foxy /usr/bin/cmake --build /home/robojackets/training_ws/src/software-training/build/rj_training_bringup -- -j6 -l6
[1.337s] Invoking command in '/home/robojackets/training_ws/src/software-training/build/rj_training_bringup': CMAKE_PREFIX_PATH=${CMAKE_PREFIX_PATH}:/opt/ros/foxy /usr/bin/cmake --install /home/robojackets/training_ws/src/software-training/build/rj_training_bringup
[1.435s] -- Install configuration: ""
[1.436s] -- Up-to-date: /home/robojackets/training_ws/src/software-training/install/rj_training_bringup/share/rj_training_bringup/behavior_trees
[1.436s] -- Up-to-date: /home/robojackets/training_ws/src/software-training/install/rj_training_bringup/share/rj_training_bringup/behavior_trees/navigate_w_replanning.xml
[1.436s] -- Up-to-date: /home/robojackets/training_ws/src/software-training/install/rj_training_bringup/share/rj_training_bringup/behavior_trees/navigate.xml
[1.440s] -- Up-to-date: /home/robojackets/training_ws/src/software-training/install/rj_training_bringup/share/rj_training_bringup/config
[1.467s] -- Up-to-date: /home/robojackets/training_ws/src/software-training/install/rj_training_bringup/share/rj_training_bringup/config/nav_params.yaml
[1.469s] -- Up-to-date: /home/robojackets/training_ws/src/software-training/install/rj_training_bringup/share/rj_training_bringup/config/nav_params_week_8.yaml
[1.469s] -- Up-to-date: /home/robojackets/training_ws/src/software-training/install/rj_training_bringup/share/rj_training_bringup/config/nav_params_week_7.yaml
[1.469s] -- Up-to-date: /home/robojackets/training_ws/src/software-training/install/rj_training_bringup/share/rj_training_bringup/config/aruco_tag_visualization_params.yaml
[1.469s] -- Up-to-date: /home/robojackets/training_ws/src/software-training/install/rj_training_bringup/share/rj_training_bringup/config/nav_params_final_challenge.yaml
[1.470s] -- Up-to-date: /home/robojackets/training_ws/src/software-training/install/rj_training_bringup/share/rj_training_bringup/launch
[1.470s] -- Up-to-date: /home/robojackets/training_ws/src/software-training/install/rj_training_bringup/share/rj_training_bringup/launch/fake_localizer.launch.py
[1.480s] -- Up-to-date: /home/robojackets/training_ws/src/software-training/install/rj_training_bringup/share/rj_training_bringup/launch/mineral_deposit_tracker.launch.py
[1.482s] -- Up-to-date: /home/robojackets/training_ws/src/software-training/install/rj_training_bringup/share/rj_training_bringup/launch/full_game_stack.launch.xml
[1.482s] -- Up-to-date: /home/robojackets/training_ws/src/software-training/install/rj_training_bringup/share/rj_training_bringup/launch/navigation.launch.py
[1.482s] -- Up-to-date: /home/robojackets/training_ws/src/software-training/install/rj_training_bringup/share/rj_training_bringup/launch/projects
[1.482s] -- Up-to-date: /home/robojackets/training_ws/src/software-training/install/rj_training_bringup/share/rj_training_bringup/launch/projects/week_1.launch.xml
[1.482s] -- Up-to-date: /home/robojackets/training_ws/src/software-training/install/rj_training_bringup/share/rj_training_bringup/launch/projects/week_4.launch.xml
[1.482s] -- Up-to-date: /home/robojackets/training_ws/src/software-training/install/rj_training_bringup/share/rj_training_bringup/launch/projects/week_6.launch.xml
[1.482s] -- Up-to-date: /home/robojackets/training_ws/src/software-training/install/rj_training_bringup/share/rj_training_bringup/launch/projects/week_3.launch.xml
[1.482s] -- Up-to-date: /home/robojackets/training_ws/src/software-training/install/rj_training_bringup/share/rj_training_bringup/launch/projects/week_2.launch.xml
[1.483s] -- Up-to-date: /home/robojackets/training_ws/src/software-training/install/rj_training_bringup/share/rj_training_bringup/launch/projects/week_5.launch.xml
[1.483s] -- Up-to-date: /home/robojackets/training_ws/src/software-training/install/rj_training_bringup/share/rj_training_bringup/launch/projects/week_7.launch.xml
[1.483s] -- Up-to-date: /home/robojackets/training_ws/src/software-training/install/rj_training_bringup/share/rj_training_bringup/launch/projects/week_8.launch.xml
[1.489s] -- Up-to-date: /home/robojackets/training_ws/src/software-training/install/rj_training_bringup/share/rj_training_bringup/mineral_sample_sets
[1.490s] -- Up-to-date: /home/robojackets/training_ws/src/software-training/install/rj_training_bringup/share/rj_training_bringup/mineral_sample_sets/default.yaml
[1.498s] -- Up-to-date: /home/robojackets/training_ws/src/software-training/install/rj_training_bringup/share/rj_training_bringup/rviz_config
[1.503s] -- Up-to-date: /home/robojackets/training_ws/src/software-training/install/rj_training_bringup/share/rj_training_bringup/rviz_config/week_3.rviz
[1.504s] -- Up-to-date: /home/robojackets/training_ws/src/software-training/install/rj_training_bringup/share/rj_training_bringup/rviz_config/week_5.rviz
[1.504s] -- Up-to-date: /home/robojackets/training_ws/src/software-training/install/rj_training_bringup/share/rj_training_bringup/rviz_config/week_6.rviz
[1.509s] -- Up-to-date: /home/robojackets/training_ws/src/software-training/install/rj_training_bringup/share/rj_training_bringup/rviz_config/week_8.rviz
[1.510s] -- Up-to-date: /home/robojackets/training_ws/src/software-training/install/rj_training_bringup/share/rj_training_bringup/rviz_config/week_1.rviz
[1.511s] -- Up-to-date: /home/robojackets/training_ws/src/software-training/install/rj_training_bringup/share/rj_training_bringup/rviz_config/color_detection.rviz
[1.512s] -- Up-to-date: /home/robojackets/training_ws/src/software-training/install/rj_training_bringup/share/rj_training_bringup/rviz_config/week_7.rviz
[1.512s] -- Up-to-date: /home/robojackets/training_ws/src/software-training/install/rj_training_bringup/share/rj_training_bringup/rviz_config/final_challenge.rviz
[1.513s] -- Up-to-date: /home/robojackets/training_ws/src/software-training/install/rj_training_bringup/share/rj_training_bringup/rviz_config/week_4.rviz
[1.513s] -- Up-to-date: /home/robojackets/training_ws/src/software-training/install/rj_training_bringup/share/ament_index/resource_index/package_run_dependencies/rj_training_bringup
[1.513s] -- Up-to-date: /home/robojackets/training_ws/src/software-training/install/rj_training_bringup/share/ament_index/resource_index/parent_prefix_path/rj_training_bringup
[1.513s] -- Up-to-date: /home/robojackets/training_ws/src/software-training/install/rj_training_bringup/share/rj_training_bringup/environment/ament_prefix_path.sh
[1.513s] -- Up-to-date: /home/robojackets/training_ws/src/software-training/install/rj_training_bringup/share/rj_training_bringup/environment/ament_prefix_path.dsv
[1.514s] -- Up-to-date: /home/robojackets/training_ws/src/software-training/install/rj_training_bringup/share/rj_training_bringup/environment/path.sh
[1.514s] -- Up-to-date: /home/robojackets/training_ws/src/software-training/install/rj_training_bringup/share/rj_training_bringup/environment/path.dsv
[1.514s] -- Up-to-date: /home/robojackets/training_ws/src/software-training/install/rj_training_bringup/share/rj_training_bringup/local_setup.bash
[1.517s] -- Up-to-date: /home/robojackets/training_ws/src/software-training/install/rj_training_bringup/share/rj_training_bringup/local_setup.sh
[1.518s] -- Up-to-date: /home/robojackets/training_ws/src/software-training/install/rj_training_bringup/share/rj_training_bringup/local_setup.zsh
[1.518s] -- Up-to-date: /home/robojackets/training_ws/src/software-training/install/rj_training_bringup/share/rj_training_bringup/local_setup.dsv
[1.518s] -- Installing: /home/robojackets/training_ws/src/software-training/install/rj_training_bringup/share/rj_training_bringup/package.dsv
[1.519s] -- Up-to-date: /home/robojackets/training_ws/src/software-training/install/rj_training_bringup/share/ament_index/resource_index/packages/rj_training_bringup
[1.532s] -- Up-to-date: /home/robojackets/training_ws/src/software-training/install/rj_training_bringup/share/rj_training_bringup/cmake/rj_training_bringupConfig.cmake
[1.533s] -- Up-to-date: /home/robojackets/training_ws/src/software-training/install/rj_training_bringup/share/rj_training_bringup/cmake/rj_training_bringupConfig-version.cmake
[1.533s] -- Up-to-date: /home/robojackets/training_ws/src/software-training/install/rj_training_bringup/share/rj_training_bringup/package.xml
[1.534s] Invoked command in '/home/robojackets/training_ws/src/software-training/build/rj_training_bringup' returned '0': CMAKE_PREFIX_PATH=${CMAKE_PREFIX_PATH}:/opt/ros/foxy /usr/bin/cmake --install /home/robojackets/training_ws/src/software-training/build/rj_training_bringup
