[0.278s] Invoking command in '/home/robojackets/training_ws/src/software-training/build/rj_training_bringup': CMAKE_PREFIX_PATH=${CMAKE_PREFIX_PATH}:/opt/ros/foxy /usr/bin/cmake --build /home/robojackets/training_ws/src/software-training/build/rj_training_bringup -- -j6 -l6
[0.537s] Invoked command in '/home/robojackets/training_ws/src/software-training/build/rj_training_bringup' returned '0': CMAKE_PREFIX_PATH=${CMAKE_PREFIX_PATH}:/opt/ros/foxy /usr/bin/cmake --build /home/robojackets/training_ws/src/software-training/build/rj_training_bringup -- -j6 -l6
[0.902s] Invoking command in '/home/robojackets/training_ws/src/software-training/build/rj_training_bringup': CMAKE_PREFIX_PATH=${CMAKE_PREFIX_PATH}:/opt/ros/foxy /usr/bin/cmake --install /home/robojackets/training_ws/src/software-training/build/rj_training_bringup
[0.924s] -- Install configuration: ""
[0.925s] -- Up-to-date: /home/robojackets/training_ws/src/software-training/install/rj_training_bringup/share/rj_training_bringup/behavior_trees
[0.926s] -- Up-to-date: /home/robojackets/training_ws/src/software-training/install/rj_training_bringup/share/rj_training_bringup/behavior_trees/navigate_w_replanning.xml
[0.927s] -- Up-to-date: /home/robojackets/training_ws/src/software-training/install/rj_training_bringup/share/rj_training_bringup/behavior_trees/navigate.xml
[0.937s] -- Up-to-date: /home/robojackets/training_ws/src/software-training/install/rj_training_bringup/share/rj_training_bringup/config
[0.938s] -- Up-to-date: /home/robojackets/training_ws/src/software-training/install/rj_training_bringup/share/rj_training_bringup/config/nav_params.yaml
[0.938s] -- Up-to-date: /home/robojackets/training_ws/src/software-training/install/rj_training_bringup/share/rj_training_bringup/config/nav_params_week_8.yaml
[0.939s] -- Up-to-date: /home/robojackets/training_ws/src/software-training/install/rj_training_bringup/share/rj_training_bringup/config/nav_params_week_7.yaml
[0.939s] -- Up-to-date: /home/robojackets/training_ws/src/software-training/install/rj_training_bringup/share/rj_training_bringup/config/aruco_tag_visualization_params.yaml
[0.939s] -- Up-to-date: /home/robojackets/training_ws/src/software-training/install/rj_training_bringup/share/rj_training_bringup/config/nav_params_final_challenge.yaml
[0.939s] -- Up-to-date: /home/robojackets/training_ws/src/software-training/install/rj_training_bringup/share/rj_training_bringup/launch
[0.940s] -- Up-to-date: /home/robojackets/training_ws/src/software-training/install/rj_training_bringup/share/rj_training_bringup/launch/fake_localizer.launch.py
[0.940s] -- Up-to-date: /home/robojackets/training_ws/src/software-training/install/rj_training_bringup/share/rj_training_bringup/launch/mineral_deposit_tracker.launch.py
[0.940s] -- Up-to-date: /home/robojackets/training_ws/src/software-training/install/rj_training_bringup/share/rj_training_bringup/launch/full_game_stack.launch.xml
[0.940s] -- Up-to-date: /home/robojackets/training_ws/src/software-training/install/rj_training_bringup/share/rj_training_bringup/launch/navigation.launch.py
[0.941s] -- Up-to-date: /home/robojackets/training_ws/src/software-training/install/rj_training_bringup/share/rj_training_bringup/launch/projects
[0.941s] -- Up-to-date: /home/robojackets/training_ws/src/software-training/install/rj_training_bringup/share/rj_training_bringup/launch/projects/week_1.launch.xml
[0.942s] -- Up-to-date: /home/robojackets/training_ws/src/software-training/install/rj_training_bringup/share/rj_training_bringup/launch/projects/week_4.launch.xml
[0.942s] -- Up-to-date: /home/robojackets/training_ws/src/software-training/install/rj_training_bringup/share/rj_training_bringup/launch/projects/week_6.launch.xml
[0.943s] -- Up-to-date: /home/robojackets/training_ws/src/software-training/install/rj_training_bringup/share/rj_training_bringup/launch/projects/week_3.launch.xml
[0.944s] -- Up-to-date: /home/robojackets/training_ws/src/software-training/install/rj_training_bringup/share/rj_training_bringup/launch/projects/week_2.launch.xml
[0.945s] -- Up-to-date: /home/robojackets/training_ws/src/software-training/install/rj_training_bringup/share/rj_training_bringup/launch/projects/week_5.launch.xml
[0.945s] -- Up-to-date: /home/robojackets/training_ws/src/software-training/install/rj_training_bringup/share/rj_training_bringup/launch/projects/week_7.launch.xml
[0.945s] -- Up-to-date: /home/robojackets/training_ws/src/software-training/install/rj_training_bringup/share/rj_training_bringup/launch/projects/week_8.launch.xml
[0.946s] -- Up-to-date: /home/robojackets/training_ws/src/software-training/install/rj_training_bringup/share/rj_training_bringup/mineral_sample_sets
[0.946s] -- Up-to-date: /home/robojackets/training_ws/src/software-training/install/rj_training_bringup/share/rj_training_bringup/mineral_sample_sets/default.yaml
[0.946s] -- Up-to-date: /home/robojackets/training_ws/src/software-training/install/rj_training_bringup/share/rj_training_bringup/rviz_config
[0.947s] -- Up-to-date: /home/robojackets/training_ws/src/software-training/install/rj_training_bringup/share/rj_training_bringup/rviz_config/week_3.rviz
[1.082s] -- Up-to-date: /home/robojackets/training_ws/src/software-training/install/rj_training_bringup/share/rj_training_bringup/rviz_config/week_5.rviz
[1.082s] -- Up-to-date: /home/robojackets/training_ws/src/software-training/install/rj_training_bringup/share/rj_training_bringup/rviz_config/week_6.rviz
[1.082s] -- Up-to-date: /home/robojackets/training_ws/src/software-training/install/rj_training_bringup/share/rj_training_bringup/rviz_config/week_8.rviz
[1.100s] -- Up-to-date: /home/robojackets/training_ws/src/software-training/install/rj_training_bringup/share/rj_training_bringup/rviz_config/week_1.rviz
[1.100s] -- Up-to-date: /home/robojackets/training_ws/src/software-training/install/rj_training_bringup/share/rj_training_bringup/rviz_config/color_detection.rviz
[1.100s] -- Up-to-date: /home/robojackets/training_ws/src/software-training/install/rj_training_bringup/share/rj_training_bringup/rviz_config/week_7.rviz
[1.100s] -- Up-to-date: /home/robojackets/training_ws/src/software-training/install/rj_training_bringup/share/rj_training_bringup/rviz_config/final_challenge.rviz
[1.100s] -- Up-to-date: /home/robojackets/training_ws/src/software-training/install/rj_training_bringup/share/rj_training_bringup/rviz_config/week_4.rviz
[1.100s] -- Up-to-date: /home/robojackets/training_ws/src/software-training/install/rj_training_bringup/share/ament_index/resource_index/package_run_dependencies/rj_training_bringup
[1.100s] -- Up-to-date: /home/robojackets/training_ws/src/software-training/install/rj_training_bringup/share/ament_index/resource_index/parent_prefix_path/rj_training_bringup
[1.101s] -- Up-to-date: /home/robojackets/training_ws/src/software-training/install/rj_training_bringup/share/rj_training_bringup/environment/ament_prefix_path.sh
[1.101s] -- Up-to-date: /home/robojackets/training_ws/src/software-training/install/rj_training_bringup/share/rj_training_bringup/environment/ament_prefix_path.dsv
[1.101s] -- Up-to-date: /home/robojackets/training_ws/src/software-training/install/rj_training_bringup/share/rj_training_bringup/environment/path.sh
[1.101s] -- Up-to-date: /home/robojackets/training_ws/src/software-training/install/rj_training_bringup/share/rj_training_bringup/environment/path.dsv
[1.129s] -- Up-to-date: /home/robojackets/training_ws/src/software-training/install/rj_training_bringup/share/rj_training_bringup/local_setup.bash
[1.134s] -- Up-to-date: /home/robojackets/training_ws/src/software-training/install/rj_training_bringup/share/rj_training_bringup/local_setup.sh
[1.134s] -- Up-to-date: /home/robojackets/training_ws/src/software-training/install/rj_training_bringup/share/rj_training_bringup/local_setup.zsh
[1.135s] -- Up-to-date: /home/robojackets/training_ws/src/software-training/install/rj_training_bringup/share/rj_training_bringup/local_setup.dsv
[1.135s] -- Installing: /home/robojackets/training_ws/src/software-training/install/rj_training_bringup/share/rj_training_bringup/package.dsv
[1.135s] -- Up-to-date: /home/robojackets/training_ws/src/software-training/install/rj_training_bringup/share/ament_index/resource_index/packages/rj_training_bringup
[1.135s] -- Up-to-date: /home/robojackets/training_ws/src/software-training/install/rj_training_bringup/share/rj_training_bringup/cmake/rj_training_bringupConfig.cmake
[1.136s] -- Up-to-date: /home/robojackets/training_ws/src/software-training/install/rj_training_bringup/share/rj_training_bringup/cmake/rj_training_bringupConfig-version.cmake
[1.136s] -- Up-to-date: /home/robojackets/training_ws/src/software-training/install/rj_training_bringup/share/rj_training_bringup/package.xml
[1.136s] Invoked command in '/home/robojackets/training_ws/src/software-training/build/rj_training_bringup' returned '0': CMAKE_PREFIX_PATH=${CMAKE_PREFIX_PATH}:/opt/ros/foxy /usr/bin/cmake --install /home/robojackets/training_ws/src/software-training/build/rj_training_bringup
